[0.299s] DEBUG:colcon:Command line arguments: ['/usr/bin/colcon', 'build']
[0.299s] DEBUG:colcon:Parsed command line arguments: Namespace(log_base=None, log_level=None, verb_name='build', build_base='build', install_base='install', merge_install=False, symlink_install=False, test_result_base=None, continue_on_error=False, executor='parallel', parallel_workers=16, event_handlers=None, ignore_user_meta=False, metas=['./colcon.meta'], base_paths=['.'], packages_ignore=None, packages_ignore_regex=None, paths=None, packages_up_to=None, packages_up_to_regex=None, packages_above=None, packages_above_and_dependencies=None, packages_above_depth=None, packages_select_by_dep=None, packages_skip_by_dep=None, packages_skip_up_to=None, packages_select_build_failed=False, packages_skip_build_finished=False, packages_select_test_failures=False, packages_skip_test_passed=False, packages_select=None, packages_skip=None, packages_select_regex=None, packages_skip_regex=None, packages_start=None, packages_end=None, allow_overriding=[], cmake_args=None, cmake_target=None, cmake_target_skip_unavailable=False, cmake_clean_cache=False, cmake_clean_first=False, cmake_force_configure=False, ament_cmake_args=None, catkin_cmake_args=None, catkin_skip_building_tests=False, verb_parser=<colcon_defaults.argument_parser.defaults.DefaultArgumentsDecorator object at 0x7f339beaef90>, verb_extension=<colcon_core.verb.build.BuildVerb object at 0x7f339be50bf0>, main=<bound method BuildVerb.main of <colcon_core.verb.build.BuildVerb object at 0x7f339be50bf0>>)
[0.347s] Level 1:colcon.colcon_core.package_discovery:discover_packages(colcon_meta) check parameters
[0.348s] Level 1:colcon.colcon_core.package_discovery:discover_packages(recursive) check parameters
[0.348s] Level 1:colcon.colcon_core.package_discovery:discover_packages(ignore) check parameters
[0.348s] Level 1:colcon.colcon_core.package_discovery:discover_packages(path) check parameters
[0.348s] Level 1:colcon.colcon_core.package_discovery:discover_packages(colcon_meta) discover
[0.348s] Level 1:colcon.colcon_core.package_discovery:discover_packages(recursive) discover
[0.348s] INFO:colcon.colcon_core.package_discovery:Crawling recursively for packages in '/home/darsh/UR_GRIPPER'
[0.348s] Level 1:colcon.colcon_core.package_identification:_identify(.) by extensions ['ignore', 'ignore_ament_install']
[0.348s] Level 1:colcon.colcon_core.package_identification:_identify(.) by extension 'ignore'
[0.349s] Level 1:colcon.colcon_core.package_identification:_identify(.) by extension 'ignore_ament_install'
[0.349s] Level 1:colcon.colcon_core.package_identification:_identify(.) by extensions ['colcon_pkg']
[0.349s] Level 1:colcon.colcon_core.package_identification:_identify(.) by extension 'colcon_pkg'
[0.349s] Level 1:colcon.colcon_core.package_identification:_identify(.) by extensions ['colcon_meta']
[0.349s] Level 1:colcon.colcon_core.package_identification:_identify(.) by extension 'colcon_meta'
[0.349s] Level 1:colcon.colcon_core.package_identification:_identify(.) by extensions ['ros']
[0.349s] Level 1:colcon.colcon_core.package_identification:_identify(.) by extension 'ros'
[0.378s] Level 1:colcon.colcon_core.package_identification:_identify(.) by extensions ['cmake', 'python']
[0.378s] Level 1:colcon.colcon_core.package_identification:_identify(.) by extension 'cmake'
[0.378s] Level 1:colcon.colcon_core.package_identification:_identify(.) by extension 'python'
[0.378s] Level 1:colcon.colcon_core.package_identification:_identify(.) by extensions ['python_setup_py']
[0.378s] Level 1:colcon.colcon_core.package_identification:_identify(.) by extension 'python_setup_py'
[0.378s] Level 1:colcon.colcon_core.package_identification:_identify(build) by extensions ['ignore', 'ignore_ament_install']
[0.379s] Level 1:colcon.colcon_core.package_identification:_identify(build) by extension 'ignore'
[0.379s] Level 1:colcon.colcon_core.package_identification:_identify(build) ignored
[0.379s] Level 1:colcon.colcon_core.package_identification:_identify(images) by extensions ['ignore', 'ignore_ament_install']
[0.380s] Level 1:colcon.colcon_core.package_identification:_identify(images) by extension 'ignore'
[0.380s] Level 1:colcon.colcon_core.package_identification:_identify(images) by extension 'ignore_ament_install'
[0.380s] Level 1:colcon.colcon_core.package_identification:_identify(images) by extensions ['colcon_pkg']
[0.380s] Level 1:colcon.colcon_core.package_identification:_identify(images) by extension 'colcon_pkg'
[0.380s] Level 1:colcon.colcon_core.package_identification:_identify(images) by extensions ['colcon_meta']
[0.380s] Level 1:colcon.colcon_core.package_identification:_identify(images) by extension 'colcon_meta'
[0.380s] Level 1:colcon.colcon_core.package_identification:_identify(images) by extensions ['ros']
[0.381s] Level 1:colcon.colcon_core.package_identification:_identify(images) by extension 'ros'
[0.381s] Level 1:colcon.colcon_core.package_identification:_identify(images) by extensions ['cmake', 'python']
[0.381s] Level 1:colcon.colcon_core.package_identification:_identify(images) by extension 'cmake'
[0.381s] Level 1:colcon.colcon_core.package_identification:_identify(images) by extension 'python'
[0.381s] Level 1:colcon.colcon_core.package_identification:_identify(images) by extensions ['python_setup_py']
[0.381s] Level 1:colcon.colcon_core.package_identification:_identify(images) by extension 'python_setup_py'
[0.381s] Level 1:colcon.colcon_core.package_identification:_identify(install) by extensions ['ignore', 'ignore_ament_install']
[0.382s] Level 1:colcon.colcon_core.package_identification:_identify(install) by extension 'ignore'
[0.382s] Level 1:colcon.colcon_core.package_identification:_identify(install) ignored
[0.382s] Level 1:colcon.colcon_core.package_identification:_identify(log) by extensions ['ignore', 'ignore_ament_install']
[0.382s] Level 1:colcon.colcon_core.package_identification:_identify(log) by extension 'ignore'
[0.382s] Level 1:colcon.colcon_core.package_identification:_identify(log) ignored
[0.382s] Level 1:colcon.colcon_core.package_identification:_identify(src) by extensions ['ignore', 'ignore_ament_install']
[0.382s] Level 1:colcon.colcon_core.package_identification:_identify(src) by extension 'ignore'
[0.383s] Level 1:colcon.colcon_core.package_identification:_identify(src) by extension 'ignore_ament_install'
[0.383s] Level 1:colcon.colcon_core.package_identification:_identify(src) by extensions ['colcon_pkg']
[0.383s] Level 1:colcon.colcon_core.package_identification:_identify(src) by extension 'colcon_pkg'
[0.383s] Level 1:colcon.colcon_core.package_identification:_identify(src) by extensions ['colcon_meta']
[0.383s] Level 1:colcon.colcon_core.package_identification:_identify(src) by extension 'colcon_meta'
[0.383s] Level 1:colcon.colcon_core.package_identification:_identify(src) by extensions ['ros']
[0.383s] Level 1:colcon.colcon_core.package_identification:_identify(src) by extension 'ros'
[0.383s] Level 1:colcon.colcon_core.package_identification:_identify(src) by extensions ['cmake', 'python']
[0.383s] Level 1:colcon.colcon_core.package_identification:_identify(src) by extension 'cmake'
[0.383s] Level 1:colcon.colcon_core.package_identification:_identify(src) by extension 'python'
[0.383s] Level 1:colcon.colcon_core.package_identification:_identify(src) by extensions ['python_setup_py']
[0.383s] Level 1:colcon.colcon_core.package_identification:_identify(src) by extension 'python_setup_py'
[0.383s] Level 1:colcon.colcon_core.package_identification:_identify(src/moveit_config) by extensions ['ignore', 'ignore_ament_install']
[0.384s] Level 1:colcon.colcon_core.package_identification:_identify(src/moveit_config) by extension 'ignore'
[0.384s] Level 1:colcon.colcon_core.package_identification:_identify(src/moveit_config) by extension 'ignore_ament_install'
[0.384s] Level 1:colcon.colcon_core.package_identification:_identify(src/moveit_config) by extensions ['colcon_pkg']
[0.384s] Level 1:colcon.colcon_core.package_identification:_identify(src/moveit_config) by extension 'colcon_pkg'
[0.384s] Level 1:colcon.colcon_core.package_identification:_identify(src/moveit_config) by extensions ['colcon_meta']
[0.384s] Level 1:colcon.colcon_core.package_identification:_identify(src/moveit_config) by extension 'colcon_meta'
[0.384s] Level 1:colcon.colcon_core.package_identification:_identify(src/moveit_config) by extensions ['ros']
[0.384s] Level 1:colcon.colcon_core.package_identification:_identify(src/moveit_config) by extension 'ros'
[0.388s] DEBUG:colcon.colcon_core.package_identification:Package 'src/moveit_config' with type 'ros.ament_cmake' and name 'moveit_config'
[0.388s] Level 1:colcon.colcon_core.package_identification:_identify(src/robotiq_description) by extensions ['ignore', 'ignore_ament_install']
[0.388s] Level 1:colcon.colcon_core.package_identification:_identify(src/robotiq_description) by extension 'ignore'
[0.389s] Level 1:colcon.colcon_core.package_identification:_identify(src/robotiq_description) by extension 'ignore_ament_install'
[0.389s] Level 1:colcon.colcon_core.package_identification:_identify(src/robotiq_description) by extensions ['colcon_pkg']
[0.389s] Level 1:colcon.colcon_core.package_identification:_identify(src/robotiq_description) by extension 'colcon_pkg'
[0.389s] Level 1:colcon.colcon_core.package_identification:_identify(src/robotiq_description) by extensions ['colcon_meta']
[0.389s] Level 1:colcon.colcon_core.package_identification:_identify(src/robotiq_description) by extension 'colcon_meta'
[0.389s] Level 1:colcon.colcon_core.package_identification:_identify(src/robotiq_description) by extensions ['ros']
[0.389s] Level 1:colcon.colcon_core.package_identification:_identify(src/robotiq_description) by extension 'ros'
[0.390s] DEBUG:colcon.colcon_core.package_identification:Package 'src/robotiq_description' with type 'ros.ament_cmake' and name 'robotiq_description'
[0.390s] Level 1:colcon.colcon_core.package_identification:_identify(src/ur_description) by extensions ['ignore', 'ignore_ament_install']
[0.390s] Level 1:colcon.colcon_core.package_identification:_identify(src/ur_description) by extension 'ignore'
[0.390s] Level 1:colcon.colcon_core.package_identification:_identify(src/ur_description) by extension 'ignore_ament_install'
[0.390s] Level 1:colcon.colcon_core.package_identification:_identify(src/ur_description) by extensions ['colcon_pkg']
[0.390s] Level 1:colcon.colcon_core.package_identification:_identify(src/ur_description) by extension 'colcon_pkg'
[0.390s] Level 1:colcon.colcon_core.package_identification:_identify(src/ur_description) by extensions ['colcon_meta']
[0.390s] Level 1:colcon.colcon_core.package_identification:_identify(src/ur_description) by extension 'colcon_meta'
[0.390s] Level 1:colcon.colcon_core.package_identification:_identify(src/ur_description) by extensions ['ros']
[0.391s] Level 1:colcon.colcon_core.package_identification:_identify(src/ur_description) by extension 'ros'
[0.391s] DEBUG:colcon.colcon_core.package_identification:Package 'src/ur_description' with type 'ros.ament_cmake' and name 'ur_description'
[0.392s] Level 1:colcon.colcon_core.package_identification:_identify(src/ur_gazebo) by extensions ['ignore', 'ignore_ament_install']
[0.392s] Level 1:colcon.colcon_core.package_identification:_identify(src/ur_gazebo) by extension 'ignore'
[0.392s] Level 1:colcon.colcon_core.package_identification:_identify(src/ur_gazebo) by extension 'ignore_ament_install'
[0.392s] Level 1:colcon.colcon_core.package_identification:_identify(src/ur_gazebo) by extensions ['colcon_pkg']
[0.392s] Level 1:colcon.colcon_core.package_identification:_identify(src/ur_gazebo) by extension 'colcon_pkg'
[0.392s] Level 1:colcon.colcon_core.package_identification:_identify(src/ur_gazebo) by extensions ['colcon_meta']
[0.392s] Level 1:colcon.colcon_core.package_identification:_identify(src/ur_gazebo) by extension 'colcon_meta'
[0.392s] Level 1:colcon.colcon_core.package_identification:_identify(src/ur_gazebo) by extensions ['ros']
[0.392s] Level 1:colcon.colcon_core.package_identification:_identify(src/ur_gazebo) by extension 'ros'
[0.393s] DEBUG:colcon.colcon_core.package_identification:Package 'src/ur_gazebo' with type 'ros.ament_cmake' and name 'ur_gazebo'
[0.394s] Level 1:colcon.colcon_core.package_identification:_identify(src/ur_interfaces) by extensions ['ignore', 'ignore_ament_install']
[0.394s] Level 1:colcon.colcon_core.package_identification:_identify(src/ur_interfaces) by extension 'ignore'
[0.394s] Level 1:colcon.colcon_core.package_identification:_identify(src/ur_interfaces) by extension 'ignore_ament_install'
[0.394s] Level 1:colcon.colcon_core.package_identification:_identify(src/ur_interfaces) by extensions ['colcon_pkg']
[0.394s] Level 1:colcon.colcon_core.package_identification:_identify(src/ur_interfaces) by extension 'colcon_pkg'
[0.395s] Level 1:colcon.colcon_core.package_identification:_identify(src/ur_interfaces) by extensions ['colcon_meta']
[0.395s] Level 1:colcon.colcon_core.package_identification:_identify(src/ur_interfaces) by extension 'colcon_meta'
[0.395s] Level 1:colcon.colcon_core.package_identification:_identify(src/ur_interfaces) by extensions ['ros']
[0.395s] Level 1:colcon.colcon_core.package_identification:_identify(src/ur_interfaces) by extension 'ros'
[0.396s] DEBUG:colcon.colcon_core.package_identification:Package 'src/ur_interfaces' with type 'ros.ament_cmake' and name 'ur_interfaces'
[0.396s] Level 1:colcon.colcon_core.package_identification:_identify(src/ur_system_tests) by extensions ['ignore', 'ignore_ament_install']
[0.396s] Level 1:colcon.colcon_core.package_identification:_identify(src/ur_system_tests) by extension 'ignore'
[0.396s] Level 1:colcon.colcon_core.package_identification:_identify(src/ur_system_tests) by extension 'ignore_ament_install'
[0.396s] Level 1:colcon.colcon_core.package_identification:_identify(src/ur_system_tests) by extensions ['colcon_pkg']
[0.396s] Level 1:colcon.colcon_core.package_identification:_identify(src/ur_system_tests) by extension 'colcon_pkg'
[0.396s] Level 1:colcon.colcon_core.package_identification:_identify(src/ur_system_tests) by extensions ['colcon_meta']
[0.396s] Level 1:colcon.colcon_core.package_identification:_identify(src/ur_system_tests) by extension 'colcon_meta'
[0.396s] Level 1:colcon.colcon_core.package_identification:_identify(src/ur_system_tests) by extensions ['ros']
[0.396s] Level 1:colcon.colcon_core.package_identification:_identify(src/ur_system_tests) by extension 'ros'
[0.397s] DEBUG:colcon.colcon_core.package_identification:Package 'src/ur_system_tests' with type 'ros.ament_cmake' and name 'ur_system_tests'
[0.397s] Level 1:colcon.colcon_core.package_discovery:discover_packages(recursive) using defaults
[0.397s] Level 1:colcon.colcon_core.package_discovery:discover_packages(ignore) discover
[0.397s] Level 1:colcon.colcon_core.package_discovery:discover_packages(ignore) using defaults
[0.397s] Level 1:colcon.colcon_core.package_discovery:discover_packages(path) discover
[0.397s] Level 1:colcon.colcon_core.package_discovery:discover_packages(path) using defaults
[0.417s] Level 1:colcon.colcon_core.package_discovery:discover_packages(prefix_path) check parameters
[0.417s] Level 1:colcon.colcon_core.package_discovery:discover_packages(prefix_path) discover
[0.419s] DEBUG:colcon.colcon_installed_package_information.package_discovery:Found 6 installed packages in /home/darsh/UR_GRIPPER/install
[0.421s] DEBUG:colcon.colcon_installed_package_information.package_discovery:Found 432 installed packages in /opt/ros/jazzy
[0.423s] Level 1:colcon.colcon_core.package_discovery:discover_packages(prefix_path) using defaults
[0.496s] Level 5:colcon.colcon_core.verb:set package 'robotiq_description' build argument 'cmake_args' from command line to 'None'
[0.497s] Level 5:colcon.colcon_core.verb:set package 'robotiq_description' build argument 'cmake_target' from command line to 'None'
[0.497s] Level 5:colcon.colcon_core.verb:set package 'robotiq_description' build argument 'cmake_target_skip_unavailable' from command line to 'False'
[0.497s] Level 5:colcon.colcon_core.verb:set package 'robotiq_description' build argument 'cmake_clean_cache' from command line to 'False'
[0.497s] Level 5:colcon.colcon_core.verb:set package 'robotiq_description' build argument 'cmake_clean_first' from command line to 'False'
[0.497s] Level 5:colcon.colcon_core.verb:set package 'robotiq_description' build argument 'cmake_force_configure' from command line to 'False'
[0.497s] Level 5:colcon.colcon_core.verb:set package 'robotiq_description' build argument 'ament_cmake_args' from command line to 'None'
[0.497s] Level 5:colcon.colcon_core.verb:set package 'robotiq_description' build argument 'catkin_cmake_args' from command line to 'None'
[0.497s] Level 5:colcon.colcon_core.verb:set package 'robotiq_description' build argument 'catkin_skip_building_tests' from command line to 'False'
[0.497s] DEBUG:colcon.colcon_core.verb:Building package 'robotiq_description' with the following arguments: {'ament_cmake_args': None, 'build_base': '/home/darsh/UR_GRIPPER/build/robotiq_description', 'catkin_cmake_args': None, 'catkin_skip_building_tests': False, 'cmake_args': None, 'cmake_clean_cache': False, 'cmake_clean_first': False, 'cmake_force_configure': False, 'cmake_target': None, 'cmake_target_skip_unavailable': False, 'install_base': '/home/darsh/UR_GRIPPER/install/robotiq_description', 'merge_install': False, 'path': '/home/darsh/UR_GRIPPER/src/robotiq_description', 'symlink_install': False, 'test_result_base': None}
[0.498s] Level 5:colcon.colcon_core.verb:set package 'ur_description' build argument 'cmake_args' from command line to 'None'
[0.498s] Level 5:colcon.colcon_core.verb:set package 'ur_description' build argument 'cmake_target' from command line to 'None'
[0.498s] Level 5:colcon.colcon_core.verb:set package 'ur_description' build argument 'cmake_target_skip_unavailable' from command line to 'False'
[0.498s] Level 5:colcon.colcon_core.verb:set package 'ur_description' build argument 'cmake_clean_cache' from command line to 'False'
[0.498s] Level 5:colcon.colcon_core.verb:set package 'ur_description' build argument 'cmake_clean_first' from command line to 'False'
[0.498s] Level 5:colcon.colcon_core.verb:set package 'ur_description' build argument 'cmake_force_configure' from command line to 'False'
[0.498s] Level 5:colcon.colcon_core.verb:set package 'ur_description' build argument 'ament_cmake_args' from command line to 'None'
[0.498s] Level 5:colcon.colcon_core.verb:set package 'ur_description' build argument 'catkin_cmake_args' from command line to 'None'
[0.498s] Level 5:colcon.colcon_core.verb:set package 'ur_description' build argument 'catkin_skip_building_tests' from command line to 'False'
[0.498s] DEBUG:colcon.colcon_core.verb:Building package 'ur_description' with the following arguments: {'ament_cmake_args': None, 'build_base': '/home/darsh/UR_GRIPPER/build/ur_description', 'catkin_cmake_args': None, 'catkin_skip_building_tests': False, 'cmake_args': None, 'cmake_clean_cache': False, 'cmake_clean_first': False, 'cmake_force_configure': False, 'cmake_target': None, 'cmake_target_skip_unavailable': False, 'install_base': '/home/darsh/UR_GRIPPER/install/ur_description', 'merge_install': False, 'path': '/home/darsh/UR_GRIPPER/src/ur_description', 'symlink_install': False, 'test_result_base': None}
[0.499s] Level 5:colcon.colcon_core.verb:set package 'ur_gazebo' build argument 'cmake_args' from command line to 'None'
[0.499s] Level 5:colcon.colcon_core.verb:set package 'ur_gazebo' build argument 'cmake_target' from command line to 'None'
[0.499s] Level 5:colcon.colcon_core.verb:set package 'ur_gazebo' build argument 'cmake_target_skip_unavailable' from command line to 'False'
[0.499s] Level 5:colcon.colcon_core.verb:set package 'ur_gazebo' build argument 'cmake_clean_cache' from command line to 'False'
[0.499s] Level 5:colcon.colcon_core.verb:set package 'ur_gazebo' build argument 'cmake_clean_first' from command line to 'False'
[0.499s] Level 5:colcon.colcon_core.verb:set package 'ur_gazebo' build argument 'cmake_force_configure' from command line to 'False'
[0.499s] Level 5:colcon.colcon_core.verb:set package 'ur_gazebo' build argument 'ament_cmake_args' from command line to 'None'
[0.499s] Level 5:colcon.colcon_core.verb:set package 'ur_gazebo' build argument 'catkin_cmake_args' from command line to 'None'
[0.499s] Level 5:colcon.colcon_core.verb:set package 'ur_gazebo' build argument 'catkin_skip_building_tests' from command line to 'False'
[0.499s] DEBUG:colcon.colcon_core.verb:Building package 'ur_gazebo' with the following arguments: {'ament_cmake_args': None, 'build_base': '/home/darsh/UR_GRIPPER/build/ur_gazebo', 'catkin_cmake_args': None, 'catkin_skip_building_tests': False, 'cmake_args': None, 'cmake_clean_cache': False, 'cmake_clean_first': False, 'cmake_force_configure': False, 'cmake_target': None, 'cmake_target_skip_unavailable': False, 'install_base': '/home/darsh/UR_GRIPPER/install/ur_gazebo', 'merge_install': False, 'path': '/home/darsh/UR_GRIPPER/src/ur_gazebo', 'symlink_install': False, 'test_result_base': None}
[0.499s] Level 5:colcon.colcon_core.verb:set package 'ur_interfaces' build argument 'cmake_args' from command line to 'None'
[0.499s] Level 5:colcon.colcon_core.verb:set package 'ur_interfaces' build argument 'cmake_target' from command line to 'None'
[0.499s] Level 5:colcon.colcon_core.verb:set package 'ur_interfaces' build argument 'cmake_target_skip_unavailable' from command line to 'False'
[0.499s] Level 5:colcon.colcon_core.verb:set package 'ur_interfaces' build argument 'cmake_clean_cache' from command line to 'False'
[0.500s] Level 5:colcon.colcon_core.verb:set package 'ur_interfaces' build argument 'cmake_clean_first' from command line to 'False'
[0.500s] Level 5:colcon.colcon_core.verb:set package 'ur_interfaces' build argument 'cmake_force_configure' from command line to 'False'
[0.500s] Level 5:colcon.colcon_core.verb:set package 'ur_interfaces' build argument 'ament_cmake_args' from command line to 'None'
[0.500s] Level 5:colcon.colcon_core.verb:set package 'ur_interfaces' build argument 'catkin_cmake_args' from command line to 'None'
[0.500s] Level 5:colcon.colcon_core.verb:set package 'ur_interfaces' build argument 'catkin_skip_building_tests' from command line to 'False'
[0.500s] DEBUG:colcon.colcon_core.verb:Building package 'ur_interfaces' with the following arguments: {'ament_cmake_args': None, 'build_base': '/home/darsh/UR_GRIPPER/build/ur_interfaces', 'catkin_cmake_args': None, 'catkin_skip_building_tests': False, 'cmake_args': None, 'cmake_clean_cache': False, 'cmake_clean_first': False, 'cmake_force_configure': False, 'cmake_target': None, 'cmake_target_skip_unavailable': False, 'install_base': '/home/darsh/UR_GRIPPER/install/ur_interfaces', 'merge_install': False, 'path': '/home/darsh/UR_GRIPPER/src/ur_interfaces', 'symlink_install': False, 'test_result_base': None}
[0.500s] Level 5:colcon.colcon_core.verb:set package 'ur_system_tests' build argument 'cmake_args' from command line to 'None'
[0.500s] Level 5:colcon.colcon_core.verb:set package 'ur_system_tests' build argument 'cmake_target' from command line to 'None'
[0.500s] Level 5:colcon.colcon_core.verb:set package 'ur_system_tests' build argument 'cmake_target_skip_unavailable' from command line to 'False'
[0.500s] Level 5:colcon.colcon_core.verb:set package 'ur_system_tests' build argument 'cmake_clean_cache' from command line to 'False'
[0.500s] Level 5:colcon.colcon_core.verb:set package 'ur_system_tests' build argument 'cmake_clean_first' from command line to 'False'
[0.500s] Level 5:colcon.colcon_core.verb:set package 'ur_system_tests' build argument 'cmake_force_configure' from command line to 'False'
[0.500s] Level 5:colcon.colcon_core.verb:set package 'ur_system_tests' build argument 'ament_cmake_args' from command line to 'None'
[0.500s] Level 5:colcon.colcon_core.verb:set package 'ur_system_tests' build argument 'catkin_cmake_args' from command line to 'None'
[0.500s] Level 5:colcon.colcon_core.verb:set package 'ur_system_tests' build argument 'catkin_skip_building_tests' from command line to 'False'
[0.500s] DEBUG:colcon.colcon_core.verb:Building package 'ur_system_tests' with the following arguments: {'ament_cmake_args': None, 'build_base': '/home/darsh/UR_GRIPPER/build/ur_system_tests', 'catkin_cmake_args': None, 'catkin_skip_building_tests': False, 'cmake_args': None, 'cmake_clean_cache': False, 'cmake_clean_first': False, 'cmake_force_configure': False, 'cmake_target': None, 'cmake_target_skip_unavailable': False, 'install_base': '/home/darsh/UR_GRIPPER/install/ur_system_tests', 'merge_install': False, 'path': '/home/darsh/UR_GRIPPER/src/ur_system_tests', 'symlink_install': False, 'test_result_base': None}
[0.501s] Level 5:colcon.colcon_core.verb:set package 'moveit_config' build argument 'cmake_args' from command line to 'None'
[0.501s] Level 5:colcon.colcon_core.verb:set package 'moveit_config' build argument 'cmake_target' from command line to 'None'
[0.501s] Level 5:colcon.colcon_core.verb:set package 'moveit_config' build argument 'cmake_target_skip_unavailable' from command line to 'False'
[0.501s] Level 5:colcon.colcon_core.verb:set package 'moveit_config' build argument 'cmake_clean_cache' from command line to 'False'
[0.501s] Level 5:colcon.colcon_core.verb:set package 'moveit_config' build argument 'cmake_clean_first' from command line to 'False'
[0.501s] Level 5:colcon.colcon_core.verb:set package 'moveit_config' build argument 'cmake_force_configure' from command line to 'False'
[0.501s] Level 5:colcon.colcon_core.verb:set package 'moveit_config' build argument 'ament_cmake_args' from command line to 'None'
[0.501s] Level 5:colcon.colcon_core.verb:set package 'moveit_config' build argument 'catkin_cmake_args' from command line to 'None'
[0.501s] Level 5:colcon.colcon_core.verb:set package 'moveit_config' build argument 'catkin_skip_building_tests' from command line to 'False'
[0.501s] DEBUG:colcon.colcon_core.verb:Building package 'moveit_config' with the following arguments: {'ament_cmake_args': None, 'build_base': '/home/darsh/UR_GRIPPER/build/moveit_config', 'catkin_cmake_args': None, 'catkin_skip_building_tests': False, 'cmake_args': None, 'cmake_clean_cache': False, 'cmake_clean_first': False, 'cmake_force_configure': False, 'cmake_target': None, 'cmake_target_skip_unavailable': False, 'install_base': '/home/darsh/UR_GRIPPER/install/moveit_config', 'merge_install': False, 'path': '/home/darsh/UR_GRIPPER/src/moveit_config', 'symlink_install': False, 'test_result_base': None}
[0.501s] INFO:colcon.colcon_core.executor:Executing jobs using 'parallel' executor
[0.502s] DEBUG:colcon.colcon_parallel_executor.executor.parallel:run_until_complete
[0.503s] INFO:colcon.colcon_ros.task.ament_cmake.build:Building ROS package in '/home/darsh/UR_GRIPPER/src/ur_description' with build type 'ament_cmake'
[0.503s] INFO:colcon.colcon_cmake.task.cmake.build:Building CMake package in '/home/darsh/UR_GRIPPER/src/ur_description'
[0.508s] INFO:colcon.colcon_core.plugin_system:Skipping extension 'colcon_core.shell.bat': Not used on non-Windows systems
[0.508s] INFO:colcon.colcon_core.shell:Skip shell extension 'powershell' for command environment: Not usable outside of PowerShell
[0.509s] DEBUG:colcon.colcon_core.shell:Skip shell extension 'dsv' for command environment
[0.515s] INFO:colcon.colcon_ros.task.ament_cmake.build:Building ROS package in '/home/darsh/UR_GRIPPER/src/robotiq_description' with build type 'ament_cmake'
[0.516s] INFO:colcon.colcon_cmake.task.cmake.build:Building CMake package in '/home/darsh/UR_GRIPPER/src/robotiq_description'
[0.517s] INFO:colcon.colcon_core.shell:Skip shell extension 'powershell' for command environment: Not usable outside of PowerShell
[0.517s] DEBUG:colcon.colcon_core.shell:Skip shell extension 'dsv' for command environment
[0.524s] INFO:colcon.colcon_ros.task.ament_cmake.build:Building ROS package in '/home/darsh/UR_GRIPPER/src/ur_gazebo' with build type 'ament_cmake'
[0.525s] INFO:colcon.colcon_cmake.task.cmake.build:Building CMake package in '/home/darsh/UR_GRIPPER/src/ur_gazebo'
[0.526s] INFO:colcon.colcon_core.shell:Skip shell extension 'powershell' for command environment: Not usable outside of PowerShell
[0.526s] DEBUG:colcon.colcon_core.shell:Skip shell extension 'dsv' for command environment
[0.532s] INFO:colcon.colcon_ros.task.ament_cmake.build:Building ROS package in '/home/darsh/UR_GRIPPER/src/ur_interfaces' with build type 'ament_cmake'
[0.534s] INFO:colcon.colcon_cmake.task.cmake.build:Building CMake package in '/home/darsh/UR_GRIPPER/src/ur_interfaces'
[0.534s] INFO:colcon.colcon_core.shell:Skip shell extension 'powershell' for command environment: Not usable outside of PowerShell
[0.534s] DEBUG:colcon.colcon_core.shell:Skip shell extension 'dsv' for command environment
[0.543s] INFO:colcon.colcon_ros.task.ament_cmake.build:Building ROS package in '/home/darsh/UR_GRIPPER/src/ur_system_tests' with build type 'ament_cmake'
[0.543s] INFO:colcon.colcon_cmake.task.cmake.build:Building CMake package in '/home/darsh/UR_GRIPPER/src/ur_system_tests'
[0.544s] INFO:colcon.colcon_core.shell:Skip shell extension 'powershell' for command environment: Not usable outside of PowerShell
[0.545s] DEBUG:colcon.colcon_core.shell:Skip shell extension 'dsv' for command environment
[0.567s] DEBUG:colcon.colcon_core.event_handler.log_command:Invoking command in '/home/darsh/UR_GRIPPER/build/ur_description': CMAKE_PREFIX_PATH=${CMAKE_PREFIX_PATH}:/opt/ros/jazzy /usr/bin/cmake --build /home/darsh/UR_GRIPPER/build/ur_description -- -j16 -l16
[0.577s] DEBUG:colcon.colcon_core.event_handler.log_command:Invoking command in '/home/darsh/UR_GRIPPER/build/robotiq_description': CMAKE_PREFIX_PATH=${CMAKE_PREFIX_PATH}:/opt/ros/jazzy /usr/bin/cmake --build /home/darsh/UR_GRIPPER/build/robotiq_description -- -j16 -l16
[0.586s] DEBUG:colcon.colcon_core.event_handler.log_command:Invoking command in '/home/darsh/UR_GRIPPER/build/ur_gazebo': CMAKE_PREFIX_PATH=${CMAKE_PREFIX_PATH}:/opt/ros/jazzy /usr/bin/cmake --build /home/darsh/UR_GRIPPER/build/ur_gazebo -- -j16 -l16
[0.603s] DEBUG:colcon.colcon_core.event_handler.log_command:Invoking command in '/home/darsh/UR_GRIPPER/build/ur_interfaces': CMAKE_PREFIX_PATH=${CMAKE_PREFIX_PATH}:/opt/ros/jazzy /usr/bin/cmake --build /home/darsh/UR_GRIPPER/build/ur_interfaces -- -j16 -l16
[0.613s] DEBUG:colcon.colcon_core.event_handler.log_command:Invoking command in '/home/darsh/UR_GRIPPER/build/ur_system_tests': CMAKE_PREFIX_PATH=${CMAKE_PREFIX_PATH}:/opt/ros/jazzy /usr/bin/cmake --build /home/darsh/UR_GRIPPER/build/ur_system_tests -- -j16 -l16
[0.656s] DEBUG:colcon.colcon_core.event_handler.log_command:Invoked command in '/home/darsh/UR_GRIPPER/build/ur_description' returned '0': CMAKE_PREFIX_PATH=${CMAKE_PREFIX_PATH}:/opt/ros/jazzy /usr/bin/cmake --build /home/darsh/UR_GRIPPER/build/ur_description -- -j16 -l16
[0.671s] DEBUG:colcon.colcon_core.event_handler.log_command:Invoking command in '/home/darsh/UR_GRIPPER/build/ur_description': CMAKE_PREFIX_PATH=${CMAKE_PREFIX_PATH}:/opt/ros/jazzy /usr/bin/cmake --install /home/darsh/UR_GRIPPER/build/ur_description
[0.679s] DEBUG:colcon.colcon_core.event_handler.log_command:Invoked command in '/home/darsh/UR_GRIPPER/build/ur_interfaces' returned '0': CMAKE_PREFIX_PATH=${CMAKE_PREFIX_PATH}:/opt/ros/jazzy /usr/bin/cmake --build /home/darsh/UR_GRIPPER/build/ur_interfaces -- -j16 -l16
[0.682s] DEBUG:colcon.colcon_core.event_handler.log_command:Invoking command in '/home/darsh/UR_GRIPPER/build/ur_interfaces': CMAKE_PREFIX_PATH=${CMAKE_PREFIX_PATH}:/opt/ros/jazzy /usr/bin/cmake --install /home/darsh/UR_GRIPPER/build/ur_interfaces
[0.684s] DEBUG:colcon.colcon_core.event_handler.log_command:Invoked command in '/home/darsh/UR_GRIPPER/build/robotiq_description' returned '0': CMAKE_PREFIX_PATH=${CMAKE_PREFIX_PATH}:/opt/ros/jazzy /usr/bin/cmake --build /home/darsh/UR_GRIPPER/build/robotiq_description -- -j16 -l16
[0.688s] DEBUG:colcon.colcon_core.event_handler.log_command:Invoking command in '/home/darsh/UR_GRIPPER/build/robotiq_description': CMAKE_PREFIX_PATH=${CMAKE_PREFIX_PATH}:/opt/ros/jazzy /usr/bin/cmake --install /home/darsh/UR_GRIPPER/build/robotiq_description
[0.693s] DEBUG:colcon.colcon_core.event_handler.log_command:Invoked command in '/home/darsh/UR_GRIPPER/build/ur_gazebo' returned '0': CMAKE_PREFIX_PATH=${CMAKE_PREFIX_PATH}:/opt/ros/jazzy /usr/bin/cmake --build /home/darsh/UR_GRIPPER/build/ur_gazebo -- -j16 -l16
[0.741s] Level 1:colcon.colcon_core.environment:create_environment_scripts_only(ur_interfaces)
[0.833s] Level 1:colcon.colcon_core.environment:checking '/home/darsh/UR_GRIPPER/install/ur_interfaces' for CMake module files
[0.851s] Level 1:colcon.colcon_core.environment:checking '/home/darsh/UR_GRIPPER/install/ur_interfaces' for CMake config files
[0.874s] Level 1:colcon.colcon_core.shell:create_environment_hook('ur_interfaces', 'cmake_prefix_path')
[0.875s] INFO:colcon.colcon_core.shell:Creating environment hook '/home/darsh/UR_GRIPPER/install/ur_interfaces/share/ur_interfaces/hook/cmake_prefix_path.ps1'
[0.882s] INFO:colcon.colcon_core.shell:Creating environment descriptor '/home/darsh/UR_GRIPPER/install/ur_interfaces/share/ur_interfaces/hook/cmake_prefix_path.dsv'
[0.887s] INFO:colcon.colcon_core.shell:Creating environment hook '/home/darsh/UR_GRIPPER/install/ur_interfaces/share/ur_interfaces/hook/cmake_prefix_path.sh'
[0.893s] Level 1:colcon.colcon_core.environment:checking '/home/darsh/UR_GRIPPER/install/ur_interfaces/bin'
[0.894s] Level 1:colcon.colcon_core.environment:checking '/home/darsh/UR_GRIPPER/install/ur_interfaces/lib/pkgconfig/ur_interfaces.pc'
[0.895s] Level 1:colcon.colcon_core.environment:checking '/home/darsh/UR_GRIPPER/install/ur_interfaces/lib/python3.12/site-packages'
[0.896s] Level 1:colcon.colcon_core.environment:checking '/home/darsh/UR_GRIPPER/install/ur_interfaces/bin'
[0.896s] INFO:colcon.colcon_core.shell:Creating package script '/home/darsh/UR_GRIPPER/install/ur_interfaces/share/ur_interfaces/package.ps1'
[0.902s] DEBUG:colcon.colcon_core.event_handler.log_command:Invoking command in '/home/darsh/UR_GRIPPER/build/ur_gazebo': CMAKE_PREFIX_PATH=${CMAKE_PREFIX_PATH}:/opt/ros/jazzy /usr/bin/cmake --install /home/darsh/UR_GRIPPER/build/ur_gazebo
[0.903s] INFO:colcon.colcon_core.shell:Creating package descriptor '/home/darsh/UR_GRIPPER/install/ur_interfaces/share/ur_interfaces/package.dsv'
[0.910s] INFO:colcon.colcon_core.shell:Creating package script '/home/darsh/UR_GRIPPER/install/ur_interfaces/share/ur_interfaces/package.sh'
[0.913s] INFO:colcon.colcon_core.shell:Creating package script '/home/darsh/UR_GRIPPER/install/ur_interfaces/share/ur_interfaces/package.bash'
[0.920s] INFO:colcon.colcon_core.shell:Creating package script '/home/darsh/UR_GRIPPER/install/ur_interfaces/share/ur_interfaces/package.zsh'
[0.928s] Level 1:colcon.colcon_core.environment:create_file_with_runtime_dependencies(/home/darsh/UR_GRIPPER/install/ur_interfaces/share/colcon-core/packages/ur_interfaces)
[0.930s] Level 1:colcon.colcon_core.environment:create_environment_scripts_only(ur_interfaces)
[0.930s] Level 1:colcon.colcon_core.environment:checking '/home/darsh/UR_GRIPPER/install/ur_interfaces' for CMake module files
[0.935s] Level 1:colcon.colcon_core.environment:checking '/home/darsh/UR_GRIPPER/install/ur_interfaces' for CMake config files
[0.949s] Level 1:colcon.colcon_core.shell:create_environment_hook('ur_interfaces', 'cmake_prefix_path')
[0.950s] INFO:colcon.colcon_core.shell:Creating environment hook '/home/darsh/UR_GRIPPER/install/ur_interfaces/share/ur_interfaces/hook/cmake_prefix_path.ps1'
[0.959s] INFO:colcon.colcon_core.shell:Creating environment descriptor '/home/darsh/UR_GRIPPER/install/ur_interfaces/share/ur_interfaces/hook/cmake_prefix_path.dsv'
[0.967s] INFO:colcon.colcon_core.shell:Creating environment hook '/home/darsh/UR_GRIPPER/install/ur_interfaces/share/ur_interfaces/hook/cmake_prefix_path.sh'
[0.973s] Level 1:colcon.colcon_core.environment:checking '/home/darsh/UR_GRIPPER/install/ur_interfaces/bin'
[0.974s] Level 1:colcon.colcon_core.environment:checking '/home/darsh/UR_GRIPPER/install/ur_interfaces/lib/pkgconfig/ur_interfaces.pc'
[0.974s] Level 1:colcon.colcon_core.environment:checking '/home/darsh/UR_GRIPPER/install/ur_interfaces/lib/python3.12/site-packages'
[0.975s] Level 1:colcon.colcon_core.environment:checking '/home/darsh/UR_GRIPPER/install/ur_interfaces/bin'
[0.975s] INFO:colcon.colcon_core.shell:Creating package script '/home/darsh/UR_GRIPPER/install/ur_interfaces/share/ur_interfaces/package.ps1'
[0.980s] INFO:colcon.colcon_core.shell:Creating package descriptor '/home/darsh/UR_GRIPPER/install/ur_interfaces/share/ur_interfaces/package.dsv'
[0.990s] DEBUG:colcon.colcon_core.event_handler.log_command:Invoked command in '/home/darsh/UR_GRIPPER/build/ur_interfaces' returned '0': CMAKE_PREFIX_PATH=${CMAKE_PREFIX_PATH}:/opt/ros/jazzy /usr/bin/cmake --install /home/darsh/UR_GRIPPER/build/ur_interfaces
[0.991s] INFO:colcon.colcon_core.shell:Creating package script '/home/darsh/UR_GRIPPER/install/ur_interfaces/share/ur_interfaces/package.sh'
[1.002s] INFO:colcon.colcon_core.shell:Creating package script '/home/darsh/UR_GRIPPER/install/ur_interfaces/share/ur_interfaces/package.bash'
[1.009s] INFO:colcon.colcon_core.shell:Creating package script '/home/darsh/UR_GRIPPER/install/ur_interfaces/share/ur_interfaces/package.zsh'
[1.012s] Level 1:colcon.colcon_core.environment:create_file_with_runtime_dependencies(/home/darsh/UR_GRIPPER/install/ur_interfaces/share/colcon-core/packages/ur_interfaces)
[1.014s] Level 1:colcon.colcon_core.environment:create_environment_scripts_only(robotiq_description)
[1.015s] Level 1:colcon.colcon_core.environment:checking '/home/darsh/UR_GRIPPER/install/robotiq_description' for CMake module files
[1.026s] Level 1:colcon.colcon_core.environment:checking '/home/darsh/UR_GRIPPER/install/robotiq_description' for CMake config files
[1.055s] Level 1:colcon.colcon_core.shell:create_environment_hook('robotiq_description', 'cmake_prefix_path')
[1.055s] INFO:colcon.colcon_core.shell:Creating environment hook '/home/darsh/UR_GRIPPER/install/robotiq_description/share/robotiq_description/hook/cmake_prefix_path.ps1'
[1.067s] INFO:colcon.colcon_core.shell:Creating environment descriptor '/home/darsh/UR_GRIPPER/install/robotiq_description/share/robotiq_description/hook/cmake_prefix_path.dsv'
[1.071s] INFO:colcon.colcon_core.shell:Creating environment hook '/home/darsh/UR_GRIPPER/install/robotiq_description/share/robotiq_description/hook/cmake_prefix_path.sh'
[1.084s] Level 1:colcon.colcon_core.environment:checking '/home/darsh/UR_GRIPPER/install/robotiq_description/bin'
[1.087s] Level 1:colcon.colcon_core.environment:checking '/home/darsh/UR_GRIPPER/install/robotiq_description/lib/pkgconfig/robotiq_description.pc'
[1.089s] Level 1:colcon.colcon_core.environment:checking '/home/darsh/UR_GRIPPER/install/robotiq_description/lib/python3.12/site-packages'
[1.090s] Level 1:colcon.colcon_core.environment:checking '/home/darsh/UR_GRIPPER/install/robotiq_description/bin'
[1.091s] INFO:colcon.colcon_core.shell:Creating package script '/home/darsh/UR_GRIPPER/install/robotiq_description/share/robotiq_description/package.ps1'
[1.098s] INFO:colcon.colcon_core.shell:Creating package descriptor '/home/darsh/UR_GRIPPER/install/robotiq_description/share/robotiq_description/package.dsv'
[1.106s] INFO:colcon.colcon_core.shell:Creating package script '/home/darsh/UR_GRIPPER/install/robotiq_description/share/robotiq_description/package.sh'
[1.110s] INFO:colcon.colcon_core.shell:Creating package script '/home/darsh/UR_GRIPPER/install/robotiq_description/share/robotiq_description/package.bash'
[1.124s] INFO:colcon.colcon_core.shell:Creating package script '/home/darsh/UR_GRIPPER/install/robotiq_description/share/robotiq_description/package.zsh'
[1.134s] Level 1:colcon.colcon_core.environment:create_file_with_runtime_dependencies(/home/darsh/UR_GRIPPER/install/robotiq_description/share/colcon-core/packages/robotiq_description)
[1.154s] Level 1:colcon.colcon_core.environment:create_environment_scripts_only(robotiq_description)
[1.155s] Level 1:colcon.colcon_core.environment:checking '/home/darsh/UR_GRIPPER/install/robotiq_description' for CMake module files
[1.166s] Level 1:colcon.colcon_core.environment:checking '/home/darsh/UR_GRIPPER/install/robotiq_description' for CMake config files
[1.216s] Level 1:colcon.colcon_core.shell:create_environment_hook('robotiq_description', 'cmake_prefix_path')
[1.218s] INFO:colcon.colcon_core.shell:Creating environment hook '/home/darsh/UR_GRIPPER/install/robotiq_description/share/robotiq_description/hook/cmake_prefix_path.ps1'
[1.224s] INFO:colcon.colcon_core.shell:Creating environment descriptor '/home/darsh/UR_GRIPPER/install/robotiq_description/share/robotiq_description/hook/cmake_prefix_path.dsv'
[1.237s] INFO:colcon.colcon_core.shell:Creating environment hook '/home/darsh/UR_GRIPPER/install/robotiq_description/share/robotiq_description/hook/cmake_prefix_path.sh'
[1.254s] Level 1:colcon.colcon_core.environment:checking '/home/darsh/UR_GRIPPER/install/robotiq_description/bin'
[1.256s] Level 1:colcon.colcon_core.environment:checking '/home/darsh/UR_GRIPPER/install/robotiq_description/lib/pkgconfig/robotiq_description.pc'
[1.258s] Level 1:colcon.colcon_core.environment:checking '/home/darsh/UR_GRIPPER/install/robotiq_description/lib/python3.12/site-packages'
[1.258s] Level 1:colcon.colcon_core.environment:checking '/home/darsh/UR_GRIPPER/install/robotiq_description/bin'
[1.259s] INFO:colcon.colcon_core.shell:Creating package script '/home/darsh/UR_GRIPPER/install/robotiq_description/share/robotiq_description/package.ps1'
[1.271s] INFO:colcon.colcon_core.shell:Creating package descriptor '/home/darsh/UR_GRIPPER/install/robotiq_description/share/robotiq_description/package.dsv'
[1.277s] INFO:colcon.colcon_core.shell:Creating package script '/home/darsh/UR_GRIPPER/install/robotiq_description/share/robotiq_description/package.sh'
[1.289s] INFO:colcon.colcon_core.shell:Creating package script '/home/darsh/UR_GRIPPER/install/robotiq_description/share/robotiq_description/package.bash'
[1.299s] INFO:colcon.colcon_core.shell:Creating package script '/home/darsh/UR_GRIPPER/install/robotiq_description/share/robotiq_description/package.zsh'
[1.300s] Level 1:colcon.colcon_core.environment:create_file_with_runtime_dependencies(/home/darsh/UR_GRIPPER/install/robotiq_description/share/colcon-core/packages/robotiq_description)
[1.301s] DEBUG:colcon.colcon_core.event_handler.log_command:Invoked command in '/home/darsh/UR_GRIPPER/build/robotiq_description' returned '0': CMAKE_PREFIX_PATH=${CMAKE_PREFIX_PATH}:/opt/ros/jazzy /usr/bin/cmake --install /home/darsh/UR_GRIPPER/build/robotiq_description
[1.301s] Level 1:colcon.colcon_core.environment:create_environment_scripts_only(ur_description)
[1.302s] Level 1:colcon.colcon_core.environment:checking '/home/darsh/UR_GRIPPER/install/ur_description' for CMake module files
[1.305s] DEBUG:colcon.colcon_core.event_handler.log_command:Invoked command in '/home/darsh/UR_GRIPPER/build/ur_description' returned '0': CMAKE_PREFIX_PATH=${CMAKE_PREFIX_PATH}:/opt/ros/jazzy /usr/bin/cmake --install /home/darsh/UR_GRIPPER/build/ur_description
[1.306s] Level 1:colcon.colcon_core.environment:checking '/home/darsh/UR_GRIPPER/install/ur_description' for CMake config files
[1.308s] Level 1:colcon.colcon_core.shell:create_environment_hook('ur_description', 'cmake_prefix_path')
[1.308s] INFO:colcon.colcon_core.shell:Creating environment hook '/home/darsh/UR_GRIPPER/install/ur_description/share/ur_description/hook/cmake_prefix_path.ps1'
[1.309s] INFO:colcon.colcon_core.shell:Creating environment descriptor '/home/darsh/UR_GRIPPER/install/ur_description/share/ur_description/hook/cmake_prefix_path.dsv'
[1.310s] INFO:colcon.colcon_core.shell:Creating environment hook '/home/darsh/UR_GRIPPER/install/ur_description/share/ur_description/hook/cmake_prefix_path.sh'
[1.311s] Level 1:colcon.colcon_core.environment:checking '/home/darsh/UR_GRIPPER/install/ur_description/bin'
[1.312s] Level 1:colcon.colcon_core.environment:checking '/home/darsh/UR_GRIPPER/install/ur_description/lib/pkgconfig/ur_description.pc'
[1.312s] Level 1:colcon.colcon_core.environment:checking '/home/darsh/UR_GRIPPER/install/ur_description/lib/python3.12/site-packages'
[1.312s] Level 1:colcon.colcon_core.environment:checking '/home/darsh/UR_GRIPPER/install/ur_description/bin'
[1.313s] INFO:colcon.colcon_core.shell:Creating package script '/home/darsh/UR_GRIPPER/install/ur_description/share/ur_description/package.ps1'
[1.314s] INFO:colcon.colcon_core.shell:Creating package descriptor '/home/darsh/UR_GRIPPER/install/ur_description/share/ur_description/package.dsv'
[1.314s] INFO:colcon.colcon_core.shell:Creating package script '/home/darsh/UR_GRIPPER/install/ur_description/share/ur_description/package.sh'
[1.315s] INFO:colcon.colcon_core.shell:Creating package script '/home/darsh/UR_GRIPPER/install/ur_description/share/ur_description/package.bash'
[1.316s] INFO:colcon.colcon_core.shell:Creating package script '/home/darsh/UR_GRIPPER/install/ur_description/share/ur_description/package.zsh'
[1.317s] Level 1:colcon.colcon_core.environment:create_file_with_runtime_dependencies(/home/darsh/UR_GRIPPER/install/ur_description/share/colcon-core/packages/ur_description)
[1.318s] Level 1:colcon.colcon_core.environment:create_environment_scripts_only(ur_description)
[1.318s] Level 1:colcon.colcon_core.environment:checking '/home/darsh/UR_GRIPPER/install/ur_description' for CMake module files
[1.319s] Level 1:colcon.colcon_core.environment:checking '/home/darsh/UR_GRIPPER/install/ur_description' for CMake config files
[1.321s] Level 1:colcon.colcon_core.shell:create_environment_hook('ur_description', 'cmake_prefix_path')
[1.321s] INFO:colcon.colcon_core.shell:Creating environment hook '/home/darsh/UR_GRIPPER/install/ur_description/share/ur_description/hook/cmake_prefix_path.ps1'
[1.322s] INFO:colcon.colcon_core.shell:Creating environment descriptor '/home/darsh/UR_GRIPPER/install/ur_description/share/ur_description/hook/cmake_prefix_path.dsv'
[1.323s] INFO:colcon.colcon_core.shell:Creating environment hook '/home/darsh/UR_GRIPPER/install/ur_description/share/ur_description/hook/cmake_prefix_path.sh'
[1.325s] Level 1:colcon.colcon_core.environment:checking '/home/darsh/UR_GRIPPER/install/ur_description/bin'
[1.325s] Level 1:colcon.colcon_core.environment:checking '/home/darsh/UR_GRIPPER/install/ur_description/lib/pkgconfig/ur_description.pc'
[1.326s] Level 1:colcon.colcon_core.environment:checking '/home/darsh/UR_GRIPPER/install/ur_description/lib/python3.12/site-packages'
[1.326s] Level 1:colcon.colcon_core.environment:checking '/home/darsh/UR_GRIPPER/install/ur_description/bin'
[1.327s] INFO:colcon.colcon_core.shell:Creating package script '/home/darsh/UR_GRIPPER/install/ur_description/share/ur_description/package.ps1'
[1.328s] INFO:colcon.colcon_core.shell:Creating package descriptor '/home/darsh/UR_GRIPPER/install/ur_description/share/ur_description/package.dsv'
[1.329s] INFO:colcon.colcon_core.shell:Creating package script '/home/darsh/UR_GRIPPER/install/ur_description/share/ur_description/package.sh'
[1.330s] INFO:colcon.colcon_core.shell:Creating package script '/home/darsh/UR_GRIPPER/install/ur_description/share/ur_description/package.bash'
[1.331s] INFO:colcon.colcon_core.shell:Creating package script '/home/darsh/UR_GRIPPER/install/ur_description/share/ur_description/package.zsh'
[1.332s] Level 1:colcon.colcon_core.environment:create_file_with_runtime_dependencies(/home/darsh/UR_GRIPPER/install/ur_description/share/colcon-core/packages/ur_description)
[1.335s] INFO:colcon.colcon_ros.task.ament_cmake.build:Building ROS package in '/home/darsh/UR_GRIPPER/src/moveit_config' with build type 'ament_cmake'
[1.335s] INFO:colcon.colcon_cmake.task.cmake.build:Building CMake package in '/home/darsh/UR_GRIPPER/src/moveit_config'
[1.336s] INFO:colcon.colcon_core.shell:Skip shell extension 'powershell' for command environment: Not usable outside of PowerShell
[1.336s] DEBUG:colcon.colcon_core.shell:Skip shell extension 'dsv' for command environment
[1.350s] DEBUG:colcon.colcon_core.event_handler.log_command:Invoked command in '/home/darsh/UR_GRIPPER/build/ur_system_tests' returned '0': CMAKE_PREFIX_PATH=${CMAKE_PREFIX_PATH}:/opt/ros/jazzy /usr/bin/cmake --build /home/darsh/UR_GRIPPER/build/ur_system_tests -- -j16 -l16
[1.353s] DEBUG:colcon.colcon_core.event_handler.log_command:Invoking command in '/home/darsh/UR_GRIPPER/build/ur_system_tests': CMAKE_PREFIX_PATH=${CMAKE_PREFIX_PATH}:/opt/ros/jazzy /usr/bin/cmake --install /home/darsh/UR_GRIPPER/build/ur_system_tests
[1.353s] Level 1:colcon.colcon_core.environment:create_environment_scripts_only(ur_gazebo)
[1.354s] Level 1:colcon.colcon_core.environment:checking '/home/darsh/UR_GRIPPER/install/ur_gazebo' for CMake module files
[1.357s] DEBUG:colcon.colcon_core.event_handler.log_command:Invoked command in '/home/darsh/UR_GRIPPER/build/ur_gazebo' returned '0': CMAKE_PREFIX_PATH=${CMAKE_PREFIX_PATH}:/opt/ros/jazzy /usr/bin/cmake --install /home/darsh/UR_GRIPPER/build/ur_gazebo
[1.358s] Level 1:colcon.colcon_core.environment:checking '/home/darsh/UR_GRIPPER/install/ur_gazebo' for CMake config files
[1.358s] Level 1:colcon.colcon_core.shell:create_environment_hook('ur_gazebo', 'cmake_prefix_path')
[1.358s] INFO:colcon.colcon_core.shell:Creating environment hook '/home/darsh/UR_GRIPPER/install/ur_gazebo/share/ur_gazebo/hook/cmake_prefix_path.ps1'
[1.359s] INFO:colcon.colcon_core.shell:Creating environment descriptor '/home/darsh/UR_GRIPPER/install/ur_gazebo/share/ur_gazebo/hook/cmake_prefix_path.dsv'
[1.360s] INFO:colcon.colcon_core.shell:Creating environment hook '/home/darsh/UR_GRIPPER/install/ur_gazebo/share/ur_gazebo/hook/cmake_prefix_path.sh'
[1.361s] Level 1:colcon.colcon_core.environment:checking '/home/darsh/UR_GRIPPER/install/ur_gazebo/bin'
[1.361s] Level 1:colcon.colcon_core.environment:checking '/home/darsh/UR_GRIPPER/install/ur_gazebo/lib/pkgconfig/ur_gazebo.pc'
[1.362s] Level 1:colcon.colcon_core.environment:checking '/home/darsh/UR_GRIPPER/install/ur_gazebo/lib/python3.12/site-packages'
[1.362s] Level 1:colcon.colcon_core.environment:checking '/home/darsh/UR_GRIPPER/install/ur_gazebo/bin'
[1.363s] INFO:colcon.colcon_core.shell:Creating package script '/home/darsh/UR_GRIPPER/install/ur_gazebo/share/ur_gazebo/package.ps1'
[1.364s] INFO:colcon.colcon_core.shell:Creating package descriptor '/home/darsh/UR_GRIPPER/install/ur_gazebo/share/ur_gazebo/package.dsv'
[1.365s] INFO:colcon.colcon_core.shell:Creating package script '/home/darsh/UR_GRIPPER/install/ur_gazebo/share/ur_gazebo/package.sh'
[1.366s] INFO:colcon.colcon_core.shell:Creating package script '/home/darsh/UR_GRIPPER/install/ur_gazebo/share/ur_gazebo/package.bash'
[1.366s] INFO:colcon.colcon_core.shell:Creating package script '/home/darsh/UR_GRIPPER/install/ur_gazebo/share/ur_gazebo/package.zsh'
[1.367s] Level 1:colcon.colcon_core.environment:create_file_with_runtime_dependencies(/home/darsh/UR_GRIPPER/install/ur_gazebo/share/colcon-core/packages/ur_gazebo)
[1.368s] Level 1:colcon.colcon_core.environment:create_environment_scripts_only(ur_gazebo)
[1.368s] Level 1:colcon.colcon_core.environment:checking '/home/darsh/UR_GRIPPER/install/ur_gazebo' for CMake module files
[1.370s] Level 1:colcon.colcon_core.environment:checking '/home/darsh/UR_GRIPPER/install/ur_gazebo' for CMake config files
[1.371s] Level 1:colcon.colcon_core.shell:create_environment_hook('ur_gazebo', 'cmake_prefix_path')
[1.372s] INFO:colcon.colcon_core.shell:Creating environment hook '/home/darsh/UR_GRIPPER/install/ur_gazebo/share/ur_gazebo/hook/cmake_prefix_path.ps1'
[1.373s] INFO:colcon.colcon_core.shell:Creating environment descriptor '/home/darsh/UR_GRIPPER/install/ur_gazebo/share/ur_gazebo/hook/cmake_prefix_path.dsv'
[1.374s] INFO:colcon.colcon_core.shell:Creating environment hook '/home/darsh/UR_GRIPPER/install/ur_gazebo/share/ur_gazebo/hook/cmake_prefix_path.sh'
[1.376s] Level 1:colcon.colcon_core.environment:checking '/home/darsh/UR_GRIPPER/install/ur_gazebo/bin'
[1.376s] Level 1:colcon.colcon_core.environment:checking '/home/darsh/UR_GRIPPER/install/ur_gazebo/lib/pkgconfig/ur_gazebo.pc'
[1.377s] Level 1:colcon.colcon_core.environment:checking '/home/darsh/UR_GRIPPER/install/ur_gazebo/lib/python3.12/site-packages'
[1.377s] Level 1:colcon.colcon_core.environment:checking '/home/darsh/UR_GRIPPER/install/ur_gazebo/bin'
[1.378s] INFO:colcon.colcon_core.shell:Creating package script '/home/darsh/UR_GRIPPER/install/ur_gazebo/share/ur_gazebo/package.ps1'
[1.379s] INFO:colcon.colcon_core.shell:Creating package descriptor '/home/darsh/UR_GRIPPER/install/ur_gazebo/share/ur_gazebo/package.dsv'
[1.380s] INFO:colcon.colcon_core.shell:Creating package script '/home/darsh/UR_GRIPPER/install/ur_gazebo/share/ur_gazebo/package.sh'
[1.381s] INFO:colcon.colcon_core.shell:Creating package script '/home/darsh/UR_GRIPPER/install/ur_gazebo/share/ur_gazebo/package.bash'
[1.382s] INFO:colcon.colcon_core.shell:Creating package script '/home/darsh/UR_GRIPPER/install/ur_gazebo/share/ur_gazebo/package.zsh'
[1.383s] Level 1:colcon.colcon_core.environment:create_file_with_runtime_dependencies(/home/darsh/UR_GRIPPER/install/ur_gazebo/share/colcon-core/packages/ur_gazebo)
[1.390s] Level 1:colcon.colcon_core.environment:create_environment_scripts_only(ur_system_tests)
[1.390s] Level 1:colcon.colcon_core.environment:checking '/home/darsh/UR_GRIPPER/install/ur_system_tests' for CMake module files
[1.405s] Level 1:colcon.colcon_core.environment:checking '/home/darsh/UR_GRIPPER/install/ur_system_tests' for CMake config files
[1.410s] DEBUG:colcon.colcon_core.event_handler.log_command:Invoked command in '/home/darsh/UR_GRIPPER/build/ur_system_tests' returned '0': CMAKE_PREFIX_PATH=${CMAKE_PREFIX_PATH}:/opt/ros/jazzy /usr/bin/cmake --install /home/darsh/UR_GRIPPER/build/ur_system_tests
[1.411s] Level 1:colcon.colcon_core.shell:create_environment_hook('ur_system_tests', 'cmake_prefix_path')
[1.411s] INFO:colcon.colcon_core.shell:Creating environment hook '/home/darsh/UR_GRIPPER/install/ur_system_tests/share/ur_system_tests/hook/cmake_prefix_path.ps1'
[1.412s] INFO:colcon.colcon_core.shell:Creating environment descriptor '/home/darsh/UR_GRIPPER/install/ur_system_tests/share/ur_system_tests/hook/cmake_prefix_path.dsv'
[1.413s] INFO:colcon.colcon_core.shell:Creating environment hook '/home/darsh/UR_GRIPPER/install/ur_system_tests/share/ur_system_tests/hook/cmake_prefix_path.sh'
[1.414s] Level 1:colcon.colcon_core.environment:checking '/home/darsh/UR_GRIPPER/install/ur_system_tests/lib'
[1.415s] Level 1:colcon.colcon_core.environment:checking '/home/darsh/UR_GRIPPER/install/ur_system_tests/bin'
[1.415s] Level 1:colcon.colcon_core.environment:checking '/home/darsh/UR_GRIPPER/install/ur_system_tests/lib/pkgconfig/ur_system_tests.pc'
[1.416s] Level 1:colcon.colcon_core.environment:checking '/home/darsh/UR_GRIPPER/install/ur_system_tests/lib/python3.12/site-packages'
[1.417s] Level 1:colcon.colcon_core.environment:checking '/home/darsh/UR_GRIPPER/install/ur_system_tests/bin'
[1.417s] INFO:colcon.colcon_core.shell:Creating package script '/home/darsh/UR_GRIPPER/install/ur_system_tests/share/ur_system_tests/package.ps1'
[1.419s] INFO:colcon.colcon_core.shell:Creating package descriptor '/home/darsh/UR_GRIPPER/install/ur_system_tests/share/ur_system_tests/package.dsv'
[1.421s] INFO:colcon.colcon_core.shell:Creating package script '/home/darsh/UR_GRIPPER/install/ur_system_tests/share/ur_system_tests/package.sh'
[1.422s] INFO:colcon.colcon_core.shell:Creating package script '/home/darsh/UR_GRIPPER/install/ur_system_tests/share/ur_system_tests/package.bash'
[1.423s] INFO:colcon.colcon_core.shell:Creating package script '/home/darsh/UR_GRIPPER/install/ur_system_tests/share/ur_system_tests/package.zsh'
[1.423s] Level 1:colcon.colcon_core.environment:create_file_with_runtime_dependencies(/home/darsh/UR_GRIPPER/install/ur_system_tests/share/colcon-core/packages/ur_system_tests)
[1.425s] Level 1:colcon.colcon_core.environment:create_environment_scripts_only(ur_system_tests)
[1.425s] Level 1:colcon.colcon_core.environment:checking '/home/darsh/UR_GRIPPER/install/ur_system_tests' for CMake module files
[1.426s] Level 1:colcon.colcon_core.environment:checking '/home/darsh/UR_GRIPPER/install/ur_system_tests' for CMake config files
[1.426s] Level 1:colcon.colcon_core.shell:create_environment_hook('ur_system_tests', 'cmake_prefix_path')
[1.427s] INFO:colcon.colcon_core.shell:Creating environment hook '/home/darsh/UR_GRIPPER/install/ur_system_tests/share/ur_system_tests/hook/cmake_prefix_path.ps1'
[1.428s] INFO:colcon.colcon_core.shell:Creating environment descriptor '/home/darsh/UR_GRIPPER/install/ur_system_tests/share/ur_system_tests/hook/cmake_prefix_path.dsv'
[1.428s] INFO:colcon.colcon_core.shell:Creating environment hook '/home/darsh/UR_GRIPPER/install/ur_system_tests/share/ur_system_tests/hook/cmake_prefix_path.sh'
[1.430s] Level 1:colcon.colcon_core.environment:checking '/home/darsh/UR_GRIPPER/install/ur_system_tests/lib'
[1.430s] Level 1:colcon.colcon_core.environment:checking '/home/darsh/UR_GRIPPER/install/ur_system_tests/bin'
[1.430s] Level 1:colcon.colcon_core.environment:checking '/home/darsh/UR_GRIPPER/install/ur_system_tests/lib/pkgconfig/ur_system_tests.pc'
[1.431s] Level 1:colcon.colcon_core.environment:checking '/home/darsh/UR_GRIPPER/install/ur_system_tests/lib/python3.12/site-packages'
[1.431s] Level 1:colcon.colcon_core.environment:checking '/home/darsh/UR_GRIPPER/install/ur_system_tests/bin'
[1.432s] INFO:colcon.colcon_core.shell:Creating package script '/home/darsh/UR_GRIPPER/install/ur_system_tests/share/ur_system_tests/package.ps1'
[1.433s] INFO:colcon.colcon_core.shell:Creating package descriptor '/home/darsh/UR_GRIPPER/install/ur_system_tests/share/ur_system_tests/package.dsv'
[1.435s] INFO:colcon.colcon_core.shell:Creating package script '/home/darsh/UR_GRIPPER/install/ur_system_tests/share/ur_system_tests/package.sh'
[1.436s] INFO:colcon.colcon_core.shell:Creating package script '/home/darsh/UR_GRIPPER/install/ur_system_tests/share/ur_system_tests/package.bash'
[1.437s] INFO:colcon.colcon_core.shell:Creating package script '/home/darsh/UR_GRIPPER/install/ur_system_tests/share/ur_system_tests/package.zsh'
[1.438s] Level 1:colcon.colcon_core.environment:create_file_with_runtime_dependencies(/home/darsh/UR_GRIPPER/install/ur_system_tests/share/colcon-core/packages/ur_system_tests)
[1.466s] DEBUG:colcon.colcon_core.event_handler.log_command:Invoking command in '/home/darsh/UR_GRIPPER/build/moveit_config': CMAKE_PREFIX_PATH=/home/darsh/UR_GRIPPER/install/ur_description:/home/darsh/UR_GRIPPER/install/ur_system_tests:/home/darsh/UR_GRIPPER/install/ur_interfaces:/home/darsh/UR_GRIPPER/install/ur_gazebo:/home/darsh/UR_GRIPPER/install/moveit_config:/home/darsh/UR_GRIPPER/install/robotiq_description:/opt/ros/jazzy/opt/gz_sim_vendor:/opt/ros/jazzy/opt/gz_sensors_vendor:/opt/ros/jazzy/opt/gz_physics_vendor:/opt/ros/jazzy/opt/sdformat_vendor:/opt/ros/jazzy/opt/gz_gui_vendor:/opt/ros/jazzy/opt/gz_transport_vendor:/opt/ros/jazzy/opt/gz_rendering_vendor:/opt/ros/jazzy/opt/gz_plugin_vendor:/opt/ros/jazzy/opt/gz_fuel_tools_vendor:/opt/ros/jazzy/opt/gz_msgs_vendor:/opt/ros/jazzy/opt/gz_common_vendor:/opt/ros/jazzy/opt/gz_math_vendor:/opt/ros/jazzy/opt/gz_utils_vendor:/opt/ros/jazzy/opt/gz_tools_vendor:/opt/ros/jazzy/opt/gz_ogre_next_vendor:/opt/ros/jazzy/opt/gz_dartsim_vendor:/opt/ros/jazzy/opt/gz_cmake_vendor:/opt/ros/jazzy /usr/bin/cmake --build /home/darsh/UR_GRIPPER/build/moveit_config -- -j16 -l16
[1.521s] DEBUG:colcon.colcon_core.event_handler.log_command:Invoked command in '/home/darsh/UR_GRIPPER/build/moveit_config' returned '0': CMAKE_PREFIX_PATH=/home/darsh/UR_GRIPPER/install/ur_description:/home/darsh/UR_GRIPPER/install/ur_system_tests:/home/darsh/UR_GRIPPER/install/ur_interfaces:/home/darsh/UR_GRIPPER/install/ur_gazebo:/home/darsh/UR_GRIPPER/install/moveit_config:/home/darsh/UR_GRIPPER/install/robotiq_description:/opt/ros/jazzy/opt/gz_sim_vendor:/opt/ros/jazzy/opt/gz_sensors_vendor:/opt/ros/jazzy/opt/gz_physics_vendor:/opt/ros/jazzy/opt/sdformat_vendor:/opt/ros/jazzy/opt/gz_gui_vendor:/opt/ros/jazzy/opt/gz_transport_vendor:/opt/ros/jazzy/opt/gz_rendering_vendor:/opt/ros/jazzy/opt/gz_plugin_vendor:/opt/ros/jazzy/opt/gz_fuel_tools_vendor:/opt/ros/jazzy/opt/gz_msgs_vendor:/opt/ros/jazzy/opt/gz_common_vendor:/opt/ros/jazzy/opt/gz_math_vendor:/opt/ros/jazzy/opt/gz_utils_vendor:/opt/ros/jazzy/opt/gz_tools_vendor:/opt/ros/jazzy/opt/gz_ogre_next_vendor:/opt/ros/jazzy/opt/gz_dartsim_vendor:/opt/ros/jazzy/opt/gz_cmake_vendor:/opt/ros/jazzy /usr/bin/cmake --build /home/darsh/UR_GRIPPER/build/moveit_config -- -j16 -l16
[1.523s] DEBUG:colcon.colcon_core.event_handler.log_command:Invoking command in '/home/darsh/UR_GRIPPER/build/moveit_config': CMAKE_PREFIX_PATH=/home/darsh/UR_GRIPPER/install/ur_description:/home/darsh/UR_GRIPPER/install/ur_system_tests:/home/darsh/UR_GRIPPER/install/ur_interfaces:/home/darsh/UR_GRIPPER/install/ur_gazebo:/home/darsh/UR_GRIPPER/install/moveit_config:/home/darsh/UR_GRIPPER/install/robotiq_description:/opt/ros/jazzy/opt/gz_sim_vendor:/opt/ros/jazzy/opt/gz_sensors_vendor:/opt/ros/jazzy/opt/gz_physics_vendor:/opt/ros/jazzy/opt/sdformat_vendor:/opt/ros/jazzy/opt/gz_gui_vendor:/opt/ros/jazzy/opt/gz_transport_vendor:/opt/ros/jazzy/opt/gz_rendering_vendor:/opt/ros/jazzy/opt/gz_plugin_vendor:/opt/ros/jazzy/opt/gz_fuel_tools_vendor:/opt/ros/jazzy/opt/gz_msgs_vendor:/opt/ros/jazzy/opt/gz_common_vendor:/opt/ros/jazzy/opt/gz_math_vendor:/opt/ros/jazzy/opt/gz_utils_vendor:/opt/ros/jazzy/opt/gz_tools_vendor:/opt/ros/jazzy/opt/gz_ogre_next_vendor:/opt/ros/jazzy/opt/gz_dartsim_vendor:/opt/ros/jazzy/opt/gz_cmake_vendor:/opt/ros/jazzy /usr/bin/cmake --install /home/darsh/UR_GRIPPER/build/moveit_config
[1.549s] Level 1:colcon.colcon_core.environment:create_environment_scripts_only(moveit_config)
[1.550s] Level 1:colcon.colcon_core.environment:checking '/home/darsh/UR_GRIPPER/install/moveit_config' for CMake module files
[1.553s] Level 1:colcon.colcon_core.environment:checking '/home/darsh/UR_GRIPPER/install/moveit_config' for CMake config files
[1.560s] Level 1:colcon.colcon_core.shell:create_environment_hook('moveit_config', 'cmake_prefix_path')
[1.561s] INFO:colcon.colcon_core.shell:Creating environment hook '/home/darsh/UR_GRIPPER/install/moveit_config/share/moveit_config/hook/cmake_prefix_path.ps1'
[1.564s] INFO:colcon.colcon_core.shell:Creating environment descriptor '/home/darsh/UR_GRIPPER/install/moveit_config/share/moveit_config/hook/cmake_prefix_path.dsv'
[1.566s] INFO:colcon.colcon_core.shell:Creating environment hook '/home/darsh/UR_GRIPPER/install/moveit_config/share/moveit_config/hook/cmake_prefix_path.sh'
[1.569s] DEBUG:colcon.colcon_core.event_handler.log_command:Invoked command in '/home/darsh/UR_GRIPPER/build/moveit_config' returned '0': CMAKE_PREFIX_PATH=/home/darsh/UR_GRIPPER/install/ur_description:/home/darsh/UR_GRIPPER/install/ur_system_tests:/home/darsh/UR_GRIPPER/install/ur_interfaces:/home/darsh/UR_GRIPPER/install/ur_gazebo:/home/darsh/UR_GRIPPER/install/moveit_config:/home/darsh/UR_GRIPPER/install/robotiq_description:/opt/ros/jazzy/opt/gz_sim_vendor:/opt/ros/jazzy/opt/gz_sensors_vendor:/opt/ros/jazzy/opt/gz_physics_vendor:/opt/ros/jazzy/opt/sdformat_vendor:/opt/ros/jazzy/opt/gz_gui_vendor:/opt/ros/jazzy/opt/gz_transport_vendor:/opt/ros/jazzy/opt/gz_rendering_vendor:/opt/ros/jazzy/opt/gz_plugin_vendor:/opt/ros/jazzy/opt/gz_fuel_tools_vendor:/opt/ros/jazzy/opt/gz_msgs_vendor:/opt/ros/jazzy/opt/gz_common_vendor:/opt/ros/jazzy/opt/gz_math_vendor:/opt/ros/jazzy/opt/gz_utils_vendor:/opt/ros/jazzy/opt/gz_tools_vendor:/opt/ros/jazzy/opt/gz_ogre_next_vendor:/opt/ros/jazzy/opt/gz_dartsim_vendor:/opt/ros/jazzy/opt/gz_cmake_vendor:/opt/ros/jazzy /usr/bin/cmake --install /home/darsh/UR_GRIPPER/build/moveit_config
[1.569s] Level 1:colcon.colcon_core.environment:checking '/home/darsh/UR_GRIPPER/install/moveit_config/bin'
[1.569s] Level 1:colcon.colcon_core.environment:checking '/home/darsh/UR_GRIPPER/install/moveit_config/lib/pkgconfig/moveit_config.pc'
[1.570s] Level 1:colcon.colcon_core.environment:checking '/home/darsh/UR_GRIPPER/install/moveit_config/lib/python3.12/site-packages'
[1.570s] Level 1:colcon.colcon_core.environment:checking '/home/darsh/UR_GRIPPER/install/moveit_config/bin'
[1.571s] INFO:colcon.colcon_core.shell:Creating package script '/home/darsh/UR_GRIPPER/install/moveit_config/share/moveit_config/package.ps1'
[1.572s] INFO:colcon.colcon_core.shell:Creating package descriptor '/home/darsh/UR_GRIPPER/install/moveit_config/share/moveit_config/package.dsv'
[1.572s] INFO:colcon.colcon_core.shell:Creating package script '/home/darsh/UR_GRIPPER/install/moveit_config/share/moveit_config/package.sh'
[1.573s] INFO:colcon.colcon_core.shell:Creating package script '/home/darsh/UR_GRIPPER/install/moveit_config/share/moveit_config/package.bash'
[1.574s] INFO:colcon.colcon_core.shell:Creating package script '/home/darsh/UR_GRIPPER/install/moveit_config/share/moveit_config/package.zsh'
[1.574s] Level 1:colcon.colcon_core.environment:create_file_with_runtime_dependencies(/home/darsh/UR_GRIPPER/install/moveit_config/share/colcon-core/packages/moveit_config)
[1.575s] Level 1:colcon.colcon_core.environment:create_environment_scripts_only(moveit_config)
[1.576s] Level 1:colcon.colcon_core.environment:checking '/home/darsh/UR_GRIPPER/install/moveit_config' for CMake module files
[1.576s] Level 1:colcon.colcon_core.environment:checking '/home/darsh/UR_GRIPPER/install/moveit_config' for CMake config files
[1.577s] Level 1:colcon.colcon_core.shell:create_environment_hook('moveit_config', 'cmake_prefix_path')
[1.578s] INFO:colcon.colcon_core.shell:Creating environment hook '/home/darsh/UR_GRIPPER/install/moveit_config/share/moveit_config/hook/cmake_prefix_path.ps1'
[1.578s] INFO:colcon.colcon_core.shell:Creating environment descriptor '/home/darsh/UR_GRIPPER/install/moveit_config/share/moveit_config/hook/cmake_prefix_path.dsv'
[1.579s] INFO:colcon.colcon_core.shell:Creating environment hook '/home/darsh/UR_GRIPPER/install/moveit_config/share/moveit_config/hook/cmake_prefix_path.sh'
[1.581s] Level 1:colcon.colcon_core.environment:checking '/home/darsh/UR_GRIPPER/install/moveit_config/bin'
[1.581s] Level 1:colcon.colcon_core.environment:checking '/home/darsh/UR_GRIPPER/install/moveit_config/lib/pkgconfig/moveit_config.pc'
[1.581s] Level 1:colcon.colcon_core.environment:checking '/home/darsh/UR_GRIPPER/install/moveit_config/lib/python3.12/site-packages'
[1.582s] Level 1:colcon.colcon_core.environment:checking '/home/darsh/UR_GRIPPER/install/moveit_config/bin'
[1.582s] INFO:colcon.colcon_core.shell:Creating package script '/home/darsh/UR_GRIPPER/install/moveit_config/share/moveit_config/package.ps1'
[1.583s] INFO:colcon.colcon_core.shell:Creating package descriptor '/home/darsh/UR_GRIPPER/install/moveit_config/share/moveit_config/package.dsv'
[1.584s] INFO:colcon.colcon_core.shell:Creating package script '/home/darsh/UR_GRIPPER/install/moveit_config/share/moveit_config/package.sh'
[1.585s] INFO:colcon.colcon_core.shell:Creating package script '/home/darsh/UR_GRIPPER/install/moveit_config/share/moveit_config/package.bash'
[1.586s] INFO:colcon.colcon_core.shell:Creating package script '/home/darsh/UR_GRIPPER/install/moveit_config/share/moveit_config/package.zsh'
[1.587s] Level 1:colcon.colcon_core.environment:create_file_with_runtime_dependencies(/home/darsh/UR_GRIPPER/install/moveit_config/share/colcon-core/packages/moveit_config)
[1.588s] DEBUG:colcon.colcon_parallel_executor.executor.parallel:closing loop
[1.588s] DEBUG:colcon.colcon_parallel_executor.executor.parallel:loop closed
[1.589s] DEBUG:colcon.colcon_parallel_executor.executor.parallel:run_until_complete finished with '0'
[1.589s] DEBUG:colcon.colcon_core.event_reactor:joining thread
[1.708s] INFO:colcon.colcon_core.plugin_system:Skipping extension 'colcon_notification.desktop_notification.notify_send': Could not find 'notify-send'
[1.708s] INFO:colcon.colcon_core.plugin_system:Skipping extension 'colcon_notification.desktop_notification.terminal_notifier': Not used on non-Darwin systems
[1.708s] INFO:colcon.colcon_core.plugin_system:Skipping extension 'colcon_notification.desktop_notification.win32': Not used on non-Windows systems
[1.709s] INFO:colcon.colcon_notification.desktop_notification:Sending desktop notification using 'notify2'
[1.710s] DEBUG:colcon.colcon_notification.desktop_notification.notify2:Failed to initialize notify2: org.freedesktop.DBus.Error.ServiceUnknown: The name org.freedesktop.Notifications was not provided by any .service files
[1.711s] DEBUG:colcon.colcon_core.event_reactor:joined thread
[1.711s] INFO:colcon.colcon_core.shell:Creating prefix script '/home/darsh/UR_GRIPPER/install/local_setup.ps1'
[1.712s] INFO:colcon.colcon_core.shell:Creating prefix util module '/home/darsh/UR_GRIPPER/install/_local_setup_util_ps1.py'
[1.714s] INFO:colcon.colcon_core.shell:Creating prefix chain script '/home/darsh/UR_GRIPPER/install/setup.ps1'
[1.715s] INFO:colcon.colcon_core.shell:Creating prefix script '/home/darsh/UR_GRIPPER/install/local_setup.sh'
[1.716s] INFO:colcon.colcon_core.shell:Creating prefix util module '/home/darsh/UR_GRIPPER/install/_local_setup_util_sh.py'
[1.717s] INFO:colcon.colcon_core.shell:Creating prefix chain script '/home/darsh/UR_GRIPPER/install/setup.sh'
[1.719s] INFO:colcon.colcon_core.shell:Creating prefix script '/home/darsh/UR_GRIPPER/install/local_setup.bash'
[1.720s] INFO:colcon.colcon_core.shell:Creating prefix chain script '/home/darsh/UR_GRIPPER/install/setup.bash'
[1.723s] INFO:colcon.colcon_core.shell:Creating prefix script '/home/darsh/UR_GRIPPER/install/local_setup.zsh'
[1.724s] INFO:colcon.colcon_core.shell:Creating prefix chain script '/home/darsh/UR_GRIPPER/install/setup.zsh'
