[0.034s] Invoking command in '/home/darsh/UR_GRIPPER/build/ur_description': CMAKE_PREFIX_PATH=${CMAKE_PREFIX_PATH}:/opt/ros/jazzy /usr/bin/cmake /home/darsh/UR_GRIPPER/src/ur_description -DCMAKE_INSTALL_PREFIX=/home/darsh/UR_GRIPPER/install/ur_description
[0.430s] -- The C compiler identification is GNU 13.3.0
[1.136s] -- The CXX compiler identification is GNU 13.3.0
[1.725s] -- Detecting C compiler ABI info
[1.974s] -- Detecting C compiler ABI info - done
[1.987s] -- Check for working C compiler: /usr/bin/cc - skipped
[1.987s] -- Detecting C compile features
[1.987s] -- Detecting C compile features - done
[2.069s] -- Detecting CXX compiler ABI info
[2.321s] -- Detecting CXX compiler ABI info - done
[2.336s] -- Check for working CXX compiler: /usr/bin/c++ - skipped
[2.336s] -- Detecting CXX compile features
[2.337s] -- Detecting CXX compile features - done
[2.342s] -- Found ament_cmake: 2.5.3 (/opt/ros/jazzy/share/ament_cmake/cmake)
[2.580s] -- Found Python3: /usr/bin/python3 (found version "3.12.3") found components: Interpreter 
[2.740s] -- Found ament_cmake_pytest: 2.5.3 (/opt/ros/jazzy/share/ament_cmake_pytest/cmake)
[2.870s] -- Configuring done (2.8s)
[2.876s] -- Generating done (0.0s)
[2.881s] -- Build files have been written to: /home/darsh/UR_GRIPPER/build/ur_description
[2.888s] Invoked command in '/home/darsh/UR_GRIPPER/build/ur_description' returned '0': CMAKE_PREFIX_PATH=${CMAKE_PREFIX_PATH}:/opt/ros/jazzy /usr/bin/cmake /home/darsh/UR_GRIPPER/src/ur_description -DCMAKE_INSTALL_PREFIX=/home/darsh/UR_GRIPPER/install/ur_description
[2.891s] Invoking command in '/home/darsh/UR_GRIPPER/build/ur_description': CMAKE_PREFIX_PATH=${CMAKE_PREFIX_PATH}:/opt/ros/jazzy /usr/bin/cmake --build /home/darsh/UR_GRIPPER/build/ur_description -- -j16 -l16
[2.956s] Invoked command in '/home/darsh/UR_GRIPPER/build/ur_description' returned '0': CMAKE_PREFIX_PATH=${CMAKE_PREFIX_PATH}:/opt/ros/jazzy /usr/bin/cmake --build /home/darsh/UR_GRIPPER/build/ur_description -- -j16 -l16
[2.958s] Invoking command in '/home/darsh/UR_GRIPPER/build/ur_description': CMAKE_PREFIX_PATH=${CMAKE_PREFIX_PATH}:/opt/ros/jazzy /usr/bin/cmake --install /home/darsh/UR_GRIPPER/build/ur_description
[2.969s] -- Install configuration: ""
[2.970s] -- Installing: /home/darsh/UR_GRIPPER/install/ur_description/share/ur_description/config
[2.970s] -- Installing: /home/darsh/UR_GRIPPER/install/ur_description/share/ur_description/config/initial_positions.yaml
[2.971s] -- Installing: /home/darsh/UR_GRIPPER/install/ur_description/share/ur_description/config/ur5
[2.971s] -- Installing: /home/darsh/UR_GRIPPER/install/ur_description/share/ur_description/config/ur5/visual_parameters.yaml
[2.972s] -- Installing: /home/darsh/UR_GRIPPER/install/ur_description/share/ur_description/config/ur5/physical_parameters.yaml
[2.973s] -- Installing: /home/darsh/UR_GRIPPER/install/ur_description/share/ur_description/config/ur5/joint_limits.yaml
[2.973s] -- Installing: /home/darsh/UR_GRIPPER/install/ur_description/share/ur_description/config/ur5/default_kinematics.yaml
[2.974s] -- Installing: /home/darsh/UR_GRIPPER/install/ur_description/share/ur_description/config/ur10e
[2.974s] -- Installing: /home/darsh/UR_GRIPPER/install/ur_description/share/ur_description/config/ur10e/visual_parameters.yaml
[2.975s] -- Installing: /home/darsh/UR_GRIPPER/install/ur_description/share/ur_description/config/ur10e/physical_parameters.yaml
[2.976s] -- Installing: /home/darsh/UR_GRIPPER/install/ur_description/share/ur_description/config/ur10e/joint_limits.yaml
[2.976s] -- Installing: /home/darsh/UR_GRIPPER/install/ur_description/share/ur_description/config/ur10e/default_kinematics.yaml
[2.977s] -- Installing: /home/darsh/UR_GRIPPER/install/ur_description/share/ur_description/config/ur5e
[2.978s] -- Installing: /home/darsh/UR_GRIPPER/install/ur_description/share/ur_description/config/ur5e/visual_parameters.yaml
[2.978s] -- Installing: /home/darsh/UR_GRIPPER/install/ur_description/share/ur_description/config/ur5e/physical_parameters.yaml
[2.979s] -- Installing: /home/darsh/UR_GRIPPER/install/ur_description/share/ur_description/config/ur5e/joint_limits.yaml
[2.980s] -- Installing: /home/darsh/UR_GRIPPER/install/ur_description/share/ur_description/config/ur5e/default_kinematics.yaml
[2.980s] -- Installing: /home/darsh/UR_GRIPPER/install/ur_description/share/ur_description/config/ur3
[2.981s] -- Installing: /home/darsh/UR_GRIPPER/install/ur_description/share/ur_description/config/ur3/visual_parameters.yaml
[2.981s] -- Installing: /home/darsh/UR_GRIPPER/install/ur_description/share/ur_description/config/ur3/physical_parameters.yaml
[2.982s] -- Installing: /home/darsh/UR_GRIPPER/install/ur_description/share/ur_description/config/ur3/joint_limits.yaml
[2.983s] -- Installing: /home/darsh/UR_GRIPPER/install/ur_description/share/ur_description/config/ur3/default_kinematics.yaml
[2.983s] -- Installing: /home/darsh/UR_GRIPPER/install/ur_description/share/ur_description/config/ur3e
[2.984s] -- Installing: /home/darsh/UR_GRIPPER/install/ur_description/share/ur_description/config/ur3e/visual_parameters.yaml
[2.984s] -- Installing: /home/darsh/UR_GRIPPER/install/ur_description/share/ur_description/config/ur3e/physical_parameters.yaml
[2.985s] -- Installing: /home/darsh/UR_GRIPPER/install/ur_description/share/ur_description/config/ur3e/joint_limits.yaml
[2.986s] -- Installing: /home/darsh/UR_GRIPPER/install/ur_description/share/ur_description/config/ur3e/default_kinematics.yaml
[2.987s] -- Installing: /home/darsh/UR_GRIPPER/install/ur_description/share/ur_description/config/ur30
[2.987s] -- Installing: /home/darsh/UR_GRIPPER/install/ur_description/share/ur_description/config/ur30/visual_parameters.yaml
[2.988s] -- Installing: /home/darsh/UR_GRIPPER/install/ur_description/share/ur_description/config/ur30/physical_parameters.yaml
[2.988s] -- Installing: /home/darsh/UR_GRIPPER/install/ur_description/share/ur_description/config/ur30/joint_limits.yaml
[2.989s] -- Installing: /home/darsh/UR_GRIPPER/install/ur_description/share/ur_description/config/ur30/default_kinematics.yaml
[2.990s] -- Installing: /home/darsh/UR_GRIPPER/install/ur_description/share/ur_description/config/ur20
[2.990s] -- Installing: /home/darsh/UR_GRIPPER/install/ur_description/share/ur_description/config/ur20/visual_parameters.yaml
[2.991s] -- Installing: /home/darsh/UR_GRIPPER/install/ur_description/share/ur_description/config/ur20/physical_parameters.yaml
[2.991s] -- Installing: /home/darsh/UR_GRIPPER/install/ur_description/share/ur_description/config/ur20/joint_limits.yaml
[2.992s] -- Installing: /home/darsh/UR_GRIPPER/install/ur_description/share/ur_description/config/ur20/default_kinematics.yaml
[2.993s] -- Installing: /home/darsh/UR_GRIPPER/install/ur_description/share/ur_description/config/ur10
[2.993s] -- Installing: /home/darsh/UR_GRIPPER/install/ur_description/share/ur_description/config/ur10/visual_parameters.yaml
[2.994s] -- Installing: /home/darsh/UR_GRIPPER/install/ur_description/share/ur_description/config/ur10/physical_parameters.yaml
[2.995s] -- Installing: /home/darsh/UR_GRIPPER/install/ur_description/share/ur_description/config/ur10/joint_limits.yaml
[2.995s] -- Installing: /home/darsh/UR_GRIPPER/install/ur_description/share/ur_description/config/ur10/default_kinematics.yaml
[2.996s] -- Installing: /home/darsh/UR_GRIPPER/install/ur_description/share/ur_description/config/ur16e
[2.997s] -- Installing: /home/darsh/UR_GRIPPER/install/ur_description/share/ur_description/config/ur16e/visual_parameters.yaml
[2.997s] -- Installing: /home/darsh/UR_GRIPPER/install/ur_description/share/ur_description/config/ur16e/physical_parameters.yaml
[2.997s] -- Installing: /home/darsh/UR_GRIPPER/install/ur_description/share/ur_description/config/ur16e/joint_limits.yaml
[2.998s] -- Installing: /home/darsh/UR_GRIPPER/install/ur_description/share/ur_description/config/ur16e/default_kinematics.yaml
[2.999s] -- Installing: /home/darsh/UR_GRIPPER/install/ur_description/share/ur_description/launch
[2.999s] -- Installing: /home/darsh/UR_GRIPPER/install/ur_description/share/ur_description/launch/plan_motion.py
[3.000s] -- Installing: /home/darsh/UR_GRIPPER/install/ur_description/share/ur_description/launch/view_ur.launch.py
[3.001s] -- Installing: /home/darsh/UR_GRIPPER/install/ur_description/share/ur_description/meshes
[3.002s] -- Installing: /home/darsh/UR_GRIPPER/install/ur_description/share/ur_description/meshes/ur5
[3.003s] -- Installing: /home/darsh/UR_GRIPPER/install/ur_description/share/ur_description/meshes/ur5/collision
[3.003s] -- Installing: /home/darsh/UR_GRIPPER/install/ur_description/share/ur_description/meshes/ur5/collision/forearm.stl
[3.004s] -- Installing: /home/darsh/UR_GRIPPER/install/ur_description/share/ur_description/meshes/ur5/collision/upperarm.stl
[3.006s] -- Installing: /home/darsh/UR_GRIPPER/install/ur_description/share/ur_description/meshes/ur5/collision/base.stl
[3.006s] -- Installing: /home/darsh/UR_GRIPPER/install/ur_description/share/ur_description/meshes/ur5/collision/shoulder.stl
[3.008s] -- Installing: /home/darsh/UR_GRIPPER/install/ur_description/share/ur_description/meshes/ur5/collision/wrist3.stl
[3.010s] -- Installing: /home/darsh/UR_GRIPPER/install/ur_description/share/ur_description/meshes/ur5/collision/wrist1.stl
[3.011s] -- Installing: /home/darsh/UR_GRIPPER/install/ur_description/share/ur_description/meshes/ur5/collision/wrist2.stl
[3.012s] -- Installing: /home/darsh/UR_GRIPPER/install/ur_description/share/ur_description/meshes/ur5/visual
[3.013s] -- Installing: /home/darsh/UR_GRIPPER/install/ur_description/share/ur_description/meshes/ur5/visual/wrist3.dae
[3.018s] -- Installing: /home/darsh/UR_GRIPPER/install/ur_description/share/ur_description/meshes/ur5/visual/shoulder.dae
[3.021s] -- Installing: /home/darsh/UR_GRIPPER/install/ur_description/share/ur_description/meshes/ur5/visual/upperarm.dae
[3.033s] -- Installing: /home/darsh/UR_GRIPPER/install/ur_description/share/ur_description/meshes/ur5/visual/forearm.dae
[3.041s] -- Installing: /home/darsh/UR_GRIPPER/install/ur_description/share/ur_description/meshes/ur5/visual/base.dae
[3.042s] -- Installing: /home/darsh/UR_GRIPPER/install/ur_description/share/ur_description/meshes/ur5/visual/wrist1.dae
[3.049s] -- Installing: /home/darsh/UR_GRIPPER/install/ur_description/share/ur_description/meshes/ur5/visual/wrist2.dae
[3.052s] -- Installing: /home/darsh/UR_GRIPPER/install/ur_description/share/ur_description/meshes/ur10e
[3.053s] -- Installing: /home/darsh/UR_GRIPPER/install/ur_description/share/ur_description/meshes/ur10e/collision
[3.053s] -- Installing: /home/darsh/UR_GRIPPER/install/ur_description/share/ur_description/meshes/ur10e/collision/forearm.stl
[3.054s] -- Installing: /home/darsh/UR_GRIPPER/install/ur_description/share/ur_description/meshes/ur10e/collision/upperarm.stl
[3.056s] -- Installing: /home/darsh/UR_GRIPPER/install/ur_description/share/ur_description/meshes/ur10e/collision/base.stl
[3.057s] -- Installing: /home/darsh/UR_GRIPPER/install/ur_description/share/ur_description/meshes/ur10e/collision/shoulder.stl
[3.058s] -- Installing: /home/darsh/UR_GRIPPER/install/ur_description/share/ur_description/meshes/ur10e/collision/wrist3.stl
[3.058s] -- Installing: /home/darsh/UR_GRIPPER/install/ur_description/share/ur_description/meshes/ur10e/collision/wrist1.stl
[3.060s] -- Installing: /home/darsh/UR_GRIPPER/install/ur_description/share/ur_description/meshes/ur10e/collision/wrist2.stl
[3.062s] -- Installing: /home/darsh/UR_GRIPPER/install/ur_description/share/ur_description/meshes/ur10e/visual
[3.062s] -- Installing: /home/darsh/UR_GRIPPER/install/ur_description/share/ur_description/meshes/ur10e/visual/wrist3.dae
[3.064s] -- Installing: /home/darsh/UR_GRIPPER/install/ur_description/share/ur_description/meshes/ur10e/visual/shoulder.dae
[3.074s] -- Installing: /home/darsh/UR_GRIPPER/install/ur_description/share/ur_description/meshes/ur10e/visual/upperarm.dae
[3.089s] -- Installing: /home/darsh/UR_GRIPPER/install/ur_description/share/ur_description/meshes/ur10e/visual/forearm.dae
[3.095s] -- Installing: /home/darsh/UR_GRIPPER/install/ur_description/share/ur_description/meshes/ur10e/visual/base.dae
[3.098s] -- Installing: /home/darsh/UR_GRIPPER/install/ur_description/share/ur_description/meshes/ur10e/visual/wrist1.dae
[3.104s] -- Installing: /home/darsh/UR_GRIPPER/install/ur_description/share/ur_description/meshes/ur10e/visual/wrist2.dae
[3.112s] -- Installing: /home/darsh/UR_GRIPPER/install/ur_description/share/ur_description/meshes/ur5e
[3.112s] -- Installing: /home/darsh/UR_GRIPPER/install/ur_description/share/ur_description/meshes/ur5e/collision
[3.113s] -- Installing: /home/darsh/UR_GRIPPER/install/ur_description/share/ur_description/meshes/ur5e/collision/forearm.stl
[3.114s] -- Installing: /home/darsh/UR_GRIPPER/install/ur_description/share/ur_description/meshes/ur5e/collision/upperarm.stl
[3.115s] -- Installing: /home/darsh/UR_GRIPPER/install/ur_description/share/ur_description/meshes/ur5e/collision/base.stl
[3.116s] -- Installing: /home/darsh/UR_GRIPPER/install/ur_description/share/ur_description/meshes/ur5e/collision/shoulder.stl
[3.118s] -- Installing: /home/darsh/UR_GRIPPER/install/ur_description/share/ur_description/meshes/ur5e/collision/wrist3.stl
[3.119s] -- Installing: /home/darsh/UR_GRIPPER/install/ur_description/share/ur_description/meshes/ur5e/collision/wrist1.stl
[3.119s] -- Installing: /home/darsh/UR_GRIPPER/install/ur_description/share/ur_description/meshes/ur5e/collision/wrist2.stl
[3.122s] -- Installing: /home/darsh/UR_GRIPPER/install/ur_description/share/ur_description/meshes/ur5e/visual
[3.122s] -- Installing: /home/darsh/UR_GRIPPER/install/ur_description/share/ur_description/meshes/ur5e/visual/wrist3.dae
[3.122s] -- Installing: /home/darsh/UR_GRIPPER/install/ur_description/share/ur_description/meshes/ur5e/visual/shoulder.dae
[3.129s] -- Installing: /home/darsh/UR_GRIPPER/install/ur_description/share/ur_description/meshes/ur5e/visual/upperarm.dae
[3.143s] -- Installing: /home/darsh/UR_GRIPPER/install/ur_description/share/ur_description/meshes/ur5e/visual/forearm.dae
[3.147s] -- Installing: /home/darsh/UR_GRIPPER/install/ur_description/share/ur_description/meshes/ur5e/visual/base.dae
[3.150s] -- Installing: /home/darsh/UR_GRIPPER/install/ur_description/share/ur_description/meshes/ur5e/visual/wrist1.dae
[3.157s] -- Installing: /home/darsh/UR_GRIPPER/install/ur_description/share/ur_description/meshes/ur5e/visual/wrist2.dae
[3.164s] -- Installing: /home/darsh/UR_GRIPPER/install/ur_description/share/ur_description/meshes/ur3
[3.164s] -- Installing: /home/darsh/UR_GRIPPER/install/ur_description/share/ur_description/meshes/ur3/collision
[3.164s] -- Installing: /home/darsh/UR_GRIPPER/install/ur_description/share/ur_description/meshes/ur3/collision/forearm.stl
[3.167s] -- Installing: /home/darsh/UR_GRIPPER/install/ur_description/share/ur_description/meshes/ur3/collision/upperarm.stl
[3.170s] -- Installing: /home/darsh/UR_GRIPPER/install/ur_description/share/ur_description/meshes/ur3/collision/base.stl
[3.172s] -- Installing: /home/darsh/UR_GRIPPER/install/ur_description/share/ur_description/meshes/ur3/collision/shoulder.stl
[3.175s] -- Installing: /home/darsh/UR_GRIPPER/install/ur_description/share/ur_description/meshes/ur3/collision/wrist3.stl
[3.177s] -- Installing: /home/darsh/UR_GRIPPER/install/ur_description/share/ur_description/meshes/ur3/collision/wrist1.stl
[3.179s] -- Installing: /home/darsh/UR_GRIPPER/install/ur_description/share/ur_description/meshes/ur3/collision/wrist2.stl
[3.181s] -- Installing: /home/darsh/UR_GRIPPER/install/ur_description/share/ur_description/meshes/ur3/visual
[3.181s] -- Installing: /home/darsh/UR_GRIPPER/install/ur_description/share/ur_description/meshes/ur3/visual/wrist3.dae
[3.183s] -- Installing: /home/darsh/UR_GRIPPER/install/ur_description/share/ur_description/meshes/ur3/visual/shoulder.dae
[3.191s] -- Installing: /home/darsh/UR_GRIPPER/install/ur_description/share/ur_description/meshes/ur3/visual/upperarm.dae
[3.200s] -- Installing: /home/darsh/UR_GRIPPER/install/ur_description/share/ur_description/meshes/ur3/visual/forearm.dae
[3.204s] -- Installing: /home/darsh/UR_GRIPPER/install/ur_description/share/ur_description/meshes/ur3/visual/base.dae
[3.208s] -- Installing: /home/darsh/UR_GRIPPER/install/ur_description/share/ur_description/meshes/ur3/visual/wrist1.dae
[3.212s] -- Installing: /home/darsh/UR_GRIPPER/install/ur_description/share/ur_description/meshes/ur3/visual/wrist2.dae
[3.216s] -- Installing: /home/darsh/UR_GRIPPER/install/ur_description/share/ur_description/meshes/ur3e
[3.216s] -- Installing: /home/darsh/UR_GRIPPER/install/ur_description/share/ur_description/meshes/ur3e/collision
[3.216s] -- Installing: /home/darsh/UR_GRIPPER/install/ur_description/share/ur_description/meshes/ur3e/collision/forearm.stl
[3.218s] -- Installing: /home/darsh/UR_GRIPPER/install/ur_description/share/ur_description/meshes/ur3e/collision/upperarm.stl
[3.219s] -- Installing: /home/darsh/UR_GRIPPER/install/ur_description/share/ur_description/meshes/ur3e/collision/base.stl
[3.220s] -- Installing: /home/darsh/UR_GRIPPER/install/ur_description/share/ur_description/meshes/ur3e/collision/shoulder.stl
[3.221s] -- Installing: /home/darsh/UR_GRIPPER/install/ur_description/share/ur_description/meshes/ur3e/collision/wrist3.stl
[3.222s] -- Installing: /home/darsh/UR_GRIPPER/install/ur_description/share/ur_description/meshes/ur3e/collision/wrist1.stl
[3.223s] -- Installing: /home/darsh/UR_GRIPPER/install/ur_description/share/ur_description/meshes/ur3e/collision/wrist2.stl
[3.224s] -- Installing: /home/darsh/UR_GRIPPER/install/ur_description/share/ur_description/meshes/ur3e/visual
[3.225s] -- Installing: /home/darsh/UR_GRIPPER/install/ur_description/share/ur_description/meshes/ur3e/visual/wrist3.dae
[3.226s] -- Installing: /home/darsh/UR_GRIPPER/install/ur_description/share/ur_description/meshes/ur3e/visual/shoulder.dae
[3.234s] -- Installing: /home/darsh/UR_GRIPPER/install/ur_description/share/ur_description/meshes/ur3e/visual/upperarm.dae
[3.249s] -- Installing: /home/darsh/UR_GRIPPER/install/ur_description/share/ur_description/meshes/ur3e/visual/forearm.dae
[3.255s] -- Installing: /home/darsh/UR_GRIPPER/install/ur_description/share/ur_description/meshes/ur3e/visual/base.dae
[3.257s] -- Installing: /home/darsh/UR_GRIPPER/install/ur_description/share/ur_description/meshes/ur3e/visual/wrist1.dae
[3.263s] -- Installing: /home/darsh/UR_GRIPPER/install/ur_description/share/ur_description/meshes/ur3e/visual/wrist2.dae
[3.271s] -- Installing: /home/darsh/UR_GRIPPER/install/ur_description/share/ur_description/meshes/d435
[3.271s] -- Installing: /home/darsh/UR_GRIPPER/install/ur_description/share/ur_description/meshes/d435/visual
[3.271s] -- Installing: /home/darsh/UR_GRIPPER/install/ur_description/share/ur_description/meshes/d435/visual/d435.stl
[3.317s] -- Installing: /home/darsh/UR_GRIPPER/install/ur_description/share/ur_description/meshes/ur30
[3.317s] -- Installing: /home/darsh/UR_GRIPPER/install/ur_description/share/ur_description/meshes/ur30/LICENSE.txt
[3.317s] -- Installing: /home/darsh/UR_GRIPPER/install/ur_description/share/ur_description/meshes/ur30/collision
[3.318s] -- Installing: /home/darsh/UR_GRIPPER/install/ur_description/share/ur_description/meshes/ur30/collision/forearm.stl
[3.320s] -- Installing: /home/darsh/UR_GRIPPER/install/ur_description/share/ur_description/meshes/ur30/collision/upperarm.stl
[3.322s] -- Installing: /home/darsh/UR_GRIPPER/install/ur_description/share/ur_description/meshes/ur30/visual
[3.322s] -- Installing: /home/darsh/UR_GRIPPER/install/ur_description/share/ur_description/meshes/ur30/visual/upperarm.dae
[3.327s] -- Installing: /home/darsh/UR_GRIPPER/install/ur_description/share/ur_description/meshes/ur30/visual/forearm.dae
[3.331s] -- Installing: /home/darsh/UR_GRIPPER/install/ur_description/share/ur_description/meshes/ur30/visual/UR30_DIFF_8bit_2K.png
[3.338s] -- Installing: /home/darsh/UR_GRIPPER/install/ur_description/share/ur_description/meshes/ur20
[3.338s] -- Installing: /home/darsh/UR_GRIPPER/install/ur_description/share/ur_description/meshes/ur20/LICENSE.txt
[3.339s] -- Installing: /home/darsh/UR_GRIPPER/install/ur_description/share/ur_description/meshes/ur20/collision
[3.339s] -- Installing: /home/darsh/UR_GRIPPER/install/ur_description/share/ur_description/meshes/ur20/collision/forearm.stl
[3.341s] -- Installing: /home/darsh/UR_GRIPPER/install/ur_description/share/ur_description/meshes/ur20/collision/upperarm.stl
[3.343s] -- Installing: /home/darsh/UR_GRIPPER/install/ur_description/share/ur_description/meshes/ur20/collision/base.stl
[3.344s] -- Installing: /home/darsh/UR_GRIPPER/install/ur_description/share/ur_description/meshes/ur20/collision/shoulder.stl
[3.345s] -- Installing: /home/darsh/UR_GRIPPER/install/ur_description/share/ur_description/meshes/ur20/collision/wrist3.stl
[3.346s] -- Installing: /home/darsh/UR_GRIPPER/install/ur_description/share/ur_description/meshes/ur20/collision/wrist1.stl
[3.347s] -- Installing: /home/darsh/UR_GRIPPER/install/ur_description/share/ur_description/meshes/ur20/collision/wrist2.stl
[3.348s] -- Installing: /home/darsh/UR_GRIPPER/install/ur_description/share/ur_description/meshes/ur20/visual
[3.349s] -- Installing: /home/darsh/UR_GRIPPER/install/ur_description/share/ur_description/meshes/ur20/visual/wrist3.dae
[3.351s] -- Installing: /home/darsh/UR_GRIPPER/install/ur_description/share/ur_description/meshes/ur20/visual/shoulder.dae
[3.353s] -- Installing: /home/darsh/UR_GRIPPER/install/ur_description/share/ur_description/meshes/ur20/visual/upperarm.dae
[3.358s] -- Installing: /home/darsh/UR_GRIPPER/install/ur_description/share/ur_description/meshes/ur20/visual/forearm.dae
[3.362s] -- Installing: /home/darsh/UR_GRIPPER/install/ur_description/share/ur_description/meshes/ur20/visual/UR20_DIFF_8bit_2K.png
[3.369s] -- Installing: /home/darsh/UR_GRIPPER/install/ur_description/share/ur_description/meshes/ur20/visual/base.dae
[3.372s] -- Installing: /home/darsh/UR_GRIPPER/install/ur_description/share/ur_description/meshes/ur20/visual/wrist1.dae
[3.374s] -- Installing: /home/darsh/UR_GRIPPER/install/ur_description/share/ur_description/meshes/ur20/visual/wrist2.dae
[3.377s] -- Installing: /home/darsh/UR_GRIPPER/install/ur_description/share/ur_description/meshes/ur10
[3.378s] -- Installing: /home/darsh/UR_GRIPPER/install/ur_description/share/ur_description/meshes/ur10/collision
[3.378s] -- Installing: /home/darsh/UR_GRIPPER/install/ur_description/share/ur_description/meshes/ur10/collision/forearm.stl
[3.380s] -- Installing: /home/darsh/UR_GRIPPER/install/ur_description/share/ur_description/meshes/ur10/collision/upperarm.stl
[3.381s] -- Installing: /home/darsh/UR_GRIPPER/install/ur_description/share/ur_description/meshes/ur10/collision/base.stl
[3.382s] -- Installing: /home/darsh/UR_GRIPPER/install/ur_description/share/ur_description/meshes/ur10/collision/shoulder.stl
[3.383s] -- Installing: /home/darsh/UR_GRIPPER/install/ur_description/share/ur_description/meshes/ur10/collision/wrist3.stl
[3.384s] -- Installing: /home/darsh/UR_GRIPPER/install/ur_description/share/ur_description/meshes/ur10/collision/wrist1.stl
[3.386s] -- Installing: /home/darsh/UR_GRIPPER/install/ur_description/share/ur_description/meshes/ur10/collision/wrist2.stl
[3.387s] -- Installing: /home/darsh/UR_GRIPPER/install/ur_description/share/ur_description/meshes/ur10/visual
[3.387s] -- Installing: /home/darsh/UR_GRIPPER/install/ur_description/share/ur_description/meshes/ur10/visual/wrist3.dae
[3.389s] -- Installing: /home/darsh/UR_GRIPPER/install/ur_description/share/ur_description/meshes/ur10/visual/shoulder.dae
[3.394s] -- Installing: /home/darsh/UR_GRIPPER/install/ur_description/share/ur_description/meshes/ur10/visual/upperarm.dae
[3.403s] -- Installing: /home/darsh/UR_GRIPPER/install/ur_description/share/ur_description/meshes/ur10/visual/forearm.dae
[3.413s] -- Installing: /home/darsh/UR_GRIPPER/install/ur_description/share/ur_description/meshes/ur10/visual/base.dae
[3.416s] -- Installing: /home/darsh/UR_GRIPPER/install/ur_description/share/ur_description/meshes/ur10/visual/wrist1.dae
[3.422s] -- Installing: /home/darsh/UR_GRIPPER/install/ur_description/share/ur_description/meshes/ur10/visual/wrist2.dae
[3.434s] -- Installing: /home/darsh/UR_GRIPPER/install/ur_description/share/ur_description/meshes/ur16e
[3.434s] -- Installing: /home/darsh/UR_GRIPPER/install/ur_description/share/ur_description/meshes/ur16e/collision
[3.434s] -- Installing: /home/darsh/UR_GRIPPER/install/ur_description/share/ur_description/meshes/ur16e/collision/forearm.stl
[3.435s] -- Installing: /home/darsh/UR_GRIPPER/install/ur_description/share/ur_description/meshes/ur16e/collision/upperarm.stl
[3.437s] -- Installing: /home/darsh/UR_GRIPPER/install/ur_description/share/ur_description/meshes/ur16e/visual
[3.437s] -- Installing: /home/darsh/UR_GRIPPER/install/ur_description/share/ur_description/meshes/ur16e/visual/upperarm.dae
[3.451s] -- Installing: /home/darsh/UR_GRIPPER/install/ur_description/share/ur_description/meshes/ur16e/visual/forearm.dae
[3.459s] -- Installing: /home/darsh/UR_GRIPPER/install/ur_description/share/ur_description/rviz
[3.459s] -- Installing: /home/darsh/UR_GRIPPER/install/ur_description/share/ur_description/rviz/view_robot.rviz
[3.459s] -- Installing: /home/darsh/UR_GRIPPER/install/ur_description/share/ur_description/urdf
[3.460s] -- Installing: /home/darsh/UR_GRIPPER/install/ur_description/share/ur_description/urdf/ur_mocked.urdf.xacro
[3.461s] -- Installing: /home/darsh/UR_GRIPPER/install/ur_description/share/ur_description/urdf/ur.urdf copy.xacro
[3.461s] -- Installing: /home/darsh/UR_GRIPPER/install/ur_description/share/ur_description/urdf/ur.urdf
[3.463s] -- Installing: /home/darsh/UR_GRIPPER/install/ur_description/share/ur_description/urdf/inc
[3.463s] -- Installing: /home/darsh/UR_GRIPPER/install/ur_description/share/ur_description/urdf/inc/ur_common.xacro
[3.464s] -- Installing: /home/darsh/UR_GRIPPER/install/ur_description/share/ur_description/urdf/inc/ur_sensors.xacro
[3.465s] -- Installing: /home/darsh/UR_GRIPPER/install/ur_description/share/ur_description/urdf/inc/ur_joint_control.xacro
[3.466s] -- Installing: /home/darsh/UR_GRIPPER/install/ur_description/share/ur_description/urdf/inc/ur_transmissions.xacro
[3.466s] -- Installing: /home/darsh/UR_GRIPPER/install/ur_description/share/ur_description/urdf/ur.ros2_control.xacro
[3.467s] -- Installing: /home/darsh/UR_GRIPPER/install/ur_description/share/ur_description/urdf/ros2_control_mock_hardware.xacro
[3.468s] -- Installing: /home/darsh/UR_GRIPPER/install/ur_description/share/ur_description/urdf/gazebo_sim_ros2_control.urdf.xacro
[3.468s] -- Installing: /home/darsh/UR_GRIPPER/install/ur_description/share/ur_description/urdf/intel_rgbd_cam_d435.urdf.xacro
[3.469s] -- Installing: /home/darsh/UR_GRIPPER/install/ur_description/share/ur_description/urdf/ur_macro.xacro
[3.470s] -- Installing: /home/darsh/UR_GRIPPER/install/ur_description/share/ur_description/urdf/ur.urdf.xacro
[3.471s] -- Installing: /home/darsh/UR_GRIPPER/install/ur_description/share/ament_index/resource_index/package_run_dependencies/ur_description
[3.472s] -- Installing: /home/darsh/UR_GRIPPER/install/ur_description/share/ament_index/resource_index/parent_prefix_path/ur_description
[3.473s] -- Installing: /home/darsh/UR_GRIPPER/install/ur_description/share/ur_description/environment/ament_prefix_path.sh
[3.474s] -- Installing: /home/darsh/UR_GRIPPER/install/ur_description/share/ur_description/environment/ament_prefix_path.dsv
[3.474s] -- Installing: /home/darsh/UR_GRIPPER/install/ur_description/share/ur_description/environment/path.sh
[3.474s] -- Installing: /home/darsh/UR_GRIPPER/install/ur_description/share/ur_description/environment/path.dsv
[3.475s] -- Installing: /home/darsh/UR_GRIPPER/install/ur_description/share/ur_description/local_setup.bash
[3.475s] -- Installing: /home/darsh/UR_GRIPPER/install/ur_description/share/ur_description/local_setup.sh
[3.476s] -- Installing: /home/darsh/UR_GRIPPER/install/ur_description/share/ur_description/local_setup.zsh
[3.476s] -- Installing: /home/darsh/UR_GRIPPER/install/ur_description/share/ur_description/local_setup.dsv
[3.476s] -- Installing: /home/darsh/UR_GRIPPER/install/ur_description/share/ur_description/package.dsv
[3.477s] -- Installing: /home/darsh/UR_GRIPPER/install/ur_description/share/ament_index/resource_index/packages/ur_description
[3.477s] -- Installing: /home/darsh/UR_GRIPPER/install/ur_description/share/ur_description/cmake/ur_descriptionConfig.cmake
[3.477s] -- Installing: /home/darsh/UR_GRIPPER/install/ur_description/share/ur_description/cmake/ur_descriptionConfig-version.cmake
[3.478s] -- Installing: /home/darsh/UR_GRIPPER/install/ur_description/share/ur_description/package.xml
[3.480s] Invoked command in '/home/darsh/UR_GRIPPER/build/ur_description' returned '0': CMAKE_PREFIX_PATH=${CMAKE_PREFIX_PATH}:/opt/ros/jazzy /usr/bin/cmake --install /home/darsh/UR_GRIPPER/build/ur_description
