[0.271s] DEBUG:colcon:Command line arguments: ['/usr/bin/colcon', 'build']
[0.271s] DEBUG:colcon:Parsed command line arguments: Namespace(log_base=None, log_level=None, verb_name='build', build_base='build', install_base='install', merge_install=False, symlink_install=False, test_result_base=None, continue_on_error=False, executor='parallel', parallel_workers=16, event_handlers=None, ignore_user_meta=False, metas=['./colcon.meta'], base_paths=['.'], packages_ignore=None, packages_ignore_regex=None, paths=None, packages_up_to=None, packages_up_to_regex=None, packages_above=None, packages_above_and_dependencies=None, packages_above_depth=None, packages_select_by_dep=None, packages_skip_by_dep=None, packages_skip_up_to=None, packages_select_build_failed=False, packages_skip_build_finished=False, packages_select_test_failures=False, packages_skip_test_passed=False, packages_select=None, packages_skip=None, packages_select_regex=None, packages_skip_regex=None, packages_start=None, packages_end=None, allow_overriding=[], cmake_args=None, cmake_target=None, cmake_target_skip_unavailable=False, cmake_clean_cache=False, cmake_clean_first=False, cmake_force_configure=False, ament_cmake_args=None, catkin_cmake_args=None, catkin_skip_building_tests=False, verb_parser=<colcon_defaults.argument_parser.defaults.DefaultArgumentsDecorator object at 0x7f0e65bec830>, verb_extension=<colcon_core.verb.build.BuildVerb object at 0x7f0e65b90aa0>, main=<bound method BuildVerb.main of <colcon_core.verb.build.BuildVerb object at 0x7f0e65b90aa0>>)
[2.273s] Level 1:colcon.colcon_core.package_discovery:discover_packages(colcon_meta) check parameters
[2.273s] Level 1:colcon.colcon_core.package_discovery:discover_packages(recursive) check parameters
[2.273s] Level 1:colcon.colcon_core.package_discovery:discover_packages(ignore) check parameters
[2.273s] Level 1:colcon.colcon_core.package_discovery:discover_packages(path) check parameters
[2.273s] Level 1:colcon.colcon_core.package_discovery:discover_packages(colcon_meta) discover
[2.273s] Level 1:colcon.colcon_core.package_discovery:discover_packages(recursive) discover
[2.273s] INFO:colcon.colcon_core.package_discovery:Crawling recursively for packages in '/home/darsh/UR_GRIPPER'
[2.273s] Level 1:colcon.colcon_core.package_identification:_identify(.) by extensions ['ignore', 'ignore_ament_install']
[2.273s] Level 1:colcon.colcon_core.package_identification:_identify(.) by extension 'ignore'
[2.273s] Level 1:colcon.colcon_core.package_identification:_identify(.) by extension 'ignore_ament_install'
[2.274s] Level 1:colcon.colcon_core.package_identification:_identify(.) by extensions ['colcon_pkg']
[2.274s] Level 1:colcon.colcon_core.package_identification:_identify(.) by extension 'colcon_pkg'
[2.274s] Level 1:colcon.colcon_core.package_identification:_identify(.) by extensions ['colcon_meta']
[2.274s] Level 1:colcon.colcon_core.package_identification:_identify(.) by extension 'colcon_meta'
[2.274s] Level 1:colcon.colcon_core.package_identification:_identify(.) by extensions ['ros']
[2.274s] Level 1:colcon.colcon_core.package_identification:_identify(.) by extension 'ros'
[2.308s] Level 1:colcon.colcon_core.package_identification:_identify(.) by extensions ['cmake', 'python']
[2.308s] Level 1:colcon.colcon_core.package_identification:_identify(.) by extension 'cmake'
[2.308s] Level 1:colcon.colcon_core.package_identification:_identify(.) by extension 'python'
[2.308s] Level 1:colcon.colcon_core.package_identification:_identify(.) by extensions ['python_setup_py']
[2.308s] Level 1:colcon.colcon_core.package_identification:_identify(.) by extension 'python_setup_py'
[2.308s] Level 1:colcon.colcon_core.package_identification:_identify(build) by extensions ['ignore', 'ignore_ament_install']
[2.308s] Level 1:colcon.colcon_core.package_identification:_identify(build) by extension 'ignore'
[2.308s] Level 1:colcon.colcon_core.package_identification:_identify(build) ignored
[2.309s] Level 1:colcon.colcon_core.package_identification:_identify(install) by extensions ['ignore', 'ignore_ament_install']
[2.309s] Level 1:colcon.colcon_core.package_identification:_identify(install) by extension 'ignore'
[2.309s] Level 1:colcon.colcon_core.package_identification:_identify(install) ignored
[2.309s] Level 1:colcon.colcon_core.package_identification:_identify(log) by extensions ['ignore', 'ignore_ament_install']
[2.309s] Level 1:colcon.colcon_core.package_identification:_identify(log) by extension 'ignore'
[2.309s] Level 1:colcon.colcon_core.package_identification:_identify(log) ignored
[2.310s] Level 1:colcon.colcon_core.package_identification:_identify(src) by extensions ['ignore', 'ignore_ament_install']
[2.310s] Level 1:colcon.colcon_core.package_identification:_identify(src) by extension 'ignore'
[2.310s] Level 1:colcon.colcon_core.package_identification:_identify(src) by extension 'ignore_ament_install'
[2.310s] Level 1:colcon.colcon_core.package_identification:_identify(src) by extensions ['colcon_pkg']
[2.310s] Level 1:colcon.colcon_core.package_identification:_identify(src) by extension 'colcon_pkg'
[2.310s] Level 1:colcon.colcon_core.package_identification:_identify(src) by extensions ['colcon_meta']
[2.310s] Level 1:colcon.colcon_core.package_identification:_identify(src) by extension 'colcon_meta'
[2.310s] Level 1:colcon.colcon_core.package_identification:_identify(src) by extensions ['ros']
[2.310s] Level 1:colcon.colcon_core.package_identification:_identify(src) by extension 'ros'
[2.310s] Level 1:colcon.colcon_core.package_identification:_identify(src) by extensions ['cmake', 'python']
[2.310s] Level 1:colcon.colcon_core.package_identification:_identify(src) by extension 'cmake'
[2.310s] Level 1:colcon.colcon_core.package_identification:_identify(src) by extension 'python'
[2.310s] Level 1:colcon.colcon_core.package_identification:_identify(src) by extensions ['python_setup_py']
[2.310s] Level 1:colcon.colcon_core.package_identification:_identify(src) by extension 'python_setup_py'
[2.311s] Level 1:colcon.colcon_core.package_identification:_identify(src/robotiq_description) by extensions ['ignore', 'ignore_ament_install']
[2.311s] Level 1:colcon.colcon_core.package_identification:_identify(src/robotiq_description) by extension 'ignore'
[2.311s] Level 1:colcon.colcon_core.package_identification:_identify(src/robotiq_description) by extension 'ignore_ament_install'
[2.311s] Level 1:colcon.colcon_core.package_identification:_identify(src/robotiq_description) by extensions ['colcon_pkg']
[2.311s] Level 1:colcon.colcon_core.package_identification:_identify(src/robotiq_description) by extension 'colcon_pkg'
[2.311s] Level 1:colcon.colcon_core.package_identification:_identify(src/robotiq_description) by extensions ['colcon_meta']
[2.311s] Level 1:colcon.colcon_core.package_identification:_identify(src/robotiq_description) by extension 'colcon_meta'
[2.311s] Level 1:colcon.colcon_core.package_identification:_identify(src/robotiq_description) by extensions ['ros']
[2.311s] Level 1:colcon.colcon_core.package_identification:_identify(src/robotiq_description) by extension 'ros'
[2.315s] DEBUG:colcon.colcon_core.package_identification:Package 'src/robotiq_description' with type 'ros.ament_cmake' and name 'robotiq_description'
[2.316s] Level 1:colcon.colcon_core.package_identification:_identify(src/ur_description) by extensions ['ignore', 'ignore_ament_install']
[2.316s] Level 1:colcon.colcon_core.package_identification:_identify(src/ur_description) by extension 'ignore'
[2.316s] Level 1:colcon.colcon_core.package_identification:_identify(src/ur_description) by extension 'ignore_ament_install'
[2.316s] Level 1:colcon.colcon_core.package_identification:_identify(src/ur_description) by extensions ['colcon_pkg']
[2.316s] Level 1:colcon.colcon_core.package_identification:_identify(src/ur_description) by extension 'colcon_pkg'
[2.316s] Level 1:colcon.colcon_core.package_identification:_identify(src/ur_description) by extensions ['colcon_meta']
[2.316s] Level 1:colcon.colcon_core.package_identification:_identify(src/ur_description) by extension 'colcon_meta'
[2.316s] Level 1:colcon.colcon_core.package_identification:_identify(src/ur_description) by extensions ['ros']
[2.316s] Level 1:colcon.colcon_core.package_identification:_identify(src/ur_description) by extension 'ros'
[2.317s] DEBUG:colcon.colcon_core.package_identification:Package 'src/ur_description' with type 'ros.ament_cmake' and name 'ur_description'
[2.318s] Level 1:colcon.colcon_core.package_identification:_identify(src/ur_gazebo) by extensions ['ignore', 'ignore_ament_install']
[2.318s] Level 1:colcon.colcon_core.package_identification:_identify(src/ur_gazebo) by extension 'ignore'
[2.318s] Level 1:colcon.colcon_core.package_identification:_identify(src/ur_gazebo) by extension 'ignore_ament_install'
[2.318s] Level 1:colcon.colcon_core.package_identification:_identify(src/ur_gazebo) by extensions ['colcon_pkg']
[2.318s] Level 1:colcon.colcon_core.package_identification:_identify(src/ur_gazebo) by extension 'colcon_pkg'
[2.318s] Level 1:colcon.colcon_core.package_identification:_identify(src/ur_gazebo) by extensions ['colcon_meta']
[2.318s] Level 1:colcon.colcon_core.package_identification:_identify(src/ur_gazebo) by extension 'colcon_meta'
[2.318s] Level 1:colcon.colcon_core.package_identification:_identify(src/ur_gazebo) by extensions ['ros']
[2.318s] Level 1:colcon.colcon_core.package_identification:_identify(src/ur_gazebo) by extension 'ros'
[2.319s] DEBUG:colcon.colcon_core.package_identification:Package 'src/ur_gazebo' with type 'ros.ament_cmake' and name 'ur_gazebo'
[2.320s] Level 1:colcon.colcon_core.package_identification:_identify(src/ur_interfaces) by extensions ['ignore', 'ignore_ament_install']
[2.320s] Level 1:colcon.colcon_core.package_identification:_identify(src/ur_interfaces) by extension 'ignore'
[2.320s] Level 1:colcon.colcon_core.package_identification:_identify(src/ur_interfaces) by extension 'ignore_ament_install'
[2.320s] Level 1:colcon.colcon_core.package_identification:_identify(src/ur_interfaces) by extensions ['colcon_pkg']
[2.320s] Level 1:colcon.colcon_core.package_identification:_identify(src/ur_interfaces) by extension 'colcon_pkg'
[2.320s] Level 1:colcon.colcon_core.package_identification:_identify(src/ur_interfaces) by extensions ['colcon_meta']
[2.320s] Level 1:colcon.colcon_core.package_identification:_identify(src/ur_interfaces) by extension 'colcon_meta'
[2.320s] Level 1:colcon.colcon_core.package_identification:_identify(src/ur_interfaces) by extensions ['ros']
[2.320s] Level 1:colcon.colcon_core.package_identification:_identify(src/ur_interfaces) by extension 'ros'
[2.321s] DEBUG:colcon.colcon_core.package_identification:Package 'src/ur_interfaces' with type 'ros.ament_cmake' and name 'ur_interfaces'
[2.321s] Level 1:colcon.colcon_core.package_identification:_identify(src/ur_system_tests) by extensions ['ignore', 'ignore_ament_install']
[2.321s] Level 1:colcon.colcon_core.package_identification:_identify(src/ur_system_tests) by extension 'ignore'
[2.321s] Level 1:colcon.colcon_core.package_identification:_identify(src/ur_system_tests) by extension 'ignore_ament_install'
[2.321s] Level 1:colcon.colcon_core.package_identification:_identify(src/ur_system_tests) by extensions ['colcon_pkg']
[2.321s] Level 1:colcon.colcon_core.package_identification:_identify(src/ur_system_tests) by extension 'colcon_pkg'
[2.321s] Level 1:colcon.colcon_core.package_identification:_identify(src/ur_system_tests) by extensions ['colcon_meta']
[2.321s] Level 1:colcon.colcon_core.package_identification:_identify(src/ur_system_tests) by extension 'colcon_meta'
[2.322s] Level 1:colcon.colcon_core.package_identification:_identify(src/ur_system_tests) by extensions ['ros']
[2.322s] Level 1:colcon.colcon_core.package_identification:_identify(src/ur_system_tests) by extension 'ros'
[2.322s] DEBUG:colcon.colcon_core.package_identification:Package 'src/ur_system_tests' with type 'ros.ament_cmake' and name 'ur_system_tests'
[2.322s] Level 1:colcon.colcon_core.package_discovery:discover_packages(recursive) using defaults
[2.322s] Level 1:colcon.colcon_core.package_discovery:discover_packages(ignore) discover
[2.322s] Level 1:colcon.colcon_core.package_discovery:discover_packages(ignore) using defaults
[2.322s] Level 1:colcon.colcon_core.package_discovery:discover_packages(path) discover
[2.322s] Level 1:colcon.colcon_core.package_discovery:discover_packages(path) using defaults
[2.350s] Level 1:colcon.colcon_core.package_discovery:discover_packages(prefix_path) check parameters
[2.350s] Level 1:colcon.colcon_core.package_discovery:discover_packages(prefix_path) discover
[2.355s] DEBUG:colcon.colcon_installed_package_information.package_discovery:Found 432 installed packages in /opt/ros/jazzy
[2.357s] Level 1:colcon.colcon_core.package_discovery:discover_packages(prefix_path) using defaults
[2.504s] Level 5:colcon.colcon_core.verb:set package 'robotiq_description' build argument 'cmake_args' from command line to 'None'
[2.505s] Level 5:colcon.colcon_core.verb:set package 'robotiq_description' build argument 'cmake_target' from command line to 'None'
[2.505s] Level 5:colcon.colcon_core.verb:set package 'robotiq_description' build argument 'cmake_target_skip_unavailable' from command line to 'False'
[2.505s] Level 5:colcon.colcon_core.verb:set package 'robotiq_description' build argument 'cmake_clean_cache' from command line to 'False'
[2.505s] Level 5:colcon.colcon_core.verb:set package 'robotiq_description' build argument 'cmake_clean_first' from command line to 'False'
[2.505s] Level 5:colcon.colcon_core.verb:set package 'robotiq_description' build argument 'cmake_force_configure' from command line to 'False'
[2.505s] Level 5:colcon.colcon_core.verb:set package 'robotiq_description' build argument 'ament_cmake_args' from command line to 'None'
[2.505s] Level 5:colcon.colcon_core.verb:set package 'robotiq_description' build argument 'catkin_cmake_args' from command line to 'None'
[2.505s] Level 5:colcon.colcon_core.verb:set package 'robotiq_description' build argument 'catkin_skip_building_tests' from command line to 'False'
[2.505s] DEBUG:colcon.colcon_core.verb:Building package 'robotiq_description' with the following arguments: {'ament_cmake_args': None, 'build_base': '/home/darsh/UR_GRIPPER/build/robotiq_description', 'catkin_cmake_args': None, 'catkin_skip_building_tests': False, 'cmake_args': None, 'cmake_clean_cache': False, 'cmake_clean_first': False, 'cmake_force_configure': False, 'cmake_target': None, 'cmake_target_skip_unavailable': False, 'install_base': '/home/darsh/UR_GRIPPER/install/robotiq_description', 'merge_install': False, 'path': '/home/darsh/UR_GRIPPER/src/robotiq_description', 'symlink_install': False, 'test_result_base': None}
[2.505s] Level 5:colcon.colcon_core.verb:set package 'ur_description' build argument 'cmake_args' from command line to 'None'
[2.505s] Level 5:colcon.colcon_core.verb:set package 'ur_description' build argument 'cmake_target' from command line to 'None'
[2.505s] Level 5:colcon.colcon_core.verb:set package 'ur_description' build argument 'cmake_target_skip_unavailable' from command line to 'False'
[2.505s] Level 5:colcon.colcon_core.verb:set package 'ur_description' build argument 'cmake_clean_cache' from command line to 'False'
[2.505s] Level 5:colcon.colcon_core.verb:set package 'ur_description' build argument 'cmake_clean_first' from command line to 'False'
[2.505s] Level 5:colcon.colcon_core.verb:set package 'ur_description' build argument 'cmake_force_configure' from command line to 'False'
[2.505s] Level 5:colcon.colcon_core.verb:set package 'ur_description' build argument 'ament_cmake_args' from command line to 'None'
[2.505s] Level 5:colcon.colcon_core.verb:set package 'ur_description' build argument 'catkin_cmake_args' from command line to 'None'
[2.505s] Level 5:colcon.colcon_core.verb:set package 'ur_description' build argument 'catkin_skip_building_tests' from command line to 'False'
[2.505s] DEBUG:colcon.colcon_core.verb:Building package 'ur_description' with the following arguments: {'ament_cmake_args': None, 'build_base': '/home/darsh/UR_GRIPPER/build/ur_description', 'catkin_cmake_args': None, 'catkin_skip_building_tests': False, 'cmake_args': None, 'cmake_clean_cache': False, 'cmake_clean_first': False, 'cmake_force_configure': False, 'cmake_target': None, 'cmake_target_skip_unavailable': False, 'install_base': '/home/darsh/UR_GRIPPER/install/ur_description', 'merge_install': False, 'path': '/home/darsh/UR_GRIPPER/src/ur_description', 'symlink_install': False, 'test_result_base': None}
[2.506s] Level 5:colcon.colcon_core.verb:set package 'ur_gazebo' build argument 'cmake_args' from command line to 'None'
[2.506s] Level 5:colcon.colcon_core.verb:set package 'ur_gazebo' build argument 'cmake_target' from command line to 'None'
[2.506s] Level 5:colcon.colcon_core.verb:set package 'ur_gazebo' build argument 'cmake_target_skip_unavailable' from command line to 'False'
[2.506s] Level 5:colcon.colcon_core.verb:set package 'ur_gazebo' build argument 'cmake_clean_cache' from command line to 'False'
[2.506s] Level 5:colcon.colcon_core.verb:set package 'ur_gazebo' build argument 'cmake_clean_first' from command line to 'False'
[2.506s] Level 5:colcon.colcon_core.verb:set package 'ur_gazebo' build argument 'cmake_force_configure' from command line to 'False'
[2.506s] Level 5:colcon.colcon_core.verb:set package 'ur_gazebo' build argument 'ament_cmake_args' from command line to 'None'
[2.506s] Level 5:colcon.colcon_core.verb:set package 'ur_gazebo' build argument 'catkin_cmake_args' from command line to 'None'
[2.506s] Level 5:colcon.colcon_core.verb:set package 'ur_gazebo' build argument 'catkin_skip_building_tests' from command line to 'False'
[2.506s] DEBUG:colcon.colcon_core.verb:Building package 'ur_gazebo' with the following arguments: {'ament_cmake_args': None, 'build_base': '/home/darsh/UR_GRIPPER/build/ur_gazebo', 'catkin_cmake_args': None, 'catkin_skip_building_tests': False, 'cmake_args': None, 'cmake_clean_cache': False, 'cmake_clean_first': False, 'cmake_force_configure': False, 'cmake_target': None, 'cmake_target_skip_unavailable': False, 'install_base': '/home/darsh/UR_GRIPPER/install/ur_gazebo', 'merge_install': False, 'path': '/home/darsh/UR_GRIPPER/src/ur_gazebo', 'symlink_install': False, 'test_result_base': None}
[2.506s] Level 5:colcon.colcon_core.verb:set package 'ur_interfaces' build argument 'cmake_args' from command line to 'None'
[2.506s] Level 5:colcon.colcon_core.verb:set package 'ur_interfaces' build argument 'cmake_target' from command line to 'None'
[2.506s] Level 5:colcon.colcon_core.verb:set package 'ur_interfaces' build argument 'cmake_target_skip_unavailable' from command line to 'False'
[2.506s] Level 5:colcon.colcon_core.verb:set package 'ur_interfaces' build argument 'cmake_clean_cache' from command line to 'False'
[2.506s] Level 5:colcon.colcon_core.verb:set package 'ur_interfaces' build argument 'cmake_clean_first' from command line to 'False'
[2.506s] Level 5:colcon.colcon_core.verb:set package 'ur_interfaces' build argument 'cmake_force_configure' from command line to 'False'
[2.506s] Level 5:colcon.colcon_core.verb:set package 'ur_interfaces' build argument 'ament_cmake_args' from command line to 'None'
[2.506s] Level 5:colcon.colcon_core.verb:set package 'ur_interfaces' build argument 'catkin_cmake_args' from command line to 'None'
[2.506s] Level 5:colcon.colcon_core.verb:set package 'ur_interfaces' build argument 'catkin_skip_building_tests' from command line to 'False'
[2.506s] DEBUG:colcon.colcon_core.verb:Building package 'ur_interfaces' with the following arguments: {'ament_cmake_args': None, 'build_base': '/home/darsh/UR_GRIPPER/build/ur_interfaces', 'catkin_cmake_args': None, 'catkin_skip_building_tests': False, 'cmake_args': None, 'cmake_clean_cache': False, 'cmake_clean_first': False, 'cmake_force_configure': False, 'cmake_target': None, 'cmake_target_skip_unavailable': False, 'install_base': '/home/darsh/UR_GRIPPER/install/ur_interfaces', 'merge_install': False, 'path': '/home/darsh/UR_GRIPPER/src/ur_interfaces', 'symlink_install': False, 'test_result_base': None}
[2.507s] Level 5:colcon.colcon_core.verb:set package 'ur_system_tests' build argument 'cmake_args' from command line to 'None'
[2.507s] Level 5:colcon.colcon_core.verb:set package 'ur_system_tests' build argument 'cmake_target' from command line to 'None'
[2.507s] Level 5:colcon.colcon_core.verb:set package 'ur_system_tests' build argument 'cmake_target_skip_unavailable' from command line to 'False'
[2.507s] Level 5:colcon.colcon_core.verb:set package 'ur_system_tests' build argument 'cmake_clean_cache' from command line to 'False'
[2.507s] Level 5:colcon.colcon_core.verb:set package 'ur_system_tests' build argument 'cmake_clean_first' from command line to 'False'
[2.507s] Level 5:colcon.colcon_core.verb:set package 'ur_system_tests' build argument 'cmake_force_configure' from command line to 'False'
[2.507s] Level 5:colcon.colcon_core.verb:set package 'ur_system_tests' build argument 'ament_cmake_args' from command line to 'None'
[2.507s] Level 5:colcon.colcon_core.verb:set package 'ur_system_tests' build argument 'catkin_cmake_args' from command line to 'None'
[2.507s] Level 5:colcon.colcon_core.verb:set package 'ur_system_tests' build argument 'catkin_skip_building_tests' from command line to 'False'
[2.507s] DEBUG:colcon.colcon_core.verb:Building package 'ur_system_tests' with the following arguments: {'ament_cmake_args': None, 'build_base': '/home/darsh/UR_GRIPPER/build/ur_system_tests', 'catkin_cmake_args': None, 'catkin_skip_building_tests': False, 'cmake_args': None, 'cmake_clean_cache': False, 'cmake_clean_first': False, 'cmake_force_configure': False, 'cmake_target': None, 'cmake_target_skip_unavailable': False, 'install_base': '/home/darsh/UR_GRIPPER/install/ur_system_tests', 'merge_install': False, 'path': '/home/darsh/UR_GRIPPER/src/ur_system_tests', 'symlink_install': False, 'test_result_base': None}
[2.507s] INFO:colcon.colcon_core.executor:Executing jobs using 'parallel' executor
[2.508s] DEBUG:colcon.colcon_parallel_executor.executor.parallel:run_until_complete
[2.509s] INFO:colcon.colcon_ros.task.ament_cmake.build:Building ROS package in '/home/darsh/UR_GRIPPER/src/robotiq_description' with build type 'ament_cmake'
[2.509s] INFO:colcon.colcon_cmake.task.cmake.build:Building CMake package in '/home/darsh/UR_GRIPPER/src/robotiq_description'
[2.514s] INFO:colcon.colcon_core.plugin_system:Skipping extension 'colcon_core.shell.bat': Not used on non-Windows systems
[2.514s] INFO:colcon.colcon_core.shell:Skip shell extension 'powershell' for command environment: Not usable outside of PowerShell
[2.515s] DEBUG:colcon.colcon_core.shell:Skip shell extension 'dsv' for command environment
[2.518s] INFO:colcon.colcon_ros.task.ament_cmake.build:Building ROS package in '/home/darsh/UR_GRIPPER/src/ur_description' with build type 'ament_cmake'
[2.518s] INFO:colcon.colcon_cmake.task.cmake.build:Building CMake package in '/home/darsh/UR_GRIPPER/src/ur_description'
[2.519s] INFO:colcon.colcon_core.shell:Skip shell extension 'powershell' for command environment: Not usable outside of PowerShell
[2.519s] DEBUG:colcon.colcon_core.shell:Skip shell extension 'dsv' for command environment
[2.522s] INFO:colcon.colcon_ros.task.ament_cmake.build:Building ROS package in '/home/darsh/UR_GRIPPER/src/ur_gazebo' with build type 'ament_cmake'
[2.522s] INFO:colcon.colcon_cmake.task.cmake.build:Building CMake package in '/home/darsh/UR_GRIPPER/src/ur_gazebo'
[2.522s] INFO:colcon.colcon_core.shell:Skip shell extension 'powershell' for command environment: Not usable outside of PowerShell
[2.522s] DEBUG:colcon.colcon_core.shell:Skip shell extension 'dsv' for command environment
[2.525s] INFO:colcon.colcon_ros.task.ament_cmake.build:Building ROS package in '/home/darsh/UR_GRIPPER/src/ur_interfaces' with build type 'ament_cmake'
[2.526s] INFO:colcon.colcon_cmake.task.cmake.build:Building CMake package in '/home/darsh/UR_GRIPPER/src/ur_interfaces'
[2.526s] INFO:colcon.colcon_core.shell:Skip shell extension 'powershell' for command environment: Not usable outside of PowerShell
[2.526s] DEBUG:colcon.colcon_core.shell:Skip shell extension 'dsv' for command environment
[2.529s] INFO:colcon.colcon_ros.task.ament_cmake.build:Building ROS package in '/home/darsh/UR_GRIPPER/src/ur_system_tests' with build type 'ament_cmake'
[2.530s] INFO:colcon.colcon_cmake.task.cmake.build:Building CMake package in '/home/darsh/UR_GRIPPER/src/ur_system_tests'
[2.530s] INFO:colcon.colcon_core.shell:Skip shell extension 'powershell' for command environment: Not usable outside of PowerShell
[2.530s] DEBUG:colcon.colcon_core.shell:Skip shell extension 'dsv' for command environment
[2.543s] DEBUG:colcon.colcon_core.event_handler.log_command:Invoking command in '/home/darsh/UR_GRIPPER/build/robotiq_description': CMAKE_PREFIX_PATH=${CMAKE_PREFIX_PATH}:/opt/ros/jazzy /usr/bin/cmake --build /home/darsh/UR_GRIPPER/build/robotiq_description -- -j16 -l16
[2.549s] DEBUG:colcon.colcon_core.event_handler.log_command:Invoking command in '/home/darsh/UR_GRIPPER/build/ur_description': CMAKE_PREFIX_PATH=${CMAKE_PREFIX_PATH}:/opt/ros/jazzy /usr/bin/cmake --build /home/darsh/UR_GRIPPER/build/ur_description -- -j16 -l16
[2.553s] DEBUG:colcon.colcon_core.event_handler.log_command:Invoking command in '/home/darsh/UR_GRIPPER/build/ur_gazebo': CMAKE_PREFIX_PATH=${CMAKE_PREFIX_PATH}:/opt/ros/jazzy /usr/bin/cmake --build /home/darsh/UR_GRIPPER/build/ur_gazebo -- -j16 -l16
[2.561s] DEBUG:colcon.colcon_core.event_handler.log_command:Invoking command in '/home/darsh/UR_GRIPPER/build/ur_interfaces': CMAKE_PREFIX_PATH=${CMAKE_PREFIX_PATH}:/opt/ros/jazzy /usr/bin/cmake --build /home/darsh/UR_GRIPPER/build/ur_interfaces -- -j16 -l16
[2.566s] DEBUG:colcon.colcon_core.event_handler.log_command:Invoking command in '/home/darsh/UR_GRIPPER/build/ur_system_tests': CMAKE_PREFIX_PATH=${CMAKE_PREFIX_PATH}:/opt/ros/jazzy /usr/bin/cmake --build /home/darsh/UR_GRIPPER/build/ur_system_tests -- -j16 -l16
[2.672s] DEBUG:colcon.colcon_core.event_handler.log_command:Invoked command in '/home/darsh/UR_GRIPPER/build/ur_interfaces' returned '0': CMAKE_PREFIX_PATH=${CMAKE_PREFIX_PATH}:/opt/ros/jazzy /usr/bin/cmake --build /home/darsh/UR_GRIPPER/build/ur_interfaces -- -j16 -l16
[2.683s] DEBUG:colcon.colcon_core.event_handler.log_command:Invoking command in '/home/darsh/UR_GRIPPER/build/ur_interfaces': CMAKE_PREFIX_PATH=${CMAKE_PREFIX_PATH}:/opt/ros/jazzy /usr/bin/cmake --install /home/darsh/UR_GRIPPER/build/ur_interfaces
[2.684s] DEBUG:colcon.colcon_core.event_handler.log_command:Invoked command in '/home/darsh/UR_GRIPPER/build/ur_gazebo' returned '0': CMAKE_PREFIX_PATH=${CMAKE_PREFIX_PATH}:/opt/ros/jazzy /usr/bin/cmake --build /home/darsh/UR_GRIPPER/build/ur_gazebo -- -j16 -l16
[2.686s] DEBUG:colcon.colcon_core.event_handler.log_command:Invoking command in '/home/darsh/UR_GRIPPER/build/ur_gazebo': CMAKE_PREFIX_PATH=${CMAKE_PREFIX_PATH}:/opt/ros/jazzy /usr/bin/cmake --install /home/darsh/UR_GRIPPER/build/ur_gazebo
[2.688s] DEBUG:colcon.colcon_core.event_handler.log_command:Invoked command in '/home/darsh/UR_GRIPPER/build/ur_description' returned '0': CMAKE_PREFIX_PATH=${CMAKE_PREFIX_PATH}:/opt/ros/jazzy /usr/bin/cmake --build /home/darsh/UR_GRIPPER/build/ur_description -- -j16 -l16
[2.691s] DEBUG:colcon.colcon_core.event_handler.log_command:Invoking command in '/home/darsh/UR_GRIPPER/build/ur_description': CMAKE_PREFIX_PATH=${CMAKE_PREFIX_PATH}:/opt/ros/jazzy /usr/bin/cmake --install /home/darsh/UR_GRIPPER/build/ur_description
[2.692s] DEBUG:colcon.colcon_core.event_handler.log_command:Invoked command in '/home/darsh/UR_GRIPPER/build/robotiq_description' returned '0': CMAKE_PREFIX_PATH=${CMAKE_PREFIX_PATH}:/opt/ros/jazzy /usr/bin/cmake --build /home/darsh/UR_GRIPPER/build/robotiq_description -- -j16 -l16
[2.708s] Level 1:colcon.colcon_core.environment:create_environment_scripts_only(ur_interfaces)
[2.709s] DEBUG:colcon.colcon_core.event_handler.log_command:Invoking command in '/home/darsh/UR_GRIPPER/build/robotiq_description': CMAKE_PREFIX_PATH=${CMAKE_PREFIX_PATH}:/opt/ros/jazzy /usr/bin/cmake --install /home/darsh/UR_GRIPPER/build/robotiq_description
[2.736s] Level 1:colcon.colcon_core.environment:checking '/home/darsh/UR_GRIPPER/install/ur_interfaces' for CMake module files
[2.743s] Level 1:colcon.colcon_core.environment:checking '/home/darsh/UR_GRIPPER/install/ur_interfaces' for CMake config files
[2.756s] Level 1:colcon.colcon_core.shell:create_environment_hook('ur_interfaces', 'cmake_prefix_path')
[2.756s] INFO:colcon.colcon_core.shell:Creating environment hook '/home/darsh/UR_GRIPPER/install/ur_interfaces/share/ur_interfaces/hook/cmake_prefix_path.ps1'
[2.761s] INFO:colcon.colcon_core.shell:Creating environment descriptor '/home/darsh/UR_GRIPPER/install/ur_interfaces/share/ur_interfaces/hook/cmake_prefix_path.dsv'
[2.763s] INFO:colcon.colcon_core.shell:Creating environment hook '/home/darsh/UR_GRIPPER/install/ur_interfaces/share/ur_interfaces/hook/cmake_prefix_path.sh'
[2.767s] Level 1:colcon.colcon_core.environment:checking '/home/darsh/UR_GRIPPER/install/ur_interfaces/bin'
[2.767s] Level 1:colcon.colcon_core.environment:checking '/home/darsh/UR_GRIPPER/install/ur_interfaces/lib/pkgconfig/ur_interfaces.pc'
[2.769s] Level 1:colcon.colcon_core.environment:checking '/home/darsh/UR_GRIPPER/install/ur_interfaces/lib/python3.12/site-packages'
[2.769s] Level 1:colcon.colcon_core.environment:checking '/home/darsh/UR_GRIPPER/install/ur_interfaces/bin'
[2.770s] INFO:colcon.colcon_core.shell:Creating package script '/home/darsh/UR_GRIPPER/install/ur_interfaces/share/ur_interfaces/package.ps1'
[2.775s] INFO:colcon.colcon_core.shell:Creating package descriptor '/home/darsh/UR_GRIPPER/install/ur_interfaces/share/ur_interfaces/package.dsv'
[2.778s] INFO:colcon.colcon_core.shell:Creating package script '/home/darsh/UR_GRIPPER/install/ur_interfaces/share/ur_interfaces/package.sh'
[2.780s] INFO:colcon.colcon_core.shell:Creating package script '/home/darsh/UR_GRIPPER/install/ur_interfaces/share/ur_interfaces/package.bash'
[2.782s] INFO:colcon.colcon_core.shell:Creating package script '/home/darsh/UR_GRIPPER/install/ur_interfaces/share/ur_interfaces/package.zsh'
[2.791s] Level 1:colcon.colcon_core.environment:create_file_with_runtime_dependencies(/home/darsh/UR_GRIPPER/install/ur_interfaces/share/colcon-core/packages/ur_interfaces)
[2.791s] DEBUG:colcon.colcon_core.event_handler.log_command:Invoked command in '/home/darsh/UR_GRIPPER/build/ur_interfaces' returned '0': CMAKE_PREFIX_PATH=${CMAKE_PREFIX_PATH}:/opt/ros/jazzy /usr/bin/cmake --install /home/darsh/UR_GRIPPER/build/ur_interfaces
[2.793s] Level 1:colcon.colcon_core.environment:create_environment_scripts_only(ur_interfaces)
[2.794s] Level 1:colcon.colcon_core.environment:checking '/home/darsh/UR_GRIPPER/install/ur_interfaces' for CMake module files
[2.796s] Level 1:colcon.colcon_core.environment:checking '/home/darsh/UR_GRIPPER/install/ur_interfaces' for CMake config files
[2.807s] Level 1:colcon.colcon_core.shell:create_environment_hook('ur_interfaces', 'cmake_prefix_path')
[2.808s] INFO:colcon.colcon_core.shell:Creating environment hook '/home/darsh/UR_GRIPPER/install/ur_interfaces/share/ur_interfaces/hook/cmake_prefix_path.ps1'
[2.810s] INFO:colcon.colcon_core.shell:Creating environment descriptor '/home/darsh/UR_GRIPPER/install/ur_interfaces/share/ur_interfaces/hook/cmake_prefix_path.dsv'
[2.814s] INFO:colcon.colcon_core.shell:Creating environment hook '/home/darsh/UR_GRIPPER/install/ur_interfaces/share/ur_interfaces/hook/cmake_prefix_path.sh'
[2.818s] Level 1:colcon.colcon_core.environment:checking '/home/darsh/UR_GRIPPER/install/ur_interfaces/bin'
[2.818s] Level 1:colcon.colcon_core.environment:checking '/home/darsh/UR_GRIPPER/install/ur_interfaces/lib/pkgconfig/ur_interfaces.pc'
[2.819s] Level 1:colcon.colcon_core.environment:checking '/home/darsh/UR_GRIPPER/install/ur_interfaces/lib/python3.12/site-packages'
[2.820s] Level 1:colcon.colcon_core.environment:checking '/home/darsh/UR_GRIPPER/install/ur_interfaces/bin'
[2.821s] INFO:colcon.colcon_core.shell:Creating package script '/home/darsh/UR_GRIPPER/install/ur_interfaces/share/ur_interfaces/package.ps1'
[2.822s] INFO:colcon.colcon_core.shell:Creating package descriptor '/home/darsh/UR_GRIPPER/install/ur_interfaces/share/ur_interfaces/package.dsv'
[2.828s] INFO:colcon.colcon_core.shell:Creating package script '/home/darsh/UR_GRIPPER/install/ur_interfaces/share/ur_interfaces/package.sh'
[2.831s] INFO:colcon.colcon_core.shell:Creating package script '/home/darsh/UR_GRIPPER/install/ur_interfaces/share/ur_interfaces/package.bash'
[2.835s] INFO:colcon.colcon_core.shell:Creating package script '/home/darsh/UR_GRIPPER/install/ur_interfaces/share/ur_interfaces/package.zsh'
[2.841s] Level 1:colcon.colcon_core.environment:create_file_with_runtime_dependencies(/home/darsh/UR_GRIPPER/install/ur_interfaces/share/colcon-core/packages/ur_interfaces)
[2.862s] Level 1:colcon.colcon_core.environment:create_environment_scripts_only(robotiq_description)
[2.862s] Level 1:colcon.colcon_core.environment:checking '/home/darsh/UR_GRIPPER/install/robotiq_description' for CMake module files
[2.866s] Level 1:colcon.colcon_core.environment:checking '/home/darsh/UR_GRIPPER/install/robotiq_description' for CMake config files
[2.908s] Level 1:colcon.colcon_core.shell:create_environment_hook('robotiq_description', 'cmake_prefix_path')
[2.908s] INFO:colcon.colcon_core.shell:Creating environment hook '/home/darsh/UR_GRIPPER/install/robotiq_description/share/robotiq_description/hook/cmake_prefix_path.ps1'
[2.910s] INFO:colcon.colcon_core.shell:Creating environment descriptor '/home/darsh/UR_GRIPPER/install/robotiq_description/share/robotiq_description/hook/cmake_prefix_path.dsv'
[2.911s] INFO:colcon.colcon_core.shell:Creating environment hook '/home/darsh/UR_GRIPPER/install/robotiq_description/share/robotiq_description/hook/cmake_prefix_path.sh'
[2.920s] Level 1:colcon.colcon_core.environment:checking '/home/darsh/UR_GRIPPER/install/robotiq_description/bin'
[2.921s] Level 1:colcon.colcon_core.environment:checking '/home/darsh/UR_GRIPPER/install/robotiq_description/lib/pkgconfig/robotiq_description.pc'
[2.921s] Level 1:colcon.colcon_core.environment:checking '/home/darsh/UR_GRIPPER/install/robotiq_description/lib/python3.12/site-packages'
[2.922s] Level 1:colcon.colcon_core.environment:checking '/home/darsh/UR_GRIPPER/install/robotiq_description/bin'
[2.923s] INFO:colcon.colcon_core.shell:Creating package script '/home/darsh/UR_GRIPPER/install/robotiq_description/share/robotiq_description/package.ps1'
[2.925s] INFO:colcon.colcon_core.shell:Creating package descriptor '/home/darsh/UR_GRIPPER/install/robotiq_description/share/robotiq_description/package.dsv'
[2.930s] INFO:colcon.colcon_core.shell:Creating package script '/home/darsh/UR_GRIPPER/install/robotiq_description/share/robotiq_description/package.sh'
[2.931s] INFO:colcon.colcon_core.shell:Creating package script '/home/darsh/UR_GRIPPER/install/robotiq_description/share/robotiq_description/package.bash'
[2.935s] INFO:colcon.colcon_core.shell:Creating package script '/home/darsh/UR_GRIPPER/install/robotiq_description/share/robotiq_description/package.zsh'
[2.938s] Level 1:colcon.colcon_core.environment:create_file_with_runtime_dependencies(/home/darsh/UR_GRIPPER/install/robotiq_description/share/colcon-core/packages/robotiq_description)
[2.942s] Level 1:colcon.colcon_core.environment:create_environment_scripts_only(robotiq_description)
[2.943s] Level 1:colcon.colcon_core.environment:checking '/home/darsh/UR_GRIPPER/install/robotiq_description' for CMake module files
[2.948s] Level 1:colcon.colcon_core.environment:checking '/home/darsh/UR_GRIPPER/install/robotiq_description' for CMake config files
[2.969s] Level 1:colcon.colcon_core.shell:create_environment_hook('robotiq_description', 'cmake_prefix_path')
[2.970s] INFO:colcon.colcon_core.shell:Creating environment hook '/home/darsh/UR_GRIPPER/install/robotiq_description/share/robotiq_description/hook/cmake_prefix_path.ps1'
[2.971s] INFO:colcon.colcon_core.shell:Creating environment descriptor '/home/darsh/UR_GRIPPER/install/robotiq_description/share/robotiq_description/hook/cmake_prefix_path.dsv'
[2.977s] INFO:colcon.colcon_core.shell:Creating environment hook '/home/darsh/UR_GRIPPER/install/robotiq_description/share/robotiq_description/hook/cmake_prefix_path.sh'
[2.980s] Level 1:colcon.colcon_core.environment:checking '/home/darsh/UR_GRIPPER/install/robotiq_description/bin'
[2.980s] Level 1:colcon.colcon_core.environment:checking '/home/darsh/UR_GRIPPER/install/robotiq_description/lib/pkgconfig/robotiq_description.pc'
[2.981s] Level 1:colcon.colcon_core.environment:checking '/home/darsh/UR_GRIPPER/install/robotiq_description/lib/python3.12/site-packages'
[2.981s] Level 1:colcon.colcon_core.environment:checking '/home/darsh/UR_GRIPPER/install/robotiq_description/bin'
[2.982s] INFO:colcon.colcon_core.shell:Creating package script '/home/darsh/UR_GRIPPER/install/robotiq_description/share/robotiq_description/package.ps1'
[2.987s] INFO:colcon.colcon_core.shell:Creating package descriptor '/home/darsh/UR_GRIPPER/install/robotiq_description/share/robotiq_description/package.dsv'
[2.989s] INFO:colcon.colcon_core.shell:Creating package script '/home/darsh/UR_GRIPPER/install/robotiq_description/share/robotiq_description/package.sh'
[2.991s] INFO:colcon.colcon_core.shell:Creating package script '/home/darsh/UR_GRIPPER/install/robotiq_description/share/robotiq_description/package.bash'
[2.995s] INFO:colcon.colcon_core.shell:Creating package script '/home/darsh/UR_GRIPPER/install/robotiq_description/share/robotiq_description/package.zsh'
[2.999s] Level 1:colcon.colcon_core.environment:create_file_with_runtime_dependencies(/home/darsh/UR_GRIPPER/install/robotiq_description/share/colcon-core/packages/robotiq_description)
[3.001s] Level 1:colcon.colcon_core.environment:create_environment_scripts_only(ur_description)
[3.001s] Level 1:colcon.colcon_core.environment:checking '/home/darsh/UR_GRIPPER/install/ur_description' for CMake module files
[3.010s] Level 1:colcon.colcon_core.environment:checking '/home/darsh/UR_GRIPPER/install/ur_description' for CMake config files
[3.033s] DEBUG:colcon.colcon_core.event_handler.log_command:Invoked command in '/home/darsh/UR_GRIPPER/build/ur_system_tests' returned '0': CMAKE_PREFIX_PATH=${CMAKE_PREFIX_PATH}:/opt/ros/jazzy /usr/bin/cmake --build /home/darsh/UR_GRIPPER/build/ur_system_tests -- -j16 -l16
[3.034s] DEBUG:colcon.colcon_core.event_handler.log_command:Invoking command in '/home/darsh/UR_GRIPPER/build/ur_system_tests': CMAKE_PREFIX_PATH=${CMAKE_PREFIX_PATH}:/opt/ros/jazzy /usr/bin/cmake --install /home/darsh/UR_GRIPPER/build/ur_system_tests
[3.034s] DEBUG:colcon.colcon_core.event_handler.log_command:Invoked command in '/home/darsh/UR_GRIPPER/build/robotiq_description' returned '0': CMAKE_PREFIX_PATH=${CMAKE_PREFIX_PATH}:/opt/ros/jazzy /usr/bin/cmake --install /home/darsh/UR_GRIPPER/build/robotiq_description
[3.038s] DEBUG:colcon.colcon_core.event_handler.log_command:Invoked command in '/home/darsh/UR_GRIPPER/build/ur_description' returned '0': CMAKE_PREFIX_PATH=${CMAKE_PREFIX_PATH}:/opt/ros/jazzy /usr/bin/cmake --install /home/darsh/UR_GRIPPER/build/ur_description
[3.045s] Level 1:colcon.colcon_core.shell:create_environment_hook('ur_description', 'cmake_prefix_path')
[3.045s] INFO:colcon.colcon_core.shell:Creating environment hook '/home/darsh/UR_GRIPPER/install/ur_description/share/ur_description/hook/cmake_prefix_path.ps1'
[3.046s] INFO:colcon.colcon_core.shell:Creating environment descriptor '/home/darsh/UR_GRIPPER/install/ur_description/share/ur_description/hook/cmake_prefix_path.dsv'
[3.046s] INFO:colcon.colcon_core.shell:Creating environment hook '/home/darsh/UR_GRIPPER/install/ur_description/share/ur_description/hook/cmake_prefix_path.sh'
[3.046s] Level 1:colcon.colcon_core.environment:checking '/home/darsh/UR_GRIPPER/install/ur_description/bin'
[3.047s] Level 1:colcon.colcon_core.environment:checking '/home/darsh/UR_GRIPPER/install/ur_description/lib/pkgconfig/ur_description.pc'
[3.047s] Level 1:colcon.colcon_core.environment:checking '/home/darsh/UR_GRIPPER/install/ur_description/lib/python3.12/site-packages'
[3.047s] Level 1:colcon.colcon_core.environment:checking '/home/darsh/UR_GRIPPER/install/ur_description/bin'
[3.047s] INFO:colcon.colcon_core.shell:Creating package script '/home/darsh/UR_GRIPPER/install/ur_description/share/ur_description/package.ps1'
[3.048s] INFO:colcon.colcon_core.shell:Creating package descriptor '/home/darsh/UR_GRIPPER/install/ur_description/share/ur_description/package.dsv'
[3.048s] INFO:colcon.colcon_core.shell:Creating package script '/home/darsh/UR_GRIPPER/install/ur_description/share/ur_description/package.sh'
[3.049s] INFO:colcon.colcon_core.shell:Creating package script '/home/darsh/UR_GRIPPER/install/ur_description/share/ur_description/package.bash'
[3.049s] INFO:colcon.colcon_core.shell:Creating package script '/home/darsh/UR_GRIPPER/install/ur_description/share/ur_description/package.zsh'
[3.049s] Level 1:colcon.colcon_core.environment:create_file_with_runtime_dependencies(/home/darsh/UR_GRIPPER/install/ur_description/share/colcon-core/packages/ur_description)
[3.050s] Level 1:colcon.colcon_core.environment:create_environment_scripts_only(ur_description)
[3.050s] Level 1:colcon.colcon_core.environment:checking '/home/darsh/UR_GRIPPER/install/ur_description' for CMake module files
[3.051s] Level 1:colcon.colcon_core.environment:checking '/home/darsh/UR_GRIPPER/install/ur_description' for CMake config files
[3.051s] Level 1:colcon.colcon_core.shell:create_environment_hook('ur_description', 'cmake_prefix_path')
[3.051s] INFO:colcon.colcon_core.shell:Creating environment hook '/home/darsh/UR_GRIPPER/install/ur_description/share/ur_description/hook/cmake_prefix_path.ps1'
[3.052s] INFO:colcon.colcon_core.shell:Creating environment descriptor '/home/darsh/UR_GRIPPER/install/ur_description/share/ur_description/hook/cmake_prefix_path.dsv'
[3.052s] INFO:colcon.colcon_core.shell:Creating environment hook '/home/darsh/UR_GRIPPER/install/ur_description/share/ur_description/hook/cmake_prefix_path.sh'
[3.053s] Level 1:colcon.colcon_core.environment:checking '/home/darsh/UR_GRIPPER/install/ur_description/bin'
[3.053s] Level 1:colcon.colcon_core.environment:checking '/home/darsh/UR_GRIPPER/install/ur_description/lib/pkgconfig/ur_description.pc'
[3.053s] Level 1:colcon.colcon_core.environment:checking '/home/darsh/UR_GRIPPER/install/ur_description/lib/python3.12/site-packages'
[3.053s] Level 1:colcon.colcon_core.environment:checking '/home/darsh/UR_GRIPPER/install/ur_description/bin'
[3.054s] INFO:colcon.colcon_core.shell:Creating package script '/home/darsh/UR_GRIPPER/install/ur_description/share/ur_description/package.ps1'
[3.054s] INFO:colcon.colcon_core.shell:Creating package descriptor '/home/darsh/UR_GRIPPER/install/ur_description/share/ur_description/package.dsv'
[3.054s] INFO:colcon.colcon_core.shell:Creating package script '/home/darsh/UR_GRIPPER/install/ur_description/share/ur_description/package.sh'
[3.055s] INFO:colcon.colcon_core.shell:Creating package script '/home/darsh/UR_GRIPPER/install/ur_description/share/ur_description/package.bash'
[3.055s] INFO:colcon.colcon_core.shell:Creating package script '/home/darsh/UR_GRIPPER/install/ur_description/share/ur_description/package.zsh'
[3.056s] Level 1:colcon.colcon_core.environment:create_file_with_runtime_dependencies(/home/darsh/UR_GRIPPER/install/ur_description/share/colcon-core/packages/ur_description)
[3.056s] Level 1:colcon.colcon_core.environment:create_environment_scripts_only(ur_gazebo)
[3.056s] Level 1:colcon.colcon_core.environment:checking '/home/darsh/UR_GRIPPER/install/ur_gazebo' for CMake module files
[3.058s] DEBUG:colcon.colcon_core.event_handler.log_command:Invoked command in '/home/darsh/UR_GRIPPER/build/ur_gazebo' returned '0': CMAKE_PREFIX_PATH=${CMAKE_PREFIX_PATH}:/opt/ros/jazzy /usr/bin/cmake --install /home/darsh/UR_GRIPPER/build/ur_gazebo
[3.058s] Level 1:colcon.colcon_core.environment:checking '/home/darsh/UR_GRIPPER/install/ur_gazebo' for CMake config files
[3.060s] Level 1:colcon.colcon_core.shell:create_environment_hook('ur_gazebo', 'cmake_prefix_path')
[3.060s] INFO:colcon.colcon_core.shell:Creating environment hook '/home/darsh/UR_GRIPPER/install/ur_gazebo/share/ur_gazebo/hook/cmake_prefix_path.ps1'
[3.060s] INFO:colcon.colcon_core.shell:Creating environment descriptor '/home/darsh/UR_GRIPPER/install/ur_gazebo/share/ur_gazebo/hook/cmake_prefix_path.dsv'
[3.061s] INFO:colcon.colcon_core.shell:Creating environment hook '/home/darsh/UR_GRIPPER/install/ur_gazebo/share/ur_gazebo/hook/cmake_prefix_path.sh'
[3.061s] Level 1:colcon.colcon_core.environment:checking '/home/darsh/UR_GRIPPER/install/ur_gazebo/bin'
[3.061s] Level 1:colcon.colcon_core.environment:checking '/home/darsh/UR_GRIPPER/install/ur_gazebo/lib/pkgconfig/ur_gazebo.pc'
[3.062s] Level 1:colcon.colcon_core.environment:checking '/home/darsh/UR_GRIPPER/install/ur_gazebo/lib/python3.12/site-packages'
[3.062s] Level 1:colcon.colcon_core.environment:checking '/home/darsh/UR_GRIPPER/install/ur_gazebo/bin'
[3.062s] INFO:colcon.colcon_core.shell:Creating package script '/home/darsh/UR_GRIPPER/install/ur_gazebo/share/ur_gazebo/package.ps1'
[3.062s] INFO:colcon.colcon_core.shell:Creating package descriptor '/home/darsh/UR_GRIPPER/install/ur_gazebo/share/ur_gazebo/package.dsv'
[3.063s] INFO:colcon.colcon_core.shell:Creating package script '/home/darsh/UR_GRIPPER/install/ur_gazebo/share/ur_gazebo/package.sh'
[3.063s] INFO:colcon.colcon_core.shell:Creating package script '/home/darsh/UR_GRIPPER/install/ur_gazebo/share/ur_gazebo/package.bash'
[3.064s] INFO:colcon.colcon_core.shell:Creating package script '/home/darsh/UR_GRIPPER/install/ur_gazebo/share/ur_gazebo/package.zsh'
[3.064s] Level 1:colcon.colcon_core.environment:create_file_with_runtime_dependencies(/home/darsh/UR_GRIPPER/install/ur_gazebo/share/colcon-core/packages/ur_gazebo)
[3.064s] Level 1:colcon.colcon_core.environment:create_environment_scripts_only(ur_gazebo)
[3.064s] Level 1:colcon.colcon_core.environment:checking '/home/darsh/UR_GRIPPER/install/ur_gazebo' for CMake module files
[3.065s] Level 1:colcon.colcon_core.environment:checking '/home/darsh/UR_GRIPPER/install/ur_gazebo' for CMake config files
[3.065s] Level 1:colcon.colcon_core.shell:create_environment_hook('ur_gazebo', 'cmake_prefix_path')
[3.065s] INFO:colcon.colcon_core.shell:Creating environment hook '/home/darsh/UR_GRIPPER/install/ur_gazebo/share/ur_gazebo/hook/cmake_prefix_path.ps1'
[3.066s] INFO:colcon.colcon_core.shell:Creating environment descriptor '/home/darsh/UR_GRIPPER/install/ur_gazebo/share/ur_gazebo/hook/cmake_prefix_path.dsv'
[3.066s] INFO:colcon.colcon_core.shell:Creating environment hook '/home/darsh/UR_GRIPPER/install/ur_gazebo/share/ur_gazebo/hook/cmake_prefix_path.sh'
[3.067s] Level 1:colcon.colcon_core.environment:checking '/home/darsh/UR_GRIPPER/install/ur_gazebo/bin'
[3.067s] Level 1:colcon.colcon_core.environment:checking '/home/darsh/UR_GRIPPER/install/ur_gazebo/lib/pkgconfig/ur_gazebo.pc'
[3.067s] Level 1:colcon.colcon_core.environment:checking '/home/darsh/UR_GRIPPER/install/ur_gazebo/lib/python3.12/site-packages'
[3.067s] Level 1:colcon.colcon_core.environment:checking '/home/darsh/UR_GRIPPER/install/ur_gazebo/bin'
[3.067s] INFO:colcon.colcon_core.shell:Creating package script '/home/darsh/UR_GRIPPER/install/ur_gazebo/share/ur_gazebo/package.ps1'
[3.068s] INFO:colcon.colcon_core.shell:Creating package descriptor '/home/darsh/UR_GRIPPER/install/ur_gazebo/share/ur_gazebo/package.dsv'
[3.068s] INFO:colcon.colcon_core.shell:Creating package script '/home/darsh/UR_GRIPPER/install/ur_gazebo/share/ur_gazebo/package.sh'
[3.069s] INFO:colcon.colcon_core.shell:Creating package script '/home/darsh/UR_GRIPPER/install/ur_gazebo/share/ur_gazebo/package.bash'
[3.069s] INFO:colcon.colcon_core.shell:Creating package script '/home/darsh/UR_GRIPPER/install/ur_gazebo/share/ur_gazebo/package.zsh'
[3.069s] Level 1:colcon.colcon_core.environment:create_file_with_runtime_dependencies(/home/darsh/UR_GRIPPER/install/ur_gazebo/share/colcon-core/packages/ur_gazebo)
[3.071s] Level 1:colcon.colcon_core.environment:create_environment_scripts_only(ur_system_tests)
[3.072s] Level 1:colcon.colcon_core.environment:checking '/home/darsh/UR_GRIPPER/install/ur_system_tests' for CMake module files
[3.072s] DEBUG:colcon.colcon_core.event_handler.log_command:Invoked command in '/home/darsh/UR_GRIPPER/build/ur_system_tests' returned '0': CMAKE_PREFIX_PATH=${CMAKE_PREFIX_PATH}:/opt/ros/jazzy /usr/bin/cmake --install /home/darsh/UR_GRIPPER/build/ur_system_tests
[3.073s] Level 1:colcon.colcon_core.environment:checking '/home/darsh/UR_GRIPPER/install/ur_system_tests' for CMake config files
[3.076s] Level 1:colcon.colcon_core.shell:create_environment_hook('ur_system_tests', 'cmake_prefix_path')
[3.076s] INFO:colcon.colcon_core.shell:Creating environment hook '/home/darsh/UR_GRIPPER/install/ur_system_tests/share/ur_system_tests/hook/cmake_prefix_path.ps1'
[3.077s] INFO:colcon.colcon_core.shell:Creating environment descriptor '/home/darsh/UR_GRIPPER/install/ur_system_tests/share/ur_system_tests/hook/cmake_prefix_path.dsv'
[3.077s] INFO:colcon.colcon_core.shell:Creating environment hook '/home/darsh/UR_GRIPPER/install/ur_system_tests/share/ur_system_tests/hook/cmake_prefix_path.sh'
[3.078s] Level 1:colcon.colcon_core.environment:checking '/home/darsh/UR_GRIPPER/install/ur_system_tests/lib'
[3.078s] Level 1:colcon.colcon_core.environment:checking '/home/darsh/UR_GRIPPER/install/ur_system_tests/bin'
[3.078s] Level 1:colcon.colcon_core.environment:checking '/home/darsh/UR_GRIPPER/install/ur_system_tests/lib/pkgconfig/ur_system_tests.pc'
[3.079s] Level 1:colcon.colcon_core.environment:checking '/home/darsh/UR_GRIPPER/install/ur_system_tests/lib/python3.12/site-packages'
[3.079s] Level 1:colcon.colcon_core.environment:checking '/home/darsh/UR_GRIPPER/install/ur_system_tests/bin'
[3.079s] INFO:colcon.colcon_core.shell:Creating package script '/home/darsh/UR_GRIPPER/install/ur_system_tests/share/ur_system_tests/package.ps1'
[3.080s] INFO:colcon.colcon_core.shell:Creating package descriptor '/home/darsh/UR_GRIPPER/install/ur_system_tests/share/ur_system_tests/package.dsv'
[3.080s] INFO:colcon.colcon_core.shell:Creating package script '/home/darsh/UR_GRIPPER/install/ur_system_tests/share/ur_system_tests/package.sh'
[3.080s] INFO:colcon.colcon_core.shell:Creating package script '/home/darsh/UR_GRIPPER/install/ur_system_tests/share/ur_system_tests/package.bash'
[3.081s] INFO:colcon.colcon_core.shell:Creating package script '/home/darsh/UR_GRIPPER/install/ur_system_tests/share/ur_system_tests/package.zsh'
[3.081s] Level 1:colcon.colcon_core.environment:create_file_with_runtime_dependencies(/home/darsh/UR_GRIPPER/install/ur_system_tests/share/colcon-core/packages/ur_system_tests)
[3.082s] Level 1:colcon.colcon_core.environment:create_environment_scripts_only(ur_system_tests)
[3.082s] Level 1:colcon.colcon_core.environment:checking '/home/darsh/UR_GRIPPER/install/ur_system_tests' for CMake module files
[3.082s] Level 1:colcon.colcon_core.environment:checking '/home/darsh/UR_GRIPPER/install/ur_system_tests' for CMake config files
[3.082s] Level 1:colcon.colcon_core.shell:create_environment_hook('ur_system_tests', 'cmake_prefix_path')
[3.083s] INFO:colcon.colcon_core.shell:Creating environment hook '/home/darsh/UR_GRIPPER/install/ur_system_tests/share/ur_system_tests/hook/cmake_prefix_path.ps1'
[3.083s] INFO:colcon.colcon_core.shell:Creating environment descriptor '/home/darsh/UR_GRIPPER/install/ur_system_tests/share/ur_system_tests/hook/cmake_prefix_path.dsv'
[3.083s] INFO:colcon.colcon_core.shell:Creating environment hook '/home/darsh/UR_GRIPPER/install/ur_system_tests/share/ur_system_tests/hook/cmake_prefix_path.sh'
[3.084s] Level 1:colcon.colcon_core.environment:checking '/home/darsh/UR_GRIPPER/install/ur_system_tests/lib'
[3.084s] Level 1:colcon.colcon_core.environment:checking '/home/darsh/UR_GRIPPER/install/ur_system_tests/bin'
[3.084s] Level 1:colcon.colcon_core.environment:checking '/home/darsh/UR_GRIPPER/install/ur_system_tests/lib/pkgconfig/ur_system_tests.pc'
[3.084s] Level 1:colcon.colcon_core.environment:checking '/home/darsh/UR_GRIPPER/install/ur_system_tests/lib/python3.12/site-packages'
[3.085s] Level 1:colcon.colcon_core.environment:checking '/home/darsh/UR_GRIPPER/install/ur_system_tests/bin'
[3.085s] INFO:colcon.colcon_core.shell:Creating package script '/home/darsh/UR_GRIPPER/install/ur_system_tests/share/ur_system_tests/package.ps1'
[3.086s] INFO:colcon.colcon_core.shell:Creating package descriptor '/home/darsh/UR_GRIPPER/install/ur_system_tests/share/ur_system_tests/package.dsv'
[3.086s] INFO:colcon.colcon_core.shell:Creating package script '/home/darsh/UR_GRIPPER/install/ur_system_tests/share/ur_system_tests/package.sh'
[3.087s] INFO:colcon.colcon_core.shell:Creating package script '/home/darsh/UR_GRIPPER/install/ur_system_tests/share/ur_system_tests/package.bash'
[3.087s] INFO:colcon.colcon_core.shell:Creating package script '/home/darsh/UR_GRIPPER/install/ur_system_tests/share/ur_system_tests/package.zsh'
[3.087s] Level 1:colcon.colcon_core.environment:create_file_with_runtime_dependencies(/home/darsh/UR_GRIPPER/install/ur_system_tests/share/colcon-core/packages/ur_system_tests)
[3.088s] DEBUG:colcon.colcon_parallel_executor.executor.parallel:closing loop
[3.089s] DEBUG:colcon.colcon_parallel_executor.executor.parallel:loop closed
[3.089s] DEBUG:colcon.colcon_parallel_executor.executor.parallel:run_until_complete finished with '0'
[3.089s] DEBUG:colcon.colcon_core.event_reactor:joining thread
[3.129s] INFO:colcon.colcon_core.plugin_system:Skipping extension 'colcon_notification.desktop_notification.notify_send': Could not find 'notify-send'
[3.129s] INFO:colcon.colcon_core.plugin_system:Skipping extension 'colcon_notification.desktop_notification.terminal_notifier': Not used on non-Darwin systems
[3.129s] INFO:colcon.colcon_core.plugin_system:Skipping extension 'colcon_notification.desktop_notification.win32': Not used on non-Windows systems
[3.129s] INFO:colcon.colcon_notification.desktop_notification:Sending desktop notification using 'notify2'
[3.131s] DEBUG:colcon.colcon_notification.desktop_notification.notify2:Failed to initialize notify2: org.freedesktop.DBus.Error.ServiceUnknown: The name org.freedesktop.Notifications was not provided by any .service files
[3.131s] DEBUG:colcon.colcon_core.event_reactor:joined thread
[3.131s] INFO:colcon.colcon_core.shell:Creating prefix script '/home/darsh/UR_GRIPPER/install/local_setup.ps1'
[3.132s] INFO:colcon.colcon_core.shell:Creating prefix util module '/home/darsh/UR_GRIPPER/install/_local_setup_util_ps1.py'
[3.134s] INFO:colcon.colcon_core.shell:Creating prefix chain script '/home/darsh/UR_GRIPPER/install/setup.ps1'
[3.135s] INFO:colcon.colcon_core.shell:Creating prefix script '/home/darsh/UR_GRIPPER/install/local_setup.sh'
[3.135s] INFO:colcon.colcon_core.shell:Creating prefix util module '/home/darsh/UR_GRIPPER/install/_local_setup_util_sh.py'
[3.136s] INFO:colcon.colcon_core.shell:Creating prefix chain script '/home/darsh/UR_GRIPPER/install/setup.sh'
[3.137s] INFO:colcon.colcon_core.shell:Creating prefix script '/home/darsh/UR_GRIPPER/install/local_setup.bash'
[3.137s] INFO:colcon.colcon_core.shell:Creating prefix chain script '/home/darsh/UR_GRIPPER/install/setup.bash'
[3.138s] INFO:colcon.colcon_core.shell:Creating prefix script '/home/darsh/UR_GRIPPER/install/local_setup.zsh'
[3.139s] INFO:colcon.colcon_core.shell:Creating prefix chain script '/home/darsh/UR_GRIPPER/install/setup.zsh'
