[0.523s] DEBUG:colcon:Command line arguments: ['/usr/bin/colcon', 'build']
[0.523s] DEBUG:colcon:Parsed command line arguments: Namespace(log_base=None, log_level=None, verb_name='build', build_base='build', install_base='install', merge_install=False, symlink_install=False, test_result_base=None, continue_on_error=False, executor='parallel', parallel_workers=16, event_handlers=None, ignore_user_meta=False, metas=['./colcon.meta'], base_paths=['.'], packages_ignore=None, packages_ignore_regex=None, paths=None, packages_up_to=None, packages_up_to_regex=None, packages_above=None, packages_above_and_dependencies=None, packages_above_depth=None, packages_select_by_dep=None, packages_skip_by_dep=None, packages_skip_up_to=None, packages_select_build_failed=False, packages_skip_build_finished=False, packages_select_test_failures=False, packages_skip_test_passed=False, packages_select=None, packages_skip=None, packages_select_regex=None, packages_skip_regex=None, packages_start=None, packages_end=None, allow_overriding=[], cmake_args=None, cmake_target=None, cmake_target_skip_unavailable=False, cmake_clean_cache=False, cmake_clean_first=False, cmake_force_configure=False, ament_cmake_args=None, catkin_cmake_args=None, catkin_skip_building_tests=False, verb_parser=<colcon_defaults.argument_parser.defaults.DefaultArgumentsDecorator object at 0x7f5ebfe0ab70>, verb_extension=<colcon_core.verb.build.BuildVerb object at 0x7f5ebfdb09b0>, main=<bound method BuildVerb.main of <colcon_core.verb.build.BuildVerb object at 0x7f5ebfdb09b0>>)
[0.610s] Level 1:colcon.colcon_core.package_discovery:discover_packages(colcon_meta) check parameters
[0.610s] Level 1:colcon.colcon_core.package_discovery:discover_packages(recursive) check parameters
[0.611s] Level 1:colcon.colcon_core.package_discovery:discover_packages(ignore) check parameters
[0.611s] Level 1:colcon.colcon_core.package_discovery:discover_packages(path) check parameters
[0.611s] Level 1:colcon.colcon_core.package_discovery:discover_packages(colcon_meta) discover
[0.611s] Level 1:colcon.colcon_core.package_discovery:discover_packages(recursive) discover
[0.611s] INFO:colcon.colcon_core.package_discovery:Crawling recursively for packages in '/home/darsh/UR_GRIPPER'
[0.611s] Level 1:colcon.colcon_core.package_identification:_identify(.) by extensions ['ignore', 'ignore_ament_install']
[0.611s] Level 1:colcon.colcon_core.package_identification:_identify(.) by extension 'ignore'
[0.611s] Level 1:colcon.colcon_core.package_identification:_identify(.) by extension 'ignore_ament_install'
[0.611s] Level 1:colcon.colcon_core.package_identification:_identify(.) by extensions ['colcon_pkg']
[0.611s] Level 1:colcon.colcon_core.package_identification:_identify(.) by extension 'colcon_pkg'
[0.611s] Level 1:colcon.colcon_core.package_identification:_identify(.) by extensions ['colcon_meta']
[0.611s] Level 1:colcon.colcon_core.package_identification:_identify(.) by extension 'colcon_meta'
[0.611s] Level 1:colcon.colcon_core.package_identification:_identify(.) by extensions ['ros']
[0.611s] Level 1:colcon.colcon_core.package_identification:_identify(.) by extension 'ros'
[0.662s] Level 1:colcon.colcon_core.package_identification:_identify(.) by extensions ['cmake', 'python']
[0.662s] Level 1:colcon.colcon_core.package_identification:_identify(.) by extension 'cmake'
[0.663s] Level 1:colcon.colcon_core.package_identification:_identify(.) by extension 'python'
[0.663s] Level 1:colcon.colcon_core.package_identification:_identify(.) by extensions ['python_setup_py']
[0.663s] Level 1:colcon.colcon_core.package_identification:_identify(.) by extension 'python_setup_py'
[0.663s] Level 1:colcon.colcon_core.package_identification:_identify(build) by extensions ['ignore', 'ignore_ament_install']
[0.663s] Level 1:colcon.colcon_core.package_identification:_identify(build) by extension 'ignore'
[0.663s] Level 1:colcon.colcon_core.package_identification:_identify(build) ignored
[0.663s] Level 1:colcon.colcon_core.package_identification:_identify(images) by extensions ['ignore', 'ignore_ament_install']
[0.663s] Level 1:colcon.colcon_core.package_identification:_identify(images) by extension 'ignore'
[0.663s] Level 1:colcon.colcon_core.package_identification:_identify(images) by extension 'ignore_ament_install'
[0.663s] Level 1:colcon.colcon_core.package_identification:_identify(images) by extensions ['colcon_pkg']
[0.663s] Level 1:colcon.colcon_core.package_identification:_identify(images) by extension 'colcon_pkg'
[0.664s] Level 1:colcon.colcon_core.package_identification:_identify(images) by extensions ['colcon_meta']
[0.664s] Level 1:colcon.colcon_core.package_identification:_identify(images) by extension 'colcon_meta'
[0.664s] Level 1:colcon.colcon_core.package_identification:_identify(images) by extensions ['ros']
[0.664s] Level 1:colcon.colcon_core.package_identification:_identify(images) by extension 'ros'
[0.664s] Level 1:colcon.colcon_core.package_identification:_identify(images) by extensions ['cmake', 'python']
[0.664s] Level 1:colcon.colcon_core.package_identification:_identify(images) by extension 'cmake'
[0.664s] Level 1:colcon.colcon_core.package_identification:_identify(images) by extension 'python'
[0.664s] Level 1:colcon.colcon_core.package_identification:_identify(images) by extensions ['python_setup_py']
[0.664s] Level 1:colcon.colcon_core.package_identification:_identify(images) by extension 'python_setup_py'
[0.664s] Level 1:colcon.colcon_core.package_identification:_identify(install) by extensions ['ignore', 'ignore_ament_install']
[0.664s] Level 1:colcon.colcon_core.package_identification:_identify(install) by extension 'ignore'
[0.664s] Level 1:colcon.colcon_core.package_identification:_identify(install) ignored
[0.664s] Level 1:colcon.colcon_core.package_identification:_identify(log) by extensions ['ignore', 'ignore_ament_install']
[0.665s] Level 1:colcon.colcon_core.package_identification:_identify(log) by extension 'ignore'
[0.665s] Level 1:colcon.colcon_core.package_identification:_identify(log) ignored
[0.665s] Level 1:colcon.colcon_core.package_identification:_identify(src) by extensions ['ignore', 'ignore_ament_install']
[0.665s] Level 1:colcon.colcon_core.package_identification:_identify(src) by extension 'ignore'
[0.665s] Level 1:colcon.colcon_core.package_identification:_identify(src) by extension 'ignore_ament_install'
[0.665s] Level 1:colcon.colcon_core.package_identification:_identify(src) by extensions ['colcon_pkg']
[0.665s] Level 1:colcon.colcon_core.package_identification:_identify(src) by extension 'colcon_pkg'
[0.665s] Level 1:colcon.colcon_core.package_identification:_identify(src) by extensions ['colcon_meta']
[0.665s] Level 1:colcon.colcon_core.package_identification:_identify(src) by extension 'colcon_meta'
[0.665s] Level 1:colcon.colcon_core.package_identification:_identify(src) by extensions ['ros']
[0.665s] Level 1:colcon.colcon_core.package_identification:_identify(src) by extension 'ros'
[0.665s] Level 1:colcon.colcon_core.package_identification:_identify(src) by extensions ['cmake', 'python']
[0.665s] Level 1:colcon.colcon_core.package_identification:_identify(src) by extension 'cmake'
[0.665s] Level 1:colcon.colcon_core.package_identification:_identify(src) by extension 'python'
[0.665s] Level 1:colcon.colcon_core.package_identification:_identify(src) by extensions ['python_setup_py']
[0.665s] Level 1:colcon.colcon_core.package_identification:_identify(src) by extension 'python_setup_py'
[0.666s] Level 1:colcon.colcon_core.package_identification:_identify(src/moveit_config) by extensions ['ignore', 'ignore_ament_install']
[0.666s] Level 1:colcon.colcon_core.package_identification:_identify(src/moveit_config) by extension 'ignore'
[0.666s] Level 1:colcon.colcon_core.package_identification:_identify(src/moveit_config) by extension 'ignore_ament_install'
[0.666s] Level 1:colcon.colcon_core.package_identification:_identify(src/moveit_config) by extensions ['colcon_pkg']
[0.666s] Level 1:colcon.colcon_core.package_identification:_identify(src/moveit_config) by extension 'colcon_pkg'
[0.666s] Level 1:colcon.colcon_core.package_identification:_identify(src/moveit_config) by extensions ['colcon_meta']
[0.666s] Level 1:colcon.colcon_core.package_identification:_identify(src/moveit_config) by extension 'colcon_meta'
[0.666s] Level 1:colcon.colcon_core.package_identification:_identify(src/moveit_config) by extensions ['ros']
[0.666s] Level 1:colcon.colcon_core.package_identification:_identify(src/moveit_config) by extension 'ros'
[0.673s] DEBUG:colcon.colcon_core.package_identification:Package 'src/moveit_config' with type 'ros.ament_cmake' and name 'moveit_config'
[0.674s] Level 1:colcon.colcon_core.package_identification:_identify(src/robotiq_description) by extensions ['ignore', 'ignore_ament_install']
[0.674s] Level 1:colcon.colcon_core.package_identification:_identify(src/robotiq_description) by extension 'ignore'
[0.674s] Level 1:colcon.colcon_core.package_identification:_identify(src/robotiq_description) by extension 'ignore_ament_install'
[0.674s] Level 1:colcon.colcon_core.package_identification:_identify(src/robotiq_description) by extensions ['colcon_pkg']
[0.674s] Level 1:colcon.colcon_core.package_identification:_identify(src/robotiq_description) by extension 'colcon_pkg'
[0.674s] Level 1:colcon.colcon_core.package_identification:_identify(src/robotiq_description) by extensions ['colcon_meta']
[0.674s] Level 1:colcon.colcon_core.package_identification:_identify(src/robotiq_description) by extension 'colcon_meta'
[0.674s] Level 1:colcon.colcon_core.package_identification:_identify(src/robotiq_description) by extensions ['ros']
[0.675s] Level 1:colcon.colcon_core.package_identification:_identify(src/robotiq_description) by extension 'ros'
[0.676s] DEBUG:colcon.colcon_core.package_identification:Package 'src/robotiq_description' with type 'ros.ament_cmake' and name 'robotiq_description'
[0.677s] Level 1:colcon.colcon_core.package_identification:_identify(src/ur_description) by extensions ['ignore', 'ignore_ament_install']
[0.677s] Level 1:colcon.colcon_core.package_identification:_identify(src/ur_description) by extension 'ignore'
[0.677s] Level 1:colcon.colcon_core.package_identification:_identify(src/ur_description) by extension 'ignore_ament_install'
[0.677s] Level 1:colcon.colcon_core.package_identification:_identify(src/ur_description) by extensions ['colcon_pkg']
[0.677s] Level 1:colcon.colcon_core.package_identification:_identify(src/ur_description) by extension 'colcon_pkg'
[0.677s] Level 1:colcon.colcon_core.package_identification:_identify(src/ur_description) by extensions ['colcon_meta']
[0.677s] Level 1:colcon.colcon_core.package_identification:_identify(src/ur_description) by extension 'colcon_meta'
[0.677s] Level 1:colcon.colcon_core.package_identification:_identify(src/ur_description) by extensions ['ros']
[0.677s] Level 1:colcon.colcon_core.package_identification:_identify(src/ur_description) by extension 'ros'
[0.679s] DEBUG:colcon.colcon_core.package_identification:Package 'src/ur_description' with type 'ros.ament_cmake' and name 'ur_description'
[0.680s] Level 1:colcon.colcon_core.package_identification:_identify(src/ur_gazebo) by extensions ['ignore', 'ignore_ament_install']
[0.680s] Level 1:colcon.colcon_core.package_identification:_identify(src/ur_gazebo) by extension 'ignore'
[0.680s] Level 1:colcon.colcon_core.package_identification:_identify(src/ur_gazebo) by extension 'ignore_ament_install'
[0.680s] Level 1:colcon.colcon_core.package_identification:_identify(src/ur_gazebo) by extensions ['colcon_pkg']
[0.680s] Level 1:colcon.colcon_core.package_identification:_identify(src/ur_gazebo) by extension 'colcon_pkg'
[0.680s] Level 1:colcon.colcon_core.package_identification:_identify(src/ur_gazebo) by extensions ['colcon_meta']
[0.680s] Level 1:colcon.colcon_core.package_identification:_identify(src/ur_gazebo) by extension 'colcon_meta'
[0.680s] Level 1:colcon.colcon_core.package_identification:_identify(src/ur_gazebo) by extensions ['ros']
[0.680s] Level 1:colcon.colcon_core.package_identification:_identify(src/ur_gazebo) by extension 'ros'
[0.682s] DEBUG:colcon.colcon_core.package_identification:Package 'src/ur_gazebo' with type 'ros.ament_cmake' and name 'ur_gazebo'
[0.683s] Level 1:colcon.colcon_core.package_identification:_identify(src/ur_interfaces) by extensions ['ignore', 'ignore_ament_install']
[0.683s] Level 1:colcon.colcon_core.package_identification:_identify(src/ur_interfaces) by extension 'ignore'
[0.683s] Level 1:colcon.colcon_core.package_identification:_identify(src/ur_interfaces) by extension 'ignore_ament_install'
[0.683s] Level 1:colcon.colcon_core.package_identification:_identify(src/ur_interfaces) by extensions ['colcon_pkg']
[0.683s] Level 1:colcon.colcon_core.package_identification:_identify(src/ur_interfaces) by extension 'colcon_pkg'
[0.683s] Level 1:colcon.colcon_core.package_identification:_identify(src/ur_interfaces) by extensions ['colcon_meta']
[0.683s] Level 1:colcon.colcon_core.package_identification:_identify(src/ur_interfaces) by extension 'colcon_meta'
[0.683s] Level 1:colcon.colcon_core.package_identification:_identify(src/ur_interfaces) by extensions ['ros']
[0.683s] Level 1:colcon.colcon_core.package_identification:_identify(src/ur_interfaces) by extension 'ros'
[0.684s] DEBUG:colcon.colcon_core.package_identification:Package 'src/ur_interfaces' with type 'ros.ament_cmake' and name 'ur_interfaces'
[0.685s] Level 1:colcon.colcon_core.package_identification:_identify(src/ur_system_tests) by extensions ['ignore', 'ignore_ament_install']
[0.685s] Level 1:colcon.colcon_core.package_identification:_identify(src/ur_system_tests) by extension 'ignore'
[0.685s] Level 1:colcon.colcon_core.package_identification:_identify(src/ur_system_tests) by extension 'ignore_ament_install'
[0.685s] Level 1:colcon.colcon_core.package_identification:_identify(src/ur_system_tests) by extensions ['colcon_pkg']
[0.685s] Level 1:colcon.colcon_core.package_identification:_identify(src/ur_system_tests) by extension 'colcon_pkg'
[0.685s] Level 1:colcon.colcon_core.package_identification:_identify(src/ur_system_tests) by extensions ['colcon_meta']
[0.685s] Level 1:colcon.colcon_core.package_identification:_identify(src/ur_system_tests) by extension 'colcon_meta'
[0.685s] Level 1:colcon.colcon_core.package_identification:_identify(src/ur_system_tests) by extensions ['ros']
[0.686s] Level 1:colcon.colcon_core.package_identification:_identify(src/ur_system_tests) by extension 'ros'
[0.686s] DEBUG:colcon.colcon_core.package_identification:Package 'src/ur_system_tests' with type 'ros.ament_cmake' and name 'ur_system_tests'
[0.687s] Level 1:colcon.colcon_core.package_discovery:discover_packages(recursive) using defaults
[0.687s] Level 1:colcon.colcon_core.package_discovery:discover_packages(ignore) discover
[0.687s] Level 1:colcon.colcon_core.package_discovery:discover_packages(ignore) using defaults
[0.687s] Level 1:colcon.colcon_core.package_discovery:discover_packages(path) discover
[0.687s] Level 1:colcon.colcon_core.package_discovery:discover_packages(path) using defaults
[0.738s] Level 1:colcon.colcon_core.package_discovery:discover_packages(prefix_path) check parameters
[0.738s] Level 1:colcon.colcon_core.package_discovery:discover_packages(prefix_path) discover
[0.743s] WARNING:colcon.colcon_ros.prefix_path.ament:The path '/home/darsh/UR_GRIPPER/install/ur_system_tests' in the environment variable AMENT_PREFIX_PATH doesn't exist
[0.744s] WARNING:colcon.colcon_ros.prefix_path.catkin:The path '/home/darsh/UR_GRIPPER/install/ur_system_tests' in the environment variable CMAKE_PREFIX_PATH doesn't exist
[0.747s] DEBUG:colcon.colcon_installed_package_information.package_discovery:Found 4 installed packages in /home/darsh/UR_GRIPPER/install
[0.752s] DEBUG:colcon.colcon_installed_package_information.package_discovery:Found 432 installed packages in /opt/ros/jazzy
[0.754s] Level 1:colcon.colcon_core.package_discovery:discover_packages(prefix_path) using defaults
[0.940s] Level 5:colcon.colcon_core.verb:set package 'robotiq_description' build argument 'cmake_args' from command line to 'None'
[0.940s] Level 5:colcon.colcon_core.verb:set package 'robotiq_description' build argument 'cmake_target' from command line to 'None'
[0.940s] Level 5:colcon.colcon_core.verb:set package 'robotiq_description' build argument 'cmake_target_skip_unavailable' from command line to 'False'
[0.940s] Level 5:colcon.colcon_core.verb:set package 'robotiq_description' build argument 'cmake_clean_cache' from command line to 'False'
[0.940s] Level 5:colcon.colcon_core.verb:set package 'robotiq_description' build argument 'cmake_clean_first' from command line to 'False'
[0.940s] Level 5:colcon.colcon_core.verb:set package 'robotiq_description' build argument 'cmake_force_configure' from command line to 'False'
[0.941s] Level 5:colcon.colcon_core.verb:set package 'robotiq_description' build argument 'ament_cmake_args' from command line to 'None'
[0.941s] Level 5:colcon.colcon_core.verb:set package 'robotiq_description' build argument 'catkin_cmake_args' from command line to 'None'
[0.941s] Level 5:colcon.colcon_core.verb:set package 'robotiq_description' build argument 'catkin_skip_building_tests' from command line to 'False'
[0.941s] DEBUG:colcon.colcon_core.verb:Building package 'robotiq_description' with the following arguments: {'ament_cmake_args': None, 'build_base': '/home/darsh/UR_GRIPPER/build/robotiq_description', 'catkin_cmake_args': None, 'catkin_skip_building_tests': False, 'cmake_args': None, 'cmake_clean_cache': False, 'cmake_clean_first': False, 'cmake_force_configure': False, 'cmake_target': None, 'cmake_target_skip_unavailable': False, 'install_base': '/home/darsh/UR_GRIPPER/install/robotiq_description', 'merge_install': False, 'path': '/home/darsh/UR_GRIPPER/src/robotiq_description', 'symlink_install': False, 'test_result_base': None}
[0.941s] Level 5:colcon.colcon_core.verb:set package 'ur_description' build argument 'cmake_args' from command line to 'None'
[0.941s] Level 5:colcon.colcon_core.verb:set package 'ur_description' build argument 'cmake_target' from command line to 'None'
[0.941s] Level 5:colcon.colcon_core.verb:set package 'ur_description' build argument 'cmake_target_skip_unavailable' from command line to 'False'
[0.941s] Level 5:colcon.colcon_core.verb:set package 'ur_description' build argument 'cmake_clean_cache' from command line to 'False'
[0.941s] Level 5:colcon.colcon_core.verb:set package 'ur_description' build argument 'cmake_clean_first' from command line to 'False'
[0.941s] Level 5:colcon.colcon_core.verb:set package 'ur_description' build argument 'cmake_force_configure' from command line to 'False'
[0.941s] Level 5:colcon.colcon_core.verb:set package 'ur_description' build argument 'ament_cmake_args' from command line to 'None'
[0.941s] Level 5:colcon.colcon_core.verb:set package 'ur_description' build argument 'catkin_cmake_args' from command line to 'None'
[0.941s] Level 5:colcon.colcon_core.verb:set package 'ur_description' build argument 'catkin_skip_building_tests' from command line to 'False'
[0.941s] DEBUG:colcon.colcon_core.verb:Building package 'ur_description' with the following arguments: {'ament_cmake_args': None, 'build_base': '/home/darsh/UR_GRIPPER/build/ur_description', 'catkin_cmake_args': None, 'catkin_skip_building_tests': False, 'cmake_args': None, 'cmake_clean_cache': False, 'cmake_clean_first': False, 'cmake_force_configure': False, 'cmake_target': None, 'cmake_target_skip_unavailable': False, 'install_base': '/home/darsh/UR_GRIPPER/install/ur_description', 'merge_install': False, 'path': '/home/darsh/UR_GRIPPER/src/ur_description', 'symlink_install': False, 'test_result_base': None}
[0.941s] Level 5:colcon.colcon_core.verb:set package 'ur_gazebo' build argument 'cmake_args' from command line to 'None'
[0.942s] Level 5:colcon.colcon_core.verb:set package 'ur_gazebo' build argument 'cmake_target' from command line to 'None'
[0.942s] Level 5:colcon.colcon_core.verb:set package 'ur_gazebo' build argument 'cmake_target_skip_unavailable' from command line to 'False'
[0.942s] Level 5:colcon.colcon_core.verb:set package 'ur_gazebo' build argument 'cmake_clean_cache' from command line to 'False'
[0.942s] Level 5:colcon.colcon_core.verb:set package 'ur_gazebo' build argument 'cmake_clean_first' from command line to 'False'
[0.942s] Level 5:colcon.colcon_core.verb:set package 'ur_gazebo' build argument 'cmake_force_configure' from command line to 'False'
[0.942s] Level 5:colcon.colcon_core.verb:set package 'ur_gazebo' build argument 'ament_cmake_args' from command line to 'None'
[0.942s] Level 5:colcon.colcon_core.verb:set package 'ur_gazebo' build argument 'catkin_cmake_args' from command line to 'None'
[0.942s] Level 5:colcon.colcon_core.verb:set package 'ur_gazebo' build argument 'catkin_skip_building_tests' from command line to 'False'
[0.942s] DEBUG:colcon.colcon_core.verb:Building package 'ur_gazebo' with the following arguments: {'ament_cmake_args': None, 'build_base': '/home/darsh/UR_GRIPPER/build/ur_gazebo', 'catkin_cmake_args': None, 'catkin_skip_building_tests': False, 'cmake_args': None, 'cmake_clean_cache': False, 'cmake_clean_first': False, 'cmake_force_configure': False, 'cmake_target': None, 'cmake_target_skip_unavailable': False, 'install_base': '/home/darsh/UR_GRIPPER/install/ur_gazebo', 'merge_install': False, 'path': '/home/darsh/UR_GRIPPER/src/ur_gazebo', 'symlink_install': False, 'test_result_base': None}
[0.942s] Level 5:colcon.colcon_core.verb:set package 'ur_interfaces' build argument 'cmake_args' from command line to 'None'
[0.942s] Level 5:colcon.colcon_core.verb:set package 'ur_interfaces' build argument 'cmake_target' from command line to 'None'
[0.942s] Level 5:colcon.colcon_core.verb:set package 'ur_interfaces' build argument 'cmake_target_skip_unavailable' from command line to 'False'
[0.942s] Level 5:colcon.colcon_core.verb:set package 'ur_interfaces' build argument 'cmake_clean_cache' from command line to 'False'
[0.942s] Level 5:colcon.colcon_core.verb:set package 'ur_interfaces' build argument 'cmake_clean_first' from command line to 'False'
[0.942s] Level 5:colcon.colcon_core.verb:set package 'ur_interfaces' build argument 'cmake_force_configure' from command line to 'False'
[0.942s] Level 5:colcon.colcon_core.verb:set package 'ur_interfaces' build argument 'ament_cmake_args' from command line to 'None'
[0.942s] Level 5:colcon.colcon_core.verb:set package 'ur_interfaces' build argument 'catkin_cmake_args' from command line to 'None'
[0.942s] Level 5:colcon.colcon_core.verb:set package 'ur_interfaces' build argument 'catkin_skip_building_tests' from command line to 'False'
[0.942s] DEBUG:colcon.colcon_core.verb:Building package 'ur_interfaces' with the following arguments: {'ament_cmake_args': None, 'build_base': '/home/darsh/UR_GRIPPER/build/ur_interfaces', 'catkin_cmake_args': None, 'catkin_skip_building_tests': False, 'cmake_args': None, 'cmake_clean_cache': False, 'cmake_clean_first': False, 'cmake_force_configure': False, 'cmake_target': None, 'cmake_target_skip_unavailable': False, 'install_base': '/home/darsh/UR_GRIPPER/install/ur_interfaces', 'merge_install': False, 'path': '/home/darsh/UR_GRIPPER/src/ur_interfaces', 'symlink_install': False, 'test_result_base': None}
[0.943s] Level 5:colcon.colcon_core.verb:set package 'ur_system_tests' build argument 'cmake_args' from command line to 'None'
[0.943s] Level 5:colcon.colcon_core.verb:set package 'ur_system_tests' build argument 'cmake_target' from command line to 'None'
[0.943s] Level 5:colcon.colcon_core.verb:set package 'ur_system_tests' build argument 'cmake_target_skip_unavailable' from command line to 'False'
[0.943s] Level 5:colcon.colcon_core.verb:set package 'ur_system_tests' build argument 'cmake_clean_cache' from command line to 'False'
[0.943s] Level 5:colcon.colcon_core.verb:set package 'ur_system_tests' build argument 'cmake_clean_first' from command line to 'False'
[0.943s] Level 5:colcon.colcon_core.verb:set package 'ur_system_tests' build argument 'cmake_force_configure' from command line to 'False'
[0.943s] Level 5:colcon.colcon_core.verb:set package 'ur_system_tests' build argument 'ament_cmake_args' from command line to 'None'
[0.943s] Level 5:colcon.colcon_core.verb:set package 'ur_system_tests' build argument 'catkin_cmake_args' from command line to 'None'
[0.943s] Level 5:colcon.colcon_core.verb:set package 'ur_system_tests' build argument 'catkin_skip_building_tests' from command line to 'False'
[0.943s] DEBUG:colcon.colcon_core.verb:Building package 'ur_system_tests' with the following arguments: {'ament_cmake_args': None, 'build_base': '/home/darsh/UR_GRIPPER/build/ur_system_tests', 'catkin_cmake_args': None, 'catkin_skip_building_tests': False, 'cmake_args': None, 'cmake_clean_cache': False, 'cmake_clean_first': False, 'cmake_force_configure': False, 'cmake_target': None, 'cmake_target_skip_unavailable': False, 'install_base': '/home/darsh/UR_GRIPPER/install/ur_system_tests', 'merge_install': False, 'path': '/home/darsh/UR_GRIPPER/src/ur_system_tests', 'symlink_install': False, 'test_result_base': None}
[0.943s] Level 5:colcon.colcon_core.verb:set package 'moveit_config' build argument 'cmake_args' from command line to 'None'
[0.943s] Level 5:colcon.colcon_core.verb:set package 'moveit_config' build argument 'cmake_target' from command line to 'None'
[0.943s] Level 5:colcon.colcon_core.verb:set package 'moveit_config' build argument 'cmake_target_skip_unavailable' from command line to 'False'
[0.943s] Level 5:colcon.colcon_core.verb:set package 'moveit_config' build argument 'cmake_clean_cache' from command line to 'False'
[0.943s] Level 5:colcon.colcon_core.verb:set package 'moveit_config' build argument 'cmake_clean_first' from command line to 'False'
[0.943s] Level 5:colcon.colcon_core.verb:set package 'moveit_config' build argument 'cmake_force_configure' from command line to 'False'
[0.943s] Level 5:colcon.colcon_core.verb:set package 'moveit_config' build argument 'ament_cmake_args' from command line to 'None'
[0.943s] Level 5:colcon.colcon_core.verb:set package 'moveit_config' build argument 'catkin_cmake_args' from command line to 'None'
[0.943s] Level 5:colcon.colcon_core.verb:set package 'moveit_config' build argument 'catkin_skip_building_tests' from command line to 'False'
[0.943s] DEBUG:colcon.colcon_core.verb:Building package 'moveit_config' with the following arguments: {'ament_cmake_args': None, 'build_base': '/home/darsh/UR_GRIPPER/build/moveit_config', 'catkin_cmake_args': None, 'catkin_skip_building_tests': False, 'cmake_args': None, 'cmake_clean_cache': False, 'cmake_clean_first': False, 'cmake_force_configure': False, 'cmake_target': None, 'cmake_target_skip_unavailable': False, 'install_base': '/home/darsh/UR_GRIPPER/install/moveit_config', 'merge_install': False, 'path': '/home/darsh/UR_GRIPPER/src/moveit_config', 'symlink_install': False, 'test_result_base': None}
[0.944s] INFO:colcon.colcon_core.executor:Executing jobs using 'parallel' executor
[0.945s] DEBUG:colcon.colcon_parallel_executor.executor.parallel:run_until_complete
[0.945s] INFO:colcon.colcon_ros.task.ament_cmake.build:Building ROS package in '/home/darsh/UR_GRIPPER/src/ur_description' with build type 'ament_cmake'
[0.946s] INFO:colcon.colcon_cmake.task.cmake.build:Building CMake package in '/home/darsh/UR_GRIPPER/src/ur_description'
[0.954s] INFO:colcon.colcon_core.plugin_system:Skipping extension 'colcon_core.shell.bat': Not used on non-Windows systems
[0.955s] INFO:colcon.colcon_core.shell:Skip shell extension 'powershell' for command environment: Not usable outside of PowerShell
[0.955s] DEBUG:colcon.colcon_core.shell:Skip shell extension 'dsv' for command environment
[0.960s] INFO:colcon.colcon_ros.task.ament_cmake.build:Building ROS package in '/home/darsh/UR_GRIPPER/src/robotiq_description' with build type 'ament_cmake'
[0.960s] INFO:colcon.colcon_cmake.task.cmake.build:Building CMake package in '/home/darsh/UR_GRIPPER/src/robotiq_description'
[0.960s] INFO:colcon.colcon_core.shell:Skip shell extension 'powershell' for command environment: Not usable outside of PowerShell
[0.960s] DEBUG:colcon.colcon_core.shell:Skip shell extension 'dsv' for command environment
[0.964s] INFO:colcon.colcon_ros.task.ament_cmake.build:Building ROS package in '/home/darsh/UR_GRIPPER/src/ur_gazebo' with build type 'ament_cmake'
[0.964s] INFO:colcon.colcon_cmake.task.cmake.build:Building CMake package in '/home/darsh/UR_GRIPPER/src/ur_gazebo'
[0.965s] INFO:colcon.colcon_core.shell:Skip shell extension 'powershell' for command environment: Not usable outside of PowerShell
[0.965s] DEBUG:colcon.colcon_core.shell:Skip shell extension 'dsv' for command environment
[0.969s] INFO:colcon.colcon_ros.task.ament_cmake.build:Building ROS package in '/home/darsh/UR_GRIPPER/src/ur_interfaces' with build type 'ament_cmake'
[0.969s] INFO:colcon.colcon_cmake.task.cmake.build:Building CMake package in '/home/darsh/UR_GRIPPER/src/ur_interfaces'
[0.969s] INFO:colcon.colcon_core.shell:Skip shell extension 'powershell' for command environment: Not usable outside of PowerShell
[0.969s] DEBUG:colcon.colcon_core.shell:Skip shell extension 'dsv' for command environment
[0.973s] INFO:colcon.colcon_ros.task.ament_cmake.build:Building ROS package in '/home/darsh/UR_GRIPPER/src/ur_system_tests' with build type 'ament_cmake'
[0.973s] INFO:colcon.colcon_cmake.task.cmake.build:Building CMake package in '/home/darsh/UR_GRIPPER/src/ur_system_tests'
[0.973s] INFO:colcon.colcon_core.shell:Skip shell extension 'powershell' for command environment: Not usable outside of PowerShell
[0.974s] DEBUG:colcon.colcon_core.shell:Skip shell extension 'dsv' for command environment
[0.988s] DEBUG:colcon.colcon_core.event_handler.log_command:Invoking command in '/home/darsh/UR_GRIPPER/build/ur_description': CMAKE_PREFIX_PATH=${CMAKE_PREFIX_PATH}:/opt/ros/jazzy /usr/bin/cmake --build /home/darsh/UR_GRIPPER/build/ur_description -- -j16 -l16
[0.992s] DEBUG:colcon.colcon_core.event_handler.log_command:Invoking command in '/home/darsh/UR_GRIPPER/build/robotiq_description': CMAKE_PREFIX_PATH=${CMAKE_PREFIX_PATH}:/opt/ros/jazzy /usr/bin/cmake --build /home/darsh/UR_GRIPPER/build/robotiq_description -- -j16 -l16
[0.995s] DEBUG:colcon.colcon_core.event_handler.log_command:Invoking command in '/home/darsh/UR_GRIPPER/build/ur_gazebo': CMAKE_PREFIX_PATH=${CMAKE_PREFIX_PATH}:/opt/ros/jazzy /usr/bin/cmake --build /home/darsh/UR_GRIPPER/build/ur_gazebo -- -j16 -l16
[0.999s] DEBUG:colcon.colcon_core.event_handler.log_command:Invoking command in '/home/darsh/UR_GRIPPER/build/ur_interfaces': CMAKE_PREFIX_PATH=${CMAKE_PREFIX_PATH}:/opt/ros/jazzy /usr/bin/cmake --build /home/darsh/UR_GRIPPER/build/ur_interfaces -- -j16 -l16
[1.003s] DEBUG:colcon.colcon_core.event_handler.log_command:Invoking command in '/home/darsh/UR_GRIPPER/build/ur_system_tests': CMAKE_PREFIX_PATH=${CMAKE_PREFIX_PATH}:/opt/ros/jazzy /usr/bin/cmake --build /home/darsh/UR_GRIPPER/build/ur_system_tests -- -j16 -l16
[1.141s] DEBUG:colcon.colcon_core.event_handler.log_command:Invoked command in '/home/darsh/UR_GRIPPER/build/ur_interfaces' returned '0': CMAKE_PREFIX_PATH=${CMAKE_PREFIX_PATH}:/opt/ros/jazzy /usr/bin/cmake --build /home/darsh/UR_GRIPPER/build/ur_interfaces -- -j16 -l16
[1.156s] DEBUG:colcon.colcon_core.event_handler.log_command:Invoking command in '/home/darsh/UR_GRIPPER/build/ur_interfaces': CMAKE_PREFIX_PATH=${CMAKE_PREFIX_PATH}:/opt/ros/jazzy /usr/bin/cmake --install /home/darsh/UR_GRIPPER/build/ur_interfaces
[1.156s] DEBUG:colcon.colcon_core.event_handler.log_command:Invoked command in '/home/darsh/UR_GRIPPER/build/robotiq_description' returned '0': CMAKE_PREFIX_PATH=${CMAKE_PREFIX_PATH}:/opt/ros/jazzy /usr/bin/cmake --build /home/darsh/UR_GRIPPER/build/robotiq_description -- -j16 -l16
[1.158s] DEBUG:colcon.colcon_core.event_handler.log_command:Invoking command in '/home/darsh/UR_GRIPPER/build/robotiq_description': CMAKE_PREFIX_PATH=${CMAKE_PREFIX_PATH}:/opt/ros/jazzy /usr/bin/cmake --install /home/darsh/UR_GRIPPER/build/robotiq_description
[1.162s] DEBUG:colcon.colcon_core.event_handler.log_command:Invoked command in '/home/darsh/UR_GRIPPER/build/ur_gazebo' returned '0': CMAKE_PREFIX_PATH=${CMAKE_PREFIX_PATH}:/opt/ros/jazzy /usr/bin/cmake --build /home/darsh/UR_GRIPPER/build/ur_gazebo -- -j16 -l16
[1.164s] DEBUG:colcon.colcon_core.event_handler.log_command:Invoking command in '/home/darsh/UR_GRIPPER/build/ur_gazebo': CMAKE_PREFIX_PATH=${CMAKE_PREFIX_PATH}:/opt/ros/jazzy /usr/bin/cmake --install /home/darsh/UR_GRIPPER/build/ur_gazebo
[1.165s] DEBUG:colcon.colcon_core.event_handler.log_command:Invoked command in '/home/darsh/UR_GRIPPER/build/ur_description' returned '0': CMAKE_PREFIX_PATH=${CMAKE_PREFIX_PATH}:/opt/ros/jazzy /usr/bin/cmake --build /home/darsh/UR_GRIPPER/build/ur_description -- -j16 -l16
[1.176s] DEBUG:colcon.colcon_core.event_handler.log_command:Invoking command in '/home/darsh/UR_GRIPPER/build/ur_description': CMAKE_PREFIX_PATH=${CMAKE_PREFIX_PATH}:/opt/ros/jazzy /usr/bin/cmake --install /home/darsh/UR_GRIPPER/build/ur_description
[1.178s] Level 1:colcon.colcon_core.environment:create_environment_scripts_only(ur_interfaces)
[1.199s] DEBUG:colcon.colcon_core.event_handler.log_command:Invoked command in '/home/darsh/UR_GRIPPER/build/ur_interfaces' returned '0': CMAKE_PREFIX_PATH=${CMAKE_PREFIX_PATH}:/opt/ros/jazzy /usr/bin/cmake --install /home/darsh/UR_GRIPPER/build/ur_interfaces
[1.255s] Level 1:colcon.colcon_core.environment:checking '/home/darsh/UR_GRIPPER/install/ur_interfaces' for CMake module files
[1.261s] Level 1:colcon.colcon_core.environment:checking '/home/darsh/UR_GRIPPER/install/ur_interfaces' for CMake config files
[1.282s] Level 1:colcon.colcon_core.shell:create_environment_hook('ur_interfaces', 'cmake_prefix_path')
[1.282s] INFO:colcon.colcon_core.shell:Creating environment hook '/home/darsh/UR_GRIPPER/install/ur_interfaces/share/ur_interfaces/hook/cmake_prefix_path.ps1'
[1.288s] INFO:colcon.colcon_core.shell:Creating environment descriptor '/home/darsh/UR_GRIPPER/install/ur_interfaces/share/ur_interfaces/hook/cmake_prefix_path.dsv'
[1.290s] INFO:colcon.colcon_core.shell:Creating environment hook '/home/darsh/UR_GRIPPER/install/ur_interfaces/share/ur_interfaces/hook/cmake_prefix_path.sh'
[1.294s] Level 1:colcon.colcon_core.environment:checking '/home/darsh/UR_GRIPPER/install/ur_interfaces/bin'
[1.295s] Level 1:colcon.colcon_core.environment:checking '/home/darsh/UR_GRIPPER/install/ur_interfaces/lib/pkgconfig/ur_interfaces.pc'
[1.295s] Level 1:colcon.colcon_core.environment:checking '/home/darsh/UR_GRIPPER/install/ur_interfaces/lib/python3.12/site-packages'
[1.296s] Level 1:colcon.colcon_core.environment:checking '/home/darsh/UR_GRIPPER/install/ur_interfaces/bin'
[1.297s] INFO:colcon.colcon_core.shell:Creating package script '/home/darsh/UR_GRIPPER/install/ur_interfaces/share/ur_interfaces/package.ps1'
[1.299s] INFO:colcon.colcon_core.shell:Creating package descriptor '/home/darsh/UR_GRIPPER/install/ur_interfaces/share/ur_interfaces/package.dsv'
[1.301s] INFO:colcon.colcon_core.shell:Creating package script '/home/darsh/UR_GRIPPER/install/ur_interfaces/share/ur_interfaces/package.sh'
[1.303s] INFO:colcon.colcon_core.shell:Creating package script '/home/darsh/UR_GRIPPER/install/ur_interfaces/share/ur_interfaces/package.bash'
[1.306s] INFO:colcon.colcon_core.shell:Creating package script '/home/darsh/UR_GRIPPER/install/ur_interfaces/share/ur_interfaces/package.zsh'
[1.309s] Level 1:colcon.colcon_core.environment:create_file_with_runtime_dependencies(/home/darsh/UR_GRIPPER/install/ur_interfaces/share/colcon-core/packages/ur_interfaces)
[1.311s] Level 1:colcon.colcon_core.environment:create_environment_scripts_only(ur_interfaces)
[1.312s] Level 1:colcon.colcon_core.environment:checking '/home/darsh/UR_GRIPPER/install/ur_interfaces' for CMake module files
[1.315s] Level 1:colcon.colcon_core.environment:checking '/home/darsh/UR_GRIPPER/install/ur_interfaces' for CMake config files
[1.317s] Level 1:colcon.colcon_core.shell:create_environment_hook('ur_interfaces', 'cmake_prefix_path')
[1.318s] INFO:colcon.colcon_core.shell:Creating environment hook '/home/darsh/UR_GRIPPER/install/ur_interfaces/share/ur_interfaces/hook/cmake_prefix_path.ps1'
[1.319s] INFO:colcon.colcon_core.shell:Creating environment descriptor '/home/darsh/UR_GRIPPER/install/ur_interfaces/share/ur_interfaces/hook/cmake_prefix_path.dsv'
[1.323s] INFO:colcon.colcon_core.shell:Creating environment hook '/home/darsh/UR_GRIPPER/install/ur_interfaces/share/ur_interfaces/hook/cmake_prefix_path.sh'
[1.326s] Level 1:colcon.colcon_core.environment:checking '/home/darsh/UR_GRIPPER/install/ur_interfaces/bin'
[1.327s] Level 1:colcon.colcon_core.environment:checking '/home/darsh/UR_GRIPPER/install/ur_interfaces/lib/pkgconfig/ur_interfaces.pc'
[1.327s] Level 1:colcon.colcon_core.environment:checking '/home/darsh/UR_GRIPPER/install/ur_interfaces/lib/python3.12/site-packages'
[1.328s] Level 1:colcon.colcon_core.environment:checking '/home/darsh/UR_GRIPPER/install/ur_interfaces/bin'
[1.329s] INFO:colcon.colcon_core.shell:Creating package script '/home/darsh/UR_GRIPPER/install/ur_interfaces/share/ur_interfaces/package.ps1'
[1.332s] INFO:colcon.colcon_core.shell:Creating package descriptor '/home/darsh/UR_GRIPPER/install/ur_interfaces/share/ur_interfaces/package.dsv'
[1.334s] INFO:colcon.colcon_core.shell:Creating package script '/home/darsh/UR_GRIPPER/install/ur_interfaces/share/ur_interfaces/package.sh'
[1.338s] INFO:colcon.colcon_core.shell:Creating package script '/home/darsh/UR_GRIPPER/install/ur_interfaces/share/ur_interfaces/package.bash'
[1.340s] INFO:colcon.colcon_core.shell:Creating package script '/home/darsh/UR_GRIPPER/install/ur_interfaces/share/ur_interfaces/package.zsh'
[1.342s] Level 1:colcon.colcon_core.environment:create_file_with_runtime_dependencies(/home/darsh/UR_GRIPPER/install/ur_interfaces/share/colcon-core/packages/ur_interfaces)
[1.347s] Level 1:colcon.colcon_core.environment:create_environment_scripts_only(robotiq_description)
[1.348s] Level 1:colcon.colcon_core.environment:checking '/home/darsh/UR_GRIPPER/install/robotiq_description' for CMake module files
[1.354s] Level 1:colcon.colcon_core.environment:checking '/home/darsh/UR_GRIPPER/install/robotiq_description' for CMake config files
[1.367s] Level 1:colcon.colcon_core.shell:create_environment_hook('robotiq_description', 'cmake_prefix_path')
[1.368s] INFO:colcon.colcon_core.shell:Creating environment hook '/home/darsh/UR_GRIPPER/install/robotiq_description/share/robotiq_description/hook/cmake_prefix_path.ps1'
[1.370s] INFO:colcon.colcon_core.shell:Creating environment descriptor '/home/darsh/UR_GRIPPER/install/robotiq_description/share/robotiq_description/hook/cmake_prefix_path.dsv'
[1.372s] INFO:colcon.colcon_core.shell:Creating environment hook '/home/darsh/UR_GRIPPER/install/robotiq_description/share/robotiq_description/hook/cmake_prefix_path.sh'
[1.376s] Level 1:colcon.colcon_core.environment:checking '/home/darsh/UR_GRIPPER/install/robotiq_description/bin'
[1.378s] Level 1:colcon.colcon_core.environment:checking '/home/darsh/UR_GRIPPER/install/robotiq_description/lib/pkgconfig/robotiq_description.pc'
[1.382s] Level 1:colcon.colcon_core.environment:checking '/home/darsh/UR_GRIPPER/install/robotiq_description/lib/python3.12/site-packages'
[1.383s] Level 1:colcon.colcon_core.environment:checking '/home/darsh/UR_GRIPPER/install/robotiq_description/bin'
[1.384s] INFO:colcon.colcon_core.shell:Creating package script '/home/darsh/UR_GRIPPER/install/robotiq_description/share/robotiq_description/package.ps1'
[1.389s] INFO:colcon.colcon_core.shell:Creating package descriptor '/home/darsh/UR_GRIPPER/install/robotiq_description/share/robotiq_description/package.dsv'
[1.391s] INFO:colcon.colcon_core.shell:Creating package script '/home/darsh/UR_GRIPPER/install/robotiq_description/share/robotiq_description/package.sh'
[1.393s] INFO:colcon.colcon_core.shell:Creating package script '/home/darsh/UR_GRIPPER/install/robotiq_description/share/robotiq_description/package.bash'
[1.394s] INFO:colcon.colcon_core.shell:Creating package script '/home/darsh/UR_GRIPPER/install/robotiq_description/share/robotiq_description/package.zsh'
[1.395s] Level 1:colcon.colcon_core.environment:create_file_with_runtime_dependencies(/home/darsh/UR_GRIPPER/install/robotiq_description/share/colcon-core/packages/robotiq_description)
[1.398s] Level 1:colcon.colcon_core.environment:create_environment_scripts_only(robotiq_description)
[1.398s] Level 1:colcon.colcon_core.environment:checking '/home/darsh/UR_GRIPPER/install/robotiq_description' for CMake module files
[1.401s] Level 1:colcon.colcon_core.environment:checking '/home/darsh/UR_GRIPPER/install/robotiq_description' for CMake config files
[1.404s] Level 1:colcon.colcon_core.shell:create_environment_hook('robotiq_description', 'cmake_prefix_path')
[1.405s] INFO:colcon.colcon_core.shell:Creating environment hook '/home/darsh/UR_GRIPPER/install/robotiq_description/share/robotiq_description/hook/cmake_prefix_path.ps1'
[1.406s] INFO:colcon.colcon_core.shell:Creating environment descriptor '/home/darsh/UR_GRIPPER/install/robotiq_description/share/robotiq_description/hook/cmake_prefix_path.dsv'
[1.407s] INFO:colcon.colcon_core.shell:Creating environment hook '/home/darsh/UR_GRIPPER/install/robotiq_description/share/robotiq_description/hook/cmake_prefix_path.sh'
[1.409s] Level 1:colcon.colcon_core.environment:checking '/home/darsh/UR_GRIPPER/install/robotiq_description/bin'
[1.409s] Level 1:colcon.colcon_core.environment:checking '/home/darsh/UR_GRIPPER/install/robotiq_description/lib/pkgconfig/robotiq_description.pc'
[1.410s] Level 1:colcon.colcon_core.environment:checking '/home/darsh/UR_GRIPPER/install/robotiq_description/lib/python3.12/site-packages'
[1.410s] Level 1:colcon.colcon_core.environment:checking '/home/darsh/UR_GRIPPER/install/robotiq_description/bin'
[1.410s] INFO:colcon.colcon_core.shell:Creating package script '/home/darsh/UR_GRIPPER/install/robotiq_description/share/robotiq_description/package.ps1'
[1.411s] INFO:colcon.colcon_core.shell:Creating package descriptor '/home/darsh/UR_GRIPPER/install/robotiq_description/share/robotiq_description/package.dsv'
[1.412s] INFO:colcon.colcon_core.shell:Creating package script '/home/darsh/UR_GRIPPER/install/robotiq_description/share/robotiq_description/package.sh'
[1.413s] INFO:colcon.colcon_core.shell:Creating package script '/home/darsh/UR_GRIPPER/install/robotiq_description/share/robotiq_description/package.bash'
[1.414s] INFO:colcon.colcon_core.shell:Creating package script '/home/darsh/UR_GRIPPER/install/robotiq_description/share/robotiq_description/package.zsh'
[1.415s] Level 1:colcon.colcon_core.environment:create_file_with_runtime_dependencies(/home/darsh/UR_GRIPPER/install/robotiq_description/share/colcon-core/packages/robotiq_description)
[1.418s] Level 1:colcon.colcon_core.environment:create_environment_scripts_only(ur_description)
[1.419s] Level 1:colcon.colcon_core.environment:checking '/home/darsh/UR_GRIPPER/install/ur_description' for CMake module files
[1.421s] Level 1:colcon.colcon_core.environment:checking '/home/darsh/UR_GRIPPER/install/ur_description' for CMake config files
[1.539s] Level 1:colcon.colcon_core.shell:create_environment_hook('ur_description', 'cmake_prefix_path')
[1.539s] INFO:colcon.colcon_core.shell:Creating environment hook '/home/darsh/UR_GRIPPER/install/ur_description/share/ur_description/hook/cmake_prefix_path.ps1'
[1.542s] INFO:colcon.colcon_core.shell:Creating environment descriptor '/home/darsh/UR_GRIPPER/install/ur_description/share/ur_description/hook/cmake_prefix_path.dsv'
[1.545s] INFO:colcon.colcon_core.shell:Creating environment hook '/home/darsh/UR_GRIPPER/install/ur_description/share/ur_description/hook/cmake_prefix_path.sh'
[1.546s] Level 1:colcon.colcon_core.environment:checking '/home/darsh/UR_GRIPPER/install/ur_description/bin'
[1.546s] Level 1:colcon.colcon_core.environment:checking '/home/darsh/UR_GRIPPER/install/ur_description/lib/pkgconfig/ur_description.pc'
[1.546s] Level 1:colcon.colcon_core.environment:checking '/home/darsh/UR_GRIPPER/install/ur_description/lib/python3.12/site-packages'
[1.547s] Level 1:colcon.colcon_core.environment:checking '/home/darsh/UR_GRIPPER/install/ur_description/bin'
[1.547s] INFO:colcon.colcon_core.shell:Creating package script '/home/darsh/UR_GRIPPER/install/ur_description/share/ur_description/package.ps1'
[1.549s] INFO:colcon.colcon_core.shell:Creating package descriptor '/home/darsh/UR_GRIPPER/install/ur_description/share/ur_description/package.dsv'
[1.551s] INFO:colcon.colcon_core.shell:Creating package script '/home/darsh/UR_GRIPPER/install/ur_description/share/ur_description/package.sh'
[1.555s] INFO:colcon.colcon_core.shell:Creating package script '/home/darsh/UR_GRIPPER/install/ur_description/share/ur_description/package.bash'
[1.557s] INFO:colcon.colcon_core.shell:Creating package script '/home/darsh/UR_GRIPPER/install/ur_description/share/ur_description/package.zsh'
[1.560s] Level 1:colcon.colcon_core.environment:create_file_with_runtime_dependencies(/home/darsh/UR_GRIPPER/install/ur_description/share/colcon-core/packages/ur_description)
[1.562s] Level 1:colcon.colcon_core.environment:create_environment_scripts_only(ur_description)
[1.562s] Level 1:colcon.colcon_core.environment:checking '/home/darsh/UR_GRIPPER/install/ur_description' for CMake module files
[1.568s] Level 1:colcon.colcon_core.environment:checking '/home/darsh/UR_GRIPPER/install/ur_description' for CMake config files
[1.583s] DEBUG:colcon.colcon_core.event_handler.log_command:Invoked command in '/home/darsh/UR_GRIPPER/build/robotiq_description' returned '0': CMAKE_PREFIX_PATH=${CMAKE_PREFIX_PATH}:/opt/ros/jazzy /usr/bin/cmake --install /home/darsh/UR_GRIPPER/build/robotiq_description
[1.635s] DEBUG:colcon.colcon_core.event_handler.log_command:Invoked command in '/home/darsh/UR_GRIPPER/build/ur_system_tests' returned '0': CMAKE_PREFIX_PATH=${CMAKE_PREFIX_PATH}:/opt/ros/jazzy /usr/bin/cmake --build /home/darsh/UR_GRIPPER/build/ur_system_tests -- -j16 -l16
[1.635s] DEBUG:colcon.colcon_core.event_handler.log_command:Invoking command in '/home/darsh/UR_GRIPPER/build/ur_system_tests': CMAKE_PREFIX_PATH=${CMAKE_PREFIX_PATH}:/opt/ros/jazzy /usr/bin/cmake --install /home/darsh/UR_GRIPPER/build/ur_system_tests
[1.636s] DEBUG:colcon.colcon_core.event_handler.log_command:Invoked command in '/home/darsh/UR_GRIPPER/build/ur_description' returned '0': CMAKE_PREFIX_PATH=${CMAKE_PREFIX_PATH}:/opt/ros/jazzy /usr/bin/cmake --install /home/darsh/UR_GRIPPER/build/ur_description
[1.636s] Level 1:colcon.colcon_core.shell:create_environment_hook('ur_description', 'cmake_prefix_path')
[1.636s] INFO:colcon.colcon_core.shell:Creating environment hook '/home/darsh/UR_GRIPPER/install/ur_description/share/ur_description/hook/cmake_prefix_path.ps1'
[1.637s] INFO:colcon.colcon_core.shell:Creating environment descriptor '/home/darsh/UR_GRIPPER/install/ur_description/share/ur_description/hook/cmake_prefix_path.dsv'
[1.637s] INFO:colcon.colcon_core.shell:Creating environment hook '/home/darsh/UR_GRIPPER/install/ur_description/share/ur_description/hook/cmake_prefix_path.sh'
[1.638s] Level 1:colcon.colcon_core.environment:checking '/home/darsh/UR_GRIPPER/install/ur_description/bin'
[1.638s] Level 1:colcon.colcon_core.environment:checking '/home/darsh/UR_GRIPPER/install/ur_description/lib/pkgconfig/ur_description.pc'
[1.638s] Level 1:colcon.colcon_core.environment:checking '/home/darsh/UR_GRIPPER/install/ur_description/lib/python3.12/site-packages'
[1.638s] Level 1:colcon.colcon_core.environment:checking '/home/darsh/UR_GRIPPER/install/ur_description/bin'
[1.639s] INFO:colcon.colcon_core.shell:Creating package script '/home/darsh/UR_GRIPPER/install/ur_description/share/ur_description/package.ps1'
[1.639s] INFO:colcon.colcon_core.shell:Creating package descriptor '/home/darsh/UR_GRIPPER/install/ur_description/share/ur_description/package.dsv'
[1.640s] INFO:colcon.colcon_core.shell:Creating package script '/home/darsh/UR_GRIPPER/install/ur_description/share/ur_description/package.sh'
[1.640s] INFO:colcon.colcon_core.shell:Creating package script '/home/darsh/UR_GRIPPER/install/ur_description/share/ur_description/package.bash'
[1.641s] INFO:colcon.colcon_core.shell:Creating package script '/home/darsh/UR_GRIPPER/install/ur_description/share/ur_description/package.zsh'
[1.641s] Level 1:colcon.colcon_core.environment:create_file_with_runtime_dependencies(/home/darsh/UR_GRIPPER/install/ur_description/share/colcon-core/packages/ur_description)
[1.642s] INFO:colcon.colcon_ros.task.ament_cmake.build:Building ROS package in '/home/darsh/UR_GRIPPER/src/moveit_config' with build type 'ament_cmake'
[1.643s] INFO:colcon.colcon_cmake.task.cmake.build:Building CMake package in '/home/darsh/UR_GRIPPER/src/moveit_config'
[1.643s] INFO:colcon.colcon_core.shell:Skip shell extension 'powershell' for command environment: Not usable outside of PowerShell
[1.644s] DEBUG:colcon.colcon_core.shell:Skip shell extension 'dsv' for command environment
[1.653s] Level 1:colcon.colcon_core.environment:create_environment_scripts_only(ur_gazebo)
[1.653s] Level 1:colcon.colcon_core.environment:checking '/home/darsh/UR_GRIPPER/install/ur_gazebo' for CMake module files
[1.658s] Level 1:colcon.colcon_core.environment:checking '/home/darsh/UR_GRIPPER/install/ur_gazebo' for CMake config files
[1.664s] DEBUG:colcon.colcon_core.event_handler.log_command:Invoked command in '/home/darsh/UR_GRIPPER/build/ur_gazebo' returned '0': CMAKE_PREFIX_PATH=${CMAKE_PREFIX_PATH}:/opt/ros/jazzy /usr/bin/cmake --install /home/darsh/UR_GRIPPER/build/ur_gazebo
[1.665s] Level 1:colcon.colcon_core.shell:create_environment_hook('ur_gazebo', 'cmake_prefix_path')
[1.665s] INFO:colcon.colcon_core.shell:Creating environment hook '/home/darsh/UR_GRIPPER/install/ur_gazebo/share/ur_gazebo/hook/cmake_prefix_path.ps1'
[1.666s] INFO:colcon.colcon_core.shell:Creating environment descriptor '/home/darsh/UR_GRIPPER/install/ur_gazebo/share/ur_gazebo/hook/cmake_prefix_path.dsv'
[1.666s] INFO:colcon.colcon_core.shell:Creating environment hook '/home/darsh/UR_GRIPPER/install/ur_gazebo/share/ur_gazebo/hook/cmake_prefix_path.sh'
[1.667s] Level 1:colcon.colcon_core.environment:checking '/home/darsh/UR_GRIPPER/install/ur_gazebo/bin'
[1.667s] Level 1:colcon.colcon_core.environment:checking '/home/darsh/UR_GRIPPER/install/ur_gazebo/lib/pkgconfig/ur_gazebo.pc'
[1.667s] Level 1:colcon.colcon_core.environment:checking '/home/darsh/UR_GRIPPER/install/ur_gazebo/lib/python3.12/site-packages'
[1.668s] Level 1:colcon.colcon_core.environment:checking '/home/darsh/UR_GRIPPER/install/ur_gazebo/bin'
[1.668s] INFO:colcon.colcon_core.shell:Creating package script '/home/darsh/UR_GRIPPER/install/ur_gazebo/share/ur_gazebo/package.ps1'
[1.669s] INFO:colcon.colcon_core.shell:Creating package descriptor '/home/darsh/UR_GRIPPER/install/ur_gazebo/share/ur_gazebo/package.dsv'
[1.669s] INFO:colcon.colcon_core.shell:Creating package script '/home/darsh/UR_GRIPPER/install/ur_gazebo/share/ur_gazebo/package.sh'
[1.670s] INFO:colcon.colcon_core.shell:Creating package script '/home/darsh/UR_GRIPPER/install/ur_gazebo/share/ur_gazebo/package.bash'
[1.670s] INFO:colcon.colcon_core.shell:Creating package script '/home/darsh/UR_GRIPPER/install/ur_gazebo/share/ur_gazebo/package.zsh'
[1.670s] Level 1:colcon.colcon_core.environment:create_file_with_runtime_dependencies(/home/darsh/UR_GRIPPER/install/ur_gazebo/share/colcon-core/packages/ur_gazebo)
[1.671s] Level 1:colcon.colcon_core.environment:create_environment_scripts_only(ur_gazebo)
[1.671s] Level 1:colcon.colcon_core.environment:checking '/home/darsh/UR_GRIPPER/install/ur_gazebo' for CMake module files
[1.672s] Level 1:colcon.colcon_core.environment:checking '/home/darsh/UR_GRIPPER/install/ur_gazebo' for CMake config files
[1.672s] Level 1:colcon.colcon_core.shell:create_environment_hook('ur_gazebo', 'cmake_prefix_path')
[1.672s] INFO:colcon.colcon_core.shell:Creating environment hook '/home/darsh/UR_GRIPPER/install/ur_gazebo/share/ur_gazebo/hook/cmake_prefix_path.ps1'
[1.673s] INFO:colcon.colcon_core.shell:Creating environment descriptor '/home/darsh/UR_GRIPPER/install/ur_gazebo/share/ur_gazebo/hook/cmake_prefix_path.dsv'
[1.673s] INFO:colcon.colcon_core.shell:Creating environment hook '/home/darsh/UR_GRIPPER/install/ur_gazebo/share/ur_gazebo/hook/cmake_prefix_path.sh'
[1.674s] Level 1:colcon.colcon_core.environment:checking '/home/darsh/UR_GRIPPER/install/ur_gazebo/bin'
[1.674s] Level 1:colcon.colcon_core.environment:checking '/home/darsh/UR_GRIPPER/install/ur_gazebo/lib/pkgconfig/ur_gazebo.pc'
[1.674s] Level 1:colcon.colcon_core.environment:checking '/home/darsh/UR_GRIPPER/install/ur_gazebo/lib/python3.12/site-packages'
[1.675s] Level 1:colcon.colcon_core.environment:checking '/home/darsh/UR_GRIPPER/install/ur_gazebo/bin'
[1.675s] INFO:colcon.colcon_core.shell:Creating package script '/home/darsh/UR_GRIPPER/install/ur_gazebo/share/ur_gazebo/package.ps1'
[1.676s] INFO:colcon.colcon_core.shell:Creating package descriptor '/home/darsh/UR_GRIPPER/install/ur_gazebo/share/ur_gazebo/package.dsv'
[1.677s] INFO:colcon.colcon_core.shell:Creating package script '/home/darsh/UR_GRIPPER/install/ur_gazebo/share/ur_gazebo/package.sh'
[1.677s] INFO:colcon.colcon_core.shell:Creating package script '/home/darsh/UR_GRIPPER/install/ur_gazebo/share/ur_gazebo/package.bash'
[1.678s] INFO:colcon.colcon_core.shell:Creating package script '/home/darsh/UR_GRIPPER/install/ur_gazebo/share/ur_gazebo/package.zsh'
[1.678s] Level 1:colcon.colcon_core.environment:create_file_with_runtime_dependencies(/home/darsh/UR_GRIPPER/install/ur_gazebo/share/colcon-core/packages/ur_gazebo)
[1.678s] Level 1:colcon.colcon_core.environment:create_environment_scripts_only(ur_system_tests)
[1.679s] Level 1:colcon.colcon_core.environment:checking '/home/darsh/UR_GRIPPER/install/ur_system_tests' for CMake module files
[1.681s] DEBUG:colcon.colcon_core.event_handler.log_command:Invoked command in '/home/darsh/UR_GRIPPER/build/ur_system_tests' returned '0': CMAKE_PREFIX_PATH=${CMAKE_PREFIX_PATH}:/opt/ros/jazzy /usr/bin/cmake --install /home/darsh/UR_GRIPPER/build/ur_system_tests
[1.681s] Level 1:colcon.colcon_core.environment:checking '/home/darsh/UR_GRIPPER/install/ur_system_tests' for CMake config files
[1.682s] Level 1:colcon.colcon_core.shell:create_environment_hook('ur_system_tests', 'cmake_prefix_path')
[1.682s] INFO:colcon.colcon_core.shell:Creating environment hook '/home/darsh/UR_GRIPPER/install/ur_system_tests/share/ur_system_tests/hook/cmake_prefix_path.ps1'
[1.683s] INFO:colcon.colcon_core.shell:Creating environment descriptor '/home/darsh/UR_GRIPPER/install/ur_system_tests/share/ur_system_tests/hook/cmake_prefix_path.dsv'
[1.683s] INFO:colcon.colcon_core.shell:Creating environment hook '/home/darsh/UR_GRIPPER/install/ur_system_tests/share/ur_system_tests/hook/cmake_prefix_path.sh'
[1.684s] Level 1:colcon.colcon_core.environment:checking '/home/darsh/UR_GRIPPER/install/ur_system_tests/lib'
[1.684s] Level 1:colcon.colcon_core.environment:checking '/home/darsh/UR_GRIPPER/install/ur_system_tests/bin'
[1.684s] Level 1:colcon.colcon_core.environment:checking '/home/darsh/UR_GRIPPER/install/ur_system_tests/lib/pkgconfig/ur_system_tests.pc'
[1.684s] Level 1:colcon.colcon_core.environment:checking '/home/darsh/UR_GRIPPER/install/ur_system_tests/lib/python3.12/site-packages'
[1.685s] Level 1:colcon.colcon_core.environment:checking '/home/darsh/UR_GRIPPER/install/ur_system_tests/bin'
[1.685s] INFO:colcon.colcon_core.shell:Creating package script '/home/darsh/UR_GRIPPER/install/ur_system_tests/share/ur_system_tests/package.ps1'
[1.685s] INFO:colcon.colcon_core.shell:Creating package descriptor '/home/darsh/UR_GRIPPER/install/ur_system_tests/share/ur_system_tests/package.dsv'
[1.686s] INFO:colcon.colcon_core.shell:Creating package script '/home/darsh/UR_GRIPPER/install/ur_system_tests/share/ur_system_tests/package.sh'
[1.686s] INFO:colcon.colcon_core.shell:Creating package script '/home/darsh/UR_GRIPPER/install/ur_system_tests/share/ur_system_tests/package.bash'
[1.687s] INFO:colcon.colcon_core.shell:Creating package script '/home/darsh/UR_GRIPPER/install/ur_system_tests/share/ur_system_tests/package.zsh'
[1.687s] Level 1:colcon.colcon_core.environment:create_file_with_runtime_dependencies(/home/darsh/UR_GRIPPER/install/ur_system_tests/share/colcon-core/packages/ur_system_tests)
[1.688s] Level 1:colcon.colcon_core.environment:create_environment_scripts_only(ur_system_tests)
[1.688s] Level 1:colcon.colcon_core.environment:checking '/home/darsh/UR_GRIPPER/install/ur_system_tests' for CMake module files
[1.689s] Level 1:colcon.colcon_core.environment:checking '/home/darsh/UR_GRIPPER/install/ur_system_tests' for CMake config files
[1.689s] Level 1:colcon.colcon_core.shell:create_environment_hook('ur_system_tests', 'cmake_prefix_path')
[1.689s] INFO:colcon.colcon_core.shell:Creating environment hook '/home/darsh/UR_GRIPPER/install/ur_system_tests/share/ur_system_tests/hook/cmake_prefix_path.ps1'
[1.690s] INFO:colcon.colcon_core.shell:Creating environment descriptor '/home/darsh/UR_GRIPPER/install/ur_system_tests/share/ur_system_tests/hook/cmake_prefix_path.dsv'
[1.690s] INFO:colcon.colcon_core.shell:Creating environment hook '/home/darsh/UR_GRIPPER/install/ur_system_tests/share/ur_system_tests/hook/cmake_prefix_path.sh'
[1.691s] Level 1:colcon.colcon_core.environment:checking '/home/darsh/UR_GRIPPER/install/ur_system_tests/lib'
[1.691s] Level 1:colcon.colcon_core.environment:checking '/home/darsh/UR_GRIPPER/install/ur_system_tests/bin'
[1.691s] Level 1:colcon.colcon_core.environment:checking '/home/darsh/UR_GRIPPER/install/ur_system_tests/lib/pkgconfig/ur_system_tests.pc'
[1.692s] Level 1:colcon.colcon_core.environment:checking '/home/darsh/UR_GRIPPER/install/ur_system_tests/lib/python3.12/site-packages'
[1.692s] Level 1:colcon.colcon_core.environment:checking '/home/darsh/UR_GRIPPER/install/ur_system_tests/bin'
[1.692s] INFO:colcon.colcon_core.shell:Creating package script '/home/darsh/UR_GRIPPER/install/ur_system_tests/share/ur_system_tests/package.ps1'
[1.693s] INFO:colcon.colcon_core.shell:Creating package descriptor '/home/darsh/UR_GRIPPER/install/ur_system_tests/share/ur_system_tests/package.dsv'
[1.694s] INFO:colcon.colcon_core.shell:Creating package script '/home/darsh/UR_GRIPPER/install/ur_system_tests/share/ur_system_tests/package.sh'
[1.694s] INFO:colcon.colcon_core.shell:Creating package script '/home/darsh/UR_GRIPPER/install/ur_system_tests/share/ur_system_tests/package.bash'
[1.695s] INFO:colcon.colcon_core.shell:Creating package script '/home/darsh/UR_GRIPPER/install/ur_system_tests/share/ur_system_tests/package.zsh'
[1.695s] Level 1:colcon.colcon_core.environment:create_file_with_runtime_dependencies(/home/darsh/UR_GRIPPER/install/ur_system_tests/share/colcon-core/packages/ur_system_tests)
[1.702s] DEBUG:colcon.colcon_core.event_handler.log_command:Invoking command in '/home/darsh/UR_GRIPPER/build/moveit_config': CMAKE_PREFIX_PATH=/home/darsh/UR_GRIPPER/install/ur_description:/home/darsh/UR_GRIPPER/install/ur_system_tests:/home/darsh/UR_GRIPPER/install/ur_interfaces:/home/darsh/UR_GRIPPER/install/ur_gazebo:/home/darsh/UR_GRIPPER/install/robotiq_description:/opt/ros/jazzy/opt/gz_sim_vendor:/opt/ros/jazzy/opt/gz_sensors_vendor:/opt/ros/jazzy/opt/gz_physics_vendor:/opt/ros/jazzy/opt/sdformat_vendor:/opt/ros/jazzy/opt/gz_gui_vendor:/opt/ros/jazzy/opt/gz_transport_vendor:/opt/ros/jazzy/opt/gz_rendering_vendor:/opt/ros/jazzy/opt/gz_plugin_vendor:/opt/ros/jazzy/opt/gz_fuel_tools_vendor:/opt/ros/jazzy/opt/gz_msgs_vendor:/opt/ros/jazzy/opt/gz_common_vendor:/opt/ros/jazzy/opt/gz_math_vendor:/opt/ros/jazzy/opt/gz_utils_vendor:/opt/ros/jazzy/opt/gz_tools_vendor:/opt/ros/jazzy/opt/gz_ogre_next_vendor:/opt/ros/jazzy/opt/gz_dartsim_vendor:/opt/ros/jazzy/opt/gz_cmake_vendor:/opt/ros/jazzy /usr/bin/cmake /home/darsh/UR_GRIPPER/src/moveit_config -DCMAKE_INSTALL_PREFIX=/home/darsh/UR_GRIPPER/install/moveit_config
[2.161s] DEBUG:colcon.colcon_core.event_handler.log_command:Invoked command in '/home/darsh/UR_GRIPPER/build/moveit_config' returned '0': CMAKE_PREFIX_PATH=/home/darsh/UR_GRIPPER/install/ur_description:/home/darsh/UR_GRIPPER/install/ur_system_tests:/home/darsh/UR_GRIPPER/install/ur_interfaces:/home/darsh/UR_GRIPPER/install/ur_gazebo:/home/darsh/UR_GRIPPER/install/robotiq_description:/opt/ros/jazzy/opt/gz_sim_vendor:/opt/ros/jazzy/opt/gz_sensors_vendor:/opt/ros/jazzy/opt/gz_physics_vendor:/opt/ros/jazzy/opt/sdformat_vendor:/opt/ros/jazzy/opt/gz_gui_vendor:/opt/ros/jazzy/opt/gz_transport_vendor:/opt/ros/jazzy/opt/gz_rendering_vendor:/opt/ros/jazzy/opt/gz_plugin_vendor:/opt/ros/jazzy/opt/gz_fuel_tools_vendor:/opt/ros/jazzy/opt/gz_msgs_vendor:/opt/ros/jazzy/opt/gz_common_vendor:/opt/ros/jazzy/opt/gz_math_vendor:/opt/ros/jazzy/opt/gz_utils_vendor:/opt/ros/jazzy/opt/gz_tools_vendor:/opt/ros/jazzy/opt/gz_ogre_next_vendor:/opt/ros/jazzy/opt/gz_dartsim_vendor:/opt/ros/jazzy/opt/gz_cmake_vendor:/opt/ros/jazzy /usr/bin/cmake /home/darsh/UR_GRIPPER/src/moveit_config -DCMAKE_INSTALL_PREFIX=/home/darsh/UR_GRIPPER/install/moveit_config
[2.162s] DEBUG:colcon.colcon_core.event_handler.log_command:Invoking command in '/home/darsh/UR_GRIPPER/build/moveit_config': CMAKE_PREFIX_PATH=/home/darsh/UR_GRIPPER/install/ur_description:/home/darsh/UR_GRIPPER/install/ur_system_tests:/home/darsh/UR_GRIPPER/install/ur_interfaces:/home/darsh/UR_GRIPPER/install/ur_gazebo:/home/darsh/UR_GRIPPER/install/robotiq_description:/opt/ros/jazzy/opt/gz_sim_vendor:/opt/ros/jazzy/opt/gz_sensors_vendor:/opt/ros/jazzy/opt/gz_physics_vendor:/opt/ros/jazzy/opt/sdformat_vendor:/opt/ros/jazzy/opt/gz_gui_vendor:/opt/ros/jazzy/opt/gz_transport_vendor:/opt/ros/jazzy/opt/gz_rendering_vendor:/opt/ros/jazzy/opt/gz_plugin_vendor:/opt/ros/jazzy/opt/gz_fuel_tools_vendor:/opt/ros/jazzy/opt/gz_msgs_vendor:/opt/ros/jazzy/opt/gz_common_vendor:/opt/ros/jazzy/opt/gz_math_vendor:/opt/ros/jazzy/opt/gz_utils_vendor:/opt/ros/jazzy/opt/gz_tools_vendor:/opt/ros/jazzy/opt/gz_ogre_next_vendor:/opt/ros/jazzy/opt/gz_dartsim_vendor:/opt/ros/jazzy/opt/gz_cmake_vendor:/opt/ros/jazzy /usr/bin/cmake --build /home/darsh/UR_GRIPPER/build/moveit_config -- -j16 -l16
[2.200s] DEBUG:colcon.colcon_core.event_handler.log_command:Invoked command in '/home/darsh/UR_GRIPPER/build/moveit_config' returned '0': CMAKE_PREFIX_PATH=/home/darsh/UR_GRIPPER/install/ur_description:/home/darsh/UR_GRIPPER/install/ur_system_tests:/home/darsh/UR_GRIPPER/install/ur_interfaces:/home/darsh/UR_GRIPPER/install/ur_gazebo:/home/darsh/UR_GRIPPER/install/robotiq_description:/opt/ros/jazzy/opt/gz_sim_vendor:/opt/ros/jazzy/opt/gz_sensors_vendor:/opt/ros/jazzy/opt/gz_physics_vendor:/opt/ros/jazzy/opt/sdformat_vendor:/opt/ros/jazzy/opt/gz_gui_vendor:/opt/ros/jazzy/opt/gz_transport_vendor:/opt/ros/jazzy/opt/gz_rendering_vendor:/opt/ros/jazzy/opt/gz_plugin_vendor:/opt/ros/jazzy/opt/gz_fuel_tools_vendor:/opt/ros/jazzy/opt/gz_msgs_vendor:/opt/ros/jazzy/opt/gz_common_vendor:/opt/ros/jazzy/opt/gz_math_vendor:/opt/ros/jazzy/opt/gz_utils_vendor:/opt/ros/jazzy/opt/gz_tools_vendor:/opt/ros/jazzy/opt/gz_ogre_next_vendor:/opt/ros/jazzy/opt/gz_dartsim_vendor:/opt/ros/jazzy/opt/gz_cmake_vendor:/opt/ros/jazzy /usr/bin/cmake --build /home/darsh/UR_GRIPPER/build/moveit_config -- -j16 -l16
[2.201s] DEBUG:colcon.colcon_core.event_handler.log_command:Invoking command in '/home/darsh/UR_GRIPPER/build/moveit_config': CMAKE_PREFIX_PATH=/home/darsh/UR_GRIPPER/install/ur_description:/home/darsh/UR_GRIPPER/install/ur_system_tests:/home/darsh/UR_GRIPPER/install/ur_interfaces:/home/darsh/UR_GRIPPER/install/ur_gazebo:/home/darsh/UR_GRIPPER/install/robotiq_description:/opt/ros/jazzy/opt/gz_sim_vendor:/opt/ros/jazzy/opt/gz_sensors_vendor:/opt/ros/jazzy/opt/gz_physics_vendor:/opt/ros/jazzy/opt/sdformat_vendor:/opt/ros/jazzy/opt/gz_gui_vendor:/opt/ros/jazzy/opt/gz_transport_vendor:/opt/ros/jazzy/opt/gz_rendering_vendor:/opt/ros/jazzy/opt/gz_plugin_vendor:/opt/ros/jazzy/opt/gz_fuel_tools_vendor:/opt/ros/jazzy/opt/gz_msgs_vendor:/opt/ros/jazzy/opt/gz_common_vendor:/opt/ros/jazzy/opt/gz_math_vendor:/opt/ros/jazzy/opt/gz_utils_vendor:/opt/ros/jazzy/opt/gz_tools_vendor:/opt/ros/jazzy/opt/gz_ogre_next_vendor:/opt/ros/jazzy/opt/gz_dartsim_vendor:/opt/ros/jazzy/opt/gz_cmake_vendor:/opt/ros/jazzy /usr/bin/cmake --install /home/darsh/UR_GRIPPER/build/moveit_config
[2.227s] Level 1:colcon.colcon_core.environment:create_environment_scripts_only(moveit_config)
[2.227s] DEBUG:colcon.colcon_core.event_handler.log_command:Invoked command in '/home/darsh/UR_GRIPPER/build/moveit_config' returned '0': CMAKE_PREFIX_PATH=/home/darsh/UR_GRIPPER/install/ur_description:/home/darsh/UR_GRIPPER/install/ur_system_tests:/home/darsh/UR_GRIPPER/install/ur_interfaces:/home/darsh/UR_GRIPPER/install/ur_gazebo:/home/darsh/UR_GRIPPER/install/robotiq_description:/opt/ros/jazzy/opt/gz_sim_vendor:/opt/ros/jazzy/opt/gz_sensors_vendor:/opt/ros/jazzy/opt/gz_physics_vendor:/opt/ros/jazzy/opt/sdformat_vendor:/opt/ros/jazzy/opt/gz_gui_vendor:/opt/ros/jazzy/opt/gz_transport_vendor:/opt/ros/jazzy/opt/gz_rendering_vendor:/opt/ros/jazzy/opt/gz_plugin_vendor:/opt/ros/jazzy/opt/gz_fuel_tools_vendor:/opt/ros/jazzy/opt/gz_msgs_vendor:/opt/ros/jazzy/opt/gz_common_vendor:/opt/ros/jazzy/opt/gz_math_vendor:/opt/ros/jazzy/opt/gz_utils_vendor:/opt/ros/jazzy/opt/gz_tools_vendor:/opt/ros/jazzy/opt/gz_ogre_next_vendor:/opt/ros/jazzy/opt/gz_dartsim_vendor:/opt/ros/jazzy/opt/gz_cmake_vendor:/opt/ros/jazzy /usr/bin/cmake --install /home/darsh/UR_GRIPPER/build/moveit_config
[2.227s] Level 1:colcon.colcon_core.environment:checking '/home/darsh/UR_GRIPPER/install/moveit_config' for CMake module files
[2.228s] Level 1:colcon.colcon_core.environment:checking '/home/darsh/UR_GRIPPER/install/moveit_config' for CMake config files
[2.228s] Level 1:colcon.colcon_core.shell:create_environment_hook('moveit_config', 'cmake_prefix_path')
[2.228s] INFO:colcon.colcon_core.shell:Creating environment hook '/home/darsh/UR_GRIPPER/install/moveit_config/share/moveit_config/hook/cmake_prefix_path.ps1'
[2.229s] INFO:colcon.colcon_core.shell:Creating environment descriptor '/home/darsh/UR_GRIPPER/install/moveit_config/share/moveit_config/hook/cmake_prefix_path.dsv'
[2.229s] INFO:colcon.colcon_core.shell:Creating environment hook '/home/darsh/UR_GRIPPER/install/moveit_config/share/moveit_config/hook/cmake_prefix_path.sh'
[2.230s] Level 1:colcon.colcon_core.environment:checking '/home/darsh/UR_GRIPPER/install/moveit_config/bin'
[2.230s] Level 1:colcon.colcon_core.environment:checking '/home/darsh/UR_GRIPPER/install/moveit_config/lib/pkgconfig/moveit_config.pc'
[2.230s] Level 1:colcon.colcon_core.environment:checking '/home/darsh/UR_GRIPPER/install/moveit_config/lib/python3.12/site-packages'
[2.231s] Level 1:colcon.colcon_core.environment:checking '/home/darsh/UR_GRIPPER/install/moveit_config/bin'
[2.231s] INFO:colcon.colcon_core.shell:Creating package script '/home/darsh/UR_GRIPPER/install/moveit_config/share/moveit_config/package.ps1'
[2.231s] INFO:colcon.colcon_core.shell:Creating package descriptor '/home/darsh/UR_GRIPPER/install/moveit_config/share/moveit_config/package.dsv'
[2.232s] INFO:colcon.colcon_core.shell:Creating package script '/home/darsh/UR_GRIPPER/install/moveit_config/share/moveit_config/package.sh'
[2.232s] INFO:colcon.colcon_core.shell:Creating package script '/home/darsh/UR_GRIPPER/install/moveit_config/share/moveit_config/package.bash'
[2.233s] INFO:colcon.colcon_core.shell:Creating package script '/home/darsh/UR_GRIPPER/install/moveit_config/share/moveit_config/package.zsh'
[2.233s] Level 1:colcon.colcon_core.environment:create_file_with_runtime_dependencies(/home/darsh/UR_GRIPPER/install/moveit_config/share/colcon-core/packages/moveit_config)
[2.234s] Level 1:colcon.colcon_core.environment:create_environment_scripts_only(moveit_config)
[2.234s] Level 1:colcon.colcon_core.environment:checking '/home/darsh/UR_GRIPPER/install/moveit_config' for CMake module files
[2.234s] Level 1:colcon.colcon_core.environment:checking '/home/darsh/UR_GRIPPER/install/moveit_config' for CMake config files
[2.235s] Level 1:colcon.colcon_core.shell:create_environment_hook('moveit_config', 'cmake_prefix_path')
[2.235s] INFO:colcon.colcon_core.shell:Creating environment hook '/home/darsh/UR_GRIPPER/install/moveit_config/share/moveit_config/hook/cmake_prefix_path.ps1'
[2.235s] INFO:colcon.colcon_core.shell:Creating environment descriptor '/home/darsh/UR_GRIPPER/install/moveit_config/share/moveit_config/hook/cmake_prefix_path.dsv'
[2.236s] INFO:colcon.colcon_core.shell:Creating environment hook '/home/darsh/UR_GRIPPER/install/moveit_config/share/moveit_config/hook/cmake_prefix_path.sh'
[2.236s] Level 1:colcon.colcon_core.environment:checking '/home/darsh/UR_GRIPPER/install/moveit_config/bin'
[2.236s] Level 1:colcon.colcon_core.environment:checking '/home/darsh/UR_GRIPPER/install/moveit_config/lib/pkgconfig/moveit_config.pc'
[2.237s] Level 1:colcon.colcon_core.environment:checking '/home/darsh/UR_GRIPPER/install/moveit_config/lib/python3.12/site-packages'
[2.237s] Level 1:colcon.colcon_core.environment:checking '/home/darsh/UR_GRIPPER/install/moveit_config/bin'
[2.237s] INFO:colcon.colcon_core.shell:Creating package script '/home/darsh/UR_GRIPPER/install/moveit_config/share/moveit_config/package.ps1'
[2.238s] INFO:colcon.colcon_core.shell:Creating package descriptor '/home/darsh/UR_GRIPPER/install/moveit_config/share/moveit_config/package.dsv'
[2.239s] INFO:colcon.colcon_core.shell:Creating package script '/home/darsh/UR_GRIPPER/install/moveit_config/share/moveit_config/package.sh'
[2.239s] INFO:colcon.colcon_core.shell:Creating package script '/home/darsh/UR_GRIPPER/install/moveit_config/share/moveit_config/package.bash'
[2.240s] INFO:colcon.colcon_core.shell:Creating package script '/home/darsh/UR_GRIPPER/install/moveit_config/share/moveit_config/package.zsh'
[2.240s] Level 1:colcon.colcon_core.environment:create_file_with_runtime_dependencies(/home/darsh/UR_GRIPPER/install/moveit_config/share/colcon-core/packages/moveit_config)
[2.240s] DEBUG:colcon.colcon_parallel_executor.executor.parallel:closing loop
[2.241s] DEBUG:colcon.colcon_parallel_executor.executor.parallel:loop closed
[2.241s] DEBUG:colcon.colcon_parallel_executor.executor.parallel:run_until_complete finished with '0'
[2.241s] DEBUG:colcon.colcon_core.event_reactor:joining thread
[2.298s] INFO:colcon.colcon_core.plugin_system:Skipping extension 'colcon_notification.desktop_notification.notify_send': Could not find 'notify-send'
[2.298s] INFO:colcon.colcon_core.plugin_system:Skipping extension 'colcon_notification.desktop_notification.terminal_notifier': Not used on non-Darwin systems
[2.298s] INFO:colcon.colcon_core.plugin_system:Skipping extension 'colcon_notification.desktop_notification.win32': Not used on non-Windows systems
[2.298s] INFO:colcon.colcon_notification.desktop_notification:Sending desktop notification using 'notify2'
[2.301s] DEBUG:colcon.colcon_notification.desktop_notification.notify2:Failed to initialize notify2: org.freedesktop.DBus.Error.ServiceUnknown: The name org.freedesktop.Notifications was not provided by any .service files
[2.301s] DEBUG:colcon.colcon_core.event_reactor:joined thread
[2.301s] INFO:colcon.colcon_core.shell:Creating prefix script '/home/darsh/UR_GRIPPER/install/local_setup.ps1'
[2.303s] INFO:colcon.colcon_core.shell:Creating prefix util module '/home/darsh/UR_GRIPPER/install/_local_setup_util_ps1.py'
[2.304s] INFO:colcon.colcon_core.shell:Creating prefix chain script '/home/darsh/UR_GRIPPER/install/setup.ps1'
[2.306s] INFO:colcon.colcon_core.shell:Creating prefix script '/home/darsh/UR_GRIPPER/install/local_setup.sh'
[2.307s] INFO:colcon.colcon_core.shell:Creating prefix util module '/home/darsh/UR_GRIPPER/install/_local_setup_util_sh.py'
[2.308s] INFO:colcon.colcon_core.shell:Creating prefix chain script '/home/darsh/UR_GRIPPER/install/setup.sh'
[2.309s] INFO:colcon.colcon_core.shell:Creating prefix script '/home/darsh/UR_GRIPPER/install/local_setup.bash'
[2.310s] INFO:colcon.colcon_core.shell:Creating prefix chain script '/home/darsh/UR_GRIPPER/install/setup.bash'
[2.312s] INFO:colcon.colcon_core.shell:Creating prefix script '/home/darsh/UR_GRIPPER/install/local_setup.zsh'
[2.313s] INFO:colcon.colcon_core.shell:Creating prefix chain script '/home/darsh/UR_GRIPPER/install/setup.zsh'
