[0.031s] Invoking command in '/home/darsh/UR_GRIPPER/build/robotiq_description': CMAKE_PREFIX_PATH=${CMAKE_PREFIX_PATH}:/opt/ros/jazzy /usr/bin/cmake --build /home/darsh/UR_GRIPPER/build/robotiq_description -- -j16 -l16
[0.067s] Invoked command in '/home/darsh/UR_GRIPPER/build/robotiq_description' returned '0': CMAKE_PREFIX_PATH=${CMAKE_PREFIX_PATH}:/opt/ros/jazzy /usr/bin/cmake --build /home/darsh/UR_GRIPPER/build/robotiq_description -- -j16 -l16
[0.078s] Invoking command in '/home/darsh/UR_GRIPPER/build/robotiq_description': CMAKE_PREFIX_PATH=${CMAKE_PREFIX_PATH}:/opt/ros/jazzy /usr/bin/cmake --install /home/darsh/UR_GRIPPER/build/robotiq_description
[0.089s] -- Install configuration: ""
[0.089s] -- Up-to-date: /home/darsh/UR_GRIPPER/install/robotiq_description/share/robotiq_description/urdf
[0.089s] -- Up-to-date: /home/darsh/UR_GRIPPER/install/robotiq_description/share/robotiq_description/urdf/ur.urdf
[0.090s] -- Up-to-date: /home/darsh/UR_GRIPPER/install/robotiq_description/share/robotiq_description/urdf/robotiq_85_gripper2.xacro
[0.091s] -- Installing: /home/darsh/UR_GRIPPER/install/robotiq_description/share/robotiq_description/urdf/robotiq_85_gripper.urdf.xacro
[0.091s] -- Up-to-date: /home/darsh/UR_GRIPPER/install/robotiq_description/share/robotiq_description/urdf/robotiq_85_gripper.xacro
[0.091s] -- Up-to-date: /home/darsh/UR_GRIPPER/install/robotiq_description/share/robotiq_description/urdf/robotiq_85_gripper_sim_base.urdf.xacro
[0.092s] -- Up-to-date: /home/darsh/UR_GRIPPER/install/robotiq_description/share/robotiq_description/urdf/robotiq_85_gripper.transmission.xacro
[0.092s] -- Up-to-date: /home/darsh/UR_GRIPPER/install/robotiq_description/share/robotiq_description/meshes
[0.092s] -- Up-to-date: /home/darsh/UR_GRIPPER/install/robotiq_description/share/robotiq_description/meshes/collision
[0.092s] -- Up-to-date: /home/darsh/UR_GRIPPER/install/robotiq_description/share/robotiq_description/meshes/collision/robotiq_85_finger_link.stl
[0.093s] -- Up-to-date: /home/darsh/UR_GRIPPER/install/robotiq_description/share/robotiq_description/meshes/collision/robotiq_85_knuckle_link.stl
[0.093s] -- Up-to-date: /home/darsh/UR_GRIPPER/install/robotiq_description/share/robotiq_description/meshes/collision/robotiq_85_inner_knuckle_link.stl
[0.093s] -- Up-to-date: /home/darsh/UR_GRIPPER/install/robotiq_description/share/robotiq_description/meshes/collision/robotiq_85_finger_tip_link.stl
[0.093s] -- Up-to-date: /home/darsh/UR_GRIPPER/install/robotiq_description/share/robotiq_description/meshes/collision/robotiq_85_base_link.stl
[0.094s] -- Up-to-date: /home/darsh/UR_GRIPPER/install/robotiq_description/share/robotiq_description/meshes/visual
[0.094s] -- Up-to-date: /home/darsh/UR_GRIPPER/install/robotiq_description/share/robotiq_description/meshes/visual/robotiq_85_finger_link.dae
[0.094s] -- Up-to-date: /home/darsh/UR_GRIPPER/install/robotiq_description/share/robotiq_description/meshes/visual/robotiq_85_inner_knuckle_link.dae
[0.094s] -- Up-to-date: /home/darsh/UR_GRIPPER/install/robotiq_description/share/robotiq_description/meshes/visual/robotiq_85_finger_tip_link.dae
[0.095s] -- Up-to-date: /home/darsh/UR_GRIPPER/install/robotiq_description/share/robotiq_description/meshes/visual/robotiq_85_base_link.dae
[0.095s] -- Up-to-date: /home/darsh/UR_GRIPPER/install/robotiq_description/share/robotiq_description/meshes/visual/robotiq_85_knuckle_link.dae
[0.095s] -- Up-to-date: /home/darsh/UR_GRIPPER/install/robotiq_description/share/robotiq_description/launch
[0.095s] -- Up-to-date: /home/darsh/UR_GRIPPER/install/robotiq_description/share/robotiq_description/launch/spawn_robotiq_85_gripper.launch.py
[0.097s] -- Up-to-date: /home/darsh/UR_GRIPPER/install/robotiq_description/share/robotiq_description/config
[0.099s] -- Up-to-date: /home/darsh/UR_GRIPPER/install/robotiq_description/share/robotiq_description/config/config.rviz
[0.100s] -- Up-to-date: /home/darsh/UR_GRIPPER/install/robotiq_description/share/ament_index/resource_index/package_run_dependencies/robotiq_description
[0.101s] -- Up-to-date: /home/darsh/UR_GRIPPER/install/robotiq_description/share/ament_index/resource_index/parent_prefix_path/robotiq_description
[0.101s] -- Up-to-date: /home/darsh/UR_GRIPPER/install/robotiq_description/share/robotiq_description/environment/ament_prefix_path.sh
[0.102s] -- Up-to-date: /home/darsh/UR_GRIPPER/install/robotiq_description/share/robotiq_description/environment/ament_prefix_path.dsv
[0.102s] -- Up-to-date: /home/darsh/UR_GRIPPER/install/robotiq_description/share/robotiq_description/environment/path.sh
[0.103s] -- Up-to-date: /home/darsh/UR_GRIPPER/install/robotiq_description/share/robotiq_description/environment/path.dsv
[0.103s] -- Up-to-date: /home/darsh/UR_GRIPPER/install/robotiq_description/share/robotiq_description/local_setup.bash
[0.103s] -- Up-to-date: /home/darsh/UR_GRIPPER/install/robotiq_description/share/robotiq_description/local_setup.sh
[0.104s] -- Up-to-date: /home/darsh/UR_GRIPPER/install/robotiq_description/share/robotiq_description/local_setup.zsh
[0.105s] -- Up-to-date: /home/darsh/UR_GRIPPER/install/robotiq_description/share/robotiq_description/local_setup.dsv
[0.105s] -- Up-to-date: /home/darsh/UR_GRIPPER/install/robotiq_description/share/robotiq_description/package.dsv
[0.105s] -- Up-to-date: /home/darsh/UR_GRIPPER/install/robotiq_description/share/ament_index/resource_index/packages/robotiq_description
[0.106s] -- Up-to-date: /home/darsh/UR_GRIPPER/install/robotiq_description/share/robotiq_description/cmake/robotiq_descriptionConfig.cmake
[0.106s] -- Up-to-date: /home/darsh/UR_GRIPPER/install/robotiq_description/share/robotiq_description/cmake/robotiq_descriptionConfig-version.cmake
[0.106s] -- Up-to-date: /home/darsh/UR_GRIPPER/install/robotiq_description/share/robotiq_description/package.xml
[0.287s] Invoked command in '/home/darsh/UR_GRIPPER/build/robotiq_description' returned '0': CMAKE_PREFIX_PATH=${CMAKE_PREFIX_PATH}:/opt/ros/jazzy /usr/bin/cmake --install /home/darsh/UR_GRIPPER/build/robotiq_description
