[0.071s] Invoking command in '/home/darsh/UR_GRIPPER/build/robotiq_description': CMAKE_PREFIX_PATH=${CMAKE_PREFIX_PATH}:/opt/ros/jazzy /usr/bin/cmake --build /home/darsh/UR_GRIPPER/build/robotiq_description -- -j16 -l16
[0.143s] Invoked command in '/home/darsh/UR_GRIPPER/build/robotiq_description' returned '0': CMAKE_PREFIX_PATH=${CMAKE_PREFIX_PATH}:/opt/ros/jazzy /usr/bin/cmake --build /home/darsh/UR_GRIPPER/build/robotiq_description -- -j16 -l16
[0.164s] Invoking command in '/home/darsh/UR_GRIPPER/build/robotiq_description': CMAKE_PREFIX_PATH=${CMAKE_PREFIX_PATH}:/opt/ros/jazzy /usr/bin/cmake --install /home/darsh/UR_GRIPPER/build/robotiq_description
[0.185s] -- Install configuration: ""
[0.186s] -- Up-to-date: /home/darsh/UR_GRIPPER/install/robotiq_description/share/robotiq_description/urdf
[0.188s] -- Up-to-date: /home/darsh/UR_GRIPPER/install/robotiq_description/share/robotiq_description/urdf/ur.urdf
[0.188s] -- Up-to-date: /home/darsh/UR_GRIPPER/install/robotiq_description/share/robotiq_description/urdf/robotiq_85_gripper2.xacro
[0.189s] -- Up-to-date: /home/darsh/UR_GRIPPER/install/robotiq_description/share/robotiq_description/urdf/robotiq_85_gripper.urdf.xacro
[0.189s] -- Up-to-date: /home/darsh/UR_GRIPPER/install/robotiq_description/share/robotiq_description/urdf/robotiq_85_gripper.xacro
[0.190s] -- Up-to-date: /home/darsh/UR_GRIPPER/install/robotiq_description/share/robotiq_description/urdf/robotiq_85_gripper_sim_base.urdf.xacro
[0.190s] -- Up-to-date: /home/darsh/UR_GRIPPER/install/robotiq_description/share/robotiq_description/urdf/robotiq_85_gripper.transmission.xacro
[0.192s] -- Up-to-date: /home/darsh/UR_GRIPPER/install/robotiq_description/share/robotiq_description/meshes
[0.192s] -- Up-to-date: /home/darsh/UR_GRIPPER/install/robotiq_description/share/robotiq_description/meshes/collision
[0.195s] -- Up-to-date: /home/darsh/UR_GRIPPER/install/robotiq_description/share/robotiq_description/meshes/collision/robotiq_85_finger_link.stl
[0.196s] -- Up-to-date: /home/darsh/UR_GRIPPER/install/robotiq_description/share/robotiq_description/meshes/collision/robotiq_85_knuckle_link.stl
[0.196s] -- Up-to-date: /home/darsh/UR_GRIPPER/install/robotiq_description/share/robotiq_description/meshes/collision/robotiq_85_inner_knuckle_link.stl
[0.197s] -- Up-to-date: /home/darsh/UR_GRIPPER/install/robotiq_description/share/robotiq_description/meshes/collision/robotiq_85_finger_tip_link.stl
[0.198s] -- Up-to-date: /home/darsh/UR_GRIPPER/install/robotiq_description/share/robotiq_description/meshes/collision/robotiq_85_base_link.stl
[0.198s] -- Up-to-date: /home/darsh/UR_GRIPPER/install/robotiq_description/share/robotiq_description/meshes/visual
[0.199s] -- Up-to-date: /home/darsh/UR_GRIPPER/install/robotiq_description/share/robotiq_description/meshes/visual/robotiq_85_finger_link.dae
[0.200s] -- Up-to-date: /home/darsh/UR_GRIPPER/install/robotiq_description/share/robotiq_description/meshes/visual/robotiq_85_inner_knuckle_link.dae
[0.200s] -- Up-to-date: /home/darsh/UR_GRIPPER/install/robotiq_description/share/robotiq_description/meshes/visual/robotiq_85_finger_tip_link.dae
[0.201s] -- Up-to-date: /home/darsh/UR_GRIPPER/install/robotiq_description/share/robotiq_description/meshes/visual/robotiq_85_base_link.dae
[0.201s] -- Up-to-date: /home/darsh/UR_GRIPPER/install/robotiq_description/share/robotiq_description/meshes/visual/robotiq_85_knuckle_link.dae
[0.202s] -- Up-to-date: /home/darsh/UR_GRIPPER/install/robotiq_description/share/robotiq_description/launch
[0.202s] -- Up-to-date: /home/darsh/UR_GRIPPER/install/robotiq_description/share/robotiq_description/launch/spawn_robotiq_85_gripper.launch.py
[0.203s] -- Up-to-date: /home/darsh/UR_GRIPPER/install/robotiq_description/share/robotiq_description/config
[0.204s] -- Up-to-date: /home/darsh/UR_GRIPPER/install/robotiq_description/share/robotiq_description/config/config.rviz
[0.204s] -- Up-to-date: /home/darsh/UR_GRIPPER/install/robotiq_description/share/ament_index/resource_index/package_run_dependencies/robotiq_description
[0.205s] -- Up-to-date: /home/darsh/UR_GRIPPER/install/robotiq_description/share/ament_index/resource_index/parent_prefix_path/robotiq_description
[0.205s] -- Up-to-date: /home/darsh/UR_GRIPPER/install/robotiq_description/share/robotiq_description/environment/ament_prefix_path.sh
[0.206s] -- Up-to-date: /home/darsh/UR_GRIPPER/install/robotiq_description/share/robotiq_description/environment/ament_prefix_path.dsv
[0.208s] -- Up-to-date: /home/darsh/UR_GRIPPER/install/robotiq_description/share/robotiq_description/environment/path.sh
[0.209s] -- Up-to-date: /home/darsh/UR_GRIPPER/install/robotiq_description/share/robotiq_description/environment/path.dsv
[0.210s] -- Up-to-date: /home/darsh/UR_GRIPPER/install/robotiq_description/share/robotiq_description/local_setup.bash
[0.210s] -- Up-to-date: /home/darsh/UR_GRIPPER/install/robotiq_description/share/robotiq_description/local_setup.sh
[0.211s] -- Up-to-date: /home/darsh/UR_GRIPPER/install/robotiq_description/share/robotiq_description/local_setup.zsh
[0.211s] -- Up-to-date: /home/darsh/UR_GRIPPER/install/robotiq_description/share/robotiq_description/local_setup.dsv
[0.213s] -- Installing: /home/darsh/UR_GRIPPER/install/robotiq_description/share/robotiq_description/package.dsv
[0.214s] -- Up-to-date: /home/darsh/UR_GRIPPER/install/robotiq_description/share/ament_index/resource_index/packages/robotiq_description
[0.215s] -- Up-to-date: /home/darsh/UR_GRIPPER/install/robotiq_description/share/robotiq_description/cmake/robotiq_descriptionConfig.cmake
[0.216s] -- Up-to-date: /home/darsh/UR_GRIPPER/install/robotiq_description/share/robotiq_description/cmake/robotiq_descriptionConfig-version.cmake
[0.217s] -- Up-to-date: /home/darsh/UR_GRIPPER/install/robotiq_description/share/robotiq_description/package.xml
[0.741s] Invoked command in '/home/darsh/UR_GRIPPER/build/robotiq_description' returned '0': CMAKE_PREFIX_PATH=${CMAKE_PREFIX_PATH}:/opt/ros/jazzy /usr/bin/cmake --install /home/darsh/UR_GRIPPER/build/robotiq_description
