[0.171s] DEBUG:colcon:Command line arguments: ['/usr/bin/colcon', 'build']
[0.171s] DEBUG:colcon:Parsed command line arguments: Namespace(log_base=None, log_level=None, verb_name='build', build_base='build', install_base='install', merge_install=False, symlink_install=False, test_result_base=None, continue_on_error=False, executor='parallel', parallel_workers=16, event_handlers=None, ignore_user_meta=False, metas=['./colcon.meta'], base_paths=['.'], packages_ignore=None, packages_ignore_regex=None, paths=None, packages_up_to=None, packages_up_to_regex=None, packages_above=None, packages_above_and_dependencies=None, packages_above_depth=None, packages_select_by_dep=None, packages_skip_by_dep=None, packages_skip_up_to=None, packages_select_build_failed=False, packages_skip_build_finished=False, packages_select_test_failures=False, packages_skip_test_passed=False, packages_select=None, packages_skip=None, packages_select_regex=None, packages_skip_regex=None, packages_start=None, packages_end=None, allow_overriding=[], cmake_args=None, cmake_target=None, cmake_target_skip_unavailable=False, cmake_clean_cache=False, cmake_clean_first=False, cmake_force_configure=False, ament_cmake_args=None, catkin_cmake_args=None, catkin_skip_building_tests=False, verb_parser=<colcon_defaults.argument_parser.defaults.DefaultArgumentsDecorator object at 0x7f35ca2d2a80>, verb_extension=<colcon_core.verb.build.BuildVerb object at 0x7f35ca2748f0>, main=<bound method BuildVerb.main of <colcon_core.verb.build.BuildVerb object at 0x7f35ca2748f0>>)
[0.212s] Level 1:colcon.colcon_core.package_discovery:discover_packages(colcon_meta) check parameters
[0.212s] Level 1:colcon.colcon_core.package_discovery:discover_packages(recursive) check parameters
[0.212s] Level 1:colcon.colcon_core.package_discovery:discover_packages(ignore) check parameters
[0.212s] Level 1:colcon.colcon_core.package_discovery:discover_packages(path) check parameters
[0.212s] Level 1:colcon.colcon_core.package_discovery:discover_packages(colcon_meta) discover
[0.212s] Level 1:colcon.colcon_core.package_discovery:discover_packages(recursive) discover
[0.212s] INFO:colcon.colcon_core.package_discovery:Crawling recursively for packages in '/home/darsh/UR_GRIPPER'
[0.212s] Level 1:colcon.colcon_core.package_identification:_identify(.) by extensions ['ignore', 'ignore_ament_install']
[0.212s] Level 1:colcon.colcon_core.package_identification:_identify(.) by extension 'ignore'
[0.212s] Level 1:colcon.colcon_core.package_identification:_identify(.) by extension 'ignore_ament_install'
[0.212s] Level 1:colcon.colcon_core.package_identification:_identify(.) by extensions ['colcon_pkg']
[0.212s] Level 1:colcon.colcon_core.package_identification:_identify(.) by extension 'colcon_pkg'
[0.212s] Level 1:colcon.colcon_core.package_identification:_identify(.) by extensions ['colcon_meta']
[0.212s] Level 1:colcon.colcon_core.package_identification:_identify(.) by extension 'colcon_meta'
[0.212s] Level 1:colcon.colcon_core.package_identification:_identify(.) by extensions ['ros']
[0.213s] Level 1:colcon.colcon_core.package_identification:_identify(.) by extension 'ros'
[0.237s] Level 1:colcon.colcon_core.package_identification:_identify(.) by extensions ['cmake', 'python']
[0.237s] Level 1:colcon.colcon_core.package_identification:_identify(.) by extension 'cmake'
[0.237s] Level 1:colcon.colcon_core.package_identification:_identify(.) by extension 'python'
[0.237s] Level 1:colcon.colcon_core.package_identification:_identify(.) by extensions ['python_setup_py']
[0.237s] Level 1:colcon.colcon_core.package_identification:_identify(.) by extension 'python_setup_py'
[0.237s] Level 1:colcon.colcon_core.package_identification:_identify(build) by extensions ['ignore', 'ignore_ament_install']
[0.237s] Level 1:colcon.colcon_core.package_identification:_identify(build) by extension 'ignore'
[0.238s] Level 1:colcon.colcon_core.package_identification:_identify(build) ignored
[0.238s] Level 1:colcon.colcon_core.package_identification:_identify(images) by extensions ['ignore', 'ignore_ament_install']
[0.238s] Level 1:colcon.colcon_core.package_identification:_identify(images) by extension 'ignore'
[0.238s] Level 1:colcon.colcon_core.package_identification:_identify(images) by extension 'ignore_ament_install'
[0.238s] Level 1:colcon.colcon_core.package_identification:_identify(images) by extensions ['colcon_pkg']
[0.238s] Level 1:colcon.colcon_core.package_identification:_identify(images) by extension 'colcon_pkg'
[0.238s] Level 1:colcon.colcon_core.package_identification:_identify(images) by extensions ['colcon_meta']
[0.238s] Level 1:colcon.colcon_core.package_identification:_identify(images) by extension 'colcon_meta'
[0.238s] Level 1:colcon.colcon_core.package_identification:_identify(images) by extensions ['ros']
[0.238s] Level 1:colcon.colcon_core.package_identification:_identify(images) by extension 'ros'
[0.238s] Level 1:colcon.colcon_core.package_identification:_identify(images) by extensions ['cmake', 'python']
[0.238s] Level 1:colcon.colcon_core.package_identification:_identify(images) by extension 'cmake'
[0.238s] Level 1:colcon.colcon_core.package_identification:_identify(images) by extension 'python'
[0.238s] Level 1:colcon.colcon_core.package_identification:_identify(images) by extensions ['python_setup_py']
[0.239s] Level 1:colcon.colcon_core.package_identification:_identify(images) by extension 'python_setup_py'
[0.239s] Level 1:colcon.colcon_core.package_identification:_identify(install) by extensions ['ignore', 'ignore_ament_install']
[0.239s] Level 1:colcon.colcon_core.package_identification:_identify(install) by extension 'ignore'
[0.239s] Level 1:colcon.colcon_core.package_identification:_identify(install) ignored
[0.239s] Level 1:colcon.colcon_core.package_identification:_identify(log) by extensions ['ignore', 'ignore_ament_install']
[0.239s] Level 1:colcon.colcon_core.package_identification:_identify(log) by extension 'ignore'
[0.239s] Level 1:colcon.colcon_core.package_identification:_identify(log) ignored
[0.239s] Level 1:colcon.colcon_core.package_identification:_identify(src) by extensions ['ignore', 'ignore_ament_install']
[0.239s] Level 1:colcon.colcon_core.package_identification:_identify(src) by extension 'ignore'
[0.239s] Level 1:colcon.colcon_core.package_identification:_identify(src) by extension 'ignore_ament_install'
[0.239s] Level 1:colcon.colcon_core.package_identification:_identify(src) by extensions ['colcon_pkg']
[0.239s] Level 1:colcon.colcon_core.package_identification:_identify(src) by extension 'colcon_pkg'
[0.239s] Level 1:colcon.colcon_core.package_identification:_identify(src) by extensions ['colcon_meta']
[0.240s] Level 1:colcon.colcon_core.package_identification:_identify(src) by extension 'colcon_meta'
[0.240s] Level 1:colcon.colcon_core.package_identification:_identify(src) by extensions ['ros']
[0.240s] Level 1:colcon.colcon_core.package_identification:_identify(src) by extension 'ros'
[0.240s] Level 1:colcon.colcon_core.package_identification:_identify(src) by extensions ['cmake', 'python']
[0.240s] Level 1:colcon.colcon_core.package_identification:_identify(src) by extension 'cmake'
[0.240s] Level 1:colcon.colcon_core.package_identification:_identify(src) by extension 'python'
[0.240s] Level 1:colcon.colcon_core.package_identification:_identify(src) by extensions ['python_setup_py']
[0.240s] Level 1:colcon.colcon_core.package_identification:_identify(src) by extension 'python_setup_py'
[0.240s] Level 1:colcon.colcon_core.package_identification:_identify(src/moveit_config) by extensions ['ignore', 'ignore_ament_install']
[0.240s] Level 1:colcon.colcon_core.package_identification:_identify(src/moveit_config) by extension 'ignore'
[0.240s] Level 1:colcon.colcon_core.package_identification:_identify(src/moveit_config) by extension 'ignore_ament_install'
[0.240s] Level 1:colcon.colcon_core.package_identification:_identify(src/moveit_config) by extensions ['colcon_pkg']
[0.240s] Level 1:colcon.colcon_core.package_identification:_identify(src/moveit_config) by extension 'colcon_pkg'
[0.240s] Level 1:colcon.colcon_core.package_identification:_identify(src/moveit_config) by extensions ['colcon_meta']
[0.240s] Level 1:colcon.colcon_core.package_identification:_identify(src/moveit_config) by extension 'colcon_meta'
[0.240s] Level 1:colcon.colcon_core.package_identification:_identify(src/moveit_config) by extensions ['ros']
[0.240s] Level 1:colcon.colcon_core.package_identification:_identify(src/moveit_config) by extension 'ros'
[0.243s] DEBUG:colcon.colcon_core.package_identification:Package 'src/moveit_config' with type 'ros.ament_cmake' and name 'moveit_config'
[0.243s] Level 1:colcon.colcon_core.package_identification:_identify(src/robotiq_description) by extensions ['ignore', 'ignore_ament_install']
[0.243s] Level 1:colcon.colcon_core.package_identification:_identify(src/robotiq_description) by extension 'ignore'
[0.244s] Level 1:colcon.colcon_core.package_identification:_identify(src/robotiq_description) by extension 'ignore_ament_install'
[0.244s] Level 1:colcon.colcon_core.package_identification:_identify(src/robotiq_description) by extensions ['colcon_pkg']
[0.244s] Level 1:colcon.colcon_core.package_identification:_identify(src/robotiq_description) by extension 'colcon_pkg'
[0.244s] Level 1:colcon.colcon_core.package_identification:_identify(src/robotiq_description) by extensions ['colcon_meta']
[0.244s] Level 1:colcon.colcon_core.package_identification:_identify(src/robotiq_description) by extension 'colcon_meta'
[0.244s] Level 1:colcon.colcon_core.package_identification:_identify(src/robotiq_description) by extensions ['ros']
[0.244s] Level 1:colcon.colcon_core.package_identification:_identify(src/robotiq_description) by extension 'ros'
[0.244s] DEBUG:colcon.colcon_core.package_identification:Package 'src/robotiq_description' with type 'ros.ament_cmake' and name 'robotiq_description'
[0.245s] Level 1:colcon.colcon_core.package_identification:_identify(src/ur_description) by extensions ['ignore', 'ignore_ament_install']
[0.245s] Level 1:colcon.colcon_core.package_identification:_identify(src/ur_description) by extension 'ignore'
[0.245s] Level 1:colcon.colcon_core.package_identification:_identify(src/ur_description) by extension 'ignore_ament_install'
[0.245s] Level 1:colcon.colcon_core.package_identification:_identify(src/ur_description) by extensions ['colcon_pkg']
[0.245s] Level 1:colcon.colcon_core.package_identification:_identify(src/ur_description) by extension 'colcon_pkg'
[0.245s] Level 1:colcon.colcon_core.package_identification:_identify(src/ur_description) by extensions ['colcon_meta']
[0.245s] Level 1:colcon.colcon_core.package_identification:_identify(src/ur_description) by extension 'colcon_meta'
[0.245s] Level 1:colcon.colcon_core.package_identification:_identify(src/ur_description) by extensions ['ros']
[0.245s] Level 1:colcon.colcon_core.package_identification:_identify(src/ur_description) by extension 'ros'
[0.246s] DEBUG:colcon.colcon_core.package_identification:Package 'src/ur_description' with type 'ros.ament_cmake' and name 'ur_description'
[0.246s] Level 1:colcon.colcon_core.package_identification:_identify(src/ur_gazebo) by extensions ['ignore', 'ignore_ament_install']
[0.246s] Level 1:colcon.colcon_core.package_identification:_identify(src/ur_gazebo) by extension 'ignore'
[0.246s] Level 1:colcon.colcon_core.package_identification:_identify(src/ur_gazebo) by extension 'ignore_ament_install'
[0.246s] Level 1:colcon.colcon_core.package_identification:_identify(src/ur_gazebo) by extensions ['colcon_pkg']
[0.246s] Level 1:colcon.colcon_core.package_identification:_identify(src/ur_gazebo) by extension 'colcon_pkg'
[0.246s] Level 1:colcon.colcon_core.package_identification:_identify(src/ur_gazebo) by extensions ['colcon_meta']
[0.246s] Level 1:colcon.colcon_core.package_identification:_identify(src/ur_gazebo) by extension 'colcon_meta'
[0.246s] Level 1:colcon.colcon_core.package_identification:_identify(src/ur_gazebo) by extensions ['ros']
[0.246s] Level 1:colcon.colcon_core.package_identification:_identify(src/ur_gazebo) by extension 'ros'
[0.247s] DEBUG:colcon.colcon_core.package_identification:Package 'src/ur_gazebo' with type 'ros.ament_cmake' and name 'ur_gazebo'
[0.247s] Level 1:colcon.colcon_core.package_identification:_identify(src/ur_interfaces) by extensions ['ignore', 'ignore_ament_install']
[0.248s] Level 1:colcon.colcon_core.package_identification:_identify(src/ur_interfaces) by extension 'ignore'
[0.248s] Level 1:colcon.colcon_core.package_identification:_identify(src/ur_interfaces) by extension 'ignore_ament_install'
[0.248s] Level 1:colcon.colcon_core.package_identification:_identify(src/ur_interfaces) by extensions ['colcon_pkg']
[0.248s] Level 1:colcon.colcon_core.package_identification:_identify(src/ur_interfaces) by extension 'colcon_pkg'
[0.248s] Level 1:colcon.colcon_core.package_identification:_identify(src/ur_interfaces) by extensions ['colcon_meta']
[0.248s] Level 1:colcon.colcon_core.package_identification:_identify(src/ur_interfaces) by extension 'colcon_meta'
[0.248s] Level 1:colcon.colcon_core.package_identification:_identify(src/ur_interfaces) by extensions ['ros']
[0.248s] Level 1:colcon.colcon_core.package_identification:_identify(src/ur_interfaces) by extension 'ros'
[0.248s] DEBUG:colcon.colcon_core.package_identification:Package 'src/ur_interfaces' with type 'ros.ament_cmake' and name 'ur_interfaces'
[0.248s] Level 1:colcon.colcon_core.package_identification:_identify(src/ur_system_tests) by extensions ['ignore', 'ignore_ament_install']
[0.249s] Level 1:colcon.colcon_core.package_identification:_identify(src/ur_system_tests) by extension 'ignore'
[0.249s] Level 1:colcon.colcon_core.package_identification:_identify(src/ur_system_tests) by extension 'ignore_ament_install'
[0.249s] Level 1:colcon.colcon_core.package_identification:_identify(src/ur_system_tests) by extensions ['colcon_pkg']
[0.249s] Level 1:colcon.colcon_core.package_identification:_identify(src/ur_system_tests) by extension 'colcon_pkg'
[0.249s] Level 1:colcon.colcon_core.package_identification:_identify(src/ur_system_tests) by extensions ['colcon_meta']
[0.249s] Level 1:colcon.colcon_core.package_identification:_identify(src/ur_system_tests) by extension 'colcon_meta'
[0.249s] Level 1:colcon.colcon_core.package_identification:_identify(src/ur_system_tests) by extensions ['ros']
[0.249s] Level 1:colcon.colcon_core.package_identification:_identify(src/ur_system_tests) by extension 'ros'
[0.250s] DEBUG:colcon.colcon_core.package_identification:Package 'src/ur_system_tests' with type 'ros.ament_cmake' and name 'ur_system_tests'
[0.250s] Level 1:colcon.colcon_core.package_discovery:discover_packages(recursive) using defaults
[0.250s] Level 1:colcon.colcon_core.package_discovery:discover_packages(ignore) discover
[0.250s] Level 1:colcon.colcon_core.package_discovery:discover_packages(ignore) using defaults
[0.250s] Level 1:colcon.colcon_core.package_discovery:discover_packages(path) discover
[0.250s] Level 1:colcon.colcon_core.package_discovery:discover_packages(path) using defaults
[0.268s] Level 1:colcon.colcon_core.package_discovery:discover_packages(prefix_path) check parameters
[0.268s] Level 1:colcon.colcon_core.package_discovery:discover_packages(prefix_path) discover
[0.270s] DEBUG:colcon.colcon_installed_package_information.package_discovery:Found 6 installed packages in /home/darsh/UR_GRIPPER/install
[0.272s] DEBUG:colcon.colcon_installed_package_information.package_discovery:Found 432 installed packages in /opt/ros/jazzy
[0.274s] Level 1:colcon.colcon_core.package_discovery:discover_packages(prefix_path) using defaults
[0.335s] Level 5:colcon.colcon_core.verb:set package 'robotiq_description' build argument 'cmake_args' from command line to 'None'
[0.335s] Level 5:colcon.colcon_core.verb:set package 'robotiq_description' build argument 'cmake_target' from command line to 'None'
[0.335s] Level 5:colcon.colcon_core.verb:set package 'robotiq_description' build argument 'cmake_target_skip_unavailable' from command line to 'False'
[0.335s] Level 5:colcon.colcon_core.verb:set package 'robotiq_description' build argument 'cmake_clean_cache' from command line to 'False'
[0.335s] Level 5:colcon.colcon_core.verb:set package 'robotiq_description' build argument 'cmake_clean_first' from command line to 'False'
[0.335s] Level 5:colcon.colcon_core.verb:set package 'robotiq_description' build argument 'cmake_force_configure' from command line to 'False'
[0.335s] Level 5:colcon.colcon_core.verb:set package 'robotiq_description' build argument 'ament_cmake_args' from command line to 'None'
[0.335s] Level 5:colcon.colcon_core.verb:set package 'robotiq_description' build argument 'catkin_cmake_args' from command line to 'None'
[0.335s] Level 5:colcon.colcon_core.verb:set package 'robotiq_description' build argument 'catkin_skip_building_tests' from command line to 'False'
[0.335s] DEBUG:colcon.colcon_core.verb:Building package 'robotiq_description' with the following arguments: {'ament_cmake_args': None, 'build_base': '/home/darsh/UR_GRIPPER/build/robotiq_description', 'catkin_cmake_args': None, 'catkin_skip_building_tests': False, 'cmake_args': None, 'cmake_clean_cache': False, 'cmake_clean_first': False, 'cmake_force_configure': False, 'cmake_target': None, 'cmake_target_skip_unavailable': False, 'install_base': '/home/darsh/UR_GRIPPER/install/robotiq_description', 'merge_install': False, 'path': '/home/darsh/UR_GRIPPER/src/robotiq_description', 'symlink_install': False, 'test_result_base': None}
[0.335s] Level 5:colcon.colcon_core.verb:set package 'ur_description' build argument 'cmake_args' from command line to 'None'
[0.335s] Level 5:colcon.colcon_core.verb:set package 'ur_description' build argument 'cmake_target' from command line to 'None'
[0.335s] Level 5:colcon.colcon_core.verb:set package 'ur_description' build argument 'cmake_target_skip_unavailable' from command line to 'False'
[0.336s] Level 5:colcon.colcon_core.verb:set package 'ur_description' build argument 'cmake_clean_cache' from command line to 'False'
[0.336s] Level 5:colcon.colcon_core.verb:set package 'ur_description' build argument 'cmake_clean_first' from command line to 'False'
[0.336s] Level 5:colcon.colcon_core.verb:set package 'ur_description' build argument 'cmake_force_configure' from command line to 'False'
[0.336s] Level 5:colcon.colcon_core.verb:set package 'ur_description' build argument 'ament_cmake_args' from command line to 'None'
[0.336s] Level 5:colcon.colcon_core.verb:set package 'ur_description' build argument 'catkin_cmake_args' from command line to 'None'
[0.336s] Level 5:colcon.colcon_core.verb:set package 'ur_description' build argument 'catkin_skip_building_tests' from command line to 'False'
[0.336s] DEBUG:colcon.colcon_core.verb:Building package 'ur_description' with the following arguments: {'ament_cmake_args': None, 'build_base': '/home/darsh/UR_GRIPPER/build/ur_description', 'catkin_cmake_args': None, 'catkin_skip_building_tests': False, 'cmake_args': None, 'cmake_clean_cache': False, 'cmake_clean_first': False, 'cmake_force_configure': False, 'cmake_target': None, 'cmake_target_skip_unavailable': False, 'install_base': '/home/darsh/UR_GRIPPER/install/ur_description', 'merge_install': False, 'path': '/home/darsh/UR_GRIPPER/src/ur_description', 'symlink_install': False, 'test_result_base': None}
[0.336s] Level 5:colcon.colcon_core.verb:set package 'ur_gazebo' build argument 'cmake_args' from command line to 'None'
[0.336s] Level 5:colcon.colcon_core.verb:set package 'ur_gazebo' build argument 'cmake_target' from command line to 'None'
[0.336s] Level 5:colcon.colcon_core.verb:set package 'ur_gazebo' build argument 'cmake_target_skip_unavailable' from command line to 'False'
[0.336s] Level 5:colcon.colcon_core.verb:set package 'ur_gazebo' build argument 'cmake_clean_cache' from command line to 'False'
[0.336s] Level 5:colcon.colcon_core.verb:set package 'ur_gazebo' build argument 'cmake_clean_first' from command line to 'False'
[0.336s] Level 5:colcon.colcon_core.verb:set package 'ur_gazebo' build argument 'cmake_force_configure' from command line to 'False'
[0.336s] Level 5:colcon.colcon_core.verb:set package 'ur_gazebo' build argument 'ament_cmake_args' from command line to 'None'
[0.336s] Level 5:colcon.colcon_core.verb:set package 'ur_gazebo' build argument 'catkin_cmake_args' from command line to 'None'
[0.336s] Level 5:colcon.colcon_core.verb:set package 'ur_gazebo' build argument 'catkin_skip_building_tests' from command line to 'False'
[0.336s] DEBUG:colcon.colcon_core.verb:Building package 'ur_gazebo' with the following arguments: {'ament_cmake_args': None, 'build_base': '/home/darsh/UR_GRIPPER/build/ur_gazebo', 'catkin_cmake_args': None, 'catkin_skip_building_tests': False, 'cmake_args': None, 'cmake_clean_cache': False, 'cmake_clean_first': False, 'cmake_force_configure': False, 'cmake_target': None, 'cmake_target_skip_unavailable': False, 'install_base': '/home/darsh/UR_GRIPPER/install/ur_gazebo', 'merge_install': False, 'path': '/home/darsh/UR_GRIPPER/src/ur_gazebo', 'symlink_install': False, 'test_result_base': None}
[0.336s] Level 5:colcon.colcon_core.verb:set package 'ur_interfaces' build argument 'cmake_args' from command line to 'None'
[0.337s] Level 5:colcon.colcon_core.verb:set package 'ur_interfaces' build argument 'cmake_target' from command line to 'None'
[0.337s] Level 5:colcon.colcon_core.verb:set package 'ur_interfaces' build argument 'cmake_target_skip_unavailable' from command line to 'False'
[0.337s] Level 5:colcon.colcon_core.verb:set package 'ur_interfaces' build argument 'cmake_clean_cache' from command line to 'False'
[0.337s] Level 5:colcon.colcon_core.verb:set package 'ur_interfaces' build argument 'cmake_clean_first' from command line to 'False'
[0.337s] Level 5:colcon.colcon_core.verb:set package 'ur_interfaces' build argument 'cmake_force_configure' from command line to 'False'
[0.337s] Level 5:colcon.colcon_core.verb:set package 'ur_interfaces' build argument 'ament_cmake_args' from command line to 'None'
[0.337s] Level 5:colcon.colcon_core.verb:set package 'ur_interfaces' build argument 'catkin_cmake_args' from command line to 'None'
[0.337s] Level 5:colcon.colcon_core.verb:set package 'ur_interfaces' build argument 'catkin_skip_building_tests' from command line to 'False'
[0.337s] DEBUG:colcon.colcon_core.verb:Building package 'ur_interfaces' with the following arguments: {'ament_cmake_args': None, 'build_base': '/home/darsh/UR_GRIPPER/build/ur_interfaces', 'catkin_cmake_args': None, 'catkin_skip_building_tests': False, 'cmake_args': None, 'cmake_clean_cache': False, 'cmake_clean_first': False, 'cmake_force_configure': False, 'cmake_target': None, 'cmake_target_skip_unavailable': False, 'install_base': '/home/darsh/UR_GRIPPER/install/ur_interfaces', 'merge_install': False, 'path': '/home/darsh/UR_GRIPPER/src/ur_interfaces', 'symlink_install': False, 'test_result_base': None}
[0.337s] Level 5:colcon.colcon_core.verb:set package 'ur_system_tests' build argument 'cmake_args' from command line to 'None'
[0.337s] Level 5:colcon.colcon_core.verb:set package 'ur_system_tests' build argument 'cmake_target' from command line to 'None'
[0.337s] Level 5:colcon.colcon_core.verb:set package 'ur_system_tests' build argument 'cmake_target_skip_unavailable' from command line to 'False'
[0.337s] Level 5:colcon.colcon_core.verb:set package 'ur_system_tests' build argument 'cmake_clean_cache' from command line to 'False'
[0.337s] Level 5:colcon.colcon_core.verb:set package 'ur_system_tests' build argument 'cmake_clean_first' from command line to 'False'
[0.337s] Level 5:colcon.colcon_core.verb:set package 'ur_system_tests' build argument 'cmake_force_configure' from command line to 'False'
[0.337s] Level 5:colcon.colcon_core.verb:set package 'ur_system_tests' build argument 'ament_cmake_args' from command line to 'None'
[0.337s] Level 5:colcon.colcon_core.verb:set package 'ur_system_tests' build argument 'catkin_cmake_args' from command line to 'None'
[0.337s] Level 5:colcon.colcon_core.verb:set package 'ur_system_tests' build argument 'catkin_skip_building_tests' from command line to 'False'
[0.337s] DEBUG:colcon.colcon_core.verb:Building package 'ur_system_tests' with the following arguments: {'ament_cmake_args': None, 'build_base': '/home/darsh/UR_GRIPPER/build/ur_system_tests', 'catkin_cmake_args': None, 'catkin_skip_building_tests': False, 'cmake_args': None, 'cmake_clean_cache': False, 'cmake_clean_first': False, 'cmake_force_configure': False, 'cmake_target': None, 'cmake_target_skip_unavailable': False, 'install_base': '/home/darsh/UR_GRIPPER/install/ur_system_tests', 'merge_install': False, 'path': '/home/darsh/UR_GRIPPER/src/ur_system_tests', 'symlink_install': False, 'test_result_base': None}
[0.337s] Level 5:colcon.colcon_core.verb:set package 'moveit_config' build argument 'cmake_args' from command line to 'None'
[0.338s] Level 5:colcon.colcon_core.verb:set package 'moveit_config' build argument 'cmake_target' from command line to 'None'
[0.338s] Level 5:colcon.colcon_core.verb:set package 'moveit_config' build argument 'cmake_target_skip_unavailable' from command line to 'False'
[0.338s] Level 5:colcon.colcon_core.verb:set package 'moveit_config' build argument 'cmake_clean_cache' from command line to 'False'
[0.338s] Level 5:colcon.colcon_core.verb:set package 'moveit_config' build argument 'cmake_clean_first' from command line to 'False'
[0.338s] Level 5:colcon.colcon_core.verb:set package 'moveit_config' build argument 'cmake_force_configure' from command line to 'False'
[0.338s] Level 5:colcon.colcon_core.verb:set package 'moveit_config' build argument 'ament_cmake_args' from command line to 'None'
[0.338s] Level 5:colcon.colcon_core.verb:set package 'moveit_config' build argument 'catkin_cmake_args' from command line to 'None'
[0.338s] Level 5:colcon.colcon_core.verb:set package 'moveit_config' build argument 'catkin_skip_building_tests' from command line to 'False'
[0.338s] DEBUG:colcon.colcon_core.verb:Building package 'moveit_config' with the following arguments: {'ament_cmake_args': None, 'build_base': '/home/darsh/UR_GRIPPER/build/moveit_config', 'catkin_cmake_args': None, 'catkin_skip_building_tests': False, 'cmake_args': None, 'cmake_clean_cache': False, 'cmake_clean_first': False, 'cmake_force_configure': False, 'cmake_target': None, 'cmake_target_skip_unavailable': False, 'install_base': '/home/darsh/UR_GRIPPER/install/moveit_config', 'merge_install': False, 'path': '/home/darsh/UR_GRIPPER/src/moveit_config', 'symlink_install': False, 'test_result_base': None}
[0.338s] INFO:colcon.colcon_core.executor:Executing jobs using 'parallel' executor
[0.339s] DEBUG:colcon.colcon_parallel_executor.executor.parallel:run_until_complete
[0.339s] INFO:colcon.colcon_ros.task.ament_cmake.build:Building ROS package in '/home/darsh/UR_GRIPPER/src/ur_description' with build type 'ament_cmake'
[0.339s] INFO:colcon.colcon_cmake.task.cmake.build:Building CMake package in '/home/darsh/UR_GRIPPER/src/ur_description'
[0.342s] INFO:colcon.colcon_core.plugin_system:Skipping extension 'colcon_core.shell.bat': Not used on non-Windows systems
[0.342s] INFO:colcon.colcon_core.shell:Skip shell extension 'powershell' for command environment: Not usable outside of PowerShell
[0.342s] DEBUG:colcon.colcon_core.shell:Skip shell extension 'dsv' for command environment
[0.346s] INFO:colcon.colcon_ros.task.ament_cmake.build:Building ROS package in '/home/darsh/UR_GRIPPER/src/robotiq_description' with build type 'ament_cmake'
[0.346s] INFO:colcon.colcon_cmake.task.cmake.build:Building CMake package in '/home/darsh/UR_GRIPPER/src/robotiq_description'
[0.346s] INFO:colcon.colcon_core.shell:Skip shell extension 'powershell' for command environment: Not usable outside of PowerShell
[0.346s] DEBUG:colcon.colcon_core.shell:Skip shell extension 'dsv' for command environment
[0.350s] INFO:colcon.colcon_ros.task.ament_cmake.build:Building ROS package in '/home/darsh/UR_GRIPPER/src/ur_gazebo' with build type 'ament_cmake'
[0.350s] INFO:colcon.colcon_cmake.task.cmake.build:Building CMake package in '/home/darsh/UR_GRIPPER/src/ur_gazebo'
[0.350s] INFO:colcon.colcon_core.shell:Skip shell extension 'powershell' for command environment: Not usable outside of PowerShell
[0.351s] DEBUG:colcon.colcon_core.shell:Skip shell extension 'dsv' for command environment
[0.355s] INFO:colcon.colcon_ros.task.ament_cmake.build:Building ROS package in '/home/darsh/UR_GRIPPER/src/ur_interfaces' with build type 'ament_cmake'
[0.355s] INFO:colcon.colcon_cmake.task.cmake.build:Building CMake package in '/home/darsh/UR_GRIPPER/src/ur_interfaces'
[0.355s] INFO:colcon.colcon_core.shell:Skip shell extension 'powershell' for command environment: Not usable outside of PowerShell
[0.355s] DEBUG:colcon.colcon_core.shell:Skip shell extension 'dsv' for command environment
[0.360s] INFO:colcon.colcon_ros.task.ament_cmake.build:Building ROS package in '/home/darsh/UR_GRIPPER/src/ur_system_tests' with build type 'ament_cmake'
[0.360s] INFO:colcon.colcon_cmake.task.cmake.build:Building CMake package in '/home/darsh/UR_GRIPPER/src/ur_system_tests'
[0.360s] INFO:colcon.colcon_core.shell:Skip shell extension 'powershell' for command environment: Not usable outside of PowerShell
[0.360s] DEBUG:colcon.colcon_core.shell:Skip shell extension 'dsv' for command environment
[0.373s] DEBUG:colcon.colcon_core.event_handler.log_command:Invoking command in '/home/darsh/UR_GRIPPER/build/ur_description': CMAKE_PREFIX_PATH=${CMAKE_PREFIX_PATH}:/opt/ros/jazzy /usr/bin/cmake --build /home/darsh/UR_GRIPPER/build/ur_description -- -j16 -l16
[0.377s] DEBUG:colcon.colcon_core.event_handler.log_command:Invoking command in '/home/darsh/UR_GRIPPER/build/robotiq_description': CMAKE_PREFIX_PATH=${CMAKE_PREFIX_PATH}:/opt/ros/jazzy /usr/bin/cmake --build /home/darsh/UR_GRIPPER/build/robotiq_description -- -j16 -l16
[0.381s] DEBUG:colcon.colcon_core.event_handler.log_command:Invoking command in '/home/darsh/UR_GRIPPER/build/ur_gazebo': CMAKE_PREFIX_PATH=${CMAKE_PREFIX_PATH}:/opt/ros/jazzy /usr/bin/cmake --build /home/darsh/UR_GRIPPER/build/ur_gazebo -- -j16 -l16
[0.391s] DEBUG:colcon.colcon_core.event_handler.log_command:Invoking command in '/home/darsh/UR_GRIPPER/build/ur_interfaces': CMAKE_PREFIX_PATH=${CMAKE_PREFIX_PATH}:/opt/ros/jazzy /usr/bin/cmake --build /home/darsh/UR_GRIPPER/build/ur_interfaces -- -j16 -l16
[0.398s] DEBUG:colcon.colcon_core.event_handler.log_command:Invoking command in '/home/darsh/UR_GRIPPER/build/ur_system_tests': CMAKE_PREFIX_PATH=${CMAKE_PREFIX_PATH}:/opt/ros/jazzy /usr/bin/cmake --build /home/darsh/UR_GRIPPER/build/ur_system_tests -- -j16 -l16
[0.422s] DEBUG:colcon.colcon_core.event_handler.log_command:Invoked command in '/home/darsh/UR_GRIPPER/build/ur_description' returned '0': CMAKE_PREFIX_PATH=${CMAKE_PREFIX_PATH}:/opt/ros/jazzy /usr/bin/cmake --build /home/darsh/UR_GRIPPER/build/ur_description -- -j16 -l16
[0.432s] DEBUG:colcon.colcon_core.event_handler.log_command:Invoking command in '/home/darsh/UR_GRIPPER/build/ur_description': CMAKE_PREFIX_PATH=${CMAKE_PREFIX_PATH}:/opt/ros/jazzy /usr/bin/cmake --install /home/darsh/UR_GRIPPER/build/ur_description
[0.436s] DEBUG:colcon.colcon_core.event_handler.log_command:Invoked command in '/home/darsh/UR_GRIPPER/build/robotiq_description' returned '0': CMAKE_PREFIX_PATH=${CMAKE_PREFIX_PATH}:/opt/ros/jazzy /usr/bin/cmake --build /home/darsh/UR_GRIPPER/build/robotiq_description -- -j16 -l16
[0.437s] DEBUG:colcon.colcon_core.event_handler.log_command:Invoking command in '/home/darsh/UR_GRIPPER/build/robotiq_description': CMAKE_PREFIX_PATH=${CMAKE_PREFIX_PATH}:/opt/ros/jazzy /usr/bin/cmake --install /home/darsh/UR_GRIPPER/build/robotiq_description
[0.439s] DEBUG:colcon.colcon_core.event_handler.log_command:Invoked command in '/home/darsh/UR_GRIPPER/build/ur_interfaces' returned '0': CMAKE_PREFIX_PATH=${CMAKE_PREFIX_PATH}:/opt/ros/jazzy /usr/bin/cmake --build /home/darsh/UR_GRIPPER/build/ur_interfaces -- -j16 -l16
[0.465s] Level 1:colcon.colcon_core.environment:create_environment_scripts_only(robotiq_description)
[0.496s] DEBUG:colcon.colcon_core.event_handler.log_command:Invoking command in '/home/darsh/UR_GRIPPER/build/ur_interfaces': CMAKE_PREFIX_PATH=${CMAKE_PREFIX_PATH}:/opt/ros/jazzy /usr/bin/cmake --install /home/darsh/UR_GRIPPER/build/ur_interfaces
[0.497s] Level 1:colcon.colcon_core.environment:checking '/home/darsh/UR_GRIPPER/install/robotiq_description' for CMake module files
[0.506s] Level 1:colcon.colcon_core.environment:checking '/home/darsh/UR_GRIPPER/install/robotiq_description' for CMake config files
[0.527s] Level 1:colcon.colcon_core.shell:create_environment_hook('robotiq_description', 'cmake_prefix_path')
[0.528s] INFO:colcon.colcon_core.shell:Creating environment hook '/home/darsh/UR_GRIPPER/install/robotiq_description/share/robotiq_description/hook/cmake_prefix_path.ps1'
[0.530s] INFO:colcon.colcon_core.shell:Creating environment descriptor '/home/darsh/UR_GRIPPER/install/robotiq_description/share/robotiq_description/hook/cmake_prefix_path.dsv'
[0.535s] INFO:colcon.colcon_core.shell:Creating environment hook '/home/darsh/UR_GRIPPER/install/robotiq_description/share/robotiq_description/hook/cmake_prefix_path.sh'
[0.539s] Level 1:colcon.colcon_core.environment:checking '/home/darsh/UR_GRIPPER/install/robotiq_description/bin'
[0.539s] Level 1:colcon.colcon_core.environment:checking '/home/darsh/UR_GRIPPER/install/robotiq_description/lib/pkgconfig/robotiq_description.pc'
[0.539s] Level 1:colcon.colcon_core.environment:checking '/home/darsh/UR_GRIPPER/install/robotiq_description/lib/python3.12/site-packages'
[0.539s] Level 1:colcon.colcon_core.environment:checking '/home/darsh/UR_GRIPPER/install/robotiq_description/bin'
[0.540s] INFO:colcon.colcon_core.shell:Creating package script '/home/darsh/UR_GRIPPER/install/robotiq_description/share/robotiq_description/package.ps1'
[0.543s] INFO:colcon.colcon_core.shell:Creating package descriptor '/home/darsh/UR_GRIPPER/install/robotiq_description/share/robotiq_description/package.dsv'
[0.545s] DEBUG:colcon.colcon_core.event_handler.log_command:Invoked command in '/home/darsh/UR_GRIPPER/build/ur_gazebo' returned '0': CMAKE_PREFIX_PATH=${CMAKE_PREFIX_PATH}:/opt/ros/jazzy /usr/bin/cmake --build /home/darsh/UR_GRIPPER/build/ur_gazebo -- -j16 -l16
[0.546s] INFO:colcon.colcon_core.shell:Creating package script '/home/darsh/UR_GRIPPER/install/robotiq_description/share/robotiq_description/package.sh'
[0.550s] INFO:colcon.colcon_core.shell:Creating package script '/home/darsh/UR_GRIPPER/install/robotiq_description/share/robotiq_description/package.bash'
[0.551s] INFO:colcon.colcon_core.shell:Creating package script '/home/darsh/UR_GRIPPER/install/robotiq_description/share/robotiq_description/package.zsh'
[0.555s] Level 1:colcon.colcon_core.environment:create_file_with_runtime_dependencies(/home/darsh/UR_GRIPPER/install/robotiq_description/share/colcon-core/packages/robotiq_description)
[0.556s] DEBUG:colcon.colcon_core.event_handler.log_command:Invoking command in '/home/darsh/UR_GRIPPER/build/ur_gazebo': CMAKE_PREFIX_PATH=${CMAKE_PREFIX_PATH}:/opt/ros/jazzy /usr/bin/cmake --install /home/darsh/UR_GRIPPER/build/ur_gazebo
[0.558s] Level 1:colcon.colcon_core.environment:create_environment_scripts_only(robotiq_description)
[0.558s] Level 1:colcon.colcon_core.environment:checking '/home/darsh/UR_GRIPPER/install/robotiq_description' for CMake module files
[0.562s] DEBUG:colcon.colcon_core.event_handler.log_command:Invoked command in '/home/darsh/UR_GRIPPER/build/robotiq_description' returned '0': CMAKE_PREFIX_PATH=${CMAKE_PREFIX_PATH}:/opt/ros/jazzy /usr/bin/cmake --install /home/darsh/UR_GRIPPER/build/robotiq_description
[0.563s] Level 1:colcon.colcon_core.environment:checking '/home/darsh/UR_GRIPPER/install/robotiq_description' for CMake config files
[0.574s] Level 1:colcon.colcon_core.shell:create_environment_hook('robotiq_description', 'cmake_prefix_path')
[0.575s] INFO:colcon.colcon_core.shell:Creating environment hook '/home/darsh/UR_GRIPPER/install/robotiq_description/share/robotiq_description/hook/cmake_prefix_path.ps1'
[0.577s] INFO:colcon.colcon_core.shell:Creating environment descriptor '/home/darsh/UR_GRIPPER/install/robotiq_description/share/robotiq_description/hook/cmake_prefix_path.dsv'
[0.583s] INFO:colcon.colcon_core.shell:Creating environment hook '/home/darsh/UR_GRIPPER/install/robotiq_description/share/robotiq_description/hook/cmake_prefix_path.sh'
[0.584s] Level 1:colcon.colcon_core.environment:checking '/home/darsh/UR_GRIPPER/install/robotiq_description/bin'
[0.585s] Level 1:colcon.colcon_core.environment:checking '/home/darsh/UR_GRIPPER/install/robotiq_description/lib/pkgconfig/robotiq_description.pc'
[0.585s] Level 1:colcon.colcon_core.environment:checking '/home/darsh/UR_GRIPPER/install/robotiq_description/lib/python3.12/site-packages'
[0.585s] Level 1:colcon.colcon_core.environment:checking '/home/darsh/UR_GRIPPER/install/robotiq_description/bin'
[0.585s] INFO:colcon.colcon_core.shell:Creating package script '/home/darsh/UR_GRIPPER/install/robotiq_description/share/robotiq_description/package.ps1'
[0.589s] INFO:colcon.colcon_core.shell:Creating package descriptor '/home/darsh/UR_GRIPPER/install/robotiq_description/share/robotiq_description/package.dsv'
[0.591s] INFO:colcon.colcon_core.shell:Creating package script '/home/darsh/UR_GRIPPER/install/robotiq_description/share/robotiq_description/package.sh'
[0.595s] INFO:colcon.colcon_core.shell:Creating package script '/home/darsh/UR_GRIPPER/install/robotiq_description/share/robotiq_description/package.bash'
[0.598s] INFO:colcon.colcon_core.shell:Creating package script '/home/darsh/UR_GRIPPER/install/robotiq_description/share/robotiq_description/package.zsh'
[0.603s] Level 1:colcon.colcon_core.environment:create_file_with_runtime_dependencies(/home/darsh/UR_GRIPPER/install/robotiq_description/share/colcon-core/packages/robotiq_description)
[0.605s] Level 1:colcon.colcon_core.environment:create_environment_scripts_only(ur_description)
[0.606s] Level 1:colcon.colcon_core.environment:checking '/home/darsh/UR_GRIPPER/install/ur_description' for CMake module files
[0.613s] Level 1:colcon.colcon_core.environment:checking '/home/darsh/UR_GRIPPER/install/ur_description' for CMake config files
[0.658s] Level 1:colcon.colcon_core.shell:create_environment_hook('ur_description', 'cmake_prefix_path')
[0.658s] INFO:colcon.colcon_core.shell:Creating environment hook '/home/darsh/UR_GRIPPER/install/ur_description/share/ur_description/hook/cmake_prefix_path.ps1'
[0.660s] INFO:colcon.colcon_core.shell:Creating environment descriptor '/home/darsh/UR_GRIPPER/install/ur_description/share/ur_description/hook/cmake_prefix_path.dsv'
[0.661s] INFO:colcon.colcon_core.shell:Creating environment hook '/home/darsh/UR_GRIPPER/install/ur_description/share/ur_description/hook/cmake_prefix_path.sh'
[0.666s] Level 1:colcon.colcon_core.environment:checking '/home/darsh/UR_GRIPPER/install/ur_description/bin'
[0.666s] Level 1:colcon.colcon_core.environment:checking '/home/darsh/UR_GRIPPER/install/ur_description/lib/pkgconfig/ur_description.pc'
[0.666s] Level 1:colcon.colcon_core.environment:checking '/home/darsh/UR_GRIPPER/install/ur_description/lib/python3.12/site-packages'
[0.666s] Level 1:colcon.colcon_core.environment:checking '/home/darsh/UR_GRIPPER/install/ur_description/bin'
[0.667s] INFO:colcon.colcon_core.shell:Creating package script '/home/darsh/UR_GRIPPER/install/ur_description/share/ur_description/package.ps1'
[0.668s] INFO:colcon.colcon_core.shell:Creating package descriptor '/home/darsh/UR_GRIPPER/install/ur_description/share/ur_description/package.dsv'
[0.669s] INFO:colcon.colcon_core.shell:Creating package script '/home/darsh/UR_GRIPPER/install/ur_description/share/ur_description/package.sh'
[0.677s] INFO:colcon.colcon_core.shell:Creating package script '/home/darsh/UR_GRIPPER/install/ur_description/share/ur_description/package.bash'
[0.678s] INFO:colcon.colcon_core.shell:Creating package script '/home/darsh/UR_GRIPPER/install/ur_description/share/ur_description/package.zsh'
[0.680s] Level 1:colcon.colcon_core.environment:create_file_with_runtime_dependencies(/home/darsh/UR_GRIPPER/install/ur_description/share/colcon-core/packages/ur_description)
[0.683s] Level 1:colcon.colcon_core.environment:create_environment_scripts_only(ur_description)
[0.683s] Level 1:colcon.colcon_core.environment:checking '/home/darsh/UR_GRIPPER/install/ur_description' for CMake module files
[0.687s] Level 1:colcon.colcon_core.environment:checking '/home/darsh/UR_GRIPPER/install/ur_description' for CMake config files
[0.736s] Level 1:colcon.colcon_core.shell:create_environment_hook('ur_description', 'cmake_prefix_path')
[0.737s] INFO:colcon.colcon_core.shell:Creating environment hook '/home/darsh/UR_GRIPPER/install/ur_description/share/ur_description/hook/cmake_prefix_path.ps1'
[0.738s] INFO:colcon.colcon_core.shell:Creating environment descriptor '/home/darsh/UR_GRIPPER/install/ur_description/share/ur_description/hook/cmake_prefix_path.dsv'
[0.738s] INFO:colcon.colcon_core.shell:Creating environment hook '/home/darsh/UR_GRIPPER/install/ur_description/share/ur_description/hook/cmake_prefix_path.sh'
[0.740s] Level 1:colcon.colcon_core.environment:checking '/home/darsh/UR_GRIPPER/install/ur_description/bin'
[0.740s] Level 1:colcon.colcon_core.environment:checking '/home/darsh/UR_GRIPPER/install/ur_description/lib/pkgconfig/ur_description.pc'
[0.740s] Level 1:colcon.colcon_core.environment:checking '/home/darsh/UR_GRIPPER/install/ur_description/lib/python3.12/site-packages'
[0.741s] Level 1:colcon.colcon_core.environment:checking '/home/darsh/UR_GRIPPER/install/ur_description/bin'
[0.741s] INFO:colcon.colcon_core.shell:Creating package script '/home/darsh/UR_GRIPPER/install/ur_description/share/ur_description/package.ps1'
[0.742s] INFO:colcon.colcon_core.shell:Creating package descriptor '/home/darsh/UR_GRIPPER/install/ur_description/share/ur_description/package.dsv'
[0.744s] INFO:colcon.colcon_core.shell:Creating package script '/home/darsh/UR_GRIPPER/install/ur_description/share/ur_description/package.sh'
[0.746s] INFO:colcon.colcon_core.shell:Creating package script '/home/darsh/UR_GRIPPER/install/ur_description/share/ur_description/package.bash'
[0.750s] INFO:colcon.colcon_core.shell:Creating package script '/home/darsh/UR_GRIPPER/install/ur_description/share/ur_description/package.zsh'
[0.756s] Level 1:colcon.colcon_core.environment:create_file_with_runtime_dependencies(/home/darsh/UR_GRIPPER/install/ur_description/share/colcon-core/packages/ur_description)
[0.759s] INFO:colcon.colcon_ros.task.ament_cmake.build:Building ROS package in '/home/darsh/UR_GRIPPER/src/moveit_config' with build type 'ament_cmake'
[0.760s] INFO:colcon.colcon_cmake.task.cmake.build:Building CMake package in '/home/darsh/UR_GRIPPER/src/moveit_config'
[0.760s] INFO:colcon.colcon_core.shell:Skip shell extension 'powershell' for command environment: Not usable outside of PowerShell
[0.760s] DEBUG:colcon.colcon_core.shell:Skip shell extension 'dsv' for command environment
[0.813s] DEBUG:colcon.colcon_core.event_handler.log_command:Invoked command in '/home/darsh/UR_GRIPPER/build/ur_description' returned '0': CMAKE_PREFIX_PATH=${CMAKE_PREFIX_PATH}:/opt/ros/jazzy /usr/bin/cmake --install /home/darsh/UR_GRIPPER/build/ur_description
[0.817s] Level 1:colcon.colcon_core.environment:create_environment_scripts_only(ur_interfaces)
[0.818s] DEBUG:colcon.colcon_core.event_handler.log_command:Invoked command in '/home/darsh/UR_GRIPPER/build/ur_interfaces' returned '0': CMAKE_PREFIX_PATH=${CMAKE_PREFIX_PATH}:/opt/ros/jazzy /usr/bin/cmake --install /home/darsh/UR_GRIPPER/build/ur_interfaces
[0.818s] Level 1:colcon.colcon_core.environment:checking '/home/darsh/UR_GRIPPER/install/ur_interfaces' for CMake module files
[0.819s] Level 1:colcon.colcon_core.environment:checking '/home/darsh/UR_GRIPPER/install/ur_interfaces' for CMake config files
[0.819s] Level 1:colcon.colcon_core.shell:create_environment_hook('ur_interfaces', 'cmake_prefix_path')
[0.819s] INFO:colcon.colcon_core.shell:Creating environment hook '/home/darsh/UR_GRIPPER/install/ur_interfaces/share/ur_interfaces/hook/cmake_prefix_path.ps1'
[0.820s] INFO:colcon.colcon_core.shell:Creating environment descriptor '/home/darsh/UR_GRIPPER/install/ur_interfaces/share/ur_interfaces/hook/cmake_prefix_path.dsv'
[0.820s] INFO:colcon.colcon_core.shell:Creating environment hook '/home/darsh/UR_GRIPPER/install/ur_interfaces/share/ur_interfaces/hook/cmake_prefix_path.sh'
[0.821s] Level 1:colcon.colcon_core.environment:checking '/home/darsh/UR_GRIPPER/install/ur_interfaces/bin'
[0.821s] Level 1:colcon.colcon_core.environment:checking '/home/darsh/UR_GRIPPER/install/ur_interfaces/lib/pkgconfig/ur_interfaces.pc'
[0.821s] Level 1:colcon.colcon_core.environment:checking '/home/darsh/UR_GRIPPER/install/ur_interfaces/lib/python3.12/site-packages'
[0.822s] Level 1:colcon.colcon_core.environment:checking '/home/darsh/UR_GRIPPER/install/ur_interfaces/bin'
[0.822s] INFO:colcon.colcon_core.shell:Creating package script '/home/darsh/UR_GRIPPER/install/ur_interfaces/share/ur_interfaces/package.ps1'
[0.822s] INFO:colcon.colcon_core.shell:Creating package descriptor '/home/darsh/UR_GRIPPER/install/ur_interfaces/share/ur_interfaces/package.dsv'
[0.823s] INFO:colcon.colcon_core.shell:Creating package script '/home/darsh/UR_GRIPPER/install/ur_interfaces/share/ur_interfaces/package.sh'
[0.823s] INFO:colcon.colcon_core.shell:Creating package script '/home/darsh/UR_GRIPPER/install/ur_interfaces/share/ur_interfaces/package.bash'
[0.824s] INFO:colcon.colcon_core.shell:Creating package script '/home/darsh/UR_GRIPPER/install/ur_interfaces/share/ur_interfaces/package.zsh'
[0.824s] Level 1:colcon.colcon_core.environment:create_file_with_runtime_dependencies(/home/darsh/UR_GRIPPER/install/ur_interfaces/share/colcon-core/packages/ur_interfaces)
[0.825s] Level 1:colcon.colcon_core.environment:create_environment_scripts_only(ur_interfaces)
[0.825s] Level 1:colcon.colcon_core.environment:checking '/home/darsh/UR_GRIPPER/install/ur_interfaces' for CMake module files
[0.826s] Level 1:colcon.colcon_core.environment:checking '/home/darsh/UR_GRIPPER/install/ur_interfaces' for CMake config files
[0.826s] Level 1:colcon.colcon_core.shell:create_environment_hook('ur_interfaces', 'cmake_prefix_path')
[0.826s] INFO:colcon.colcon_core.shell:Creating environment hook '/home/darsh/UR_GRIPPER/install/ur_interfaces/share/ur_interfaces/hook/cmake_prefix_path.ps1'
[0.827s] INFO:colcon.colcon_core.shell:Creating environment descriptor '/home/darsh/UR_GRIPPER/install/ur_interfaces/share/ur_interfaces/hook/cmake_prefix_path.dsv'
[0.827s] INFO:colcon.colcon_core.shell:Creating environment hook '/home/darsh/UR_GRIPPER/install/ur_interfaces/share/ur_interfaces/hook/cmake_prefix_path.sh'
[0.828s] Level 1:colcon.colcon_core.environment:checking '/home/darsh/UR_GRIPPER/install/ur_interfaces/bin'
[0.828s] Level 1:colcon.colcon_core.environment:checking '/home/darsh/UR_GRIPPER/install/ur_interfaces/lib/pkgconfig/ur_interfaces.pc'
[0.828s] Level 1:colcon.colcon_core.environment:checking '/home/darsh/UR_GRIPPER/install/ur_interfaces/lib/python3.12/site-packages'
[0.828s] Level 1:colcon.colcon_core.environment:checking '/home/darsh/UR_GRIPPER/install/ur_interfaces/bin'
[0.829s] INFO:colcon.colcon_core.shell:Creating package script '/home/darsh/UR_GRIPPER/install/ur_interfaces/share/ur_interfaces/package.ps1'
[0.829s] INFO:colcon.colcon_core.shell:Creating package descriptor '/home/darsh/UR_GRIPPER/install/ur_interfaces/share/ur_interfaces/package.dsv'
[0.830s] INFO:colcon.colcon_core.shell:Creating package script '/home/darsh/UR_GRIPPER/install/ur_interfaces/share/ur_interfaces/package.sh'
[0.830s] INFO:colcon.colcon_core.shell:Creating package script '/home/darsh/UR_GRIPPER/install/ur_interfaces/share/ur_interfaces/package.bash'
[0.831s] INFO:colcon.colcon_core.shell:Creating package script '/home/darsh/UR_GRIPPER/install/ur_interfaces/share/ur_interfaces/package.zsh'
[0.831s] Level 1:colcon.colcon_core.environment:create_file_with_runtime_dependencies(/home/darsh/UR_GRIPPER/install/ur_interfaces/share/colcon-core/packages/ur_interfaces)
[0.833s] DEBUG:colcon.colcon_core.event_handler.log_command:Invoked command in '/home/darsh/UR_GRIPPER/build/ur_system_tests' returned '0': CMAKE_PREFIX_PATH=${CMAKE_PREFIX_PATH}:/opt/ros/jazzy /usr/bin/cmake --build /home/darsh/UR_GRIPPER/build/ur_system_tests -- -j16 -l16
[0.835s] DEBUG:colcon.colcon_core.event_handler.log_command:Invoking command in '/home/darsh/UR_GRIPPER/build/ur_system_tests': CMAKE_PREFIX_PATH=${CMAKE_PREFIX_PATH}:/opt/ros/jazzy /usr/bin/cmake --install /home/darsh/UR_GRIPPER/build/ur_system_tests
[0.835s] Level 1:colcon.colcon_core.environment:create_environment_scripts_only(ur_gazebo)
[0.836s] Level 1:colcon.colcon_core.environment:checking '/home/darsh/UR_GRIPPER/install/ur_gazebo' for CMake module files
[0.837s] DEBUG:colcon.colcon_core.event_handler.log_command:Invoked command in '/home/darsh/UR_GRIPPER/build/ur_gazebo' returned '0': CMAKE_PREFIX_PATH=${CMAKE_PREFIX_PATH}:/opt/ros/jazzy /usr/bin/cmake --install /home/darsh/UR_GRIPPER/build/ur_gazebo
[0.838s] Level 1:colcon.colcon_core.environment:checking '/home/darsh/UR_GRIPPER/install/ur_gazebo' for CMake config files
[0.838s] Level 1:colcon.colcon_core.shell:create_environment_hook('ur_gazebo', 'cmake_prefix_path')
[0.838s] INFO:colcon.colcon_core.shell:Creating environment hook '/home/darsh/UR_GRIPPER/install/ur_gazebo/share/ur_gazebo/hook/cmake_prefix_path.ps1'
[0.839s] INFO:colcon.colcon_core.shell:Creating environment descriptor '/home/darsh/UR_GRIPPER/install/ur_gazebo/share/ur_gazebo/hook/cmake_prefix_path.dsv'
[0.839s] INFO:colcon.colcon_core.shell:Creating environment hook '/home/darsh/UR_GRIPPER/install/ur_gazebo/share/ur_gazebo/hook/cmake_prefix_path.sh'
[0.840s] Level 1:colcon.colcon_core.environment:checking '/home/darsh/UR_GRIPPER/install/ur_gazebo/bin'
[0.840s] Level 1:colcon.colcon_core.environment:checking '/home/darsh/UR_GRIPPER/install/ur_gazebo/lib/pkgconfig/ur_gazebo.pc'
[0.840s] Level 1:colcon.colcon_core.environment:checking '/home/darsh/UR_GRIPPER/install/ur_gazebo/lib/python3.12/site-packages'
[0.841s] Level 1:colcon.colcon_core.environment:checking '/home/darsh/UR_GRIPPER/install/ur_gazebo/bin'
[0.841s] INFO:colcon.colcon_core.shell:Creating package script '/home/darsh/UR_GRIPPER/install/ur_gazebo/share/ur_gazebo/package.ps1'
[0.842s] INFO:colcon.colcon_core.shell:Creating package descriptor '/home/darsh/UR_GRIPPER/install/ur_gazebo/share/ur_gazebo/package.dsv'
[0.843s] INFO:colcon.colcon_core.shell:Creating package script '/home/darsh/UR_GRIPPER/install/ur_gazebo/share/ur_gazebo/package.sh'
[0.844s] INFO:colcon.colcon_core.shell:Creating package script '/home/darsh/UR_GRIPPER/install/ur_gazebo/share/ur_gazebo/package.bash'
[0.844s] INFO:colcon.colcon_core.shell:Creating package script '/home/darsh/UR_GRIPPER/install/ur_gazebo/share/ur_gazebo/package.zsh'
[0.845s] Level 1:colcon.colcon_core.environment:create_file_with_runtime_dependencies(/home/darsh/UR_GRIPPER/install/ur_gazebo/share/colcon-core/packages/ur_gazebo)
[0.845s] Level 1:colcon.colcon_core.environment:create_environment_scripts_only(ur_gazebo)
[0.846s] Level 1:colcon.colcon_core.environment:checking '/home/darsh/UR_GRIPPER/install/ur_gazebo' for CMake module files
[0.846s] Level 1:colcon.colcon_core.environment:checking '/home/darsh/UR_GRIPPER/install/ur_gazebo' for CMake config files
[0.847s] Level 1:colcon.colcon_core.shell:create_environment_hook('ur_gazebo', 'cmake_prefix_path')
[0.847s] INFO:colcon.colcon_core.shell:Creating environment hook '/home/darsh/UR_GRIPPER/install/ur_gazebo/share/ur_gazebo/hook/cmake_prefix_path.ps1'
[0.848s] INFO:colcon.colcon_core.shell:Creating environment descriptor '/home/darsh/UR_GRIPPER/install/ur_gazebo/share/ur_gazebo/hook/cmake_prefix_path.dsv'
[0.848s] INFO:colcon.colcon_core.shell:Creating environment hook '/home/darsh/UR_GRIPPER/install/ur_gazebo/share/ur_gazebo/hook/cmake_prefix_path.sh'
[0.849s] Level 1:colcon.colcon_core.environment:checking '/home/darsh/UR_GRIPPER/install/ur_gazebo/bin'
[0.849s] Level 1:colcon.colcon_core.environment:checking '/home/darsh/UR_GRIPPER/install/ur_gazebo/lib/pkgconfig/ur_gazebo.pc'
[0.850s] Level 1:colcon.colcon_core.environment:checking '/home/darsh/UR_GRIPPER/install/ur_gazebo/lib/python3.12/site-packages'
[0.850s] Level 1:colcon.colcon_core.environment:checking '/home/darsh/UR_GRIPPER/install/ur_gazebo/bin'
[0.850s] INFO:colcon.colcon_core.shell:Creating package script '/home/darsh/UR_GRIPPER/install/ur_gazebo/share/ur_gazebo/package.ps1'
[0.851s] INFO:colcon.colcon_core.shell:Creating package descriptor '/home/darsh/UR_GRIPPER/install/ur_gazebo/share/ur_gazebo/package.dsv'
[0.852s] INFO:colcon.colcon_core.shell:Creating package script '/home/darsh/UR_GRIPPER/install/ur_gazebo/share/ur_gazebo/package.sh'
[0.852s] INFO:colcon.colcon_core.shell:Creating package script '/home/darsh/UR_GRIPPER/install/ur_gazebo/share/ur_gazebo/package.bash'
[0.852s] INFO:colcon.colcon_core.shell:Creating package script '/home/darsh/UR_GRIPPER/install/ur_gazebo/share/ur_gazebo/package.zsh'
[0.853s] Level 1:colcon.colcon_core.environment:create_file_with_runtime_dependencies(/home/darsh/UR_GRIPPER/install/ur_gazebo/share/colcon-core/packages/ur_gazebo)
[0.858s] Level 1:colcon.colcon_core.environment:create_environment_scripts_only(ur_system_tests)
[0.859s] Level 1:colcon.colcon_core.environment:checking '/home/darsh/UR_GRIPPER/install/ur_system_tests' for CMake module files
[0.866s] DEBUG:colcon.colcon_core.event_handler.log_command:Invoked command in '/home/darsh/UR_GRIPPER/build/ur_system_tests' returned '0': CMAKE_PREFIX_PATH=${CMAKE_PREFIX_PATH}:/opt/ros/jazzy /usr/bin/cmake --install /home/darsh/UR_GRIPPER/build/ur_system_tests
[0.867s] Level 1:colcon.colcon_core.environment:checking '/home/darsh/UR_GRIPPER/install/ur_system_tests' for CMake config files
[0.867s] Level 1:colcon.colcon_core.shell:create_environment_hook('ur_system_tests', 'cmake_prefix_path')
[0.867s] INFO:colcon.colcon_core.shell:Creating environment hook '/home/darsh/UR_GRIPPER/install/ur_system_tests/share/ur_system_tests/hook/cmake_prefix_path.ps1'
[0.868s] INFO:colcon.colcon_core.shell:Creating environment descriptor '/home/darsh/UR_GRIPPER/install/ur_system_tests/share/ur_system_tests/hook/cmake_prefix_path.dsv'
[0.868s] INFO:colcon.colcon_core.shell:Creating environment hook '/home/darsh/UR_GRIPPER/install/ur_system_tests/share/ur_system_tests/hook/cmake_prefix_path.sh'
[0.869s] Level 1:colcon.colcon_core.environment:checking '/home/darsh/UR_GRIPPER/install/ur_system_tests/lib'
[0.869s] Level 1:colcon.colcon_core.environment:checking '/home/darsh/UR_GRIPPER/install/ur_system_tests/bin'
[0.869s] Level 1:colcon.colcon_core.environment:checking '/home/darsh/UR_GRIPPER/install/ur_system_tests/lib/pkgconfig/ur_system_tests.pc'
[0.870s] Level 1:colcon.colcon_core.environment:checking '/home/darsh/UR_GRIPPER/install/ur_system_tests/lib/python3.12/site-packages'
[0.870s] Level 1:colcon.colcon_core.environment:checking '/home/darsh/UR_GRIPPER/install/ur_system_tests/bin'
[0.870s] INFO:colcon.colcon_core.shell:Creating package script '/home/darsh/UR_GRIPPER/install/ur_system_tests/share/ur_system_tests/package.ps1'
[0.871s] INFO:colcon.colcon_core.shell:Creating package descriptor '/home/darsh/UR_GRIPPER/install/ur_system_tests/share/ur_system_tests/package.dsv'
[0.871s] INFO:colcon.colcon_core.shell:Creating package script '/home/darsh/UR_GRIPPER/install/ur_system_tests/share/ur_system_tests/package.sh'
[0.872s] INFO:colcon.colcon_core.shell:Creating package script '/home/darsh/UR_GRIPPER/install/ur_system_tests/share/ur_system_tests/package.bash'
[0.872s] INFO:colcon.colcon_core.shell:Creating package script '/home/darsh/UR_GRIPPER/install/ur_system_tests/share/ur_system_tests/package.zsh'
[0.872s] Level 1:colcon.colcon_core.environment:create_file_with_runtime_dependencies(/home/darsh/UR_GRIPPER/install/ur_system_tests/share/colcon-core/packages/ur_system_tests)
[0.873s] Level 1:colcon.colcon_core.environment:create_environment_scripts_only(ur_system_tests)
[0.873s] Level 1:colcon.colcon_core.environment:checking '/home/darsh/UR_GRIPPER/install/ur_system_tests' for CMake module files
[0.874s] Level 1:colcon.colcon_core.environment:checking '/home/darsh/UR_GRIPPER/install/ur_system_tests' for CMake config files
[0.874s] Level 1:colcon.colcon_core.shell:create_environment_hook('ur_system_tests', 'cmake_prefix_path')
[0.874s] INFO:colcon.colcon_core.shell:Creating environment hook '/home/darsh/UR_GRIPPER/install/ur_system_tests/share/ur_system_tests/hook/cmake_prefix_path.ps1'
[0.875s] INFO:colcon.colcon_core.shell:Creating environment descriptor '/home/darsh/UR_GRIPPER/install/ur_system_tests/share/ur_system_tests/hook/cmake_prefix_path.dsv'
[0.875s] INFO:colcon.colcon_core.shell:Creating environment hook '/home/darsh/UR_GRIPPER/install/ur_system_tests/share/ur_system_tests/hook/cmake_prefix_path.sh'
[0.876s] Level 1:colcon.colcon_core.environment:checking '/home/darsh/UR_GRIPPER/install/ur_system_tests/lib'
[0.876s] Level 1:colcon.colcon_core.environment:checking '/home/darsh/UR_GRIPPER/install/ur_system_tests/bin'
[0.876s] Level 1:colcon.colcon_core.environment:checking '/home/darsh/UR_GRIPPER/install/ur_system_tests/lib/pkgconfig/ur_system_tests.pc'
[0.876s] Level 1:colcon.colcon_core.environment:checking '/home/darsh/UR_GRIPPER/install/ur_system_tests/lib/python3.12/site-packages'
[0.876s] Level 1:colcon.colcon_core.environment:checking '/home/darsh/UR_GRIPPER/install/ur_system_tests/bin'
[0.877s] INFO:colcon.colcon_core.shell:Creating package script '/home/darsh/UR_GRIPPER/install/ur_system_tests/share/ur_system_tests/package.ps1'
[0.877s] INFO:colcon.colcon_core.shell:Creating package descriptor '/home/darsh/UR_GRIPPER/install/ur_system_tests/share/ur_system_tests/package.dsv'
[0.878s] INFO:colcon.colcon_core.shell:Creating package script '/home/darsh/UR_GRIPPER/install/ur_system_tests/share/ur_system_tests/package.sh'
[0.878s] INFO:colcon.colcon_core.shell:Creating package script '/home/darsh/UR_GRIPPER/install/ur_system_tests/share/ur_system_tests/package.bash'
[0.879s] INFO:colcon.colcon_core.shell:Creating package script '/home/darsh/UR_GRIPPER/install/ur_system_tests/share/ur_system_tests/package.zsh'
[0.879s] Level 1:colcon.colcon_core.environment:create_file_with_runtime_dependencies(/home/darsh/UR_GRIPPER/install/ur_system_tests/share/colcon-core/packages/ur_system_tests)
[0.886s] DEBUG:colcon.colcon_core.event_handler.log_command:Invoking command in '/home/darsh/UR_GRIPPER/build/moveit_config': CMAKE_PREFIX_PATH=/home/darsh/UR_GRIPPER/install/ur_description:/home/darsh/UR_GRIPPER/install/ur_system_tests:/home/darsh/UR_GRIPPER/install/ur_interfaces:/home/darsh/UR_GRIPPER/install/ur_gazebo:/home/darsh/UR_GRIPPER/install/moveit_config:/home/darsh/UR_GRIPPER/install/robotiq_description:/opt/ros/jazzy/opt/gz_sim_vendor:/opt/ros/jazzy/opt/gz_sensors_vendor:/opt/ros/jazzy/opt/gz_physics_vendor:/opt/ros/jazzy/opt/sdformat_vendor:/opt/ros/jazzy/opt/gz_gui_vendor:/opt/ros/jazzy/opt/gz_transport_vendor:/opt/ros/jazzy/opt/gz_rendering_vendor:/opt/ros/jazzy/opt/gz_plugin_vendor:/opt/ros/jazzy/opt/gz_fuel_tools_vendor:/opt/ros/jazzy/opt/gz_msgs_vendor:/opt/ros/jazzy/opt/gz_common_vendor:/opt/ros/jazzy/opt/gz_math_vendor:/opt/ros/jazzy/opt/gz_utils_vendor:/opt/ros/jazzy/opt/gz_tools_vendor:/opt/ros/jazzy/opt/gz_ogre_next_vendor:/opt/ros/jazzy/opt/gz_dartsim_vendor:/opt/ros/jazzy/opt/gz_cmake_vendor:/opt/ros/jazzy /usr/bin/cmake --build /home/darsh/UR_GRIPPER/build/moveit_config -- -j16 -l16
[0.922s] DEBUG:colcon.colcon_core.event_handler.log_command:Invoked command in '/home/darsh/UR_GRIPPER/build/moveit_config' returned '0': CMAKE_PREFIX_PATH=/home/darsh/UR_GRIPPER/install/ur_description:/home/darsh/UR_GRIPPER/install/ur_system_tests:/home/darsh/UR_GRIPPER/install/ur_interfaces:/home/darsh/UR_GRIPPER/install/ur_gazebo:/home/darsh/UR_GRIPPER/install/moveit_config:/home/darsh/UR_GRIPPER/install/robotiq_description:/opt/ros/jazzy/opt/gz_sim_vendor:/opt/ros/jazzy/opt/gz_sensors_vendor:/opt/ros/jazzy/opt/gz_physics_vendor:/opt/ros/jazzy/opt/sdformat_vendor:/opt/ros/jazzy/opt/gz_gui_vendor:/opt/ros/jazzy/opt/gz_transport_vendor:/opt/ros/jazzy/opt/gz_rendering_vendor:/opt/ros/jazzy/opt/gz_plugin_vendor:/opt/ros/jazzy/opt/gz_fuel_tools_vendor:/opt/ros/jazzy/opt/gz_msgs_vendor:/opt/ros/jazzy/opt/gz_common_vendor:/opt/ros/jazzy/opt/gz_math_vendor:/opt/ros/jazzy/opt/gz_utils_vendor:/opt/ros/jazzy/opt/gz_tools_vendor:/opt/ros/jazzy/opt/gz_ogre_next_vendor:/opt/ros/jazzy/opt/gz_dartsim_vendor:/opt/ros/jazzy/opt/gz_cmake_vendor:/opt/ros/jazzy /usr/bin/cmake --build /home/darsh/UR_GRIPPER/build/moveit_config -- -j16 -l16
[0.923s] DEBUG:colcon.colcon_core.event_handler.log_command:Invoking command in '/home/darsh/UR_GRIPPER/build/moveit_config': CMAKE_PREFIX_PATH=/home/darsh/UR_GRIPPER/install/ur_description:/home/darsh/UR_GRIPPER/install/ur_system_tests:/home/darsh/UR_GRIPPER/install/ur_interfaces:/home/darsh/UR_GRIPPER/install/ur_gazebo:/home/darsh/UR_GRIPPER/install/moveit_config:/home/darsh/UR_GRIPPER/install/robotiq_description:/opt/ros/jazzy/opt/gz_sim_vendor:/opt/ros/jazzy/opt/gz_sensors_vendor:/opt/ros/jazzy/opt/gz_physics_vendor:/opt/ros/jazzy/opt/sdformat_vendor:/opt/ros/jazzy/opt/gz_gui_vendor:/opt/ros/jazzy/opt/gz_transport_vendor:/opt/ros/jazzy/opt/gz_rendering_vendor:/opt/ros/jazzy/opt/gz_plugin_vendor:/opt/ros/jazzy/opt/gz_fuel_tools_vendor:/opt/ros/jazzy/opt/gz_msgs_vendor:/opt/ros/jazzy/opt/gz_common_vendor:/opt/ros/jazzy/opt/gz_math_vendor:/opt/ros/jazzy/opt/gz_utils_vendor:/opt/ros/jazzy/opt/gz_tools_vendor:/opt/ros/jazzy/opt/gz_ogre_next_vendor:/opt/ros/jazzy/opt/gz_dartsim_vendor:/opt/ros/jazzy/opt/gz_cmake_vendor:/opt/ros/jazzy /usr/bin/cmake --install /home/darsh/UR_GRIPPER/build/moveit_config
[0.937s] Level 1:colcon.colcon_core.environment:create_environment_scripts_only(moveit_config)
[0.937s] Level 1:colcon.colcon_core.environment:checking '/home/darsh/UR_GRIPPER/install/moveit_config' for CMake module files
[0.941s] Level 1:colcon.colcon_core.environment:checking '/home/darsh/UR_GRIPPER/install/moveit_config' for CMake config files
[0.943s] DEBUG:colcon.colcon_core.event_handler.log_command:Invoked command in '/home/darsh/UR_GRIPPER/build/moveit_config' returned '0': CMAKE_PREFIX_PATH=/home/darsh/UR_GRIPPER/install/ur_description:/home/darsh/UR_GRIPPER/install/ur_system_tests:/home/darsh/UR_GRIPPER/install/ur_interfaces:/home/darsh/UR_GRIPPER/install/ur_gazebo:/home/darsh/UR_GRIPPER/install/moveit_config:/home/darsh/UR_GRIPPER/install/robotiq_description:/opt/ros/jazzy/opt/gz_sim_vendor:/opt/ros/jazzy/opt/gz_sensors_vendor:/opt/ros/jazzy/opt/gz_physics_vendor:/opt/ros/jazzy/opt/sdformat_vendor:/opt/ros/jazzy/opt/gz_gui_vendor:/opt/ros/jazzy/opt/gz_transport_vendor:/opt/ros/jazzy/opt/gz_rendering_vendor:/opt/ros/jazzy/opt/gz_plugin_vendor:/opt/ros/jazzy/opt/gz_fuel_tools_vendor:/opt/ros/jazzy/opt/gz_msgs_vendor:/opt/ros/jazzy/opt/gz_common_vendor:/opt/ros/jazzy/opt/gz_math_vendor:/opt/ros/jazzy/opt/gz_utils_vendor:/opt/ros/jazzy/opt/gz_tools_vendor:/opt/ros/jazzy/opt/gz_ogre_next_vendor:/opt/ros/jazzy/opt/gz_dartsim_vendor:/opt/ros/jazzy/opt/gz_cmake_vendor:/opt/ros/jazzy /usr/bin/cmake --install /home/darsh/UR_GRIPPER/build/moveit_config
[0.943s] Level 1:colcon.colcon_core.shell:create_environment_hook('moveit_config', 'cmake_prefix_path')
[0.943s] INFO:colcon.colcon_core.shell:Creating environment hook '/home/darsh/UR_GRIPPER/install/moveit_config/share/moveit_config/hook/cmake_prefix_path.ps1'
[0.944s] INFO:colcon.colcon_core.shell:Creating environment descriptor '/home/darsh/UR_GRIPPER/install/moveit_config/share/moveit_config/hook/cmake_prefix_path.dsv'
[0.944s] INFO:colcon.colcon_core.shell:Creating environment hook '/home/darsh/UR_GRIPPER/install/moveit_config/share/moveit_config/hook/cmake_prefix_path.sh'
[0.945s] Level 1:colcon.colcon_core.environment:checking '/home/darsh/UR_GRIPPER/install/moveit_config/bin'
[0.945s] Level 1:colcon.colcon_core.environment:checking '/home/darsh/UR_GRIPPER/install/moveit_config/lib/pkgconfig/moveit_config.pc'
[0.945s] Level 1:colcon.colcon_core.environment:checking '/home/darsh/UR_GRIPPER/install/moveit_config/lib/python3.12/site-packages'
[0.946s] Level 1:colcon.colcon_core.environment:checking '/home/darsh/UR_GRIPPER/install/moveit_config/bin'
[0.946s] INFO:colcon.colcon_core.shell:Creating package script '/home/darsh/UR_GRIPPER/install/moveit_config/share/moveit_config/package.ps1'
[0.946s] INFO:colcon.colcon_core.shell:Creating package descriptor '/home/darsh/UR_GRIPPER/install/moveit_config/share/moveit_config/package.dsv'
[0.947s] INFO:colcon.colcon_core.shell:Creating package script '/home/darsh/UR_GRIPPER/install/moveit_config/share/moveit_config/package.sh'
[0.947s] INFO:colcon.colcon_core.shell:Creating package script '/home/darsh/UR_GRIPPER/install/moveit_config/share/moveit_config/package.bash'
[0.948s] INFO:colcon.colcon_core.shell:Creating package script '/home/darsh/UR_GRIPPER/install/moveit_config/share/moveit_config/package.zsh'
[0.948s] Level 1:colcon.colcon_core.environment:create_file_with_runtime_dependencies(/home/darsh/UR_GRIPPER/install/moveit_config/share/colcon-core/packages/moveit_config)
[0.949s] Level 1:colcon.colcon_core.environment:create_environment_scripts_only(moveit_config)
[0.949s] Level 1:colcon.colcon_core.environment:checking '/home/darsh/UR_GRIPPER/install/moveit_config' for CMake module files
[0.949s] Level 1:colcon.colcon_core.environment:checking '/home/darsh/UR_GRIPPER/install/moveit_config' for CMake config files
[0.950s] Level 1:colcon.colcon_core.shell:create_environment_hook('moveit_config', 'cmake_prefix_path')
[0.950s] INFO:colcon.colcon_core.shell:Creating environment hook '/home/darsh/UR_GRIPPER/install/moveit_config/share/moveit_config/hook/cmake_prefix_path.ps1'
[0.950s] INFO:colcon.colcon_core.shell:Creating environment descriptor '/home/darsh/UR_GRIPPER/install/moveit_config/share/moveit_config/hook/cmake_prefix_path.dsv'
[0.951s] INFO:colcon.colcon_core.shell:Creating environment hook '/home/darsh/UR_GRIPPER/install/moveit_config/share/moveit_config/hook/cmake_prefix_path.sh'
[0.962s] Level 1:colcon.colcon_core.environment:checking '/home/darsh/UR_GRIPPER/install/moveit_config/bin'
[0.962s] Level 1:colcon.colcon_core.environment:checking '/home/darsh/UR_GRIPPER/install/moveit_config/lib/pkgconfig/moveit_config.pc'
[0.962s] Level 1:colcon.colcon_core.environment:checking '/home/darsh/UR_GRIPPER/install/moveit_config/lib/python3.12/site-packages'
[0.963s] Level 1:colcon.colcon_core.environment:checking '/home/darsh/UR_GRIPPER/install/moveit_config/bin'
[0.963s] INFO:colcon.colcon_core.shell:Creating package script '/home/darsh/UR_GRIPPER/install/moveit_config/share/moveit_config/package.ps1'
[0.963s] INFO:colcon.colcon_core.shell:Creating package descriptor '/home/darsh/UR_GRIPPER/install/moveit_config/share/moveit_config/package.dsv'
[0.964s] INFO:colcon.colcon_core.shell:Creating package script '/home/darsh/UR_GRIPPER/install/moveit_config/share/moveit_config/package.sh'
[0.964s] INFO:colcon.colcon_core.shell:Creating package script '/home/darsh/UR_GRIPPER/install/moveit_config/share/moveit_config/package.bash'
[0.965s] INFO:colcon.colcon_core.shell:Creating package script '/home/darsh/UR_GRIPPER/install/moveit_config/share/moveit_config/package.zsh'
[0.965s] Level 1:colcon.colcon_core.environment:create_file_with_runtime_dependencies(/home/darsh/UR_GRIPPER/install/moveit_config/share/colcon-core/packages/moveit_config)
[0.966s] DEBUG:colcon.colcon_parallel_executor.executor.parallel:closing loop
[0.966s] DEBUG:colcon.colcon_parallel_executor.executor.parallel:loop closed
[0.967s] DEBUG:colcon.colcon_parallel_executor.executor.parallel:run_until_complete finished with '0'
[0.967s] DEBUG:colcon.colcon_core.event_reactor:joining thread
[1.012s] INFO:colcon.colcon_core.plugin_system:Skipping extension 'colcon_notification.desktop_notification.notify_send': Could not find 'notify-send'
[1.012s] INFO:colcon.colcon_core.plugin_system:Skipping extension 'colcon_notification.desktop_notification.terminal_notifier': Not used on non-Darwin systems
[1.012s] INFO:colcon.colcon_core.plugin_system:Skipping extension 'colcon_notification.desktop_notification.win32': Not used on non-Windows systems
[1.013s] INFO:colcon.colcon_notification.desktop_notification:Sending desktop notification using 'notify2'
[1.014s] DEBUG:colcon.colcon_notification.desktop_notification.notify2:Failed to initialize notify2: org.freedesktop.DBus.Error.ServiceUnknown: The name org.freedesktop.Notifications was not provided by any .service files
[1.014s] DEBUG:colcon.colcon_core.event_reactor:joined thread
[1.014s] INFO:colcon.colcon_core.shell:Creating prefix script '/home/darsh/UR_GRIPPER/install/local_setup.ps1'
[1.015s] INFO:colcon.colcon_core.shell:Creating prefix util module '/home/darsh/UR_GRIPPER/install/_local_setup_util_ps1.py'
[1.016s] INFO:colcon.colcon_core.shell:Creating prefix chain script '/home/darsh/UR_GRIPPER/install/setup.ps1'
[1.017s] INFO:colcon.colcon_core.shell:Creating prefix script '/home/darsh/UR_GRIPPER/install/local_setup.sh'
[1.018s] INFO:colcon.colcon_core.shell:Creating prefix util module '/home/darsh/UR_GRIPPER/install/_local_setup_util_sh.py'
[1.018s] INFO:colcon.colcon_core.shell:Creating prefix chain script '/home/darsh/UR_GRIPPER/install/setup.sh'
[1.020s] INFO:colcon.colcon_core.shell:Creating prefix script '/home/darsh/UR_GRIPPER/install/local_setup.bash'
[1.020s] INFO:colcon.colcon_core.shell:Creating prefix chain script '/home/darsh/UR_GRIPPER/install/setup.bash'
[1.021s] INFO:colcon.colcon_core.shell:Creating prefix script '/home/darsh/UR_GRIPPER/install/local_setup.zsh'
[1.022s] INFO:colcon.colcon_core.shell:Creating prefix chain script '/home/darsh/UR_GRIPPER/install/setup.zsh'
