[0.063s] Invoking command in '/home/darsh/UR_GRIPPER/build/moveit_config': CMAKE_PREFIX_PATH=/home/darsh/UR_GRIPPER/install/ur_description:/home/darsh/UR_GRIPPER/install/moveit_config:/home/darsh/UR_GRIPPER/install/ur_system_tests:/home/darsh/UR_GRIPPER/install/ur_interfaces:/home/darsh/UR_GRIPPER/install/ur_gazebo:/home/darsh/UR_GRIPPER/install/robotiq_description:/opt/ros/jazzy/opt/gz_sim_vendor:/opt/ros/jazzy/opt/gz_sensors_vendor:/opt/ros/jazzy/opt/gz_physics_vendor:/opt/ros/jazzy/opt/sdformat_vendor:/opt/ros/jazzy/opt/gz_gui_vendor:/opt/ros/jazzy/opt/gz_transport_vendor:/opt/ros/jazzy/opt/gz_rendering_vendor:/opt/ros/jazzy/opt/gz_plugin_vendor:/opt/ros/jazzy/opt/gz_fuel_tools_vendor:/opt/ros/jazzy/opt/gz_msgs_vendor:/opt/ros/jazzy/opt/gz_common_vendor:/opt/ros/jazzy/opt/gz_math_vendor:/opt/ros/jazzy/opt/gz_utils_vendor:/opt/ros/jazzy/opt/gz_tools_vendor:/opt/ros/jazzy/opt/gz_ogre_next_vendor:/opt/ros/jazzy/opt/gz_dartsim_vendor:/opt/ros/jazzy/opt/gz_cmake_vendor:/opt/ros/jazzy /usr/bin/cmake --build /home/darsh/UR_GRIPPER/build/moveit_config -- -j16 -l16
[0.097s] -- Found ament_cmake: 2.5.3 (/opt/ros/jazzy/share/ament_cmake/cmake)
[0.486s] -- Configuring done (0.4s)
[0.494s] -- Generating done (0.0s)
[0.495s] -- Build files have been written to: /home/darsh/UR_GRIPPER/build/moveit_config
[0.517s] Invoked command in '/home/darsh/UR_GRIPPER/build/moveit_config' returned '0': CMAKE_PREFIX_PATH=/home/darsh/UR_GRIPPER/install/ur_description:/home/darsh/UR_GRIPPER/install/moveit_config:/home/darsh/UR_GRIPPER/install/ur_system_tests:/home/darsh/UR_GRIPPER/install/ur_interfaces:/home/darsh/UR_GRIPPER/install/ur_gazebo:/home/darsh/UR_GRIPPER/install/robotiq_description:/opt/ros/jazzy/opt/gz_sim_vendor:/opt/ros/jazzy/opt/gz_sensors_vendor:/opt/ros/jazzy/opt/gz_physics_vendor:/opt/ros/jazzy/opt/sdformat_vendor:/opt/ros/jazzy/opt/gz_gui_vendor:/opt/ros/jazzy/opt/gz_transport_vendor:/opt/ros/jazzy/opt/gz_rendering_vendor:/opt/ros/jazzy/opt/gz_plugin_vendor:/opt/ros/jazzy/opt/gz_fuel_tools_vendor:/opt/ros/jazzy/opt/gz_msgs_vendor:/opt/ros/jazzy/opt/gz_common_vendor:/opt/ros/jazzy/opt/gz_math_vendor:/opt/ros/jazzy/opt/gz_utils_vendor:/opt/ros/jazzy/opt/gz_tools_vendor:/opt/ros/jazzy/opt/gz_ogre_next_vendor:/opt/ros/jazzy/opt/gz_dartsim_vendor:/opt/ros/jazzy/opt/gz_cmake_vendor:/opt/ros/jazzy /usr/bin/cmake --build /home/darsh/UR_GRIPPER/build/moveit_config -- -j16 -l16
[0.518s] Invoking command in '/home/darsh/UR_GRIPPER/build/moveit_config': CMAKE_PREFIX_PATH=/home/darsh/UR_GRIPPER/install/ur_description:/home/darsh/UR_GRIPPER/install/moveit_config:/home/darsh/UR_GRIPPER/install/ur_system_tests:/home/darsh/UR_GRIPPER/install/ur_interfaces:/home/darsh/UR_GRIPPER/install/ur_gazebo:/home/darsh/UR_GRIPPER/install/robotiq_description:/opt/ros/jazzy/opt/gz_sim_vendor:/opt/ros/jazzy/opt/gz_sensors_vendor:/opt/ros/jazzy/opt/gz_physics_vendor:/opt/ros/jazzy/opt/sdformat_vendor:/opt/ros/jazzy/opt/gz_gui_vendor:/opt/ros/jazzy/opt/gz_transport_vendor:/opt/ros/jazzy/opt/gz_rendering_vendor:/opt/ros/jazzy/opt/gz_plugin_vendor:/opt/ros/jazzy/opt/gz_fuel_tools_vendor:/opt/ros/jazzy/opt/gz_msgs_vendor:/opt/ros/jazzy/opt/gz_common_vendor:/opt/ros/jazzy/opt/gz_math_vendor:/opt/ros/jazzy/opt/gz_utils_vendor:/opt/ros/jazzy/opt/gz_tools_vendor:/opt/ros/jazzy/opt/gz_ogre_next_vendor:/opt/ros/jazzy/opt/gz_dartsim_vendor:/opt/ros/jazzy/opt/gz_cmake_vendor:/opt/ros/jazzy /usr/bin/cmake --install /home/darsh/UR_GRIPPER/build/moveit_config
[0.525s] -- Install configuration: ""
[0.525s] -- Up-to-date: /home/darsh/UR_GRIPPER/install/moveit_config/share/ament_index/resource_index/package_run_dependencies/moveit_config
[0.525s] -- Installing: /home/darsh/UR_GRIPPER/install/moveit_config/share/ament_index/resource_index/parent_prefix_path/moveit_config
[0.526s] -- Up-to-date: /home/darsh/UR_GRIPPER/install/moveit_config/share/moveit_config/environment/ament_prefix_path.sh
[0.526s] -- Up-to-date: /home/darsh/UR_GRIPPER/install/moveit_config/share/moveit_config/environment/ament_prefix_path.dsv
[0.526s] -- Up-to-date: /home/darsh/UR_GRIPPER/install/moveit_config/share/moveit_config/environment/path.sh
[0.526s] -- Up-to-date: /home/darsh/UR_GRIPPER/install/moveit_config/share/moveit_config/environment/path.dsv
[0.526s] -- Up-to-date: /home/darsh/UR_GRIPPER/install/moveit_config/share/moveit_config/local_setup.bash
[0.527s] -- Up-to-date: /home/darsh/UR_GRIPPER/install/moveit_config/share/moveit_config/local_setup.sh
[0.527s] -- Up-to-date: /home/darsh/UR_GRIPPER/install/moveit_config/share/moveit_config/local_setup.zsh
[0.527s] -- Up-to-date: /home/darsh/UR_GRIPPER/install/moveit_config/share/moveit_config/local_setup.dsv
[0.527s] -- Up-to-date: /home/darsh/UR_GRIPPER/install/moveit_config/share/moveit_config/package.dsv
[0.528s] -- Up-to-date: /home/darsh/UR_GRIPPER/install/moveit_config/share/ament_index/resource_index/packages/moveit_config
[0.528s] -- Up-to-date: /home/darsh/UR_GRIPPER/install/moveit_config/share/moveit_config/cmake/moveit_configConfig.cmake
[0.528s] -- Up-to-date: /home/darsh/UR_GRIPPER/install/moveit_config/share/moveit_config/cmake/moveit_configConfig-version.cmake
[0.528s] -- Installing: /home/darsh/UR_GRIPPER/install/moveit_config/share/moveit_config/package.xml
[0.528s] -- Up-to-date: /home/darsh/UR_GRIPPER/install/moveit_config/share/moveit_config/launch
[0.529s] -- Installing: /home/darsh/UR_GRIPPER/install/moveit_config/share/moveit_config/launch/moveit_rviz.launch.py
[0.529s] -- Installing: /home/darsh/UR_GRIPPER/install/moveit_config/share/moveit_config/launch/static_virtual_joint_tfs.launch.py
[0.529s] -- Installing: /home/darsh/UR_GRIPPER/install/moveit_config/share/moveit_config/launch/demo.launch.py
[0.529s] -- Installing: /home/darsh/UR_GRIPPER/install/moveit_config/share/moveit_config/launch/warehouse_db.launch.py
[0.530s] -- Installing: /home/darsh/UR_GRIPPER/install/moveit_config/share/moveit_config/launch/setup_assistant.launch.py
[0.530s] -- Installing: /home/darsh/UR_GRIPPER/install/moveit_config/share/moveit_config/launch/rsp.launch.py
[0.530s] -- Installing: /home/darsh/UR_GRIPPER/install/moveit_config/share/moveit_config/launch/move_group.launch.py
[0.531s] -- Installing: /home/darsh/UR_GRIPPER/install/moveit_config/share/moveit_config/launch/spawn_controllers.launch.py
[0.531s] -- Up-to-date: /home/darsh/UR_GRIPPER/install/moveit_config/share/moveit_config/config
[0.531s] -- Installing: /home/darsh/UR_GRIPPER/install/moveit_config/share/moveit_config/config/moveit.rviz
[0.533s] -- Installing: /home/darsh/UR_GRIPPER/install/moveit_config/share/moveit_config/config/initial_positions.yaml
[0.534s] -- Installing: /home/darsh/UR_GRIPPER/install/moveit_config/share/moveit_config/config/ur.ros2_control.xacro
[0.534s] -- Installing: /home/darsh/UR_GRIPPER/install/moveit_config/share/moveit_config/config/kinematics.yaml
[0.534s] -- Installing: /home/darsh/UR_GRIPPER/install/moveit_config/share/moveit_config/config/joint_limits.yaml
[0.534s] -- Installing: /home/darsh/UR_GRIPPER/install/moveit_config/share/moveit_config/config/ros2_controllers.yaml
[0.535s] -- Installing: /home/darsh/UR_GRIPPER/install/moveit_config/share/moveit_config/config/ur.srdf
[0.535s] -- Installing: /home/darsh/UR_GRIPPER/install/moveit_config/share/moveit_config/config/moveit_controllers.yaml
[0.535s] -- Installing: /home/darsh/UR_GRIPPER/install/moveit_config/share/moveit_config/config/pilz_cartesian_limits.yaml
[0.535s] -- Installing: /home/darsh/UR_GRIPPER/install/moveit_config/share/moveit_config/config/ur.urdf.xacro
[0.536s] -- Installing: /home/darsh/UR_GRIPPER/install/moveit_config/share/moveit_config/config/sensors_3d.yaml
[0.536s] -- Installing: /home/darsh/UR_GRIPPER/install/moveit_config/share/moveit_config/.setup_assistant
[0.537s] Invoked command in '/home/darsh/UR_GRIPPER/build/moveit_config' returned '0': CMAKE_PREFIX_PATH=/home/darsh/UR_GRIPPER/install/ur_description:/home/darsh/UR_GRIPPER/install/moveit_config:/home/darsh/UR_GRIPPER/install/ur_system_tests:/home/darsh/UR_GRIPPER/install/ur_interfaces:/home/darsh/UR_GRIPPER/install/ur_gazebo:/home/darsh/UR_GRIPPER/install/robotiq_description:/opt/ros/jazzy/opt/gz_sim_vendor:/opt/ros/jazzy/opt/gz_sensors_vendor:/opt/ros/jazzy/opt/gz_physics_vendor:/opt/ros/jazzy/opt/sdformat_vendor:/opt/ros/jazzy/opt/gz_gui_vendor:/opt/ros/jazzy/opt/gz_transport_vendor:/opt/ros/jazzy/opt/gz_rendering_vendor:/opt/ros/jazzy/opt/gz_plugin_vendor:/opt/ros/jazzy/opt/gz_fuel_tools_vendor:/opt/ros/jazzy/opt/gz_msgs_vendor:/opt/ros/jazzy/opt/gz_common_vendor:/opt/ros/jazzy/opt/gz_math_vendor:/opt/ros/jazzy/opt/gz_utils_vendor:/opt/ros/jazzy/opt/gz_tools_vendor:/opt/ros/jazzy/opt/gz_ogre_next_vendor:/opt/ros/jazzy/opt/gz_dartsim_vendor:/opt/ros/jazzy/opt/gz_cmake_vendor:/opt/ros/jazzy /usr/bin/cmake --install /home/darsh/UR_GRIPPER/build/moveit_config
