[0.025s] Invoking command in '/home/darsh/UR_GRIPPER/build/ur_interfaces': CMAKE_PREFIX_PATH=${CMAKE_PREFIX_PATH}:/opt/ros/jazzy /usr/bin/cmake /home/darsh/UR_GRIPPER/src/ur_interfaces -DCMAKE_INSTALL_PREFIX=/home/darsh/UR_GRIPPER/install/ur_interfaces
[0.333s] -- The C compiler identification is GNU 13.3.0
[0.846s] -- The CXX compiler identification is GNU 13.3.0
[1.114s] -- Detecting C compiler ABI info
[1.329s] -- Detecting C compiler ABI info - done
[1.344s] -- Check for working C compiler: /usr/bin/cc - skipped
[1.344s] -- Detecting C compile features
[1.345s] -- Detecting C compile features - done
[1.408s] -- Detecting CXX compiler ABI info
[1.679s] -- Detecting CXX compiler ABI info - done
[1.691s] -- Check for working CXX compiler: /usr/bin/c++ - skipped
[1.691s] -- Detecting CXX compile features
[1.692s] -- Detecting CXX compile features - done
[1.697s] -- Found ament_cmake: 2.5.3 (/opt/ros/jazzy/share/ament_cmake/cmake)
[1.926s] -- Found Python3: /usr/bin/python3 (found version "3.12.3") found components: Interpreter 
[2.129s] -- Found ament_lint_auto: 0.17.1 (/opt/ros/jazzy/share/ament_lint_auto/cmake)
[2.312s] -- Added test 'lint_cmake' to check CMake code style
[2.317s] -- Added test 'xmllint' to check XML markup files
[2.318s] -- Configuring done (2.2s)
[2.322s] -- Generating done (0.0s)
[2.324s] -- Build files have been written to: /home/darsh/UR_GRIPPER/build/ur_interfaces
[2.339s] Invoked command in '/home/darsh/UR_GRIPPER/build/ur_interfaces' returned '0': CMAKE_PREFIX_PATH=${CMAKE_PREFIX_PATH}:/opt/ros/jazzy /usr/bin/cmake /home/darsh/UR_GRIPPER/src/ur_interfaces -DCMAKE_INSTALL_PREFIX=/home/darsh/UR_GRIPPER/install/ur_interfaces
[2.341s] Invoking command in '/home/darsh/UR_GRIPPER/build/ur_interfaces': CMAKE_PREFIX_PATH=${CMAKE_PREFIX_PATH}:/opt/ros/jazzy /usr/bin/cmake --build /home/darsh/UR_GRIPPER/build/ur_interfaces -- -j16 -l16
[2.412s] Invoked command in '/home/darsh/UR_GRIPPER/build/ur_interfaces' returned '0': CMAKE_PREFIX_PATH=${CMAKE_PREFIX_PATH}:/opt/ros/jazzy /usr/bin/cmake --build /home/darsh/UR_GRIPPER/build/ur_interfaces -- -j16 -l16
[2.414s] Invoking command in '/home/darsh/UR_GRIPPER/build/ur_interfaces': CMAKE_PREFIX_PATH=${CMAKE_PREFIX_PATH}:/opt/ros/jazzy /usr/bin/cmake --install /home/darsh/UR_GRIPPER/build/ur_interfaces
[2.422s] -- Install configuration: ""
[2.423s] -- Installing: /home/darsh/UR_GRIPPER/install/ur_interfaces/share/ament_index/resource_index/package_run_dependencies/ur_interfaces
[2.423s] -- Installing: /home/darsh/UR_GRIPPER/install/ur_interfaces/share/ament_index/resource_index/parent_prefix_path/ur_interfaces
[2.424s] -- Installing: /home/darsh/UR_GRIPPER/install/ur_interfaces/share/ur_interfaces/environment/ament_prefix_path.sh
[2.424s] -- Installing: /home/darsh/UR_GRIPPER/install/ur_interfaces/share/ur_interfaces/environment/ament_prefix_path.dsv
[2.424s] -- Installing: /home/darsh/UR_GRIPPER/install/ur_interfaces/share/ur_interfaces/environment/path.sh
[2.425s] -- Installing: /home/darsh/UR_GRIPPER/install/ur_interfaces/share/ur_interfaces/environment/path.dsv
[2.425s] -- Installing: /home/darsh/UR_GRIPPER/install/ur_interfaces/share/ur_interfaces/local_setup.bash
[2.425s] -- Installing: /home/darsh/UR_GRIPPER/install/ur_interfaces/share/ur_interfaces/local_setup.sh
[2.426s] -- Installing: /home/darsh/UR_GRIPPER/install/ur_interfaces/share/ur_interfaces/local_setup.zsh
[2.426s] -- Installing: /home/darsh/UR_GRIPPER/install/ur_interfaces/share/ur_interfaces/local_setup.dsv
[2.426s] -- Installing: /home/darsh/UR_GRIPPER/install/ur_interfaces/share/ur_interfaces/package.dsv
[2.426s] -- Installing: /home/darsh/UR_GRIPPER/install/ur_interfaces/share/ament_index/resource_index/packages/ur_interfaces
[2.427s] -- Installing: /home/darsh/UR_GRIPPER/install/ur_interfaces/share/ur_interfaces/cmake/ur_interfacesConfig.cmake
[2.427s] -- Installing: /home/darsh/UR_GRIPPER/install/ur_interfaces/share/ur_interfaces/cmake/ur_interfacesConfig-version.cmake
[2.427s] -- Installing: /home/darsh/UR_GRIPPER/install/ur_interfaces/share/ur_interfaces/package.xml
[2.435s] Invoked command in '/home/darsh/UR_GRIPPER/build/ur_interfaces' returned '0': CMAKE_PREFIX_PATH=${CMAKE_PREFIX_PATH}:/opt/ros/jazzy /usr/bin/cmake --install /home/darsh/UR_GRIPPER/build/ur_interfaces
