[0.045s] Invoking command in '/home/darsh/UR_GRIPPER/build/ur_interfaces': CMAKE_PREFIX_PATH=${CMAKE_PREFIX_PATH}:/opt/ros/jazzy /usr/bin/cmake --build /home/darsh/UR_GRIPPER/build/ur_interfaces -- -j16 -l16
[0.078s] Invoked command in '/home/darsh/UR_GRIPPER/build/ur_interfaces' returned '0': CMAKE_PREFIX_PATH=${CMAKE_PREFIX_PATH}:/opt/ros/jazzy /usr/bin/cmake --build /home/darsh/UR_GRIPPER/build/ur_interfaces -- -j16 -l16
[0.088s] Invoking command in '/home/darsh/UR_GRIPPER/build/ur_interfaces': CMAKE_PREFIX_PATH=${CMAKE_PREFIX_PATH}:/opt/ros/jazzy /usr/bin/cmake --install /home/darsh/UR_GRIPPER/build/ur_interfaces
[0.100s] -- Install configuration: ""
[0.101s] -- Up-to-date: /home/darsh/UR_GRIPPER/install/ur_interfaces/share/ament_index/resource_index/package_run_dependencies/ur_interfaces
[0.101s] -- Up-to-date: /home/darsh/UR_GRIPPER/install/ur_interfaces/share/ament_index/resource_index/parent_prefix_path/ur_interfaces
[0.101s] -- Up-to-date: /home/darsh/UR_GRIPPER/install/ur_interfaces/share/ur_interfaces/environment/ament_prefix_path.sh
[0.102s] -- Up-to-date: /home/darsh/UR_GRIPPER/install/ur_interfaces/share/ur_interfaces/environment/ament_prefix_path.dsv
[0.102s] -- Up-to-date: /home/darsh/UR_GRIPPER/install/ur_interfaces/share/ur_interfaces/environment/path.sh
[0.104s] -- Up-to-date: /home/darsh/UR_GRIPPER/install/ur_interfaces/share/ur_interfaces/environment/path.dsv
[0.105s] -- Up-to-date: /home/darsh/UR_GRIPPER/install/ur_interfaces/share/ur_interfaces/local_setup.bash
[0.108s] -- Up-to-date: /home/darsh/UR_GRIPPER/install/ur_interfaces/share/ur_interfaces/local_setup.sh
[0.109s] -- Up-to-date: /home/darsh/UR_GRIPPER/install/ur_interfaces/share/ur_interfaces/local_setup.zsh
[0.109s] -- Up-to-date: /home/darsh/UR_GRIPPER/install/ur_interfaces/share/ur_interfaces/local_setup.dsv
[0.110s] -- Installing: /home/darsh/UR_GRIPPER/install/ur_interfaces/share/ur_interfaces/package.dsv
[0.111s] -- Up-to-date: /home/darsh/UR_GRIPPER/install/ur_interfaces/share/ament_index/resource_index/packages/ur_interfaces
[0.113s] -- Up-to-date: /home/darsh/UR_GRIPPER/install/ur_interfaces/share/ur_interfaces/cmake/ur_interfacesConfig.cmake
[0.113s] -- Up-to-date: /home/darsh/UR_GRIPPER/install/ur_interfaces/share/ur_interfaces/cmake/ur_interfacesConfig-version.cmake
[0.114s] -- Up-to-date: /home/darsh/UR_GRIPPER/install/ur_interfaces/share/ur_interfaces/package.xml
[0.542s] Invoked command in '/home/darsh/UR_GRIPPER/build/ur_interfaces' returned '0': CMAKE_PREFIX_PATH=${CMAKE_PREFIX_PATH}:/opt/ros/jazzy /usr/bin/cmake --install /home/darsh/UR_GRIPPER/build/ur_interfaces
