[0.059s] Invoking command in '/home/darsh/UR_GRIPPER/build/moveit_config': CMAKE_PREFIX_PATH=/home/darsh/UR_GRIPPER/install/ur_description:/home/darsh/UR_GRIPPER/install/ur_system_tests:/home/darsh/UR_GRIPPER/install/ur_interfaces:/home/darsh/UR_GRIPPER/install/ur_gazebo:/home/darsh/UR_GRIPPER/install/robotiq_description:/opt/ros/jazzy/opt/gz_sim_vendor:/opt/ros/jazzy/opt/gz_sensors_vendor:/opt/ros/jazzy/opt/gz_physics_vendor:/opt/ros/jazzy/opt/sdformat_vendor:/opt/ros/jazzy/opt/gz_gui_vendor:/opt/ros/jazzy/opt/gz_transport_vendor:/opt/ros/jazzy/opt/gz_rendering_vendor:/opt/ros/jazzy/opt/gz_plugin_vendor:/opt/ros/jazzy/opt/gz_fuel_tools_vendor:/opt/ros/jazzy/opt/gz_msgs_vendor:/opt/ros/jazzy/opt/gz_common_vendor:/opt/ros/jazzy/opt/gz_math_vendor:/opt/ros/jazzy/opt/gz_utils_vendor:/opt/ros/jazzy/opt/gz_tools_vendor:/opt/ros/jazzy/opt/gz_ogre_next_vendor:/opt/ros/jazzy/opt/gz_dartsim_vendor:/opt/ros/jazzy/opt/gz_cmake_vendor:/opt/ros/jazzy /usr/bin/cmake /home/darsh/UR_GRIPPER/src/moveit_config -DCMAKE_INSTALL_PREFIX=/home/darsh/UR_GRIPPER/install/moveit_config
[0.082s] -- Found ament_cmake: 2.5.3 (/opt/ros/jazzy/share/ament_cmake/cmake)
[0.501s] -- Configuring done (0.4s)
[0.511s] -- Generating done (0.0s)
[0.514s] -- Build files have been written to: /home/darsh/UR_GRIPPER/build/moveit_config
[0.517s] Invoked command in '/home/darsh/UR_GRIPPER/build/moveit_config' returned '0': CMAKE_PREFIX_PATH=/home/darsh/UR_GRIPPER/install/ur_description:/home/darsh/UR_GRIPPER/install/ur_system_tests:/home/darsh/UR_GRIPPER/install/ur_interfaces:/home/darsh/UR_GRIPPER/install/ur_gazebo:/home/darsh/UR_GRIPPER/install/robotiq_description:/opt/ros/jazzy/opt/gz_sim_vendor:/opt/ros/jazzy/opt/gz_sensors_vendor:/opt/ros/jazzy/opt/gz_physics_vendor:/opt/ros/jazzy/opt/sdformat_vendor:/opt/ros/jazzy/opt/gz_gui_vendor:/opt/ros/jazzy/opt/gz_transport_vendor:/opt/ros/jazzy/opt/gz_rendering_vendor:/opt/ros/jazzy/opt/gz_plugin_vendor:/opt/ros/jazzy/opt/gz_fuel_tools_vendor:/opt/ros/jazzy/opt/gz_msgs_vendor:/opt/ros/jazzy/opt/gz_common_vendor:/opt/ros/jazzy/opt/gz_math_vendor:/opt/ros/jazzy/opt/gz_utils_vendor:/opt/ros/jazzy/opt/gz_tools_vendor:/opt/ros/jazzy/opt/gz_ogre_next_vendor:/opt/ros/jazzy/opt/gz_dartsim_vendor:/opt/ros/jazzy/opt/gz_cmake_vendor:/opt/ros/jazzy /usr/bin/cmake /home/darsh/UR_GRIPPER/src/moveit_config -DCMAKE_INSTALL_PREFIX=/home/darsh/UR_GRIPPER/install/moveit_config
[0.518s] Invoking command in '/home/darsh/UR_GRIPPER/build/moveit_config': CMAKE_PREFIX_PATH=/home/darsh/UR_GRIPPER/install/ur_description:/home/darsh/UR_GRIPPER/install/ur_system_tests:/home/darsh/UR_GRIPPER/install/ur_interfaces:/home/darsh/UR_GRIPPER/install/ur_gazebo:/home/darsh/UR_GRIPPER/install/robotiq_description:/opt/ros/jazzy/opt/gz_sim_vendor:/opt/ros/jazzy/opt/gz_sensors_vendor:/opt/ros/jazzy/opt/gz_physics_vendor:/opt/ros/jazzy/opt/sdformat_vendor:/opt/ros/jazzy/opt/gz_gui_vendor:/opt/ros/jazzy/opt/gz_transport_vendor:/opt/ros/jazzy/opt/gz_rendering_vendor:/opt/ros/jazzy/opt/gz_plugin_vendor:/opt/ros/jazzy/opt/gz_fuel_tools_vendor:/opt/ros/jazzy/opt/gz_msgs_vendor:/opt/ros/jazzy/opt/gz_common_vendor:/opt/ros/jazzy/opt/gz_math_vendor:/opt/ros/jazzy/opt/gz_utils_vendor:/opt/ros/jazzy/opt/gz_tools_vendor:/opt/ros/jazzy/opt/gz_ogre_next_vendor:/opt/ros/jazzy/opt/gz_dartsim_vendor:/opt/ros/jazzy/opt/gz_cmake_vendor:/opt/ros/jazzy /usr/bin/cmake --build /home/darsh/UR_GRIPPER/build/moveit_config -- -j16 -l16
[0.557s] Invoked command in '/home/darsh/UR_GRIPPER/build/moveit_config' returned '0': CMAKE_PREFIX_PATH=/home/darsh/UR_GRIPPER/install/ur_description:/home/darsh/UR_GRIPPER/install/ur_system_tests:/home/darsh/UR_GRIPPER/install/ur_interfaces:/home/darsh/UR_GRIPPER/install/ur_gazebo:/home/darsh/UR_GRIPPER/install/robotiq_description:/opt/ros/jazzy/opt/gz_sim_vendor:/opt/ros/jazzy/opt/gz_sensors_vendor:/opt/ros/jazzy/opt/gz_physics_vendor:/opt/ros/jazzy/opt/sdformat_vendor:/opt/ros/jazzy/opt/gz_gui_vendor:/opt/ros/jazzy/opt/gz_transport_vendor:/opt/ros/jazzy/opt/gz_rendering_vendor:/opt/ros/jazzy/opt/gz_plugin_vendor:/opt/ros/jazzy/opt/gz_fuel_tools_vendor:/opt/ros/jazzy/opt/gz_msgs_vendor:/opt/ros/jazzy/opt/gz_common_vendor:/opt/ros/jazzy/opt/gz_math_vendor:/opt/ros/jazzy/opt/gz_utils_vendor:/opt/ros/jazzy/opt/gz_tools_vendor:/opt/ros/jazzy/opt/gz_ogre_next_vendor:/opt/ros/jazzy/opt/gz_dartsim_vendor:/opt/ros/jazzy/opt/gz_cmake_vendor:/opt/ros/jazzy /usr/bin/cmake --build /home/darsh/UR_GRIPPER/build/moveit_config -- -j16 -l16
[0.558s] Invoking command in '/home/darsh/UR_GRIPPER/build/moveit_config': CMAKE_PREFIX_PATH=/home/darsh/UR_GRIPPER/install/ur_description:/home/darsh/UR_GRIPPER/install/ur_system_tests:/home/darsh/UR_GRIPPER/install/ur_interfaces:/home/darsh/UR_GRIPPER/install/ur_gazebo:/home/darsh/UR_GRIPPER/install/robotiq_description:/opt/ros/jazzy/opt/gz_sim_vendor:/opt/ros/jazzy/opt/gz_sensors_vendor:/opt/ros/jazzy/opt/gz_physics_vendor:/opt/ros/jazzy/opt/sdformat_vendor:/opt/ros/jazzy/opt/gz_gui_vendor:/opt/ros/jazzy/opt/gz_transport_vendor:/opt/ros/jazzy/opt/gz_rendering_vendor:/opt/ros/jazzy/opt/gz_plugin_vendor:/opt/ros/jazzy/opt/gz_fuel_tools_vendor:/opt/ros/jazzy/opt/gz_msgs_vendor:/opt/ros/jazzy/opt/gz_common_vendor:/opt/ros/jazzy/opt/gz_math_vendor:/opt/ros/jazzy/opt/gz_utils_vendor:/opt/ros/jazzy/opt/gz_tools_vendor:/opt/ros/jazzy/opt/gz_ogre_next_vendor:/opt/ros/jazzy/opt/gz_dartsim_vendor:/opt/ros/jazzy/opt/gz_cmake_vendor:/opt/ros/jazzy /usr/bin/cmake --install /home/darsh/UR_GRIPPER/build/moveit_config
[0.566s] -- Install configuration: ""
[0.567s] -- Installing: /home/darsh/UR_GRIPPER/install/moveit_config/share/ament_index/resource_index/package_run_dependencies/moveit_config
[0.567s] -- Installing: /home/darsh/UR_GRIPPER/install/moveit_config/share/ament_index/resource_index/parent_prefix_path/moveit_config
[0.568s] -- Installing: /home/darsh/UR_GRIPPER/install/moveit_config/share/moveit_config/environment/ament_prefix_path.sh
[0.568s] -- Installing: /home/darsh/UR_GRIPPER/install/moveit_config/share/moveit_config/environment/ament_prefix_path.dsv
[0.569s] -- Installing: /home/darsh/UR_GRIPPER/install/moveit_config/share/moveit_config/environment/path.sh
[0.569s] -- Installing: /home/darsh/UR_GRIPPER/install/moveit_config/share/moveit_config/environment/path.dsv
[0.569s] -- Installing: /home/darsh/UR_GRIPPER/install/moveit_config/share/moveit_config/local_setup.bash
[0.570s] -- Installing: /home/darsh/UR_GRIPPER/install/moveit_config/share/moveit_config/local_setup.sh
[0.570s] -- Installing: /home/darsh/UR_GRIPPER/install/moveit_config/share/moveit_config/local_setup.zsh
[0.570s] -- Installing: /home/darsh/UR_GRIPPER/install/moveit_config/share/moveit_config/local_setup.dsv
[0.570s] -- Installing: /home/darsh/UR_GRIPPER/install/moveit_config/share/moveit_config/package.dsv
[0.570s] -- Installing: /home/darsh/UR_GRIPPER/install/moveit_config/share/ament_index/resource_index/packages/moveit_config
[0.570s] -- Installing: /home/darsh/UR_GRIPPER/install/moveit_config/share/moveit_config/cmake/moveit_configConfig.cmake
[0.570s] -- Installing: /home/darsh/UR_GRIPPER/install/moveit_config/share/moveit_config/cmake/moveit_configConfig-version.cmake
[0.571s] -- Installing: /home/darsh/UR_GRIPPER/install/moveit_config/share/moveit_config/package.xml
[0.571s] -- Installing: /home/darsh/UR_GRIPPER/install/moveit_config/share/moveit_config/launch
[0.571s] -- Installing: /home/darsh/UR_GRIPPER/install/moveit_config/share/moveit_config/launch/moveit_rviz.launch.py
[0.572s] -- Installing: /home/darsh/UR_GRIPPER/install/moveit_config/share/moveit_config/launch/static_virtual_joint_tfs.launch.py
[0.572s] -- Installing: /home/darsh/UR_GRIPPER/install/moveit_config/share/moveit_config/launch/demo.launch.py
[0.573s] -- Installing: /home/darsh/UR_GRIPPER/install/moveit_config/share/moveit_config/launch/warehouse_db.launch.py
[0.574s] -- Installing: /home/darsh/UR_GRIPPER/install/moveit_config/share/moveit_config/launch/setup_assistant.launch.py
[0.575s] -- Installing: /home/darsh/UR_GRIPPER/install/moveit_config/share/moveit_config/launch/rsp.launch.py
[0.575s] -- Installing: /home/darsh/UR_GRIPPER/install/moveit_config/share/moveit_config/launch/move_group.launch.py
[0.576s] -- Installing: /home/darsh/UR_GRIPPER/install/moveit_config/share/moveit_config/launch/spawn_controllers.launch.py
[0.577s] -- Installing: /home/darsh/UR_GRIPPER/install/moveit_config/share/moveit_config/config
[0.577s] -- Installing: /home/darsh/UR_GRIPPER/install/moveit_config/share/moveit_config/config/moveit.rviz
[0.578s] -- Installing: /home/darsh/UR_GRIPPER/install/moveit_config/share/moveit_config/config/initial_positions.yaml
[0.578s] -- Installing: /home/darsh/UR_GRIPPER/install/moveit_config/share/moveit_config/config/ur.ros2_control.xacro
[0.579s] -- Installing: /home/darsh/UR_GRIPPER/install/moveit_config/share/moveit_config/config/kinematics.yaml
[0.579s] -- Installing: /home/darsh/UR_GRIPPER/install/moveit_config/share/moveit_config/config/joint_limits.yaml
[0.580s] -- Installing: /home/darsh/UR_GRIPPER/install/moveit_config/share/moveit_config/config/ur.srdf
[0.580s] -- Installing: /home/darsh/UR_GRIPPER/install/moveit_config/share/moveit_config/config/pilz_cartesian_limits.yaml
[0.581s] -- Installing: /home/darsh/UR_GRIPPER/install/moveit_config/share/moveit_config/config/ur.urdf.xacro
[0.581s] -- Installing: /home/darsh/UR_GRIPPER/install/moveit_config/share/moveit_config/.setup_assistant
[0.583s] Invoked command in '/home/darsh/UR_GRIPPER/build/moveit_config' returned '0': CMAKE_PREFIX_PATH=/home/darsh/UR_GRIPPER/install/ur_description:/home/darsh/UR_GRIPPER/install/ur_system_tests:/home/darsh/UR_GRIPPER/install/ur_interfaces:/home/darsh/UR_GRIPPER/install/ur_gazebo:/home/darsh/UR_GRIPPER/install/robotiq_description:/opt/ros/jazzy/opt/gz_sim_vendor:/opt/ros/jazzy/opt/gz_sensors_vendor:/opt/ros/jazzy/opt/gz_physics_vendor:/opt/ros/jazzy/opt/sdformat_vendor:/opt/ros/jazzy/opt/gz_gui_vendor:/opt/ros/jazzy/opt/gz_transport_vendor:/opt/ros/jazzy/opt/gz_rendering_vendor:/opt/ros/jazzy/opt/gz_plugin_vendor:/opt/ros/jazzy/opt/gz_fuel_tools_vendor:/opt/ros/jazzy/opt/gz_msgs_vendor:/opt/ros/jazzy/opt/gz_common_vendor:/opt/ros/jazzy/opt/gz_math_vendor:/opt/ros/jazzy/opt/gz_utils_vendor:/opt/ros/jazzy/opt/gz_tools_vendor:/opt/ros/jazzy/opt/gz_ogre_next_vendor:/opt/ros/jazzy/opt/gz_dartsim_vendor:/opt/ros/jazzy/opt/gz_cmake_vendor:/opt/ros/jazzy /usr/bin/cmake --install /home/darsh/UR_GRIPPER/build/moveit_config
