[0.043s] Invoking command in '/home/darsh/UR_GRIPPER/build/robotiq_description': CMAKE_PREFIX_PATH=${CMAKE_PREFIX_PATH}:/opt/ros/jazzy /usr/bin/cmake --build /home/darsh/UR_GRIPPER/build/robotiq_description -- -j16 -l16
[0.303s] Invoked command in '/home/darsh/UR_GRIPPER/build/robotiq_description' returned '0': CMAKE_PREFIX_PATH=${CMAKE_PREFIX_PATH}:/opt/ros/jazzy /usr/bin/cmake --build /home/darsh/UR_GRIPPER/build/robotiq_description -- -j16 -l16
[0.306s] Invoking command in '/home/darsh/UR_GRIPPER/build/robotiq_description': CMAKE_PREFIX_PATH=${CMAKE_PREFIX_PATH}:/opt/ros/jazzy /usr/bin/cmake --install /home/darsh/UR_GRIPPER/build/robotiq_description
[0.361s] -- Install configuration: ""
[0.364s] -- Up-to-date: /home/darsh/UR_GRIPPER/install/robotiq_description/share/robotiq_description/urdf
[0.365s] -- Up-to-date: /home/darsh/UR_GRIPPER/install/robotiq_description/share/robotiq_description/urdf/ur.urdf
[0.365s] -- Up-to-date: /home/darsh/UR_GRIPPER/install/robotiq_description/share/robotiq_description/urdf/robotiq_85_gripper2.xacro
[0.365s] -- Up-to-date: /home/darsh/UR_GRIPPER/install/robotiq_description/share/robotiq_description/urdf/robotiq_85_gripper.urdf.xacro
[0.365s] -- Up-to-date: /home/darsh/UR_GRIPPER/install/robotiq_description/share/robotiq_description/urdf/robotiq_85_gripper.xacro
[0.366s] -- Up-to-date: /home/darsh/UR_GRIPPER/install/robotiq_description/share/robotiq_description/urdf/robotiq_85_gripper_sim_base.urdf.xacro
[0.366s] -- Up-to-date: /home/darsh/UR_GRIPPER/install/robotiq_description/share/robotiq_description/urdf/robotiq_85_gripper.transmission.xacro
[0.366s] -- Up-to-date: /home/darsh/UR_GRIPPER/install/robotiq_description/share/robotiq_description/meshes
[0.371s] -- Up-to-date: /home/darsh/UR_GRIPPER/install/robotiq_description/share/robotiq_description/meshes/collision
[0.371s] -- Up-to-date: /home/darsh/UR_GRIPPER/install/robotiq_description/share/robotiq_description/meshes/collision/robotiq_85_finger_link.stl
[0.371s] -- Up-to-date: /home/darsh/UR_GRIPPER/install/robotiq_description/share/robotiq_description/meshes/collision/robotiq_85_knuckle_link.stl
[0.372s] -- Up-to-date: /home/darsh/UR_GRIPPER/install/robotiq_description/share/robotiq_description/meshes/collision/robotiq_85_inner_knuckle_link.stl
[0.372s] -- Up-to-date: /home/darsh/UR_GRIPPER/install/robotiq_description/share/robotiq_description/meshes/collision/robotiq_85_finger_tip_link.stl
[0.373s] -- Up-to-date: /home/darsh/UR_GRIPPER/install/robotiq_description/share/robotiq_description/meshes/collision/robotiq_85_base_link.stl
[0.373s] -- Up-to-date: /home/darsh/UR_GRIPPER/install/robotiq_description/share/robotiq_description/meshes/visual
[0.379s] -- Up-to-date: /home/darsh/UR_GRIPPER/install/robotiq_description/share/robotiq_description/meshes/visual/robotiq_85_finger_link.dae
[0.379s] -- Up-to-date: /home/darsh/UR_GRIPPER/install/robotiq_description/share/robotiq_description/meshes/visual/robotiq_85_inner_knuckle_link.dae
[0.380s] -- Up-to-date: /home/darsh/UR_GRIPPER/install/robotiq_description/share/robotiq_description/meshes/visual/robotiq_85_finger_tip_link.dae
[0.380s] -- Up-to-date: /home/darsh/UR_GRIPPER/install/robotiq_description/share/robotiq_description/meshes/visual/robotiq_85_base_link.dae
[0.380s] -- Up-to-date: /home/darsh/UR_GRIPPER/install/robotiq_description/share/robotiq_description/meshes/visual/robotiq_85_knuckle_link.dae
[0.380s] -- Up-to-date: /home/darsh/UR_GRIPPER/install/robotiq_description/share/robotiq_description/launch
[0.383s] -- Up-to-date: /home/darsh/UR_GRIPPER/install/robotiq_description/share/robotiq_description/launch/spawn_robotiq_85_gripper.launch.py
[0.384s] -- Up-to-date: /home/darsh/UR_GRIPPER/install/robotiq_description/share/robotiq_description/config
[0.384s] -- Up-to-date: /home/darsh/UR_GRIPPER/install/robotiq_description/share/robotiq_description/config/config.rviz
[0.384s] -- Up-to-date: /home/darsh/UR_GRIPPER/install/robotiq_description/share/ament_index/resource_index/package_run_dependencies/robotiq_description
[0.384s] -- Up-to-date: /home/darsh/UR_GRIPPER/install/robotiq_description/share/ament_index/resource_index/parent_prefix_path/robotiq_description
[0.385s] -- Up-to-date: /home/darsh/UR_GRIPPER/install/robotiq_description/share/robotiq_description/environment/ament_prefix_path.sh
[0.385s] -- Up-to-date: /home/darsh/UR_GRIPPER/install/robotiq_description/share/robotiq_description/environment/ament_prefix_path.dsv
[0.385s] -- Up-to-date: /home/darsh/UR_GRIPPER/install/robotiq_description/share/robotiq_description/environment/path.sh
[0.386s] -- Up-to-date: /home/darsh/UR_GRIPPER/install/robotiq_description/share/robotiq_description/environment/path.dsv
[0.386s] -- Up-to-date: /home/darsh/UR_GRIPPER/install/robotiq_description/share/robotiq_description/local_setup.bash
[0.387s] -- Up-to-date: /home/darsh/UR_GRIPPER/install/robotiq_description/share/robotiq_description/local_setup.sh
[0.387s] -- Up-to-date: /home/darsh/UR_GRIPPER/install/robotiq_description/share/robotiq_description/local_setup.zsh
[0.388s] -- Up-to-date: /home/darsh/UR_GRIPPER/install/robotiq_description/share/robotiq_description/local_setup.dsv
[0.390s] -- Installing: /home/darsh/UR_GRIPPER/install/robotiq_description/share/robotiq_description/package.dsv
[0.399s] -- Up-to-date: /home/darsh/UR_GRIPPER/install/robotiq_description/share/ament_index/resource_index/packages/robotiq_description
[0.400s] -- Up-to-date: /home/darsh/UR_GRIPPER/install/robotiq_description/share/robotiq_description/cmake/robotiq_descriptionConfig.cmake
[0.410s] -- Up-to-date: /home/darsh/UR_GRIPPER/install/robotiq_description/share/robotiq_description/cmake/robotiq_descriptionConfig-version.cmake
[0.410s] -- Up-to-date: /home/darsh/UR_GRIPPER/install/robotiq_description/share/robotiq_description/package.xml
[0.502s] Invoked command in '/home/darsh/UR_GRIPPER/build/robotiq_description' returned '0': CMAKE_PREFIX_PATH=${CMAKE_PREFIX_PATH}:/opt/ros/jazzy /usr/bin/cmake --install /home/darsh/UR_GRIPPER/build/robotiq_description
