[0.035s] Invoking command in '/home/darsh/UR_GRIPPER/build/robotiq_description': CMAKE_PREFIX_PATH=${CMAKE_PREFIX_PATH}:/opt/ros/jazzy /usr/bin/cmake /home/darsh/UR_GRIPPER/src/robotiq_description -DCMAKE_INSTALL_PREFIX=/home/darsh/UR_GRIPPER/install/robotiq_description
[0.355s] -- The C compiler identification is GNU 13.3.0
[0.868s] -- The CXX compiler identification is GNU 13.3.0
[1.160s] -- Detecting C compiler ABI info
[1.351s] -- Detecting C compiler ABI info - done
[1.366s] -- Check for working C compiler: /usr/bin/cc - skipped
[1.367s] -- Detecting C compile features
[1.367s] -- Detecting C compile features - done
[1.429s] -- Detecting CXX compiler ABI info
[1.640s] -- Detecting CXX compiler ABI info - done
[1.655s] -- Check for working CXX compiler: /usr/bin/c++ - skipped
[1.656s] -- Detecting CXX compile features
[1.656s] -- Detecting CXX compile features - done
[1.700s] -- Found ament_cmake: 2.5.3 (/opt/ros/jazzy/share/ament_cmake/cmake)
[1.940s] -- Found Python3: /usr/bin/python3 (found version "3.12.3") found components: Interpreter 
[2.264s] -- Configuring done (2.1s)
[2.269s] -- Generating done (0.0s)
[2.272s] -- Build files have been written to: /home/darsh/UR_GRIPPER/build/robotiq_description
[2.282s] Invoked command in '/home/darsh/UR_GRIPPER/build/robotiq_description' returned '0': CMAKE_PREFIX_PATH=${CMAKE_PREFIX_PATH}:/opt/ros/jazzy /usr/bin/cmake /home/darsh/UR_GRIPPER/src/robotiq_description -DCMAKE_INSTALL_PREFIX=/home/darsh/UR_GRIPPER/install/robotiq_description
[2.283s] Invoking command in '/home/darsh/UR_GRIPPER/build/robotiq_description': CMAKE_PREFIX_PATH=${CMAKE_PREFIX_PATH}:/opt/ros/jazzy /usr/bin/cmake --build /home/darsh/UR_GRIPPER/build/robotiq_description -- -j16 -l16
[2.340s] Invoked command in '/home/darsh/UR_GRIPPER/build/robotiq_description' returned '0': CMAKE_PREFIX_PATH=${CMAKE_PREFIX_PATH}:/opt/ros/jazzy /usr/bin/cmake --build /home/darsh/UR_GRIPPER/build/robotiq_description -- -j16 -l16
[2.341s] Invoking command in '/home/darsh/UR_GRIPPER/build/robotiq_description': CMAKE_PREFIX_PATH=${CMAKE_PREFIX_PATH}:/opt/ros/jazzy /usr/bin/cmake --install /home/darsh/UR_GRIPPER/build/robotiq_description
[2.352s] -- Install configuration: ""
[2.354s] -- Installing: /home/darsh/UR_GRIPPER/install/robotiq_description/share/robotiq_description/urdf
[2.357s] -- Installing: /home/darsh/UR_GRIPPER/install/robotiq_description/share/robotiq_description/urdf/ur.urdf
[2.357s] -- Installing: /home/darsh/UR_GRIPPER/install/robotiq_description/share/robotiq_description/urdf/robotiq_85_gripper2.xacro
[2.358s] -- Installing: /home/darsh/UR_GRIPPER/install/robotiq_description/share/robotiq_description/urdf/robotiq_85_gripper.urdf.xacro
[2.359s] -- Installing: /home/darsh/UR_GRIPPER/install/robotiq_description/share/robotiq_description/urdf/robotiq_85_gripper.xacro
[2.359s] -- Installing: /home/darsh/UR_GRIPPER/install/robotiq_description/share/robotiq_description/urdf/robotiq_85_gripper_sim_base.urdf.xacro
[2.360s] -- Installing: /home/darsh/UR_GRIPPER/install/robotiq_description/share/robotiq_description/urdf/robotiq_85_gripper.transmission.xacro
[2.361s] -- Installing: /home/darsh/UR_GRIPPER/install/robotiq_description/share/robotiq_description/meshes
[2.361s] -- Installing: /home/darsh/UR_GRIPPER/install/robotiq_description/share/robotiq_description/meshes/collision
[2.362s] -- Installing: /home/darsh/UR_GRIPPER/install/robotiq_description/share/robotiq_description/meshes/collision/robotiq_85_finger_link.stl
[2.364s] -- Installing: /home/darsh/UR_GRIPPER/install/robotiq_description/share/robotiq_description/meshes/collision/robotiq_85_knuckle_link.stl
[2.365s] -- Installing: /home/darsh/UR_GRIPPER/install/robotiq_description/share/robotiq_description/meshes/collision/robotiq_85_inner_knuckle_link.stl
[2.366s] -- Installing: /home/darsh/UR_GRIPPER/install/robotiq_description/share/robotiq_description/meshes/collision/robotiq_85_finger_tip_link.stl
[2.366s] -- Installing: /home/darsh/UR_GRIPPER/install/robotiq_description/share/robotiq_description/meshes/collision/robotiq_85_base_link.stl
[2.371s] -- Installing: /home/darsh/UR_GRIPPER/install/robotiq_description/share/robotiq_description/meshes/visual
[2.371s] -- Installing: /home/darsh/UR_GRIPPER/install/robotiq_description/share/robotiq_description/meshes/visual/robotiq_85_finger_link.dae
[2.372s] -- Installing: /home/darsh/UR_GRIPPER/install/robotiq_description/share/robotiq_description/meshes/visual/robotiq_85_inner_knuckle_link.dae
[2.372s] -- Installing: /home/darsh/UR_GRIPPER/install/robotiq_description/share/robotiq_description/meshes/visual/robotiq_85_finger_tip_link.dae
[2.373s] -- Installing: /home/darsh/UR_GRIPPER/install/robotiq_description/share/robotiq_description/meshes/visual/robotiq_85_base_link.dae
[2.380s] -- Installing: /home/darsh/UR_GRIPPER/install/robotiq_description/share/robotiq_description/meshes/visual/robotiq_85_knuckle_link.dae
[2.382s] -- Installing: /home/darsh/UR_GRIPPER/install/robotiq_description/share/robotiq_description/launch
[2.382s] -- Installing: /home/darsh/UR_GRIPPER/install/robotiq_description/share/robotiq_description/launch/spawn_robotiq_85_gripper.launch.py
[2.383s] -- Installing: /home/darsh/UR_GRIPPER/install/robotiq_description/share/robotiq_description/config
[2.383s] -- Installing: /home/darsh/UR_GRIPPER/install/robotiq_description/share/robotiq_description/config/config.rviz
[2.383s] -- Installing: /home/darsh/UR_GRIPPER/install/robotiq_description/share/ament_index/resource_index/package_run_dependencies/robotiq_description
[2.384s] -- Installing: /home/darsh/UR_GRIPPER/install/robotiq_description/share/ament_index/resource_index/parent_prefix_path/robotiq_description
[2.384s] -- Installing: /home/darsh/UR_GRIPPER/install/robotiq_description/share/robotiq_description/environment/ament_prefix_path.sh
[2.384s] -- Installing: /home/darsh/UR_GRIPPER/install/robotiq_description/share/robotiq_description/environment/ament_prefix_path.dsv
[2.385s] -- Installing: /home/darsh/UR_GRIPPER/install/robotiq_description/share/robotiq_description/environment/path.sh
[2.385s] -- Installing: /home/darsh/UR_GRIPPER/install/robotiq_description/share/robotiq_description/environment/path.dsv
[2.385s] -- Installing: /home/darsh/UR_GRIPPER/install/robotiq_description/share/robotiq_description/local_setup.bash
[2.386s] -- Installing: /home/darsh/UR_GRIPPER/install/robotiq_description/share/robotiq_description/local_setup.sh
[2.386s] -- Installing: /home/darsh/UR_GRIPPER/install/robotiq_description/share/robotiq_description/local_setup.zsh
[2.386s] -- Installing: /home/darsh/UR_GRIPPER/install/robotiq_description/share/robotiq_description/local_setup.dsv
[2.387s] -- Installing: /home/darsh/UR_GRIPPER/install/robotiq_description/share/robotiq_description/package.dsv
[2.387s] -- Installing: /home/darsh/UR_GRIPPER/install/robotiq_description/share/ament_index/resource_index/packages/robotiq_description
[2.387s] -- Installing: /home/darsh/UR_GRIPPER/install/robotiq_description/share/robotiq_description/cmake/robotiq_descriptionConfig.cmake
[2.388s] -- Installing: /home/darsh/UR_GRIPPER/install/robotiq_description/share/robotiq_description/cmake/robotiq_descriptionConfig-version.cmake
[2.388s] -- Installing: /home/darsh/UR_GRIPPER/install/robotiq_description/share/robotiq_description/package.xml
[2.391s] Invoked command in '/home/darsh/UR_GRIPPER/build/robotiq_description' returned '0': CMAKE_PREFIX_PATH=${CMAKE_PREFIX_PATH}:/opt/ros/jazzy /usr/bin/cmake --install /home/darsh/UR_GRIPPER/build/robotiq_description
