[0.035s] Invoking command in '/home/darsh/UR_GRIPPER/build/robotiq_description': CMAKE_PREFIX_PATH=${CMAKE_PREFIX_PATH}:/opt/ros/jazzy /usr/bin/cmake /home/darsh/UR_GRIPPER/src/robotiq_description -DCMAKE_INSTALL_PREFIX=/home/darsh/UR_GRIPPER/install/robotiq_description
[0.428s] -- The C compiler identification is GNU 13.3.0
[1.018s] -- The CXX compiler identification is GNU 13.3.0
[1.559s] -- Detecting C compiler ABI info
[1.824s] -- Detecting C compiler ABI info - done
[1.837s] -- Check for working C compiler: /usr/bin/cc - skipped
[1.838s] -- Detecting C compile features
[1.838s] -- Detecting C compile features - done
[1.933s] -- Detecting CXX compiler ABI info
[2.199s] -- Detecting CXX compiler ABI info - done
[2.215s] -- Check for working CXX compiler: /usr/bin/c++ - skipped
[2.216s] -- Detecting CXX compile features
[2.217s] -- Detecting CXX compile features - done
[2.224s] -- Found ament_cmake: 2.5.3 (/opt/ros/jazzy/share/ament_cmake/cmake)
[2.451s] -- Found Python3: /usr/bin/python3 (found version "3.12.3") found components: Interpreter 
[2.770s] -- Configuring done (2.7s)
[2.775s] -- Generating done (0.0s)
[2.778s] -- Build files have been written to: /home/darsh/UR_GRIPPER/build/robotiq_description
[2.787s] Invoked command in '/home/darsh/UR_GRIPPER/build/robotiq_description' returned '0': CMAKE_PREFIX_PATH=${CMAKE_PREFIX_PATH}:/opt/ros/jazzy /usr/bin/cmake /home/darsh/UR_GRIPPER/src/robotiq_description -DCMAKE_INSTALL_PREFIX=/home/darsh/UR_GRIPPER/install/robotiq_description
[2.788s] Invoking command in '/home/darsh/UR_GRIPPER/build/robotiq_description': CMAKE_PREFIX_PATH=${CMAKE_PREFIX_PATH}:/opt/ros/jazzy /usr/bin/cmake --build /home/darsh/UR_GRIPPER/build/robotiq_description -- -j16 -l16
[2.837s] Invoked command in '/home/darsh/UR_GRIPPER/build/robotiq_description' returned '0': CMAKE_PREFIX_PATH=${CMAKE_PREFIX_PATH}:/opt/ros/jazzy /usr/bin/cmake --build /home/darsh/UR_GRIPPER/build/robotiq_description -- -j16 -l16
[2.853s] Invoking command in '/home/darsh/UR_GRIPPER/build/robotiq_description': CMAKE_PREFIX_PATH=${CMAKE_PREFIX_PATH}:/opt/ros/jazzy /usr/bin/cmake --install /home/darsh/UR_GRIPPER/build/robotiq_description
[2.866s] -- Install configuration: ""
[2.867s] -- Installing: /home/darsh/UR_GRIPPER/install/robotiq_description/share/robotiq_description/urdf
[2.867s] -- Installing: /home/darsh/UR_GRIPPER/install/robotiq_description/share/robotiq_description/urdf/ur.urdf
[2.869s] -- Installing: /home/darsh/UR_GRIPPER/install/robotiq_description/share/robotiq_description/urdf/robotiq_85_gripper2.xacro
[2.869s] -- Installing: /home/darsh/UR_GRIPPER/install/robotiq_description/share/robotiq_description/urdf/robotiq_85_gripper.urdf.xacro
[2.870s] -- Installing: /home/darsh/UR_GRIPPER/install/robotiq_description/share/robotiq_description/urdf/robotiq_85_gripper.xacro
[2.871s] -- Installing: /home/darsh/UR_GRIPPER/install/robotiq_description/share/robotiq_description/urdf/robotiq_85_gripper_sim_base.urdf.xacro
[2.872s] -- Installing: /home/darsh/UR_GRIPPER/install/robotiq_description/share/robotiq_description/urdf/robotiq_85_gripper.transmission.xacro
[2.872s] -- Installing: /home/darsh/UR_GRIPPER/install/robotiq_description/share/robotiq_description/meshes
[2.873s] -- Installing: /home/darsh/UR_GRIPPER/install/robotiq_description/share/robotiq_description/meshes/collision
[2.873s] -- Installing: /home/darsh/UR_GRIPPER/install/robotiq_description/share/robotiq_description/meshes/collision/robotiq_85_finger_link.stl
[2.874s] -- Installing: /home/darsh/UR_GRIPPER/install/robotiq_description/share/robotiq_description/meshes/collision/robotiq_85_knuckle_link.stl
[2.875s] -- Installing: /home/darsh/UR_GRIPPER/install/robotiq_description/share/robotiq_description/meshes/collision/robotiq_85_inner_knuckle_link.stl
[2.877s] -- Installing: /home/darsh/UR_GRIPPER/install/robotiq_description/share/robotiq_description/meshes/collision/robotiq_85_finger_tip_link.stl
[2.879s] -- Installing: /home/darsh/UR_GRIPPER/install/robotiq_description/share/robotiq_description/meshes/collision/robotiq_85_base_link.stl
[2.888s] -- Installing: /home/darsh/UR_GRIPPER/install/robotiq_description/share/robotiq_description/meshes/visual
[2.889s] -- Installing: /home/darsh/UR_GRIPPER/install/robotiq_description/share/robotiq_description/meshes/visual/robotiq_85_finger_link.dae
[2.891s] -- Installing: /home/darsh/UR_GRIPPER/install/robotiq_description/share/robotiq_description/meshes/visual/robotiq_85_inner_knuckle_link.dae
[2.894s] -- Installing: /home/darsh/UR_GRIPPER/install/robotiq_description/share/robotiq_description/meshes/visual/robotiq_85_finger_tip_link.dae
[2.897s] -- Installing: /home/darsh/UR_GRIPPER/install/robotiq_description/share/robotiq_description/meshes/visual/robotiq_85_base_link.dae
[2.908s] -- Installing: /home/darsh/UR_GRIPPER/install/robotiq_description/share/robotiq_description/meshes/visual/robotiq_85_knuckle_link.dae
[2.910s] -- Installing: /home/darsh/UR_GRIPPER/install/robotiq_description/share/robotiq_description/launch
[2.910s] -- Installing: /home/darsh/UR_GRIPPER/install/robotiq_description/share/robotiq_description/launch/spawn_robotiq_85_gripper.launch.py
[2.911s] -- Installing: /home/darsh/UR_GRIPPER/install/robotiq_description/share/robotiq_description/config
[2.911s] -- Installing: /home/darsh/UR_GRIPPER/install/robotiq_description/share/robotiq_description/config/config.rviz
[2.913s] -- Installing: /home/darsh/UR_GRIPPER/install/robotiq_description/share/ament_index/resource_index/package_run_dependencies/robotiq_description
[2.913s] -- Installing: /home/darsh/UR_GRIPPER/install/robotiq_description/share/ament_index/resource_index/parent_prefix_path/robotiq_description
[2.913s] -- Installing: /home/darsh/UR_GRIPPER/install/robotiq_description/share/robotiq_description/environment/ament_prefix_path.sh
[2.914s] -- Installing: /home/darsh/UR_GRIPPER/install/robotiq_description/share/robotiq_description/environment/ament_prefix_path.dsv
[2.914s] -- Installing: /home/darsh/UR_GRIPPER/install/robotiq_description/share/robotiq_description/environment/path.sh
[2.915s] -- Installing: /home/darsh/UR_GRIPPER/install/robotiq_description/share/robotiq_description/environment/path.dsv
[2.915s] -- Installing: /home/darsh/UR_GRIPPER/install/robotiq_description/share/robotiq_description/local_setup.bash
[2.915s] -- Installing: /home/darsh/UR_GRIPPER/install/robotiq_description/share/robotiq_description/local_setup.sh
[2.916s] -- Installing: /home/darsh/UR_GRIPPER/install/robotiq_description/share/robotiq_description/local_setup.zsh
[2.916s] -- Installing: /home/darsh/UR_GRIPPER/install/robotiq_description/share/robotiq_description/local_setup.dsv
[2.917s] -- Installing: /home/darsh/UR_GRIPPER/install/robotiq_description/share/robotiq_description/package.dsv
[2.917s] -- Installing: /home/darsh/UR_GRIPPER/install/robotiq_description/share/ament_index/resource_index/packages/robotiq_description
[2.917s] -- Installing: /home/darsh/UR_GRIPPER/install/robotiq_description/share/robotiq_description/cmake/robotiq_descriptionConfig.cmake
[2.917s] -- Installing: /home/darsh/UR_GRIPPER/install/robotiq_description/share/robotiq_description/cmake/robotiq_descriptionConfig-version.cmake
[2.917s] -- Installing: /home/darsh/UR_GRIPPER/install/robotiq_description/share/robotiq_description/package.xml
[2.920s] Invoked command in '/home/darsh/UR_GRIPPER/build/robotiq_description' returned '0': CMAKE_PREFIX_PATH=${CMAKE_PREFIX_PATH}:/opt/ros/jazzy /usr/bin/cmake --install /home/darsh/UR_GRIPPER/build/robotiq_description
